[2025-06-03T17:55:56.566+0000] {processor.py:161} INFO - Started process (PID=46) to work on /home/airflow/.local/lib/python3.8/site-packages/airflow/example_dags/example_xcom.py
[2025-06-03T17:55:56.569+0000] {processor.py:830} INFO - Processing file /home/airflow/.local/lib/python3.8/site-packages/airflow/example_dags/example_xcom.py for tasks to queue
[2025-06-03T17:55:56.573+0000] {logging_mixin.py:188} INFO - [2025-06-03T17:55:56.572+0000] {dagbag.py:538} INFO - Filling up the DagBag from /home/airflow/.local/lib/python3.8/site-packages/airflow/example_dags/example_xcom.py
[2025-06-03T17:55:56.607+0000] {processor.py:840} INFO - DAG(s) 'example_xcom' retrieved from /home/airflow/.local/lib/python3.8/site-packages/airflow/example_dags/example_xcom.py
[2025-06-03T17:55:56.631+0000] {logging_mixin.py:188} INFO - [2025-06-03T17:55:56.631+0000] {dag.py:3036} INFO - Sync 1 DAGs
[2025-06-03T17:55:56.659+0000] {logging_mixin.py:188} INFO - [2025-06-03T17:55:56.658+0000] {dag.py:3823} INFO - Setting next_dagrun for example_xcom to 2021-01-01 00:00:00+00:00, run_after=2021-01-01 00:00:00+00:00
[2025-06-03T17:55:56.684+0000] {processor.py:183} INFO - Processing /home/airflow/.local/lib/python3.8/site-packages/airflow/example_dags/example_xcom.py took 0.122 seconds
[2025-06-03T17:56:27.125+0000] {processor.py:161} INFO - Started process (PID=101) to work on /home/airflow/.local/lib/python3.8/site-packages/airflow/example_dags/example_xcom.py
[2025-06-03T17:56:27.128+0000] {processor.py:830} INFO - Processing file /home/airflow/.local/lib/python3.8/site-packages/airflow/example_dags/example_xcom.py for tasks to queue
[2025-06-03T17:56:27.136+0000] {logging_mixin.py:188} INFO - [2025-06-03T17:56:27.135+0000] {dagbag.py:538} INFO - Filling up the DagBag from /home/airflow/.local/lib/python3.8/site-packages/airflow/example_dags/example_xcom.py
[2025-06-03T17:56:27.147+0000] {processor.py:840} INFO - DAG(s) 'example_xcom' retrieved from /home/airflow/.local/lib/python3.8/site-packages/airflow/example_dags/example_xcom.py
[2025-06-03T17:56:27.535+0000] {logging_mixin.py:188} INFO - [2025-06-03T17:56:27.535+0000] {dag.py:3036} INFO - Sync 1 DAGs
[2025-06-03T17:56:27.553+0000] {logging_mixin.py:188} INFO - [2025-06-03T17:56:27.553+0000] {dag.py:3823} INFO - Setting next_dagrun for example_xcom to 2021-01-01 00:00:00+00:00, run_after=2021-01-01 00:00:00+00:00
[2025-06-03T17:56:27.574+0000] {processor.py:183} INFO - Processing /home/airflow/.local/lib/python3.8/site-packages/airflow/example_dags/example_xcom.py took 0.459 seconds
[2025-06-03T17:56:57.845+0000] {processor.py:161} INFO - Started process (PID=162) to work on /home/airflow/.local/lib/python3.8/site-packages/airflow/example_dags/example_xcom.py
[2025-06-03T17:56:57.847+0000] {processor.py:830} INFO - Processing file /home/airflow/.local/lib/python3.8/site-packages/airflow/example_dags/example_xcom.py for tasks to queue
[2025-06-03T17:56:57.853+0000] {logging_mixin.py:188} INFO - [2025-06-03T17:56:57.852+0000] {dagbag.py:538} INFO - Filling up the DagBag from /home/airflow/.local/lib/python3.8/site-packages/airflow/example_dags/example_xcom.py
[2025-06-03T17:56:57.883+0000] {processor.py:840} INFO - DAG(s) 'example_xcom' retrieved from /home/airflow/.local/lib/python3.8/site-packages/airflow/example_dags/example_xcom.py
[2025-06-03T17:56:57.921+0000] {logging_mixin.py:188} INFO - [2025-06-03T17:56:57.921+0000] {dag.py:3036} INFO - Sync 1 DAGs
[2025-06-03T17:56:57.951+0000] {logging_mixin.py:188} INFO - [2025-06-03T17:56:57.950+0000] {dag.py:3823} INFO - Setting next_dagrun for example_xcom to 2021-01-01 00:00:00+00:00, run_after=2021-01-01 00:00:00+00:00
[2025-06-03T17:56:57.978+0000] {processor.py:183} INFO - Processing /home/airflow/.local/lib/python3.8/site-packages/airflow/example_dags/example_xcom.py took 0.142 seconds
[2025-06-03T17:57:28.491+0000] {processor.py:161} INFO - Started process (PID=217) to work on /home/airflow/.local/lib/python3.8/site-packages/airflow/example_dags/example_xcom.py
[2025-06-03T17:57:28.494+0000] {processor.py:830} INFO - Processing file /home/airflow/.local/lib/python3.8/site-packages/airflow/example_dags/example_xcom.py for tasks to queue
[2025-06-03T17:57:28.498+0000] {logging_mixin.py:188} INFO - [2025-06-03T17:57:28.498+0000] {dagbag.py:538} INFO - Filling up the DagBag from /home/airflow/.local/lib/python3.8/site-packages/airflow/example_dags/example_xcom.py
[2025-06-03T17:57:28.509+0000] {processor.py:840} INFO - DAG(s) 'example_xcom' retrieved from /home/airflow/.local/lib/python3.8/site-packages/airflow/example_dags/example_xcom.py
[2025-06-03T17:57:28.541+0000] {logging_mixin.py:188} INFO - [2025-06-03T17:57:28.541+0000] {dag.py:3036} INFO - Sync 1 DAGs
[2025-06-03T17:57:28.557+0000] {logging_mixin.py:188} INFO - [2025-06-03T17:57:28.557+0000] {dag.py:3823} INFO - Setting next_dagrun for example_xcom to 2021-01-01 00:00:00+00:00, run_after=2021-01-01 00:00:00+00:00
[2025-06-03T17:57:28.574+0000] {processor.py:183} INFO - Processing /home/airflow/.local/lib/python3.8/site-packages/airflow/example_dags/example_xcom.py took 0.092 seconds
[2025-06-03T17:57:58.839+0000] {processor.py:161} INFO - Started process (PID=272) to work on /home/airflow/.local/lib/python3.8/site-packages/airflow/example_dags/example_xcom.py
[2025-06-03T17:57:58.841+0000] {processor.py:830} INFO - Processing file /home/airflow/.local/lib/python3.8/site-packages/airflow/example_dags/example_xcom.py for tasks to queue
[2025-06-03T17:57:58.847+0000] {logging_mixin.py:188} INFO - [2025-06-03T17:57:58.846+0000] {dagbag.py:538} INFO - Filling up the DagBag from /home/airflow/.local/lib/python3.8/site-packages/airflow/example_dags/example_xcom.py
[2025-06-03T17:57:58.868+0000] {processor.py:840} INFO - DAG(s) 'example_xcom' retrieved from /home/airflow/.local/lib/python3.8/site-packages/airflow/example_dags/example_xcom.py
[2025-06-03T17:57:58.892+0000] {logging_mixin.py:188} INFO - [2025-06-03T17:57:58.892+0000] {dag.py:3036} INFO - Sync 1 DAGs
[2025-06-03T17:57:58.908+0000] {logging_mixin.py:188} INFO - [2025-06-03T17:57:58.908+0000] {dag.py:3823} INFO - Setting next_dagrun for example_xcom to 2021-01-01 00:00:00+00:00, run_after=2021-01-01 00:00:00+00:00
[2025-06-03T17:57:58.923+0000] {processor.py:183} INFO - Processing /home/airflow/.local/lib/python3.8/site-packages/airflow/example_dags/example_xcom.py took 0.097 seconds
[2025-06-03T17:58:29.503+0000] {processor.py:161} INFO - Started process (PID=327) to work on /home/airflow/.local/lib/python3.8/site-packages/airflow/example_dags/example_xcom.py
[2025-06-03T17:58:29.508+0000] {processor.py:830} INFO - Processing file /home/airflow/.local/lib/python3.8/site-packages/airflow/example_dags/example_xcom.py for tasks to queue
[2025-06-03T17:58:29.521+0000] {logging_mixin.py:188} INFO - [2025-06-03T17:58:29.520+0000] {dagbag.py:538} INFO - Filling up the DagBag from /home/airflow/.local/lib/python3.8/site-packages/airflow/example_dags/example_xcom.py
[2025-06-03T17:58:29.534+0000] {processor.py:840} INFO - DAG(s) 'example_xcom' retrieved from /home/airflow/.local/lib/python3.8/site-packages/airflow/example_dags/example_xcom.py
[2025-06-03T17:58:29.568+0000] {logging_mixin.py:188} INFO - [2025-06-03T17:58:29.568+0000] {dag.py:3036} INFO - Sync 1 DAGs
[2025-06-03T17:58:29.590+0000] {logging_mixin.py:188} INFO - [2025-06-03T17:58:29.590+0000] {dag.py:3823} INFO - Setting next_dagrun for example_xcom to 2021-01-01 00:00:00+00:00, run_after=2021-01-01 00:00:00+00:00
[2025-06-03T17:58:29.614+0000] {processor.py:183} INFO - Processing /home/airflow/.local/lib/python3.8/site-packages/airflow/example_dags/example_xcom.py took 0.117 seconds
[2025-06-03T17:58:59.926+0000] {processor.py:161} INFO - Started process (PID=382) to work on /home/airflow/.local/lib/python3.8/site-packages/airflow/example_dags/example_xcom.py
[2025-06-03T17:58:59.930+0000] {processor.py:830} INFO - Processing file /home/airflow/.local/lib/python3.8/site-packages/airflow/example_dags/example_xcom.py for tasks to queue
[2025-06-03T17:58:59.935+0000] {logging_mixin.py:188} INFO - [2025-06-03T17:58:59.934+0000] {dagbag.py:538} INFO - Filling up the DagBag from /home/airflow/.local/lib/python3.8/site-packages/airflow/example_dags/example_xcom.py
[2025-06-03T17:58:59.947+0000] {processor.py:840} INFO - DAG(s) 'example_xcom' retrieved from /home/airflow/.local/lib/python3.8/site-packages/airflow/example_dags/example_xcom.py
[2025-06-03T17:58:59.972+0000] {logging_mixin.py:188} INFO - [2025-06-03T17:58:59.972+0000] {dag.py:3036} INFO - Sync 1 DAGs
[2025-06-03T17:58:59.989+0000] {logging_mixin.py:188} INFO - [2025-06-03T17:58:59.989+0000] {dag.py:3823} INFO - Setting next_dagrun for example_xcom to 2021-01-01 00:00:00+00:00, run_after=2021-01-01 00:00:00+00:00
[2025-06-03T17:59:00.003+0000] {processor.py:183} INFO - Processing /home/airflow/.local/lib/python3.8/site-packages/airflow/example_dags/example_xcom.py took 0.082 seconds
[2025-06-03T17:59:30.107+0000] {processor.py:161} INFO - Started process (PID=437) to work on /home/airflow/.local/lib/python3.8/site-packages/airflow/example_dags/example_xcom.py
[2025-06-03T17:59:30.108+0000] {processor.py:830} INFO - Processing file /home/airflow/.local/lib/python3.8/site-packages/airflow/example_dags/example_xcom.py for tasks to queue
[2025-06-03T17:59:30.115+0000] {logging_mixin.py:188} INFO - [2025-06-03T17:59:30.114+0000] {dagbag.py:538} INFO - Filling up the DagBag from /home/airflow/.local/lib/python3.8/site-packages/airflow/example_dags/example_xcom.py
[2025-06-03T17:59:30.135+0000] {processor.py:840} INFO - DAG(s) 'example_xcom' retrieved from /home/airflow/.local/lib/python3.8/site-packages/airflow/example_dags/example_xcom.py
[2025-06-03T17:59:30.173+0000] {logging_mixin.py:188} INFO - [2025-06-03T17:59:30.173+0000] {dag.py:3036} INFO - Sync 1 DAGs
[2025-06-03T17:59:30.210+0000] {logging_mixin.py:188} INFO - [2025-06-03T17:59:30.210+0000] {dag.py:3823} INFO - Setting next_dagrun for example_xcom to 2021-01-01 00:00:00+00:00, run_after=2021-01-01 00:00:00+00:00
[2025-06-03T17:59:30.234+0000] {processor.py:183} INFO - Processing /home/airflow/.local/lib/python3.8/site-packages/airflow/example_dags/example_xcom.py took 0.136 seconds
[2025-06-03T18:00:00.710+0000] {processor.py:161} INFO - Started process (PID=492) to work on /home/airflow/.local/lib/python3.8/site-packages/airflow/example_dags/example_xcom.py
[2025-06-03T18:00:00.713+0000] {processor.py:830} INFO - Processing file /home/airflow/.local/lib/python3.8/site-packages/airflow/example_dags/example_xcom.py for tasks to queue
[2025-06-03T18:00:00.717+0000] {logging_mixin.py:188} INFO - [2025-06-03T18:00:00.717+0000] {dagbag.py:538} INFO - Filling up the DagBag from /home/airflow/.local/lib/python3.8/site-packages/airflow/example_dags/example_xcom.py
[2025-06-03T18:00:00.743+0000] {processor.py:840} INFO - DAG(s) 'example_xcom' retrieved from /home/airflow/.local/lib/python3.8/site-packages/airflow/example_dags/example_xcom.py
[2025-06-03T18:00:00.776+0000] {logging_mixin.py:188} INFO - [2025-06-03T18:00:00.775+0000] {dag.py:3036} INFO - Sync 1 DAGs
[2025-06-03T18:00:00.801+0000] {logging_mixin.py:188} INFO - [2025-06-03T18:00:00.801+0000] {dag.py:3823} INFO - Setting next_dagrun for example_xcom to 2021-01-01 00:00:00+00:00, run_after=2021-01-01 00:00:00+00:00
[2025-06-03T18:00:00.816+0000] {processor.py:183} INFO - Processing /home/airflow/.local/lib/python3.8/site-packages/airflow/example_dags/example_xcom.py took 0.116 seconds
[2025-06-03T18:00:30.925+0000] {processor.py:161} INFO - Started process (PID=547) to work on /home/airflow/.local/lib/python3.8/site-packages/airflow/example_dags/example_xcom.py
[2025-06-03T18:00:30.926+0000] {processor.py:830} INFO - Processing file /home/airflow/.local/lib/python3.8/site-packages/airflow/example_dags/example_xcom.py for tasks to queue
[2025-06-03T18:00:30.931+0000] {logging_mixin.py:188} INFO - [2025-06-03T18:00:30.931+0000] {dagbag.py:538} INFO - Filling up the DagBag from /home/airflow/.local/lib/python3.8/site-packages/airflow/example_dags/example_xcom.py
[2025-06-03T18:00:30.948+0000] {processor.py:840} INFO - DAG(s) 'example_xcom' retrieved from /home/airflow/.local/lib/python3.8/site-packages/airflow/example_dags/example_xcom.py
[2025-06-03T18:00:30.978+0000] {logging_mixin.py:188} INFO - [2025-06-03T18:00:30.978+0000] {dag.py:3036} INFO - Sync 1 DAGs
[2025-06-03T18:00:30.998+0000] {logging_mixin.py:188} INFO - [2025-06-03T18:00:30.998+0000] {dag.py:3823} INFO - Setting next_dagrun for example_xcom to 2021-01-01 00:00:00+00:00, run_after=2021-01-01 00:00:00+00:00
[2025-06-03T18:00:31.014+0000] {processor.py:183} INFO - Processing /home/airflow/.local/lib/python3.8/site-packages/airflow/example_dags/example_xcom.py took 0.101 seconds
[2025-06-03T18:01:01.331+0000] {processor.py:161} INFO - Started process (PID=602) to work on /home/airflow/.local/lib/python3.8/site-packages/airflow/example_dags/example_xcom.py
[2025-06-03T18:01:01.334+0000] {processor.py:830} INFO - Processing file /home/airflow/.local/lib/python3.8/site-packages/airflow/example_dags/example_xcom.py for tasks to queue
[2025-06-03T18:01:01.340+0000] {logging_mixin.py:188} INFO - [2025-06-03T18:01:01.340+0000] {dagbag.py:538} INFO - Filling up the DagBag from /home/airflow/.local/lib/python3.8/site-packages/airflow/example_dags/example_xcom.py
[2025-06-03T18:01:01.353+0000] {processor.py:840} INFO - DAG(s) 'example_xcom' retrieved from /home/airflow/.local/lib/python3.8/site-packages/airflow/example_dags/example_xcom.py
[2025-06-03T18:01:01.373+0000] {logging_mixin.py:188} INFO - [2025-06-03T18:01:01.373+0000] {dag.py:3036} INFO - Sync 1 DAGs
[2025-06-03T18:01:01.387+0000] {logging_mixin.py:188} INFO - [2025-06-03T18:01:01.387+0000] {dag.py:3823} INFO - Setting next_dagrun for example_xcom to 2021-01-01 00:00:00+00:00, run_after=2021-01-01 00:00:00+00:00
[2025-06-03T18:01:01.395+0000] {processor.py:183} INFO - Processing /home/airflow/.local/lib/python3.8/site-packages/airflow/example_dags/example_xcom.py took 0.073 seconds
