[2025-06-03T17:56:01.890+0000] {processor.py:161} INFO - Started process (PID=81) to work on /home/airflow/.local/lib/python3.8/site-packages/airflow/example_dags/example_setup_teardown.py
[2025-06-03T17:56:01.891+0000] {processor.py:830} INFO - Processing file /home/airflow/.local/lib/python3.8/site-packages/airflow/example_dags/example_setup_teardown.py for tasks to queue
[2025-06-03T17:56:01.898+0000] {logging_mixin.py:188} INFO - [2025-06-03T17:56:01.898+0000] {dagbag.py:538} INFO - Filling up the DagBag from /home/airflow/.local/lib/python3.8/site-packages/airflow/example_dags/example_setup_teardown.py
[2025-06-03T17:56:01.906+0000] {processor.py:840} INFO - DAG(s) 'example_setup_teardown' retrieved from /home/airflow/.local/lib/python3.8/site-packages/airflow/example_dags/example_setup_teardown.py
[2025-06-03T17:56:01.925+0000] {logging_mixin.py:188} INFO - [2025-06-03T17:56:01.925+0000] {dag.py:3036} INFO - Sync 1 DAGs
[2025-06-03T17:56:01.947+0000] {logging_mixin.py:188} INFO - [2025-06-03T17:56:01.947+0000] {dag.py:3823} INFO - Setting next_dagrun for example_setup_teardown to 2025-06-02 00:00:00+00:00, run_after=2025-06-03 00:00:00+00:00
[2025-06-03T17:56:01.974+0000] {processor.py:183} INFO - Processing /home/airflow/.local/lib/python3.8/site-packages/airflow/example_dags/example_setup_teardown.py took 0.087 seconds
[2025-06-03T17:56:32.426+0000] {processor.py:161} INFO - Started process (PID=136) to work on /home/airflow/.local/lib/python3.8/site-packages/airflow/example_dags/example_setup_teardown.py
[2025-06-03T17:56:32.427+0000] {processor.py:830} INFO - Processing file /home/airflow/.local/lib/python3.8/site-packages/airflow/example_dags/example_setup_teardown.py for tasks to queue
[2025-06-03T17:56:32.428+0000] {logging_mixin.py:188} INFO - [2025-06-03T17:56:32.428+0000] {dagbag.py:538} INFO - Filling up the DagBag from /home/airflow/.local/lib/python3.8/site-packages/airflow/example_dags/example_setup_teardown.py
[2025-06-03T17:56:32.432+0000] {processor.py:840} INFO - DAG(s) 'example_setup_teardown' retrieved from /home/airflow/.local/lib/python3.8/site-packages/airflow/example_dags/example_setup_teardown.py
[2025-06-03T17:56:32.500+0000] {logging_mixin.py:188} INFO - [2025-06-03T17:56:32.500+0000] {dag.py:3036} INFO - Sync 1 DAGs
[2025-06-03T17:56:32.520+0000] {logging_mixin.py:188} INFO - [2025-06-03T17:56:32.520+0000] {dag.py:3823} INFO - Setting next_dagrun for example_setup_teardown to 2025-06-02 00:00:00+00:00, run_after=2025-06-03 00:00:00+00:00
[2025-06-03T17:56:32.532+0000] {processor.py:183} INFO - Processing /home/airflow/.local/lib/python3.8/site-packages/airflow/example_dags/example_setup_teardown.py took 0.108 seconds
[2025-06-03T17:57:02.589+0000] {processor.py:161} INFO - Started process (PID=191) to work on /home/airflow/.local/lib/python3.8/site-packages/airflow/example_dags/example_setup_teardown.py
[2025-06-03T17:57:02.590+0000] {processor.py:830} INFO - Processing file /home/airflow/.local/lib/python3.8/site-packages/airflow/example_dags/example_setup_teardown.py for tasks to queue
[2025-06-03T17:57:02.592+0000] {logging_mixin.py:188} INFO - [2025-06-03T17:57:02.592+0000] {dagbag.py:538} INFO - Filling up the DagBag from /home/airflow/.local/lib/python3.8/site-packages/airflow/example_dags/example_setup_teardown.py
[2025-06-03T17:57:02.595+0000] {processor.py:840} INFO - DAG(s) 'example_setup_teardown' retrieved from /home/airflow/.local/lib/python3.8/site-packages/airflow/example_dags/example_setup_teardown.py
[2025-06-03T17:57:02.609+0000] {logging_mixin.py:188} INFO - [2025-06-03T17:57:02.609+0000] {dag.py:3036} INFO - Sync 1 DAGs
[2025-06-03T17:57:02.622+0000] {logging_mixin.py:188} INFO - [2025-06-03T17:57:02.621+0000] {dag.py:3823} INFO - Setting next_dagrun for example_setup_teardown to 2025-06-02 00:00:00+00:00, run_after=2025-06-03 00:00:00+00:00
[2025-06-03T17:57:02.630+0000] {processor.py:183} INFO - Processing /home/airflow/.local/lib/python3.8/site-packages/airflow/example_dags/example_setup_teardown.py took 0.043 seconds
[2025-06-03T17:57:33.538+0000] {processor.py:161} INFO - Started process (PID=246) to work on /home/airflow/.local/lib/python3.8/site-packages/airflow/example_dags/example_setup_teardown.py
[2025-06-03T17:57:33.538+0000] {processor.py:830} INFO - Processing file /home/airflow/.local/lib/python3.8/site-packages/airflow/example_dags/example_setup_teardown.py for tasks to queue
[2025-06-03T17:57:33.539+0000] {logging_mixin.py:188} INFO - [2025-06-03T17:57:33.539+0000] {dagbag.py:538} INFO - Filling up the DagBag from /home/airflow/.local/lib/python3.8/site-packages/airflow/example_dags/example_setup_teardown.py
[2025-06-03T17:57:33.543+0000] {processor.py:840} INFO - DAG(s) 'example_setup_teardown' retrieved from /home/airflow/.local/lib/python3.8/site-packages/airflow/example_dags/example_setup_teardown.py
[2025-06-03T17:57:33.552+0000] {logging_mixin.py:188} INFO - [2025-06-03T17:57:33.551+0000] {dag.py:3036} INFO - Sync 1 DAGs
[2025-06-03T17:57:33.561+0000] {logging_mixin.py:188} INFO - [2025-06-03T17:57:33.561+0000] {dag.py:3823} INFO - Setting next_dagrun for example_setup_teardown to 2025-06-02 00:00:00+00:00, run_after=2025-06-03 00:00:00+00:00
[2025-06-03T17:57:33.568+0000] {processor.py:183} INFO - Processing /home/airflow/.local/lib/python3.8/site-packages/airflow/example_dags/example_setup_teardown.py took 0.032 seconds
[2025-06-03T17:58:03.819+0000] {processor.py:161} INFO - Started process (PID=301) to work on /home/airflow/.local/lib/python3.8/site-packages/airflow/example_dags/example_setup_teardown.py
[2025-06-03T17:58:03.820+0000] {processor.py:830} INFO - Processing file /home/airflow/.local/lib/python3.8/site-packages/airflow/example_dags/example_setup_teardown.py for tasks to queue
[2025-06-03T17:58:03.822+0000] {logging_mixin.py:188} INFO - [2025-06-03T17:58:03.822+0000] {dagbag.py:538} INFO - Filling up the DagBag from /home/airflow/.local/lib/python3.8/site-packages/airflow/example_dags/example_setup_teardown.py
[2025-06-03T17:58:03.825+0000] {processor.py:840} INFO - DAG(s) 'example_setup_teardown' retrieved from /home/airflow/.local/lib/python3.8/site-packages/airflow/example_dags/example_setup_teardown.py
[2025-06-03T17:58:03.834+0000] {logging_mixin.py:188} INFO - [2025-06-03T17:58:03.833+0000] {dag.py:3036} INFO - Sync 1 DAGs
[2025-06-03T17:58:03.842+0000] {logging_mixin.py:188} INFO - [2025-06-03T17:58:03.842+0000] {dag.py:3823} INFO - Setting next_dagrun for example_setup_teardown to 2025-06-02 00:00:00+00:00, run_after=2025-06-03 00:00:00+00:00
[2025-06-03T17:58:03.848+0000] {processor.py:183} INFO - Processing /home/airflow/.local/lib/python3.8/site-packages/airflow/example_dags/example_setup_teardown.py took 0.031 seconds
[2025-06-03T17:58:34.667+0000] {processor.py:161} INFO - Started process (PID=356) to work on /home/airflow/.local/lib/python3.8/site-packages/airflow/example_dags/example_setup_teardown.py
[2025-06-03T17:58:34.669+0000] {processor.py:830} INFO - Processing file /home/airflow/.local/lib/python3.8/site-packages/airflow/example_dags/example_setup_teardown.py for tasks to queue
[2025-06-03T17:58:34.670+0000] {logging_mixin.py:188} INFO - [2025-06-03T17:58:34.670+0000] {dagbag.py:538} INFO - Filling up the DagBag from /home/airflow/.local/lib/python3.8/site-packages/airflow/example_dags/example_setup_teardown.py
[2025-06-03T17:58:34.674+0000] {processor.py:840} INFO - DAG(s) 'example_setup_teardown' retrieved from /home/airflow/.local/lib/python3.8/site-packages/airflow/example_dags/example_setup_teardown.py
[2025-06-03T17:58:34.684+0000] {logging_mixin.py:188} INFO - [2025-06-03T17:58:34.684+0000] {dag.py:3036} INFO - Sync 1 DAGs
[2025-06-03T17:58:34.694+0000] {logging_mixin.py:188} INFO - [2025-06-03T17:58:34.694+0000] {dag.py:3823} INFO - Setting next_dagrun for example_setup_teardown to 2025-06-02 00:00:00+00:00, run_after=2025-06-03 00:00:00+00:00
[2025-06-03T17:58:34.701+0000] {processor.py:183} INFO - Processing /home/airflow/.local/lib/python3.8/site-packages/airflow/example_dags/example_setup_teardown.py took 0.036 seconds
[2025-06-03T17:59:05.066+0000] {processor.py:161} INFO - Started process (PID=411) to work on /home/airflow/.local/lib/python3.8/site-packages/airflow/example_dags/example_setup_teardown.py
[2025-06-03T17:59:05.067+0000] {processor.py:830} INFO - Processing file /home/airflow/.local/lib/python3.8/site-packages/airflow/example_dags/example_setup_teardown.py for tasks to queue
[2025-06-03T17:59:05.068+0000] {logging_mixin.py:188} INFO - [2025-06-03T17:59:05.068+0000] {dagbag.py:538} INFO - Filling up the DagBag from /home/airflow/.local/lib/python3.8/site-packages/airflow/example_dags/example_setup_teardown.py
[2025-06-03T17:59:05.072+0000] {processor.py:840} INFO - DAG(s) 'example_setup_teardown' retrieved from /home/airflow/.local/lib/python3.8/site-packages/airflow/example_dags/example_setup_teardown.py
[2025-06-03T17:59:05.083+0000] {logging_mixin.py:188} INFO - [2025-06-03T17:59:05.082+0000] {dag.py:3036} INFO - Sync 1 DAGs
[2025-06-03T17:59:05.096+0000] {logging_mixin.py:188} INFO - [2025-06-03T17:59:05.096+0000] {dag.py:3823} INFO - Setting next_dagrun for example_setup_teardown to 2025-06-02 00:00:00+00:00, run_after=2025-06-03 00:00:00+00:00
[2025-06-03T17:59:05.114+0000] {processor.py:183} INFO - Processing /home/airflow/.local/lib/python3.8/site-packages/airflow/example_dags/example_setup_teardown.py took 0.050 seconds
[2025-06-03T17:59:35.333+0000] {processor.py:161} INFO - Started process (PID=466) to work on /home/airflow/.local/lib/python3.8/site-packages/airflow/example_dags/example_setup_teardown.py
[2025-06-03T17:59:35.334+0000] {processor.py:830} INFO - Processing file /home/airflow/.local/lib/python3.8/site-packages/airflow/example_dags/example_setup_teardown.py for tasks to queue
[2025-06-03T17:59:35.335+0000] {logging_mixin.py:188} INFO - [2025-06-03T17:59:35.335+0000] {dagbag.py:538} INFO - Filling up the DagBag from /home/airflow/.local/lib/python3.8/site-packages/airflow/example_dags/example_setup_teardown.py
[2025-06-03T17:59:35.340+0000] {processor.py:840} INFO - DAG(s) 'example_setup_teardown' retrieved from /home/airflow/.local/lib/python3.8/site-packages/airflow/example_dags/example_setup_teardown.py
[2025-06-03T17:59:35.364+0000] {logging_mixin.py:188} INFO - [2025-06-03T17:59:35.364+0000] {dag.py:3036} INFO - Sync 1 DAGs
[2025-06-03T17:59:35.377+0000] {logging_mixin.py:188} INFO - [2025-06-03T17:59:35.377+0000] {dag.py:3823} INFO - Setting next_dagrun for example_setup_teardown to 2025-06-02 00:00:00+00:00, run_after=2025-06-03 00:00:00+00:00
[2025-06-03T17:59:35.387+0000] {processor.py:183} INFO - Processing /home/airflow/.local/lib/python3.8/site-packages/airflow/example_dags/example_setup_teardown.py took 0.056 seconds
[2025-06-03T18:00:05.793+0000] {processor.py:161} INFO - Started process (PID=521) to work on /home/airflow/.local/lib/python3.8/site-packages/airflow/example_dags/example_setup_teardown.py
[2025-06-03T18:00:05.795+0000] {processor.py:830} INFO - Processing file /home/airflow/.local/lib/python3.8/site-packages/airflow/example_dags/example_setup_teardown.py for tasks to queue
[2025-06-03T18:00:05.796+0000] {logging_mixin.py:188} INFO - [2025-06-03T18:00:05.796+0000] {dagbag.py:538} INFO - Filling up the DagBag from /home/airflow/.local/lib/python3.8/site-packages/airflow/example_dags/example_setup_teardown.py
[2025-06-03T18:00:05.799+0000] {processor.py:840} INFO - DAG(s) 'example_setup_teardown' retrieved from /home/airflow/.local/lib/python3.8/site-packages/airflow/example_dags/example_setup_teardown.py
[2025-06-03T18:00:05.812+0000] {logging_mixin.py:188} INFO - [2025-06-03T18:00:05.812+0000] {dag.py:3036} INFO - Sync 1 DAGs
[2025-06-03T18:00:05.820+0000] {logging_mixin.py:188} INFO - [2025-06-03T18:00:05.820+0000] {dag.py:3823} INFO - Setting next_dagrun for example_setup_teardown to 2025-06-02 00:00:00+00:00, run_after=2025-06-03 00:00:00+00:00
[2025-06-03T18:00:05.827+0000] {processor.py:183} INFO - Processing /home/airflow/.local/lib/python3.8/site-packages/airflow/example_dags/example_setup_teardown.py took 0.036 seconds
[2025-06-03T18:00:36.013+0000] {processor.py:161} INFO - Started process (PID=576) to work on /home/airflow/.local/lib/python3.8/site-packages/airflow/example_dags/example_setup_teardown.py
[2025-06-03T18:00:36.014+0000] {processor.py:830} INFO - Processing file /home/airflow/.local/lib/python3.8/site-packages/airflow/example_dags/example_setup_teardown.py for tasks to queue
[2025-06-03T18:00:36.015+0000] {logging_mixin.py:188} INFO - [2025-06-03T18:00:36.015+0000] {dagbag.py:538} INFO - Filling up the DagBag from /home/airflow/.local/lib/python3.8/site-packages/airflow/example_dags/example_setup_teardown.py
[2025-06-03T18:00:36.018+0000] {processor.py:840} INFO - DAG(s) 'example_setup_teardown' retrieved from /home/airflow/.local/lib/python3.8/site-packages/airflow/example_dags/example_setup_teardown.py
[2025-06-03T18:00:36.028+0000] {logging_mixin.py:188} INFO - [2025-06-03T18:00:36.028+0000] {dag.py:3036} INFO - Sync 1 DAGs
[2025-06-03T18:00:36.039+0000] {logging_mixin.py:188} INFO - [2025-06-03T18:00:36.039+0000] {dag.py:3823} INFO - Setting next_dagrun for example_setup_teardown to 2025-06-02 00:00:00+00:00, run_after=2025-06-03 00:00:00+00:00
[2025-06-03T18:00:36.047+0000] {processor.py:183} INFO - Processing /home/airflow/.local/lib/python3.8/site-packages/airflow/example_dags/example_setup_teardown.py took 0.035 seconds
[2025-06-03T18:01:06.177+0000] {processor.py:161} INFO - Started process (PID=631) to work on /home/airflow/.local/lib/python3.8/site-packages/airflow/example_dags/example_setup_teardown.py
[2025-06-03T18:01:06.180+0000] {processor.py:830} INFO - Processing file /home/airflow/.local/lib/python3.8/site-packages/airflow/example_dags/example_setup_teardown.py for tasks to queue
[2025-06-03T18:01:06.181+0000] {logging_mixin.py:188} INFO - [2025-06-03T18:01:06.181+0000] {dagbag.py:538} INFO - Filling up the DagBag from /home/airflow/.local/lib/python3.8/site-packages/airflow/example_dags/example_setup_teardown.py
[2025-06-03T18:01:06.185+0000] {processor.py:840} INFO - DAG(s) 'example_setup_teardown' retrieved from /home/airflow/.local/lib/python3.8/site-packages/airflow/example_dags/example_setup_teardown.py
[2025-06-03T18:01:06.198+0000] {logging_mixin.py:188} INFO - [2025-06-03T18:01:06.198+0000] {dag.py:3036} INFO - Sync 1 DAGs
[2025-06-03T18:01:06.210+0000] {logging_mixin.py:188} INFO - [2025-06-03T18:01:06.210+0000] {dag.py:3823} INFO - Setting next_dagrun for example_setup_teardown to 2025-06-02 00:00:00+00:00, run_after=2025-06-03 00:00:00+00:00
[2025-06-03T18:01:06.217+0000] {processor.py:183} INFO - Processing /home/airflow/.local/lib/python3.8/site-packages/airflow/example_dags/example_setup_teardown.py took 0.042 seconds
