[2025-06-03T17:56:02.143+0000] {processor.py:161} INFO - Started process (PID=84) to work on /home/airflow/.local/lib/python3.8/site-packages/airflow/example_dags/example_task_group_decorator.py
[2025-06-03T17:56:02.151+0000] {processor.py:830} INFO - Processing file /home/airflow/.local/lib/python3.8/site-packages/airflow/example_dags/example_task_group_decorator.py for tasks to queue
[2025-06-03T17:56:02.153+0000] {logging_mixin.py:188} INFO - [2025-06-03T17:56:02.153+0000] {dagbag.py:538} INFO - Filling up the DagBag from /home/airflow/.local/lib/python3.8/site-packages/airflow/example_dags/example_task_group_decorator.py
[2025-06-03T17:56:02.205+0000] {processor.py:840} INFO - DAG(s) 'example_task_group_decorator' retrieved from /home/airflow/.local/lib/python3.8/site-packages/airflow/example_dags/example_task_group_decorator.py
[2025-06-03T17:56:02.228+0000] {logging_mixin.py:188} INFO - [2025-06-03T17:56:02.227+0000] {dag.py:3036} INFO - Sync 1 DAGs
[2025-06-03T17:56:02.253+0000] {logging_mixin.py:188} INFO - [2025-06-03T17:56:02.253+0000] {dag.py:3823} INFO - Setting next_dagrun for example_task_group_decorator to 2025-06-02 00:00:00+00:00, run_after=2025-06-03 00:00:00+00:00
[2025-06-03T17:56:02.279+0000] {processor.py:183} INFO - Processing /home/airflow/.local/lib/python3.8/site-packages/airflow/example_dags/example_task_group_decorator.py took 0.139 seconds
[2025-06-03T17:56:32.682+0000] {processor.py:161} INFO - Started process (PID=139) to work on /home/airflow/.local/lib/python3.8/site-packages/airflow/example_dags/example_task_group_decorator.py
[2025-06-03T17:56:32.683+0000] {processor.py:830} INFO - Processing file /home/airflow/.local/lib/python3.8/site-packages/airflow/example_dags/example_task_group_decorator.py for tasks to queue
[2025-06-03T17:56:32.684+0000] {logging_mixin.py:188} INFO - [2025-06-03T17:56:32.684+0000] {dagbag.py:538} INFO - Filling up the DagBag from /home/airflow/.local/lib/python3.8/site-packages/airflow/example_dags/example_task_group_decorator.py
[2025-06-03T17:56:32.694+0000] {processor.py:840} INFO - DAG(s) 'example_task_group_decorator' retrieved from /home/airflow/.local/lib/python3.8/site-packages/airflow/example_dags/example_task_group_decorator.py
[2025-06-03T17:56:32.948+0000] {logging_mixin.py:188} INFO - [2025-06-03T17:56:32.947+0000] {dag.py:3036} INFO - Sync 1 DAGs
[2025-06-03T17:56:32.989+0000] {logging_mixin.py:188} INFO - [2025-06-03T17:56:32.989+0000] {dag.py:3823} INFO - Setting next_dagrun for example_task_group_decorator to 2025-06-02 00:00:00+00:00, run_after=2025-06-03 00:00:00+00:00
[2025-06-03T17:56:33.096+0000] {processor.py:183} INFO - Processing /home/airflow/.local/lib/python3.8/site-packages/airflow/example_dags/example_task_group_decorator.py took 0.416 seconds
[2025-06-03T17:57:03.791+0000] {processor.py:161} INFO - Started process (PID=194) to work on /home/airflow/.local/lib/python3.8/site-packages/airflow/example_dags/example_task_group_decorator.py
[2025-06-03T17:57:03.792+0000] {processor.py:830} INFO - Processing file /home/airflow/.local/lib/python3.8/site-packages/airflow/example_dags/example_task_group_decorator.py for tasks to queue
[2025-06-03T17:57:03.794+0000] {logging_mixin.py:188} INFO - [2025-06-03T17:57:03.794+0000] {dagbag.py:538} INFO - Filling up the DagBag from /home/airflow/.local/lib/python3.8/site-packages/airflow/example_dags/example_task_group_decorator.py
[2025-06-03T17:57:03.812+0000] {processor.py:840} INFO - DAG(s) 'example_task_group_decorator' retrieved from /home/airflow/.local/lib/python3.8/site-packages/airflow/example_dags/example_task_group_decorator.py
[2025-06-03T17:57:03.848+0000] {logging_mixin.py:188} INFO - [2025-06-03T17:57:03.848+0000] {dag.py:3036} INFO - Sync 1 DAGs
[2025-06-03T17:57:03.867+0000] {logging_mixin.py:188} INFO - [2025-06-03T17:57:03.867+0000] {dag.py:3823} INFO - Setting next_dagrun for example_task_group_decorator to 2025-06-02 00:00:00+00:00, run_after=2025-06-03 00:00:00+00:00
[2025-06-03T17:57:03.882+0000] {processor.py:183} INFO - Processing /home/airflow/.local/lib/python3.8/site-packages/airflow/example_dags/example_task_group_decorator.py took 0.095 seconds
[2025-06-03T17:57:34.632+0000] {processor.py:161} INFO - Started process (PID=249) to work on /home/airflow/.local/lib/python3.8/site-packages/airflow/example_dags/example_task_group_decorator.py
[2025-06-03T17:57:34.632+0000] {processor.py:830} INFO - Processing file /home/airflow/.local/lib/python3.8/site-packages/airflow/example_dags/example_task_group_decorator.py for tasks to queue
[2025-06-03T17:57:34.633+0000] {logging_mixin.py:188} INFO - [2025-06-03T17:57:34.633+0000] {dagbag.py:538} INFO - Filling up the DagBag from /home/airflow/.local/lib/python3.8/site-packages/airflow/example_dags/example_task_group_decorator.py
[2025-06-03T17:57:34.644+0000] {processor.py:840} INFO - DAG(s) 'example_task_group_decorator' retrieved from /home/airflow/.local/lib/python3.8/site-packages/airflow/example_dags/example_task_group_decorator.py
[2025-06-03T17:57:34.660+0000] {logging_mixin.py:188} INFO - [2025-06-03T17:57:34.660+0000] {dag.py:3036} INFO - Sync 1 DAGs
[2025-06-03T17:57:34.671+0000] {logging_mixin.py:188} INFO - [2025-06-03T17:57:34.670+0000] {dag.py:3823} INFO - Setting next_dagrun for example_task_group_decorator to 2025-06-02 00:00:00+00:00, run_after=2025-06-03 00:00:00+00:00
[2025-06-03T17:57:34.679+0000] {processor.py:183} INFO - Processing /home/airflow/.local/lib/python3.8/site-packages/airflow/example_dags/example_task_group_decorator.py took 0.049 seconds
[2025-06-03T17:58:04.921+0000] {processor.py:161} INFO - Started process (PID=304) to work on /home/airflow/.local/lib/python3.8/site-packages/airflow/example_dags/example_task_group_decorator.py
[2025-06-03T17:58:04.923+0000] {processor.py:830} INFO - Processing file /home/airflow/.local/lib/python3.8/site-packages/airflow/example_dags/example_task_group_decorator.py for tasks to queue
[2025-06-03T17:58:04.926+0000] {logging_mixin.py:188} INFO - [2025-06-03T17:58:04.925+0000] {dagbag.py:538} INFO - Filling up the DagBag from /home/airflow/.local/lib/python3.8/site-packages/airflow/example_dags/example_task_group_decorator.py
[2025-06-03T17:58:04.936+0000] {processor.py:840} INFO - DAG(s) 'example_task_group_decorator' retrieved from /home/airflow/.local/lib/python3.8/site-packages/airflow/example_dags/example_task_group_decorator.py
[2025-06-03T17:58:04.956+0000] {logging_mixin.py:188} INFO - [2025-06-03T17:58:04.956+0000] {dag.py:3036} INFO - Sync 1 DAGs
[2025-06-03T17:58:04.966+0000] {logging_mixin.py:188} INFO - [2025-06-03T17:58:04.966+0000] {dag.py:3823} INFO - Setting next_dagrun for example_task_group_decorator to 2025-06-02 00:00:00+00:00, run_after=2025-06-03 00:00:00+00:00
[2025-06-03T17:58:04.981+0000] {processor.py:183} INFO - Processing /home/airflow/.local/lib/python3.8/site-packages/airflow/example_dags/example_task_group_decorator.py took 0.062 seconds
[2025-06-03T17:58:35.786+0000] {processor.py:161} INFO - Started process (PID=359) to work on /home/airflow/.local/lib/python3.8/site-packages/airflow/example_dags/example_task_group_decorator.py
[2025-06-03T17:58:35.789+0000] {processor.py:830} INFO - Processing file /home/airflow/.local/lib/python3.8/site-packages/airflow/example_dags/example_task_group_decorator.py for tasks to queue
[2025-06-03T17:58:35.790+0000] {logging_mixin.py:188} INFO - [2025-06-03T17:58:35.790+0000] {dagbag.py:538} INFO - Filling up the DagBag from /home/airflow/.local/lib/python3.8/site-packages/airflow/example_dags/example_task_group_decorator.py
[2025-06-03T17:58:35.807+0000] {processor.py:840} INFO - DAG(s) 'example_task_group_decorator' retrieved from /home/airflow/.local/lib/python3.8/site-packages/airflow/example_dags/example_task_group_decorator.py
[2025-06-03T17:58:35.834+0000] {logging_mixin.py:188} INFO - [2025-06-03T17:58:35.833+0000] {dag.py:3036} INFO - Sync 1 DAGs
[2025-06-03T17:58:35.847+0000] {logging_mixin.py:188} INFO - [2025-06-03T17:58:35.846+0000] {dag.py:3823} INFO - Setting next_dagrun for example_task_group_decorator to 2025-06-02 00:00:00+00:00, run_after=2025-06-03 00:00:00+00:00
[2025-06-03T17:58:35.857+0000] {processor.py:183} INFO - Processing /home/airflow/.local/lib/python3.8/site-packages/airflow/example_dags/example_task_group_decorator.py took 0.073 seconds
[2025-06-03T17:59:06.203+0000] {processor.py:161} INFO - Started process (PID=414) to work on /home/airflow/.local/lib/python3.8/site-packages/airflow/example_dags/example_task_group_decorator.py
[2025-06-03T17:59:06.204+0000] {processor.py:830} INFO - Processing file /home/airflow/.local/lib/python3.8/site-packages/airflow/example_dags/example_task_group_decorator.py for tasks to queue
[2025-06-03T17:59:06.205+0000] {logging_mixin.py:188} INFO - [2025-06-03T17:59:06.205+0000] {dagbag.py:538} INFO - Filling up the DagBag from /home/airflow/.local/lib/python3.8/site-packages/airflow/example_dags/example_task_group_decorator.py
[2025-06-03T17:59:06.216+0000] {processor.py:840} INFO - DAG(s) 'example_task_group_decorator' retrieved from /home/airflow/.local/lib/python3.8/site-packages/airflow/example_dags/example_task_group_decorator.py
[2025-06-03T17:59:06.242+0000] {logging_mixin.py:188} INFO - [2025-06-03T17:59:06.242+0000] {dag.py:3036} INFO - Sync 1 DAGs
[2025-06-03T17:59:06.300+0000] {logging_mixin.py:188} INFO - [2025-06-03T17:59:06.284+0000] {dag.py:3823} INFO - Setting next_dagrun for example_task_group_decorator to 2025-06-02 00:00:00+00:00, run_after=2025-06-03 00:00:00+00:00
[2025-06-03T17:59:06.619+0000] {processor.py:183} INFO - Processing /home/airflow/.local/lib/python3.8/site-packages/airflow/example_dags/example_task_group_decorator.py took 0.419 seconds
[2025-06-03T17:59:37.445+0000] {processor.py:161} INFO - Started process (PID=469) to work on /home/airflow/.local/lib/python3.8/site-packages/airflow/example_dags/example_task_group_decorator.py
[2025-06-03T17:59:37.453+0000] {processor.py:830} INFO - Processing file /home/airflow/.local/lib/python3.8/site-packages/airflow/example_dags/example_task_group_decorator.py for tasks to queue
[2025-06-03T17:59:37.459+0000] {logging_mixin.py:188} INFO - [2025-06-03T17:59:37.458+0000] {dagbag.py:538} INFO - Filling up the DagBag from /home/airflow/.local/lib/python3.8/site-packages/airflow/example_dags/example_task_group_decorator.py
[2025-06-03T17:59:37.484+0000] {processor.py:840} INFO - DAG(s) 'example_task_group_decorator' retrieved from /home/airflow/.local/lib/python3.8/site-packages/airflow/example_dags/example_task_group_decorator.py
[2025-06-03T17:59:37.508+0000] {logging_mixin.py:188} INFO - [2025-06-03T17:59:37.508+0000] {dag.py:3036} INFO - Sync 1 DAGs
[2025-06-03T17:59:37.549+0000] {logging_mixin.py:188} INFO - [2025-06-03T17:59:37.549+0000] {dag.py:3823} INFO - Setting next_dagrun for example_task_group_decorator to 2025-06-02 00:00:00+00:00, run_after=2025-06-03 00:00:00+00:00
[2025-06-03T17:59:37.574+0000] {processor.py:183} INFO - Processing /home/airflow/.local/lib/python3.8/site-packages/airflow/example_dags/example_task_group_decorator.py took 0.134 seconds
[2025-06-03T18:00:07.864+0000] {processor.py:161} INFO - Started process (PID=524) to work on /home/airflow/.local/lib/python3.8/site-packages/airflow/example_dags/example_task_group_decorator.py
[2025-06-03T18:00:07.871+0000] {processor.py:830} INFO - Processing file /home/airflow/.local/lib/python3.8/site-packages/airflow/example_dags/example_task_group_decorator.py for tasks to queue
[2025-06-03T18:00:07.874+0000] {logging_mixin.py:188} INFO - [2025-06-03T18:00:07.874+0000] {dagbag.py:538} INFO - Filling up the DagBag from /home/airflow/.local/lib/python3.8/site-packages/airflow/example_dags/example_task_group_decorator.py
[2025-06-03T18:00:07.885+0000] {processor.py:840} INFO - DAG(s) 'example_task_group_decorator' retrieved from /home/airflow/.local/lib/python3.8/site-packages/airflow/example_dags/example_task_group_decorator.py
[2025-06-03T18:00:07.899+0000] {logging_mixin.py:188} INFO - [2025-06-03T18:00:07.899+0000] {dag.py:3036} INFO - Sync 1 DAGs
[2025-06-03T18:00:07.910+0000] {logging_mixin.py:188} INFO - [2025-06-03T18:00:07.910+0000] {dag.py:3823} INFO - Setting next_dagrun for example_task_group_decorator to 2025-06-02 00:00:00+00:00, run_after=2025-06-03 00:00:00+00:00
[2025-06-03T18:00:07.919+0000] {processor.py:183} INFO - Processing /home/airflow/.local/lib/python3.8/site-packages/airflow/example_dags/example_task_group_decorator.py took 0.058 seconds
[2025-06-03T18:00:38.085+0000] {processor.py:161} INFO - Started process (PID=579) to work on /home/airflow/.local/lib/python3.8/site-packages/airflow/example_dags/example_task_group_decorator.py
[2025-06-03T18:00:38.088+0000] {processor.py:830} INFO - Processing file /home/airflow/.local/lib/python3.8/site-packages/airflow/example_dags/example_task_group_decorator.py for tasks to queue
[2025-06-03T18:00:38.090+0000] {logging_mixin.py:188} INFO - [2025-06-03T18:00:38.090+0000] {dagbag.py:538} INFO - Filling up the DagBag from /home/airflow/.local/lib/python3.8/site-packages/airflow/example_dags/example_task_group_decorator.py
[2025-06-03T18:00:38.102+0000] {processor.py:840} INFO - DAG(s) 'example_task_group_decorator' retrieved from /home/airflow/.local/lib/python3.8/site-packages/airflow/example_dags/example_task_group_decorator.py
[2025-06-03T18:00:38.117+0000] {logging_mixin.py:188} INFO - [2025-06-03T18:00:38.117+0000] {dag.py:3036} INFO - Sync 1 DAGs
[2025-06-03T18:00:38.131+0000] {logging_mixin.py:188} INFO - [2025-06-03T18:00:38.131+0000] {dag.py:3823} INFO - Setting next_dagrun for example_task_group_decorator to 2025-06-02 00:00:00+00:00, run_after=2025-06-03 00:00:00+00:00
[2025-06-03T18:00:38.143+0000] {processor.py:183} INFO - Processing /home/airflow/.local/lib/python3.8/site-packages/airflow/example_dags/example_task_group_decorator.py took 0.061 seconds
[2025-06-03T18:01:08.262+0000] {processor.py:161} INFO - Started process (PID=633) to work on /home/airflow/.local/lib/python3.8/site-packages/airflow/example_dags/example_task_group_decorator.py
[2025-06-03T18:01:08.265+0000] {processor.py:830} INFO - Processing file /home/airflow/.local/lib/python3.8/site-packages/airflow/example_dags/example_task_group_decorator.py for tasks to queue
[2025-06-03T18:01:08.267+0000] {logging_mixin.py:188} INFO - [2025-06-03T18:01:08.266+0000] {dagbag.py:538} INFO - Filling up the DagBag from /home/airflow/.local/lib/python3.8/site-packages/airflow/example_dags/example_task_group_decorator.py
[2025-06-03T18:01:08.283+0000] {processor.py:840} INFO - DAG(s) 'example_task_group_decorator' retrieved from /home/airflow/.local/lib/python3.8/site-packages/airflow/example_dags/example_task_group_decorator.py
[2025-06-03T18:01:08.297+0000] {logging_mixin.py:188} INFO - [2025-06-03T18:01:08.297+0000] {dag.py:3036} INFO - Sync 1 DAGs
[2025-06-03T18:01:08.308+0000] {logging_mixin.py:188} INFO - [2025-06-03T18:01:08.308+0000] {dag.py:3823} INFO - Setting next_dagrun for example_task_group_decorator to 2025-06-02 00:00:00+00:00, run_after=2025-06-03 00:00:00+00:00
[2025-06-03T18:01:08.316+0000] {processor.py:183} INFO - Processing /home/airflow/.local/lib/python3.8/site-packages/airflow/example_dags/example_task_group_decorator.py took 0.058 seconds
