[2025-06-03T17:56:00.123+0000] {processor.py:161} INFO - Started process (PID=73) to work on /home/airflow/.local/lib/python3.8/site-packages/airflow/example_dags/example_python_operator.py
[2025-06-03T17:56:00.163+0000] {processor.py:830} INFO - Processing file /home/airflow/.local/lib/python3.8/site-packages/airflow/example_dags/example_python_operator.py for tasks to queue
[2025-06-03T17:56:00.166+0000] {logging_mixin.py:188} INFO - [2025-06-03T17:56:00.165+0000] {dagbag.py:538} INFO - Filling up the DagBag from /home/airflow/.local/lib/python3.8/site-packages/airflow/example_dags/example_python_operator.py
[2025-06-03T17:56:00.209+0000] {processor.py:840} INFO - DAG(s) 'example_python_operator' retrieved from /home/airflow/.local/lib/python3.8/site-packages/airflow/example_dags/example_python_operator.py
[2025-06-03T17:56:00.277+0000] {logging_mixin.py:188} INFO - [2025-06-03T17:56:00.277+0000] {dag.py:3036} INFO - Sync 1 DAGs
[2025-06-03T17:56:00.302+0000] {logging_mixin.py:188} INFO - [2025-06-03T17:56:00.302+0000] {dag.py:3823} INFO - Setting next_dagrun for example_python_operator to None, run_after=None
[2025-06-03T17:56:00.334+0000] {processor.py:183} INFO - Processing /home/airflow/.local/lib/python3.8/site-packages/airflow/example_dags/example_python_operator.py took 0.221 seconds
[2025-06-03T17:56:31.854+0000] {processor.py:161} INFO - Started process (PID=128) to work on /home/airflow/.local/lib/python3.8/site-packages/airflow/example_dags/example_python_operator.py
[2025-06-03T17:56:31.854+0000] {processor.py:830} INFO - Processing file /home/airflow/.local/lib/python3.8/site-packages/airflow/example_dags/example_python_operator.py for tasks to queue
[2025-06-03T17:56:31.856+0000] {logging_mixin.py:188} INFO - [2025-06-03T17:56:31.855+0000] {dagbag.py:538} INFO - Filling up the DagBag from /home/airflow/.local/lib/python3.8/site-packages/airflow/example_dags/example_python_operator.py
[2025-06-03T17:56:31.862+0000] {processor.py:840} INFO - DAG(s) 'example_python_operator' retrieved from /home/airflow/.local/lib/python3.8/site-packages/airflow/example_dags/example_python_operator.py
[2025-06-03T17:56:31.945+0000] {logging_mixin.py:188} INFO - [2025-06-03T17:56:31.944+0000] {dag.py:3036} INFO - Sync 1 DAGs
[2025-06-03T17:56:31.952+0000] {logging_mixin.py:188} INFO - [2025-06-03T17:56:31.951+0000] {dag.py:3823} INFO - Setting next_dagrun for example_python_operator to None, run_after=None
[2025-06-03T17:56:31.970+0000] {processor.py:183} INFO - Processing /home/airflow/.local/lib/python3.8/site-packages/airflow/example_dags/example_python_operator.py took 0.118 seconds
[2025-06-03T17:57:02.305+0000] {processor.py:161} INFO - Started process (PID=183) to work on /home/airflow/.local/lib/python3.8/site-packages/airflow/example_dags/example_python_operator.py
[2025-06-03T17:57:02.309+0000] {processor.py:830} INFO - Processing file /home/airflow/.local/lib/python3.8/site-packages/airflow/example_dags/example_python_operator.py for tasks to queue
[2025-06-03T17:57:02.310+0000] {logging_mixin.py:188} INFO - [2025-06-03T17:57:02.310+0000] {dagbag.py:538} INFO - Filling up the DagBag from /home/airflow/.local/lib/python3.8/site-packages/airflow/example_dags/example_python_operator.py
[2025-06-03T17:57:02.316+0000] {processor.py:840} INFO - DAG(s) 'example_python_operator' retrieved from /home/airflow/.local/lib/python3.8/site-packages/airflow/example_dags/example_python_operator.py
[2025-06-03T17:57:02.332+0000] {logging_mixin.py:188} INFO - [2025-06-03T17:57:02.332+0000] {dag.py:3036} INFO - Sync 1 DAGs
[2025-06-03T17:57:02.342+0000] {logging_mixin.py:188} INFO - [2025-06-03T17:57:02.342+0000] {dag.py:3823} INFO - Setting next_dagrun for example_python_operator to None, run_after=None
[2025-06-03T17:57:02.356+0000] {processor.py:183} INFO - Processing /home/airflow/.local/lib/python3.8/site-packages/airflow/example_dags/example_python_operator.py took 0.053 seconds
[2025-06-03T17:57:33.258+0000] {processor.py:161} INFO - Started process (PID=238) to work on /home/airflow/.local/lib/python3.8/site-packages/airflow/example_dags/example_python_operator.py
[2025-06-03T17:57:33.260+0000] {processor.py:830} INFO - Processing file /home/airflow/.local/lib/python3.8/site-packages/airflow/example_dags/example_python_operator.py for tasks to queue
[2025-06-03T17:57:33.261+0000] {logging_mixin.py:188} INFO - [2025-06-03T17:57:33.261+0000] {dagbag.py:538} INFO - Filling up the DagBag from /home/airflow/.local/lib/python3.8/site-packages/airflow/example_dags/example_python_operator.py
[2025-06-03T17:57:33.267+0000] {processor.py:840} INFO - DAG(s) 'example_python_operator' retrieved from /home/airflow/.local/lib/python3.8/site-packages/airflow/example_dags/example_python_operator.py
[2025-06-03T17:57:33.283+0000] {logging_mixin.py:188} INFO - [2025-06-03T17:57:33.283+0000] {dag.py:3036} INFO - Sync 1 DAGs
[2025-06-03T17:57:33.289+0000] {logging_mixin.py:188} INFO - [2025-06-03T17:57:33.288+0000] {dag.py:3823} INFO - Setting next_dagrun for example_python_operator to None, run_after=None
[2025-06-03T17:57:33.302+0000] {processor.py:183} INFO - Processing /home/airflow/.local/lib/python3.8/site-packages/airflow/example_dags/example_python_operator.py took 0.046 seconds
[2025-06-03T17:58:03.572+0000] {processor.py:161} INFO - Started process (PID=293) to work on /home/airflow/.local/lib/python3.8/site-packages/airflow/example_dags/example_python_operator.py
[2025-06-03T17:58:03.573+0000] {processor.py:830} INFO - Processing file /home/airflow/.local/lib/python3.8/site-packages/airflow/example_dags/example_python_operator.py for tasks to queue
[2025-06-03T17:58:03.574+0000] {logging_mixin.py:188} INFO - [2025-06-03T17:58:03.574+0000] {dagbag.py:538} INFO - Filling up the DagBag from /home/airflow/.local/lib/python3.8/site-packages/airflow/example_dags/example_python_operator.py
[2025-06-03T17:58:03.580+0000] {processor.py:840} INFO - DAG(s) 'example_python_operator' retrieved from /home/airflow/.local/lib/python3.8/site-packages/airflow/example_dags/example_python_operator.py
[2025-06-03T17:58:03.595+0000] {logging_mixin.py:188} INFO - [2025-06-03T17:58:03.595+0000] {dag.py:3036} INFO - Sync 1 DAGs
[2025-06-03T17:58:03.601+0000] {logging_mixin.py:188} INFO - [2025-06-03T17:58:03.601+0000] {dag.py:3823} INFO - Setting next_dagrun for example_python_operator to None, run_after=None
[2025-06-03T17:58:03.613+0000] {processor.py:183} INFO - Processing /home/airflow/.local/lib/python3.8/site-packages/airflow/example_dags/example_python_operator.py took 0.043 seconds
[2025-06-03T17:58:34.395+0000] {processor.py:161} INFO - Started process (PID=348) to work on /home/airflow/.local/lib/python3.8/site-packages/airflow/example_dags/example_python_operator.py
[2025-06-03T17:58:34.396+0000] {processor.py:830} INFO - Processing file /home/airflow/.local/lib/python3.8/site-packages/airflow/example_dags/example_python_operator.py for tasks to queue
[2025-06-03T17:58:34.402+0000] {logging_mixin.py:188} INFO - [2025-06-03T17:58:34.401+0000] {dagbag.py:538} INFO - Filling up the DagBag from /home/airflow/.local/lib/python3.8/site-packages/airflow/example_dags/example_python_operator.py
[2025-06-03T17:58:34.411+0000] {processor.py:840} INFO - DAG(s) 'example_python_operator' retrieved from /home/airflow/.local/lib/python3.8/site-packages/airflow/example_dags/example_python_operator.py
[2025-06-03T17:58:34.435+0000] {logging_mixin.py:188} INFO - [2025-06-03T17:58:34.435+0000] {dag.py:3036} INFO - Sync 1 DAGs
[2025-06-03T17:58:34.442+0000] {logging_mixin.py:188} INFO - [2025-06-03T17:58:34.442+0000] {dag.py:3823} INFO - Setting next_dagrun for example_python_operator to None, run_after=None
[2025-06-03T17:58:34.451+0000] {processor.py:183} INFO - Processing /home/airflow/.local/lib/python3.8/site-packages/airflow/example_dags/example_python_operator.py took 0.062 seconds
[2025-06-03T17:59:04.770+0000] {processor.py:161} INFO - Started process (PID=403) to work on /home/airflow/.local/lib/python3.8/site-packages/airflow/example_dags/example_python_operator.py
[2025-06-03T17:59:04.773+0000] {processor.py:830} INFO - Processing file /home/airflow/.local/lib/python3.8/site-packages/airflow/example_dags/example_python_operator.py for tasks to queue
[2025-06-03T17:59:04.776+0000] {logging_mixin.py:188} INFO - [2025-06-03T17:59:04.775+0000] {dagbag.py:538} INFO - Filling up the DagBag from /home/airflow/.local/lib/python3.8/site-packages/airflow/example_dags/example_python_operator.py
[2025-06-03T17:59:04.784+0000] {processor.py:840} INFO - DAG(s) 'example_python_operator' retrieved from /home/airflow/.local/lib/python3.8/site-packages/airflow/example_dags/example_python_operator.py
[2025-06-03T17:59:04.814+0000] {logging_mixin.py:188} INFO - [2025-06-03T17:59:04.814+0000] {dag.py:3036} INFO - Sync 1 DAGs
[2025-06-03T17:59:04.829+0000] {logging_mixin.py:188} INFO - [2025-06-03T17:59:04.829+0000] {dag.py:3823} INFO - Setting next_dagrun for example_python_operator to None, run_after=None
[2025-06-03T17:59:04.843+0000] {processor.py:183} INFO - Processing /home/airflow/.local/lib/python3.8/site-packages/airflow/example_dags/example_python_operator.py took 0.075 seconds
[2025-06-03T17:59:35.027+0000] {processor.py:161} INFO - Started process (PID=458) to work on /home/airflow/.local/lib/python3.8/site-packages/airflow/example_dags/example_python_operator.py
[2025-06-03T17:59:35.028+0000] {processor.py:830} INFO - Processing file /home/airflow/.local/lib/python3.8/site-packages/airflow/example_dags/example_python_operator.py for tasks to queue
[2025-06-03T17:59:35.030+0000] {logging_mixin.py:188} INFO - [2025-06-03T17:59:35.030+0000] {dagbag.py:538} INFO - Filling up the DagBag from /home/airflow/.local/lib/python3.8/site-packages/airflow/example_dags/example_python_operator.py
[2025-06-03T17:59:35.035+0000] {processor.py:840} INFO - DAG(s) 'example_python_operator' retrieved from /home/airflow/.local/lib/python3.8/site-packages/airflow/example_dags/example_python_operator.py
[2025-06-03T17:59:35.051+0000] {logging_mixin.py:188} INFO - [2025-06-03T17:59:35.051+0000] {dag.py:3036} INFO - Sync 1 DAGs
[2025-06-03T17:59:35.062+0000] {logging_mixin.py:188} INFO - [2025-06-03T17:59:35.062+0000] {dag.py:3823} INFO - Setting next_dagrun for example_python_operator to None, run_after=None
[2025-06-03T17:59:35.077+0000] {processor.py:183} INFO - Processing /home/airflow/.local/lib/python3.8/site-packages/airflow/example_dags/example_python_operator.py took 0.053 seconds
[2025-06-03T18:00:05.557+0000] {processor.py:161} INFO - Started process (PID=513) to work on /home/airflow/.local/lib/python3.8/site-packages/airflow/example_dags/example_python_operator.py
[2025-06-03T18:00:05.561+0000] {processor.py:830} INFO - Processing file /home/airflow/.local/lib/python3.8/site-packages/airflow/example_dags/example_python_operator.py for tasks to queue
[2025-06-03T18:00:05.565+0000] {logging_mixin.py:188} INFO - [2025-06-03T18:00:05.564+0000] {dagbag.py:538} INFO - Filling up the DagBag from /home/airflow/.local/lib/python3.8/site-packages/airflow/example_dags/example_python_operator.py
[2025-06-03T18:00:05.570+0000] {processor.py:840} INFO - DAG(s) 'example_python_operator' retrieved from /home/airflow/.local/lib/python3.8/site-packages/airflow/example_dags/example_python_operator.py
[2025-06-03T18:00:05.588+0000] {logging_mixin.py:188} INFO - [2025-06-03T18:00:05.588+0000] {dag.py:3036} INFO - Sync 1 DAGs
[2025-06-03T18:00:05.595+0000] {logging_mixin.py:188} INFO - [2025-06-03T18:00:05.595+0000] {dag.py:3823} INFO - Setting next_dagrun for example_python_operator to None, run_after=None
[2025-06-03T18:00:05.605+0000] {processor.py:183} INFO - Processing /home/airflow/.local/lib/python3.8/site-packages/airflow/example_dags/example_python_operator.py took 0.051 seconds
[2025-06-03T18:00:35.733+0000] {processor.py:161} INFO - Started process (PID=568) to work on /home/airflow/.local/lib/python3.8/site-packages/airflow/example_dags/example_python_operator.py
[2025-06-03T18:00:35.735+0000] {processor.py:830} INFO - Processing file /home/airflow/.local/lib/python3.8/site-packages/airflow/example_dags/example_python_operator.py for tasks to queue
[2025-06-03T18:00:35.736+0000] {logging_mixin.py:188} INFO - [2025-06-03T18:00:35.736+0000] {dagbag.py:538} INFO - Filling up the DagBag from /home/airflow/.local/lib/python3.8/site-packages/airflow/example_dags/example_python_operator.py
[2025-06-03T18:00:35.741+0000] {processor.py:840} INFO - DAG(s) 'example_python_operator' retrieved from /home/airflow/.local/lib/python3.8/site-packages/airflow/example_dags/example_python_operator.py
[2025-06-03T18:00:35.751+0000] {logging_mixin.py:188} INFO - [2025-06-03T18:00:35.751+0000] {dag.py:3036} INFO - Sync 1 DAGs
[2025-06-03T18:00:35.758+0000] {logging_mixin.py:188} INFO - [2025-06-03T18:00:35.758+0000] {dag.py:3823} INFO - Setting next_dagrun for example_python_operator to None, run_after=None
[2025-06-03T18:00:35.770+0000] {processor.py:183} INFO - Processing /home/airflow/.local/lib/python3.8/site-packages/airflow/example_dags/example_python_operator.py took 0.039 seconds
[2025-06-03T18:01:05.956+0000] {processor.py:161} INFO - Started process (PID=623) to work on /home/airflow/.local/lib/python3.8/site-packages/airflow/example_dags/example_python_operator.py
[2025-06-03T18:01:05.957+0000] {processor.py:830} INFO - Processing file /home/airflow/.local/lib/python3.8/site-packages/airflow/example_dags/example_python_operator.py for tasks to queue
[2025-06-03T18:01:05.958+0000] {logging_mixin.py:188} INFO - [2025-06-03T18:01:05.957+0000] {dagbag.py:538} INFO - Filling up the DagBag from /home/airflow/.local/lib/python3.8/site-packages/airflow/example_dags/example_python_operator.py
[2025-06-03T18:01:05.963+0000] {processor.py:840} INFO - DAG(s) 'example_python_operator' retrieved from /home/airflow/.local/lib/python3.8/site-packages/airflow/example_dags/example_python_operator.py
[2025-06-03T18:01:05.972+0000] {logging_mixin.py:188} INFO - [2025-06-03T18:01:05.971+0000] {dag.py:3036} INFO - Sync 1 DAGs
[2025-06-03T18:01:05.976+0000] {logging_mixin.py:188} INFO - [2025-06-03T18:01:05.976+0000] {dag.py:3823} INFO - Setting next_dagrun for example_python_operator to None, run_after=None
[2025-06-03T18:01:05.986+0000] {processor.py:183} INFO - Processing /home/airflow/.local/lib/python3.8/site-packages/airflow/example_dags/example_python_operator.py took 0.031 seconds
