[2025-06-03T17:56:01.649+0000] {processor.py:161} INFO - Started process (PID=78) to work on /home/airflow/.local/lib/python3.8/site-packages/airflow/example_dags/example_branch_day_of_week_operator.py
[2025-06-03T17:56:01.651+0000] {processor.py:830} INFO - Processing file /home/airflow/.local/lib/python3.8/site-packages/airflow/example_dags/example_branch_day_of_week_operator.py for tasks to queue
[2025-06-03T17:56:01.654+0000] {logging_mixin.py:188} INFO - [2025-06-03T17:56:01.653+0000] {dagbag.py:538} INFO - Filling up the DagBag from /home/airflow/.local/lib/python3.8/site-packages/airflow/example_dags/example_branch_day_of_week_operator.py
[2025-06-03T17:56:01.664+0000] {processor.py:840} INFO - DAG(s) 'example_weekday_branch_operator' retrieved from /home/airflow/.local/lib/python3.8/site-packages/airflow/example_dags/example_branch_day_of_week_operator.py
[2025-06-03T17:56:01.692+0000] {logging_mixin.py:188} INFO - [2025-06-03T17:56:01.691+0000] {dag.py:3036} INFO - Sync 1 DAGs
[2025-06-03T17:56:01.720+0000] {logging_mixin.py:188} INFO - [2025-06-03T17:56:01.720+0000] {dag.py:3823} INFO - Setting next_dagrun for example_weekday_branch_operator to 2025-06-02 00:00:00+00:00, run_after=2025-06-03 00:00:00+00:00
[2025-06-03T17:56:01.754+0000] {processor.py:183} INFO - Processing /home/airflow/.local/lib/python3.8/site-packages/airflow/example_dags/example_branch_day_of_week_operator.py took 0.109 seconds
[2025-06-03T17:56:32.229+0000] {processor.py:161} INFO - Started process (PID=133) to work on /home/airflow/.local/lib/python3.8/site-packages/airflow/example_dags/example_branch_day_of_week_operator.py
[2025-06-03T17:56:32.230+0000] {processor.py:830} INFO - Processing file /home/airflow/.local/lib/python3.8/site-packages/airflow/example_dags/example_branch_day_of_week_operator.py for tasks to queue
[2025-06-03T17:56:32.231+0000] {logging_mixin.py:188} INFO - [2025-06-03T17:56:32.231+0000] {dagbag.py:538} INFO - Filling up the DagBag from /home/airflow/.local/lib/python3.8/site-packages/airflow/example_dags/example_branch_day_of_week_operator.py
[2025-06-03T17:56:32.236+0000] {processor.py:840} INFO - DAG(s) 'example_weekday_branch_operator' retrieved from /home/airflow/.local/lib/python3.8/site-packages/airflow/example_dags/example_branch_day_of_week_operator.py
[2025-06-03T17:56:32.318+0000] {logging_mixin.py:188} INFO - [2025-06-03T17:56:32.318+0000] {dag.py:3036} INFO - Sync 1 DAGs
[2025-06-03T17:56:32.336+0000] {logging_mixin.py:188} INFO - [2025-06-03T17:56:32.336+0000] {dag.py:3823} INFO - Setting next_dagrun for example_weekday_branch_operator to 2025-06-02 00:00:00+00:00, run_after=2025-06-03 00:00:00+00:00
[2025-06-03T17:56:32.347+0000] {processor.py:183} INFO - Processing /home/airflow/.local/lib/python3.8/site-packages/airflow/example_dags/example_branch_day_of_week_operator.py took 0.121 seconds
[2025-06-03T17:57:02.512+0000] {processor.py:161} INFO - Started process (PID=188) to work on /home/airflow/.local/lib/python3.8/site-packages/airflow/example_dags/example_branch_day_of_week_operator.py
[2025-06-03T17:57:02.514+0000] {processor.py:830} INFO - Processing file /home/airflow/.local/lib/python3.8/site-packages/airflow/example_dags/example_branch_day_of_week_operator.py for tasks to queue
[2025-06-03T17:57:02.515+0000] {logging_mixin.py:188} INFO - [2025-06-03T17:57:02.515+0000] {dagbag.py:538} INFO - Filling up the DagBag from /home/airflow/.local/lib/python3.8/site-packages/airflow/example_dags/example_branch_day_of_week_operator.py
[2025-06-03T17:57:02.519+0000] {processor.py:840} INFO - DAG(s) 'example_weekday_branch_operator' retrieved from /home/airflow/.local/lib/python3.8/site-packages/airflow/example_dags/example_branch_day_of_week_operator.py
[2025-06-03T17:57:02.532+0000] {logging_mixin.py:188} INFO - [2025-06-03T17:57:02.532+0000] {dag.py:3036} INFO - Sync 1 DAGs
[2025-06-03T17:57:02.543+0000] {logging_mixin.py:188} INFO - [2025-06-03T17:57:02.543+0000] {dag.py:3823} INFO - Setting next_dagrun for example_weekday_branch_operator to 2025-06-02 00:00:00+00:00, run_after=2025-06-03 00:00:00+00:00
[2025-06-03T17:57:02.551+0000] {processor.py:183} INFO - Processing /home/airflow/.local/lib/python3.8/site-packages/airflow/example_dags/example_branch_day_of_week_operator.py took 0.041 seconds
[2025-06-03T17:57:33.430+0000] {processor.py:161} INFO - Started process (PID=243) to work on /home/airflow/.local/lib/python3.8/site-packages/airflow/example_dags/example_branch_day_of_week_operator.py
[2025-06-03T17:57:33.430+0000] {processor.py:830} INFO - Processing file /home/airflow/.local/lib/python3.8/site-packages/airflow/example_dags/example_branch_day_of_week_operator.py for tasks to queue
[2025-06-03T17:57:33.432+0000] {logging_mixin.py:188} INFO - [2025-06-03T17:57:33.432+0000] {dagbag.py:538} INFO - Filling up the DagBag from /home/airflow/.local/lib/python3.8/site-packages/airflow/example_dags/example_branch_day_of_week_operator.py
[2025-06-03T17:57:33.440+0000] {processor.py:840} INFO - DAG(s) 'example_weekday_branch_operator' retrieved from /home/airflow/.local/lib/python3.8/site-packages/airflow/example_dags/example_branch_day_of_week_operator.py
[2025-06-03T17:57:33.457+0000] {logging_mixin.py:188} INFO - [2025-06-03T17:57:33.457+0000] {dag.py:3036} INFO - Sync 1 DAGs
[2025-06-03T17:57:33.469+0000] {logging_mixin.py:188} INFO - [2025-06-03T17:57:33.469+0000] {dag.py:3823} INFO - Setting next_dagrun for example_weekday_branch_operator to 2025-06-02 00:00:00+00:00, run_after=2025-06-03 00:00:00+00:00
[2025-06-03T17:57:33.477+0000] {processor.py:183} INFO - Processing /home/airflow/.local/lib/python3.8/site-packages/airflow/example_dags/example_branch_day_of_week_operator.py took 0.049 seconds
[2025-06-03T17:58:03.727+0000] {processor.py:161} INFO - Started process (PID=298) to work on /home/airflow/.local/lib/python3.8/site-packages/airflow/example_dags/example_branch_day_of_week_operator.py
[2025-06-03T17:58:03.729+0000] {processor.py:830} INFO - Processing file /home/airflow/.local/lib/python3.8/site-packages/airflow/example_dags/example_branch_day_of_week_operator.py for tasks to queue
[2025-06-03T17:58:03.731+0000] {logging_mixin.py:188} INFO - [2025-06-03T17:58:03.731+0000] {dagbag.py:538} INFO - Filling up the DagBag from /home/airflow/.local/lib/python3.8/site-packages/airflow/example_dags/example_branch_day_of_week_operator.py
[2025-06-03T17:58:03.736+0000] {processor.py:840} INFO - DAG(s) 'example_weekday_branch_operator' retrieved from /home/airflow/.local/lib/python3.8/site-packages/airflow/example_dags/example_branch_day_of_week_operator.py
[2025-06-03T17:58:03.747+0000] {logging_mixin.py:188} INFO - [2025-06-03T17:58:03.747+0000] {dag.py:3036} INFO - Sync 1 DAGs
[2025-06-03T17:58:03.759+0000] {logging_mixin.py:188} INFO - [2025-06-03T17:58:03.759+0000] {dag.py:3823} INFO - Setting next_dagrun for example_weekday_branch_operator to 2025-06-02 00:00:00+00:00, run_after=2025-06-03 00:00:00+00:00
[2025-06-03T17:58:03.766+0000] {processor.py:183} INFO - Processing /home/airflow/.local/lib/python3.8/site-packages/airflow/example_dags/example_branch_day_of_week_operator.py took 0.040 seconds
[2025-06-03T17:58:34.577+0000] {processor.py:161} INFO - Started process (PID=353) to work on /home/airflow/.local/lib/python3.8/site-packages/airflow/example_dags/example_branch_day_of_week_operator.py
[2025-06-03T17:58:34.578+0000] {processor.py:830} INFO - Processing file /home/airflow/.local/lib/python3.8/site-packages/airflow/example_dags/example_branch_day_of_week_operator.py for tasks to queue
[2025-06-03T17:58:34.579+0000] {logging_mixin.py:188} INFO - [2025-06-03T17:58:34.579+0000] {dagbag.py:538} INFO - Filling up the DagBag from /home/airflow/.local/lib/python3.8/site-packages/airflow/example_dags/example_branch_day_of_week_operator.py
[2025-06-03T17:58:34.583+0000] {processor.py:840} INFO - DAG(s) 'example_weekday_branch_operator' retrieved from /home/airflow/.local/lib/python3.8/site-packages/airflow/example_dags/example_branch_day_of_week_operator.py
[2025-06-03T17:58:34.595+0000] {logging_mixin.py:188} INFO - [2025-06-03T17:58:34.595+0000] {dag.py:3036} INFO - Sync 1 DAGs
[2025-06-03T17:58:34.609+0000] {logging_mixin.py:188} INFO - [2025-06-03T17:58:34.609+0000] {dag.py:3823} INFO - Setting next_dagrun for example_weekday_branch_operator to 2025-06-02 00:00:00+00:00, run_after=2025-06-03 00:00:00+00:00
[2025-06-03T17:58:34.623+0000] {processor.py:183} INFO - Processing /home/airflow/.local/lib/python3.8/site-packages/airflow/example_dags/example_branch_day_of_week_operator.py took 0.048 seconds
[2025-06-03T17:59:04.983+0000] {processor.py:161} INFO - Started process (PID=408) to work on /home/airflow/.local/lib/python3.8/site-packages/airflow/example_dags/example_branch_day_of_week_operator.py
[2025-06-03T17:59:04.986+0000] {processor.py:830} INFO - Processing file /home/airflow/.local/lib/python3.8/site-packages/airflow/example_dags/example_branch_day_of_week_operator.py for tasks to queue
[2025-06-03T17:59:04.987+0000] {logging_mixin.py:188} INFO - [2025-06-03T17:59:04.987+0000] {dagbag.py:538} INFO - Filling up the DagBag from /home/airflow/.local/lib/python3.8/site-packages/airflow/example_dags/example_branch_day_of_week_operator.py
[2025-06-03T17:59:04.992+0000] {processor.py:840} INFO - DAG(s) 'example_weekday_branch_operator' retrieved from /home/airflow/.local/lib/python3.8/site-packages/airflow/example_dags/example_branch_day_of_week_operator.py
[2025-06-03T17:59:05.005+0000] {logging_mixin.py:188} INFO - [2025-06-03T17:59:05.005+0000] {dag.py:3036} INFO - Sync 1 DAGs
[2025-06-03T17:59:05.018+0000] {logging_mixin.py:188} INFO - [2025-06-03T17:59:05.018+0000] {dag.py:3823} INFO - Setting next_dagrun for example_weekday_branch_operator to 2025-06-02 00:00:00+00:00, run_after=2025-06-03 00:00:00+00:00
[2025-06-03T17:59:05.035+0000] {processor.py:183} INFO - Processing /home/airflow/.local/lib/python3.8/site-packages/airflow/example_dags/example_branch_day_of_week_operator.py took 0.055 seconds
[2025-06-03T17:59:35.250+0000] {processor.py:161} INFO - Started process (PID=463) to work on /home/airflow/.local/lib/python3.8/site-packages/airflow/example_dags/example_branch_day_of_week_operator.py
[2025-06-03T17:59:35.250+0000] {processor.py:830} INFO - Processing file /home/airflow/.local/lib/python3.8/site-packages/airflow/example_dags/example_branch_day_of_week_operator.py for tasks to queue
[2025-06-03T17:59:35.251+0000] {logging_mixin.py:188} INFO - [2025-06-03T17:59:35.251+0000] {dagbag.py:538} INFO - Filling up the DagBag from /home/airflow/.local/lib/python3.8/site-packages/airflow/example_dags/example_branch_day_of_week_operator.py
[2025-06-03T17:59:35.255+0000] {processor.py:840} INFO - DAG(s) 'example_weekday_branch_operator' retrieved from /home/airflow/.local/lib/python3.8/site-packages/airflow/example_dags/example_branch_day_of_week_operator.py
[2025-06-03T17:59:35.271+0000] {logging_mixin.py:188} INFO - [2025-06-03T17:59:35.271+0000] {dag.py:3036} INFO - Sync 1 DAGs
[2025-06-03T17:59:35.287+0000] {logging_mixin.py:188} INFO - [2025-06-03T17:59:35.287+0000] {dag.py:3823} INFO - Setting next_dagrun for example_weekday_branch_operator to 2025-06-02 00:00:00+00:00, run_after=2025-06-03 00:00:00+00:00
[2025-06-03T17:59:35.305+0000] {processor.py:183} INFO - Processing /home/airflow/.local/lib/python3.8/site-packages/airflow/example_dags/example_branch_day_of_week_operator.py took 0.058 seconds
[2025-06-03T18:00:05.718+0000] {processor.py:161} INFO - Started process (PID=518) to work on /home/airflow/.local/lib/python3.8/site-packages/airflow/example_dags/example_branch_day_of_week_operator.py
[2025-06-03T18:00:05.718+0000] {processor.py:830} INFO - Processing file /home/airflow/.local/lib/python3.8/site-packages/airflow/example_dags/example_branch_day_of_week_operator.py for tasks to queue
[2025-06-03T18:00:05.719+0000] {logging_mixin.py:188} INFO - [2025-06-03T18:00:05.719+0000] {dagbag.py:538} INFO - Filling up the DagBag from /home/airflow/.local/lib/python3.8/site-packages/airflow/example_dags/example_branch_day_of_week_operator.py
[2025-06-03T18:00:05.723+0000] {processor.py:840} INFO - DAG(s) 'example_weekday_branch_operator' retrieved from /home/airflow/.local/lib/python3.8/site-packages/airflow/example_dags/example_branch_day_of_week_operator.py
[2025-06-03T18:00:05.735+0000] {logging_mixin.py:188} INFO - [2025-06-03T18:00:05.735+0000] {dag.py:3036} INFO - Sync 1 DAGs
[2025-06-03T18:00:05.744+0000] {logging_mixin.py:188} INFO - [2025-06-03T18:00:05.744+0000] {dag.py:3823} INFO - Setting next_dagrun for example_weekday_branch_operator to 2025-06-02 00:00:00+00:00, run_after=2025-06-03 00:00:00+00:00
[2025-06-03T18:00:05.755+0000] {processor.py:183} INFO - Processing /home/airflow/.local/lib/python3.8/site-packages/airflow/example_dags/example_branch_day_of_week_operator.py took 0.039 seconds
[2025-06-03T18:00:35.913+0000] {processor.py:161} INFO - Started process (PID=573) to work on /home/airflow/.local/lib/python3.8/site-packages/airflow/example_dags/example_branch_day_of_week_operator.py
[2025-06-03T18:00:35.914+0000] {processor.py:830} INFO - Processing file /home/airflow/.local/lib/python3.8/site-packages/airflow/example_dags/example_branch_day_of_week_operator.py for tasks to queue
[2025-06-03T18:00:35.915+0000] {logging_mixin.py:188} INFO - [2025-06-03T18:00:35.915+0000] {dagbag.py:538} INFO - Filling up the DagBag from /home/airflow/.local/lib/python3.8/site-packages/airflow/example_dags/example_branch_day_of_week_operator.py
[2025-06-03T18:00:35.919+0000] {processor.py:840} INFO - DAG(s) 'example_weekday_branch_operator' retrieved from /home/airflow/.local/lib/python3.8/site-packages/airflow/example_dags/example_branch_day_of_week_operator.py
[2025-06-03T18:00:35.936+0000] {logging_mixin.py:188} INFO - [2025-06-03T18:00:35.936+0000] {dag.py:3036} INFO - Sync 1 DAGs
[2025-06-03T18:00:35.947+0000] {logging_mixin.py:188} INFO - [2025-06-03T18:00:35.946+0000] {dag.py:3823} INFO - Setting next_dagrun for example_weekday_branch_operator to 2025-06-02 00:00:00+00:00, run_after=2025-06-03 00:00:00+00:00
[2025-06-03T18:00:35.955+0000] {processor.py:183} INFO - Processing /home/airflow/.local/lib/python3.8/site-packages/airflow/example_dags/example_branch_day_of_week_operator.py took 0.043 seconds
[2025-06-03T18:01:06.108+0000] {processor.py:161} INFO - Started process (PID=628) to work on /home/airflow/.local/lib/python3.8/site-packages/airflow/example_dags/example_branch_day_of_week_operator.py
[2025-06-03T18:01:06.108+0000] {processor.py:830} INFO - Processing file /home/airflow/.local/lib/python3.8/site-packages/airflow/example_dags/example_branch_day_of_week_operator.py for tasks to queue
[2025-06-03T18:01:06.109+0000] {logging_mixin.py:188} INFO - [2025-06-03T18:01:06.109+0000] {dagbag.py:538} INFO - Filling up the DagBag from /home/airflow/.local/lib/python3.8/site-packages/airflow/example_dags/example_branch_day_of_week_operator.py
[2025-06-03T18:01:06.113+0000] {processor.py:840} INFO - DAG(s) 'example_weekday_branch_operator' retrieved from /home/airflow/.local/lib/python3.8/site-packages/airflow/example_dags/example_branch_day_of_week_operator.py
[2025-06-03T18:01:06.123+0000] {logging_mixin.py:188} INFO - [2025-06-03T18:01:06.123+0000] {dag.py:3036} INFO - Sync 1 DAGs
[2025-06-03T18:01:06.134+0000] {logging_mixin.py:188} INFO - [2025-06-03T18:01:06.134+0000] {dag.py:3823} INFO - Setting next_dagrun for example_weekday_branch_operator to 2025-06-02 00:00:00+00:00, run_after=2025-06-03 00:00:00+00:00
[2025-06-03T18:01:06.141+0000] {processor.py:183} INFO - Processing /home/airflow/.local/lib/python3.8/site-packages/airflow/example_dags/example_branch_day_of_week_operator.py took 0.035 seconds
