[2025-06-03T17:56:02.493+0000] {processor.py:161} INFO - Started process (PID=88) to work on /home/airflow/.local/lib/python3.8/site-packages/airflow/example_dags/example_short_circuit_decorator.py
[2025-06-03T17:56:02.494+0000] {processor.py:830} INFO - Processing file /home/airflow/.local/lib/python3.8/site-packages/airflow/example_dags/example_short_circuit_decorator.py for tasks to queue
[2025-06-03T17:56:02.497+0000] {logging_mixin.py:188} INFO - [2025-06-03T17:56:02.496+0000] {dagbag.py:538} INFO - Filling up the DagBag from /home/airflow/.local/lib/python3.8/site-packages/airflow/example_dags/example_short_circuit_decorator.py
[2025-06-03T17:56:02.510+0000] {processor.py:840} INFO - DAG(s) 'example_short_circuit_decorator' retrieved from /home/airflow/.local/lib/python3.8/site-packages/airflow/example_dags/example_short_circuit_decorator.py
[2025-06-03T17:56:02.532+0000] {logging_mixin.py:188} INFO - [2025-06-03T17:56:02.532+0000] {dag.py:3036} INFO - Sync 1 DAGs
[2025-06-03T17:56:02.571+0000] {logging_mixin.py:188} INFO - [2025-06-03T17:56:02.570+0000] {dag.py:3823} INFO - Setting next_dagrun for example_short_circuit_decorator to 2025-06-02 00:00:00+00:00, run_after=2025-06-03 00:00:00+00:00
[2025-06-03T17:56:02.602+0000] {processor.py:183} INFO - Processing /home/airflow/.local/lib/python3.8/site-packages/airflow/example_dags/example_short_circuit_decorator.py took 0.112 seconds
[2025-06-03T17:56:33.304+0000] {processor.py:161} INFO - Started process (PID=143) to work on /home/airflow/.local/lib/python3.8/site-packages/airflow/example_dags/example_short_circuit_decorator.py
[2025-06-03T17:56:33.307+0000] {processor.py:830} INFO - Processing file /home/airflow/.local/lib/python3.8/site-packages/airflow/example_dags/example_short_circuit_decorator.py for tasks to queue
[2025-06-03T17:56:33.313+0000] {logging_mixin.py:188} INFO - [2025-06-03T17:56:33.312+0000] {dagbag.py:538} INFO - Filling up the DagBag from /home/airflow/.local/lib/python3.8/site-packages/airflow/example_dags/example_short_circuit_decorator.py
[2025-06-03T17:56:33.326+0000] {processor.py:840} INFO - DAG(s) 'example_short_circuit_decorator' retrieved from /home/airflow/.local/lib/python3.8/site-packages/airflow/example_dags/example_short_circuit_decorator.py
[2025-06-03T17:56:33.499+0000] {logging_mixin.py:188} INFO - [2025-06-03T17:56:33.498+0000] {dag.py:3036} INFO - Sync 1 DAGs
[2025-06-03T17:56:33.526+0000] {logging_mixin.py:188} INFO - [2025-06-03T17:56:33.526+0000] {dag.py:3823} INFO - Setting next_dagrun for example_short_circuit_decorator to 2025-06-02 00:00:00+00:00, run_after=2025-06-03 00:00:00+00:00
[2025-06-03T17:56:33.549+0000] {processor.py:183} INFO - Processing /home/airflow/.local/lib/python3.8/site-packages/airflow/example_dags/example_short_circuit_decorator.py took 0.249 seconds
[2025-06-03T17:57:04.041+0000] {processor.py:161} INFO - Started process (PID=198) to work on /home/airflow/.local/lib/python3.8/site-packages/airflow/example_dags/example_short_circuit_decorator.py
[2025-06-03T17:57:04.042+0000] {processor.py:830} INFO - Processing file /home/airflow/.local/lib/python3.8/site-packages/airflow/example_dags/example_short_circuit_decorator.py for tasks to queue
[2025-06-03T17:57:04.044+0000] {logging_mixin.py:188} INFO - [2025-06-03T17:57:04.043+0000] {dagbag.py:538} INFO - Filling up the DagBag from /home/airflow/.local/lib/python3.8/site-packages/airflow/example_dags/example_short_circuit_decorator.py
[2025-06-03T17:57:04.050+0000] {processor.py:840} INFO - DAG(s) 'example_short_circuit_decorator' retrieved from /home/airflow/.local/lib/python3.8/site-packages/airflow/example_dags/example_short_circuit_decorator.py
[2025-06-03T17:57:04.065+0000] {logging_mixin.py:188} INFO - [2025-06-03T17:57:04.064+0000] {dag.py:3036} INFO - Sync 1 DAGs
[2025-06-03T17:57:04.082+0000] {logging_mixin.py:188} INFO - [2025-06-03T17:57:04.082+0000] {dag.py:3823} INFO - Setting next_dagrun for example_short_circuit_decorator to 2025-06-02 00:00:00+00:00, run_after=2025-06-03 00:00:00+00:00
[2025-06-03T17:57:04.102+0000] {processor.py:183} INFO - Processing /home/airflow/.local/lib/python3.8/site-packages/airflow/example_dags/example_short_circuit_decorator.py took 0.063 seconds
[2025-06-03T17:57:34.782+0000] {processor.py:161} INFO - Started process (PID=253) to work on /home/airflow/.local/lib/python3.8/site-packages/airflow/example_dags/example_short_circuit_decorator.py
[2025-06-03T17:57:34.786+0000] {processor.py:830} INFO - Processing file /home/airflow/.local/lib/python3.8/site-packages/airflow/example_dags/example_short_circuit_decorator.py for tasks to queue
[2025-06-03T17:57:34.792+0000] {logging_mixin.py:188} INFO - [2025-06-03T17:57:34.792+0000] {dagbag.py:538} INFO - Filling up the DagBag from /home/airflow/.local/lib/python3.8/site-packages/airflow/example_dags/example_short_circuit_decorator.py
[2025-06-03T17:57:34.802+0000] {processor.py:840} INFO - DAG(s) 'example_short_circuit_decorator' retrieved from /home/airflow/.local/lib/python3.8/site-packages/airflow/example_dags/example_short_circuit_decorator.py
[2025-06-03T17:57:34.825+0000] {logging_mixin.py:188} INFO - [2025-06-03T17:57:34.825+0000] {dag.py:3036} INFO - Sync 1 DAGs
[2025-06-03T17:57:34.841+0000] {logging_mixin.py:188} INFO - [2025-06-03T17:57:34.841+0000] {dag.py:3823} INFO - Setting next_dagrun for example_short_circuit_decorator to 2025-06-02 00:00:00+00:00, run_after=2025-06-03 00:00:00+00:00
[2025-06-03T17:57:34.851+0000] {processor.py:183} INFO - Processing /home/airflow/.local/lib/python3.8/site-packages/airflow/example_dags/example_short_circuit_decorator.py took 0.070 seconds
[2025-06-03T17:58:05.101+0000] {processor.py:161} INFO - Started process (PID=308) to work on /home/airflow/.local/lib/python3.8/site-packages/airflow/example_dags/example_short_circuit_decorator.py
[2025-06-03T17:58:05.102+0000] {processor.py:830} INFO - Processing file /home/airflow/.local/lib/python3.8/site-packages/airflow/example_dags/example_short_circuit_decorator.py for tasks to queue
[2025-06-03T17:58:05.103+0000] {logging_mixin.py:188} INFO - [2025-06-03T17:58:05.103+0000] {dagbag.py:538} INFO - Filling up the DagBag from /home/airflow/.local/lib/python3.8/site-packages/airflow/example_dags/example_short_circuit_decorator.py
[2025-06-03T17:58:05.107+0000] {processor.py:840} INFO - DAG(s) 'example_short_circuit_decorator' retrieved from /home/airflow/.local/lib/python3.8/site-packages/airflow/example_dags/example_short_circuit_decorator.py
[2025-06-03T17:58:05.121+0000] {logging_mixin.py:188} INFO - [2025-06-03T17:58:05.121+0000] {dag.py:3036} INFO - Sync 1 DAGs
[2025-06-03T17:58:05.133+0000] {logging_mixin.py:188} INFO - [2025-06-03T17:58:05.133+0000] {dag.py:3823} INFO - Setting next_dagrun for example_short_circuit_decorator to 2025-06-02 00:00:00+00:00, run_after=2025-06-03 00:00:00+00:00
[2025-06-03T17:58:05.145+0000] {processor.py:183} INFO - Processing /home/airflow/.local/lib/python3.8/site-packages/airflow/example_dags/example_short_circuit_decorator.py took 0.045 seconds
[2025-06-03T17:58:36.001+0000] {processor.py:161} INFO - Started process (PID=363) to work on /home/airflow/.local/lib/python3.8/site-packages/airflow/example_dags/example_short_circuit_decorator.py
[2025-06-03T17:58:36.002+0000] {processor.py:830} INFO - Processing file /home/airflow/.local/lib/python3.8/site-packages/airflow/example_dags/example_short_circuit_decorator.py for tasks to queue
[2025-06-03T17:58:36.004+0000] {logging_mixin.py:188} INFO - [2025-06-03T17:58:36.004+0000] {dagbag.py:538} INFO - Filling up the DagBag from /home/airflow/.local/lib/python3.8/site-packages/airflow/example_dags/example_short_circuit_decorator.py
[2025-06-03T17:58:36.011+0000] {processor.py:840} INFO - DAG(s) 'example_short_circuit_decorator' retrieved from /home/airflow/.local/lib/python3.8/site-packages/airflow/example_dags/example_short_circuit_decorator.py
[2025-06-03T17:58:36.027+0000] {logging_mixin.py:188} INFO - [2025-06-03T17:58:36.027+0000] {dag.py:3036} INFO - Sync 1 DAGs
[2025-06-03T17:58:36.041+0000] {logging_mixin.py:188} INFO - [2025-06-03T17:58:36.041+0000] {dag.py:3823} INFO - Setting next_dagrun for example_short_circuit_decorator to 2025-06-02 00:00:00+00:00, run_after=2025-06-03 00:00:00+00:00
[2025-06-03T17:58:36.056+0000] {processor.py:183} INFO - Processing /home/airflow/.local/lib/python3.8/site-packages/airflow/example_dags/example_short_circuit_decorator.py took 0.057 seconds
[2025-06-03T17:59:07.040+0000] {processor.py:161} INFO - Started process (PID=418) to work on /home/airflow/.local/lib/python3.8/site-packages/airflow/example_dags/example_short_circuit_decorator.py
[2025-06-03T17:59:07.045+0000] {processor.py:830} INFO - Processing file /home/airflow/.local/lib/python3.8/site-packages/airflow/example_dags/example_short_circuit_decorator.py for tasks to queue
[2025-06-03T17:59:07.046+0000] {logging_mixin.py:188} INFO - [2025-06-03T17:59:07.046+0000] {dagbag.py:538} INFO - Filling up the DagBag from /home/airflow/.local/lib/python3.8/site-packages/airflow/example_dags/example_short_circuit_decorator.py
[2025-06-03T17:59:07.052+0000] {processor.py:840} INFO - DAG(s) 'example_short_circuit_decorator' retrieved from /home/airflow/.local/lib/python3.8/site-packages/airflow/example_dags/example_short_circuit_decorator.py
[2025-06-03T17:59:07.073+0000] {logging_mixin.py:188} INFO - [2025-06-03T17:59:07.073+0000] {dag.py:3036} INFO - Sync 1 DAGs
[2025-06-03T17:59:07.126+0000] {logging_mixin.py:188} INFO - [2025-06-03T17:59:07.125+0000] {dag.py:3823} INFO - Setting next_dagrun for example_short_circuit_decorator to 2025-06-02 00:00:00+00:00, run_after=2025-06-03 00:00:00+00:00
[2025-06-03T17:59:07.145+0000] {processor.py:183} INFO - Processing /home/airflow/.local/lib/python3.8/site-packages/airflow/example_dags/example_short_circuit_decorator.py took 0.109 seconds
[2025-06-03T17:59:37.747+0000] {processor.py:161} INFO - Started process (PID=473) to work on /home/airflow/.local/lib/python3.8/site-packages/airflow/example_dags/example_short_circuit_decorator.py
[2025-06-03T17:59:37.749+0000] {processor.py:830} INFO - Processing file /home/airflow/.local/lib/python3.8/site-packages/airflow/example_dags/example_short_circuit_decorator.py for tasks to queue
[2025-06-03T17:59:37.750+0000] {logging_mixin.py:188} INFO - [2025-06-03T17:59:37.750+0000] {dagbag.py:538} INFO - Filling up the DagBag from /home/airflow/.local/lib/python3.8/site-packages/airflow/example_dags/example_short_circuit_decorator.py
[2025-06-03T17:59:37.759+0000] {processor.py:840} INFO - DAG(s) 'example_short_circuit_decorator' retrieved from /home/airflow/.local/lib/python3.8/site-packages/airflow/example_dags/example_short_circuit_decorator.py
[2025-06-03T17:59:37.777+0000] {logging_mixin.py:188} INFO - [2025-06-03T17:59:37.777+0000] {dag.py:3036} INFO - Sync 1 DAGs
[2025-06-03T17:59:37.792+0000] {logging_mixin.py:188} INFO - [2025-06-03T17:59:37.791+0000] {dag.py:3823} INFO - Setting next_dagrun for example_short_circuit_decorator to 2025-06-02 00:00:00+00:00, run_after=2025-06-03 00:00:00+00:00
[2025-06-03T17:59:37.806+0000] {processor.py:183} INFO - Processing /home/airflow/.local/lib/python3.8/site-packages/airflow/example_dags/example_short_circuit_decorator.py took 0.063 seconds
[2025-06-03T18:00:08.045+0000] {processor.py:161} INFO - Started process (PID=528) to work on /home/airflow/.local/lib/python3.8/site-packages/airflow/example_dags/example_short_circuit_decorator.py
[2025-06-03T18:00:08.046+0000] {processor.py:830} INFO - Processing file /home/airflow/.local/lib/python3.8/site-packages/airflow/example_dags/example_short_circuit_decorator.py for tasks to queue
[2025-06-03T18:00:08.048+0000] {logging_mixin.py:188} INFO - [2025-06-03T18:00:08.047+0000] {dagbag.py:538} INFO - Filling up the DagBag from /home/airflow/.local/lib/python3.8/site-packages/airflow/example_dags/example_short_circuit_decorator.py
[2025-06-03T18:00:08.055+0000] {processor.py:840} INFO - DAG(s) 'example_short_circuit_decorator' retrieved from /home/airflow/.local/lib/python3.8/site-packages/airflow/example_dags/example_short_circuit_decorator.py
[2025-06-03T18:00:08.068+0000] {logging_mixin.py:188} INFO - [2025-06-03T18:00:08.068+0000] {dag.py:3036} INFO - Sync 1 DAGs
[2025-06-03T18:00:08.080+0000] {logging_mixin.py:188} INFO - [2025-06-03T18:00:08.079+0000] {dag.py:3823} INFO - Setting next_dagrun for example_short_circuit_decorator to 2025-06-02 00:00:00+00:00, run_after=2025-06-03 00:00:00+00:00
[2025-06-03T18:00:08.096+0000] {processor.py:183} INFO - Processing /home/airflow/.local/lib/python3.8/site-packages/airflow/example_dags/example_short_circuit_decorator.py took 0.052 seconds
[2025-06-03T18:00:38.296+0000] {processor.py:161} INFO - Started process (PID=583) to work on /home/airflow/.local/lib/python3.8/site-packages/airflow/example_dags/example_short_circuit_decorator.py
[2025-06-03T18:00:38.300+0000] {processor.py:830} INFO - Processing file /home/airflow/.local/lib/python3.8/site-packages/airflow/example_dags/example_short_circuit_decorator.py for tasks to queue
[2025-06-03T18:00:38.301+0000] {logging_mixin.py:188} INFO - [2025-06-03T18:00:38.301+0000] {dagbag.py:538} INFO - Filling up the DagBag from /home/airflow/.local/lib/python3.8/site-packages/airflow/example_dags/example_short_circuit_decorator.py
[2025-06-03T18:00:38.306+0000] {processor.py:840} INFO - DAG(s) 'example_short_circuit_decorator' retrieved from /home/airflow/.local/lib/python3.8/site-packages/airflow/example_dags/example_short_circuit_decorator.py
[2025-06-03T18:00:38.325+0000] {logging_mixin.py:188} INFO - [2025-06-03T18:00:38.325+0000] {dag.py:3036} INFO - Sync 1 DAGs
[2025-06-03T18:00:38.345+0000] {logging_mixin.py:188} INFO - [2025-06-03T18:00:38.345+0000] {dag.py:3823} INFO - Setting next_dagrun for example_short_circuit_decorator to 2025-06-02 00:00:00+00:00, run_after=2025-06-03 00:00:00+00:00
[2025-06-03T18:00:38.374+0000] {processor.py:183} INFO - Processing /home/airflow/.local/lib/python3.8/site-packages/airflow/example_dags/example_short_circuit_decorator.py took 0.080 seconds
[2025-06-03T18:01:08.507+0000] {processor.py:161} INFO - Started process (PID=638) to work on /home/airflow/.local/lib/python3.8/site-packages/airflow/example_dags/example_short_circuit_decorator.py
[2025-06-03T18:01:08.509+0000] {processor.py:830} INFO - Processing file /home/airflow/.local/lib/python3.8/site-packages/airflow/example_dags/example_short_circuit_decorator.py for tasks to queue
[2025-06-03T18:01:08.511+0000] {logging_mixin.py:188} INFO - [2025-06-03T18:01:08.510+0000] {dagbag.py:538} INFO - Filling up the DagBag from /home/airflow/.local/lib/python3.8/site-packages/airflow/example_dags/example_short_circuit_decorator.py
[2025-06-03T18:01:08.517+0000] {processor.py:840} INFO - DAG(s) 'example_short_circuit_decorator' retrieved from /home/airflow/.local/lib/python3.8/site-packages/airflow/example_dags/example_short_circuit_decorator.py
[2025-06-03T18:01:08.526+0000] {logging_mixin.py:188} INFO - [2025-06-03T18:01:08.526+0000] {dag.py:3036} INFO - Sync 1 DAGs
[2025-06-03T18:01:08.536+0000] {logging_mixin.py:188} INFO - [2025-06-03T18:01:08.536+0000] {dag.py:3823} INFO - Setting next_dagrun for example_short_circuit_decorator to 2025-06-02 00:00:00+00:00, run_after=2025-06-03 00:00:00+00:00
[2025-06-03T18:01:08.544+0000] {processor.py:183} INFO - Processing /home/airflow/.local/lib/python3.8/site-packages/airflow/example_dags/example_short_circuit_decorator.py took 0.039 seconds
