[2025-06-03T17:56:00.324+0000] {processor.py:161} INFO - Started process (PID=74) to work on /home/airflow/.local/lib/python3.8/site-packages/airflow/example_dags/example_params_trigger_ui.py
[2025-06-03T17:56:00.326+0000] {processor.py:830} INFO - Processing file /home/airflow/.local/lib/python3.8/site-packages/airflow/example_dags/example_params_trigger_ui.py for tasks to queue
[2025-06-03T17:56:00.327+0000] {logging_mixin.py:188} INFO - [2025-06-03T17:56:00.327+0000] {dagbag.py:538} INFO - Filling up the DagBag from /home/airflow/.local/lib/python3.8/site-packages/airflow/example_dags/example_params_trigger_ui.py
[2025-06-03T17:56:00.346+0000] {processor.py:840} INFO - DAG(s) 'example_params_trigger_ui' retrieved from /home/airflow/.local/lib/python3.8/site-packages/airflow/example_dags/example_params_trigger_ui.py
[2025-06-03T17:56:00.370+0000] {logging_mixin.py:188} INFO - [2025-06-03T17:56:00.370+0000] {dag.py:3036} INFO - Sync 1 DAGs
[2025-06-03T17:56:00.390+0000] {logging_mixin.py:188} INFO - [2025-06-03T17:56:00.390+0000] {dag.py:3823} INFO - Setting next_dagrun for example_params_trigger_ui to None, run_after=None
[2025-06-03T17:56:00.411+0000] {processor.py:183} INFO - Processing /home/airflow/.local/lib/python3.8/site-packages/airflow/example_dags/example_params_trigger_ui.py took 0.093 seconds
[2025-06-03T17:56:31.929+0000] {processor.py:161} INFO - Started process (PID=129) to work on /home/airflow/.local/lib/python3.8/site-packages/airflow/example_dags/example_params_trigger_ui.py
[2025-06-03T17:56:31.932+0000] {processor.py:830} INFO - Processing file /home/airflow/.local/lib/python3.8/site-packages/airflow/example_dags/example_params_trigger_ui.py for tasks to queue
[2025-06-03T17:56:31.933+0000] {logging_mixin.py:188} INFO - [2025-06-03T17:56:31.933+0000] {dagbag.py:538} INFO - Filling up the DagBag from /home/airflow/.local/lib/python3.8/site-packages/airflow/example_dags/example_params_trigger_ui.py
[2025-06-03T17:56:31.944+0000] {processor.py:840} INFO - DAG(s) 'example_params_trigger_ui' retrieved from /home/airflow/.local/lib/python3.8/site-packages/airflow/example_dags/example_params_trigger_ui.py
[2025-06-03T17:56:32.027+0000] {logging_mixin.py:188} INFO - [2025-06-03T17:56:32.027+0000] {dag.py:3036} INFO - Sync 1 DAGs
[2025-06-03T17:56:32.034+0000] {logging_mixin.py:188} INFO - [2025-06-03T17:56:32.034+0000] {dag.py:3823} INFO - Setting next_dagrun for example_params_trigger_ui to None, run_after=None
[2025-06-03T17:56:32.053+0000] {processor.py:183} INFO - Processing /home/airflow/.local/lib/python3.8/site-packages/airflow/example_dags/example_params_trigger_ui.py took 0.128 seconds
[2025-06-03T17:57:02.347+0000] {processor.py:161} INFO - Started process (PID=184) to work on /home/airflow/.local/lib/python3.8/site-packages/airflow/example_dags/example_params_trigger_ui.py
[2025-06-03T17:57:02.349+0000] {processor.py:830} INFO - Processing file /home/airflow/.local/lib/python3.8/site-packages/airflow/example_dags/example_params_trigger_ui.py for tasks to queue
[2025-06-03T17:57:02.351+0000] {logging_mixin.py:188} INFO - [2025-06-03T17:57:02.351+0000] {dagbag.py:538} INFO - Filling up the DagBag from /home/airflow/.local/lib/python3.8/site-packages/airflow/example_dags/example_params_trigger_ui.py
[2025-06-03T17:57:02.361+0000] {processor.py:840} INFO - DAG(s) 'example_params_trigger_ui' retrieved from /home/airflow/.local/lib/python3.8/site-packages/airflow/example_dags/example_params_trigger_ui.py
[2025-06-03T17:57:02.398+0000] {logging_mixin.py:188} INFO - [2025-06-03T17:57:02.398+0000] {dag.py:3036} INFO - Sync 1 DAGs
[2025-06-03T17:57:02.412+0000] {logging_mixin.py:188} INFO - [2025-06-03T17:57:02.411+0000] {dag.py:3823} INFO - Setting next_dagrun for example_params_trigger_ui to None, run_after=None
[2025-06-03T17:57:02.425+0000] {processor.py:183} INFO - Processing /home/airflow/.local/lib/python3.8/site-packages/airflow/example_dags/example_params_trigger_ui.py took 0.081 seconds
[2025-06-03T17:57:33.313+0000] {processor.py:161} INFO - Started process (PID=239) to work on /home/airflow/.local/lib/python3.8/site-packages/airflow/example_dags/example_params_trigger_ui.py
[2025-06-03T17:57:33.314+0000] {processor.py:830} INFO - Processing file /home/airflow/.local/lib/python3.8/site-packages/airflow/example_dags/example_params_trigger_ui.py for tasks to queue
[2025-06-03T17:57:33.314+0000] {logging_mixin.py:188} INFO - [2025-06-03T17:57:33.314+0000] {dagbag.py:538} INFO - Filling up the DagBag from /home/airflow/.local/lib/python3.8/site-packages/airflow/example_dags/example_params_trigger_ui.py
[2025-06-03T17:57:33.321+0000] {processor.py:840} INFO - DAG(s) 'example_params_trigger_ui' retrieved from /home/airflow/.local/lib/python3.8/site-packages/airflow/example_dags/example_params_trigger_ui.py
[2025-06-03T17:57:33.345+0000] {logging_mixin.py:188} INFO - [2025-06-03T17:57:33.344+0000] {dag.py:3036} INFO - Sync 1 DAGs
[2025-06-03T17:57:33.350+0000] {logging_mixin.py:188} INFO - [2025-06-03T17:57:33.350+0000] {dag.py:3823} INFO - Setting next_dagrun for example_params_trigger_ui to None, run_after=None
[2025-06-03T17:57:33.358+0000] {processor.py:183} INFO - Processing /home/airflow/.local/lib/python3.8/site-packages/airflow/example_dags/example_params_trigger_ui.py took 0.047 seconds
[2025-06-03T17:58:03.619+0000] {processor.py:161} INFO - Started process (PID=294) to work on /home/airflow/.local/lib/python3.8/site-packages/airflow/example_dags/example_params_trigger_ui.py
[2025-06-03T17:58:03.620+0000] {processor.py:830} INFO - Processing file /home/airflow/.local/lib/python3.8/site-packages/airflow/example_dags/example_params_trigger_ui.py for tasks to queue
[2025-06-03T17:58:03.621+0000] {logging_mixin.py:188} INFO - [2025-06-03T17:58:03.621+0000] {dagbag.py:538} INFO - Filling up the DagBag from /home/airflow/.local/lib/python3.8/site-packages/airflow/example_dags/example_params_trigger_ui.py
[2025-06-03T17:58:03.626+0000] {processor.py:840} INFO - DAG(s) 'example_params_trigger_ui' retrieved from /home/airflow/.local/lib/python3.8/site-packages/airflow/example_dags/example_params_trigger_ui.py
[2025-06-03T17:58:03.645+0000] {logging_mixin.py:188} INFO - [2025-06-03T17:58:03.645+0000] {dag.py:3036} INFO - Sync 1 DAGs
[2025-06-03T17:58:03.650+0000] {logging_mixin.py:188} INFO - [2025-06-03T17:58:03.650+0000] {dag.py:3823} INFO - Setting next_dagrun for example_params_trigger_ui to None, run_after=None
[2025-06-03T17:58:03.657+0000] {processor.py:183} INFO - Processing /home/airflow/.local/lib/python3.8/site-packages/airflow/example_dags/example_params_trigger_ui.py took 0.039 seconds
[2025-06-03T17:58:34.446+0000] {processor.py:161} INFO - Started process (PID=349) to work on /home/airflow/.local/lib/python3.8/site-packages/airflow/example_dags/example_params_trigger_ui.py
[2025-06-03T17:58:34.447+0000] {processor.py:830} INFO - Processing file /home/airflow/.local/lib/python3.8/site-packages/airflow/example_dags/example_params_trigger_ui.py for tasks to queue
[2025-06-03T17:58:34.448+0000] {logging_mixin.py:188} INFO - [2025-06-03T17:58:34.448+0000] {dagbag.py:538} INFO - Filling up the DagBag from /home/airflow/.local/lib/python3.8/site-packages/airflow/example_dags/example_params_trigger_ui.py
[2025-06-03T17:58:34.455+0000] {processor.py:840} INFO - DAG(s) 'example_params_trigger_ui' retrieved from /home/airflow/.local/lib/python3.8/site-packages/airflow/example_dags/example_params_trigger_ui.py
[2025-06-03T17:58:34.491+0000] {logging_mixin.py:188} INFO - [2025-06-03T17:58:34.491+0000] {dag.py:3036} INFO - Sync 1 DAGs
[2025-06-03T17:58:34.500+0000] {logging_mixin.py:188} INFO - [2025-06-03T17:58:34.499+0000] {dag.py:3823} INFO - Setting next_dagrun for example_params_trigger_ui to None, run_after=None
[2025-06-03T17:58:34.512+0000] {processor.py:183} INFO - Processing /home/airflow/.local/lib/python3.8/site-packages/airflow/example_dags/example_params_trigger_ui.py took 0.069 seconds
[2025-06-03T17:59:04.840+0000] {processor.py:161} INFO - Started process (PID=404) to work on /home/airflow/.local/lib/python3.8/site-packages/airflow/example_dags/example_params_trigger_ui.py
[2025-06-03T17:59:04.841+0000] {processor.py:830} INFO - Processing file /home/airflow/.local/lib/python3.8/site-packages/airflow/example_dags/example_params_trigger_ui.py for tasks to queue
[2025-06-03T17:59:04.842+0000] {logging_mixin.py:188} INFO - [2025-06-03T17:59:04.842+0000] {dagbag.py:538} INFO - Filling up the DagBag from /home/airflow/.local/lib/python3.8/site-packages/airflow/example_dags/example_params_trigger_ui.py
[2025-06-03T17:59:04.851+0000] {processor.py:840} INFO - DAG(s) 'example_params_trigger_ui' retrieved from /home/airflow/.local/lib/python3.8/site-packages/airflow/example_dags/example_params_trigger_ui.py
[2025-06-03T17:59:04.883+0000] {logging_mixin.py:188} INFO - [2025-06-03T17:59:04.883+0000] {dag.py:3036} INFO - Sync 1 DAGs
[2025-06-03T17:59:04.891+0000] {logging_mixin.py:188} INFO - [2025-06-03T17:59:04.890+0000] {dag.py:3823} INFO - Setting next_dagrun for example_params_trigger_ui to None, run_after=None
[2025-06-03T17:59:04.911+0000] {processor.py:183} INFO - Processing /home/airflow/.local/lib/python3.8/site-packages/airflow/example_dags/example_params_trigger_ui.py took 0.074 seconds
[2025-06-03T17:59:35.090+0000] {processor.py:161} INFO - Started process (PID=459) to work on /home/airflow/.local/lib/python3.8/site-packages/airflow/example_dags/example_params_trigger_ui.py
[2025-06-03T17:59:35.090+0000] {processor.py:830} INFO - Processing file /home/airflow/.local/lib/python3.8/site-packages/airflow/example_dags/example_params_trigger_ui.py for tasks to queue
[2025-06-03T17:59:35.092+0000] {logging_mixin.py:188} INFO - [2025-06-03T17:59:35.091+0000] {dagbag.py:538} INFO - Filling up the DagBag from /home/airflow/.local/lib/python3.8/site-packages/airflow/example_dags/example_params_trigger_ui.py
[2025-06-03T17:59:35.099+0000] {processor.py:840} INFO - DAG(s) 'example_params_trigger_ui' retrieved from /home/airflow/.local/lib/python3.8/site-packages/airflow/example_dags/example_params_trigger_ui.py
[2025-06-03T17:59:35.123+0000] {logging_mixin.py:188} INFO - [2025-06-03T17:59:35.123+0000] {dag.py:3036} INFO - Sync 1 DAGs
[2025-06-03T17:59:35.129+0000] {logging_mixin.py:188} INFO - [2025-06-03T17:59:35.129+0000] {dag.py:3823} INFO - Setting next_dagrun for example_params_trigger_ui to None, run_after=None
[2025-06-03T17:59:35.137+0000] {processor.py:183} INFO - Processing /home/airflow/.local/lib/python3.8/site-packages/airflow/example_dags/example_params_trigger_ui.py took 0.049 seconds
[2025-06-03T18:00:05.611+0000] {processor.py:161} INFO - Started process (PID=514) to work on /home/airflow/.local/lib/python3.8/site-packages/airflow/example_dags/example_params_trigger_ui.py
[2025-06-03T18:00:05.612+0000] {processor.py:830} INFO - Processing file /home/airflow/.local/lib/python3.8/site-packages/airflow/example_dags/example_params_trigger_ui.py for tasks to queue
[2025-06-03T18:00:05.612+0000] {logging_mixin.py:188} INFO - [2025-06-03T18:00:05.612+0000] {dagbag.py:538} INFO - Filling up the DagBag from /home/airflow/.local/lib/python3.8/site-packages/airflow/example_dags/example_params_trigger_ui.py
[2025-06-03T18:00:05.619+0000] {processor.py:840} INFO - DAG(s) 'example_params_trigger_ui' retrieved from /home/airflow/.local/lib/python3.8/site-packages/airflow/example_dags/example_params_trigger_ui.py
[2025-06-03T18:00:05.644+0000] {logging_mixin.py:188} INFO - [2025-06-03T18:00:05.644+0000] {dag.py:3036} INFO - Sync 1 DAGs
[2025-06-03T18:00:05.654+0000] {logging_mixin.py:188} INFO - [2025-06-03T18:00:05.653+0000] {dag.py:3823} INFO - Setting next_dagrun for example_params_trigger_ui to None, run_after=None
[2025-06-03T18:00:05.662+0000] {processor.py:183} INFO - Processing /home/airflow/.local/lib/python3.8/site-packages/airflow/example_dags/example_params_trigger_ui.py took 0.052 seconds
[2025-06-03T18:00:35.782+0000] {processor.py:161} INFO - Started process (PID=569) to work on /home/airflow/.local/lib/python3.8/site-packages/airflow/example_dags/example_params_trigger_ui.py
[2025-06-03T18:00:35.783+0000] {processor.py:830} INFO - Processing file /home/airflow/.local/lib/python3.8/site-packages/airflow/example_dags/example_params_trigger_ui.py for tasks to queue
[2025-06-03T18:00:35.784+0000] {logging_mixin.py:188} INFO - [2025-06-03T18:00:35.784+0000] {dagbag.py:538} INFO - Filling up the DagBag from /home/airflow/.local/lib/python3.8/site-packages/airflow/example_dags/example_params_trigger_ui.py
[2025-06-03T18:00:35.792+0000] {processor.py:840} INFO - DAG(s) 'example_params_trigger_ui' retrieved from /home/airflow/.local/lib/python3.8/site-packages/airflow/example_dags/example_params_trigger_ui.py
[2025-06-03T18:00:35.817+0000] {logging_mixin.py:188} INFO - [2025-06-03T18:00:35.816+0000] {dag.py:3036} INFO - Sync 1 DAGs
[2025-06-03T18:00:35.823+0000] {logging_mixin.py:188} INFO - [2025-06-03T18:00:35.822+0000] {dag.py:3823} INFO - Setting next_dagrun for example_params_trigger_ui to None, run_after=None
[2025-06-03T18:00:35.831+0000] {processor.py:183} INFO - Processing /home/airflow/.local/lib/python3.8/site-packages/airflow/example_dags/example_params_trigger_ui.py took 0.050 seconds
[2025-06-03T18:01:05.997+0000] {processor.py:161} INFO - Started process (PID=624) to work on /home/airflow/.local/lib/python3.8/site-packages/airflow/example_dags/example_params_trigger_ui.py
[2025-06-03T18:01:05.997+0000] {processor.py:830} INFO - Processing file /home/airflow/.local/lib/python3.8/site-packages/airflow/example_dags/example_params_trigger_ui.py for tasks to queue
[2025-06-03T18:01:05.998+0000] {logging_mixin.py:188} INFO - [2025-06-03T18:01:05.998+0000] {dagbag.py:538} INFO - Filling up the DagBag from /home/airflow/.local/lib/python3.8/site-packages/airflow/example_dags/example_params_trigger_ui.py
[2025-06-03T18:01:06.005+0000] {processor.py:840} INFO - DAG(s) 'example_params_trigger_ui' retrieved from /home/airflow/.local/lib/python3.8/site-packages/airflow/example_dags/example_params_trigger_ui.py
[2025-06-03T18:01:06.029+0000] {logging_mixin.py:188} INFO - [2025-06-03T18:01:06.029+0000] {dag.py:3036} INFO - Sync 1 DAGs
[2025-06-03T18:01:06.034+0000] {logging_mixin.py:188} INFO - [2025-06-03T18:01:06.034+0000] {dag.py:3823} INFO - Setting next_dagrun for example_params_trigger_ui to None, run_after=None
[2025-06-03T18:01:06.042+0000] {processor.py:183} INFO - Processing /home/airflow/.local/lib/python3.8/site-packages/airflow/example_dags/example_params_trigger_ui.py took 0.047 seconds
