[2025-06-03T17:55:56.569+0000] {processor.py:161} INFO - Started process (PID=47) to work on /home/airflow/.local/lib/python3.8/site-packages/airflow/example_dags/example_params_ui_tutorial.py
[2025-06-03T17:55:56.571+0000] {processor.py:830} INFO - Processing file /home/airflow/.local/lib/python3.8/site-packages/airflow/example_dags/example_params_ui_tutorial.py for tasks to queue
[2025-06-03T17:55:56.573+0000] {logging_mixin.py:188} INFO - [2025-06-03T17:55:56.573+0000] {dagbag.py:538} INFO - Filling up the DagBag from /home/airflow/.local/lib/python3.8/site-packages/airflow/example_dags/example_params_ui_tutorial.py
[2025-06-03T17:55:56.608+0000] {processor.py:840} INFO - DAG(s) 'example_params_ui_tutorial' retrieved from /home/airflow/.local/lib/python3.8/site-packages/airflow/example_dags/example_params_ui_tutorial.py
[2025-06-03T17:55:56.635+0000] {logging_mixin.py:188} INFO - [2025-06-03T17:55:56.635+0000] {dag.py:3036} INFO - Sync 1 DAGs
[2025-06-03T17:55:56.649+0000] {logging_mixin.py:188} INFO - [2025-06-03T17:55:56.648+0000] {dag.py:3823} INFO - Setting next_dagrun for example_params_ui_tutorial to None, run_after=None
[2025-06-03T17:55:56.678+0000] {processor.py:183} INFO - Processing /home/airflow/.local/lib/python3.8/site-packages/airflow/example_dags/example_params_ui_tutorial.py took 0.113 seconds
[2025-06-03T17:56:27.122+0000] {processor.py:161} INFO - Started process (PID=102) to work on /home/airflow/.local/lib/python3.8/site-packages/airflow/example_dags/example_params_ui_tutorial.py
[2025-06-03T17:56:27.125+0000] {processor.py:830} INFO - Processing file /home/airflow/.local/lib/python3.8/site-packages/airflow/example_dags/example_params_ui_tutorial.py for tasks to queue
[2025-06-03T17:56:27.130+0000] {logging_mixin.py:188} INFO - [2025-06-03T17:56:27.129+0000] {dagbag.py:538} INFO - Filling up the DagBag from /home/airflow/.local/lib/python3.8/site-packages/airflow/example_dags/example_params_ui_tutorial.py
[2025-06-03T17:56:27.157+0000] {processor.py:840} INFO - DAG(s) 'example_params_ui_tutorial' retrieved from /home/airflow/.local/lib/python3.8/site-packages/airflow/example_dags/example_params_ui_tutorial.py
[2025-06-03T17:56:27.534+0000] {logging_mixin.py:188} INFO - [2025-06-03T17:56:27.534+0000] {dag.py:3036} INFO - Sync 1 DAGs
[2025-06-03T17:56:27.543+0000] {logging_mixin.py:188} INFO - [2025-06-03T17:56:27.543+0000] {dag.py:3823} INFO - Setting next_dagrun for example_params_ui_tutorial to None, run_after=None
[2025-06-03T17:56:27.571+0000] {processor.py:183} INFO - Processing /home/airflow/.local/lib/python3.8/site-packages/airflow/example_dags/example_params_ui_tutorial.py took 0.453 seconds
[2025-06-03T17:56:57.854+0000] {processor.py:161} INFO - Started process (PID=163) to work on /home/airflow/.local/lib/python3.8/site-packages/airflow/example_dags/example_params_ui_tutorial.py
[2025-06-03T17:56:57.864+0000] {processor.py:830} INFO - Processing file /home/airflow/.local/lib/python3.8/site-packages/airflow/example_dags/example_params_ui_tutorial.py for tasks to queue
[2025-06-03T17:56:57.872+0000] {logging_mixin.py:188} INFO - [2025-06-03T17:56:57.871+0000] {dagbag.py:538} INFO - Filling up the DagBag from /home/airflow/.local/lib/python3.8/site-packages/airflow/example_dags/example_params_ui_tutorial.py
[2025-06-03T17:56:57.892+0000] {processor.py:840} INFO - DAG(s) 'example_params_ui_tutorial' retrieved from /home/airflow/.local/lib/python3.8/site-packages/airflow/example_dags/example_params_ui_tutorial.py
[2025-06-03T17:56:57.955+0000] {logging_mixin.py:188} INFO - [2025-06-03T17:56:57.955+0000] {dag.py:3036} INFO - Sync 1 DAGs
[2025-06-03T17:56:57.970+0000] {logging_mixin.py:188} INFO - [2025-06-03T17:56:57.970+0000] {dag.py:3823} INFO - Setting next_dagrun for example_params_ui_tutorial to None, run_after=None
[2025-06-03T17:56:57.986+0000] {processor.py:183} INFO - Processing /home/airflow/.local/lib/python3.8/site-packages/airflow/example_dags/example_params_ui_tutorial.py took 0.139 seconds
[2025-06-03T17:57:28.491+0000] {processor.py:161} INFO - Started process (PID=218) to work on /home/airflow/.local/lib/python3.8/site-packages/airflow/example_dags/example_params_ui_tutorial.py
[2025-06-03T17:57:28.494+0000] {processor.py:830} INFO - Processing file /home/airflow/.local/lib/python3.8/site-packages/airflow/example_dags/example_params_ui_tutorial.py for tasks to queue
[2025-06-03T17:57:28.497+0000] {logging_mixin.py:188} INFO - [2025-06-03T17:57:28.497+0000] {dagbag.py:538} INFO - Filling up the DagBag from /home/airflow/.local/lib/python3.8/site-packages/airflow/example_dags/example_params_ui_tutorial.py
[2025-06-03T17:57:28.514+0000] {processor.py:840} INFO - DAG(s) 'example_params_ui_tutorial' retrieved from /home/airflow/.local/lib/python3.8/site-packages/airflow/example_dags/example_params_ui_tutorial.py
[2025-06-03T17:57:28.561+0000] {logging_mixin.py:188} INFO - [2025-06-03T17:57:28.561+0000] {dag.py:3036} INFO - Sync 1 DAGs
[2025-06-03T17:57:28.568+0000] {logging_mixin.py:188} INFO - [2025-06-03T17:57:28.568+0000] {dag.py:3823} INFO - Setting next_dagrun for example_params_ui_tutorial to None, run_after=None
[2025-06-03T17:57:28.581+0000] {processor.py:183} INFO - Processing /home/airflow/.local/lib/python3.8/site-packages/airflow/example_dags/example_params_ui_tutorial.py took 0.094 seconds
[2025-06-03T17:57:58.843+0000] {processor.py:161} INFO - Started process (PID=273) to work on /home/airflow/.local/lib/python3.8/site-packages/airflow/example_dags/example_params_ui_tutorial.py
[2025-06-03T17:57:58.846+0000] {processor.py:830} INFO - Processing file /home/airflow/.local/lib/python3.8/site-packages/airflow/example_dags/example_params_ui_tutorial.py for tasks to queue
[2025-06-03T17:57:58.852+0000] {logging_mixin.py:188} INFO - [2025-06-03T17:57:58.852+0000] {dagbag.py:538} INFO - Filling up the DagBag from /home/airflow/.local/lib/python3.8/site-packages/airflow/example_dags/example_params_ui_tutorial.py
[2025-06-03T17:57:58.874+0000] {processor.py:840} INFO - DAG(s) 'example_params_ui_tutorial' retrieved from /home/airflow/.local/lib/python3.8/site-packages/airflow/example_dags/example_params_ui_tutorial.py
[2025-06-03T17:57:58.915+0000] {logging_mixin.py:188} INFO - [2025-06-03T17:57:58.915+0000] {dag.py:3036} INFO - Sync 1 DAGs
[2025-06-03T17:57:58.925+0000] {logging_mixin.py:188} INFO - [2025-06-03T17:57:58.925+0000] {dag.py:3823} INFO - Setting next_dagrun for example_params_ui_tutorial to None, run_after=None
[2025-06-03T17:57:58.934+0000] {processor.py:183} INFO - Processing /home/airflow/.local/lib/python3.8/site-packages/airflow/example_dags/example_params_ui_tutorial.py took 0.099 seconds
[2025-06-03T17:58:29.518+0000] {processor.py:161} INFO - Started process (PID=328) to work on /home/airflow/.local/lib/python3.8/site-packages/airflow/example_dags/example_params_ui_tutorial.py
[2025-06-03T17:58:29.521+0000] {processor.py:830} INFO - Processing file /home/airflow/.local/lib/python3.8/site-packages/airflow/example_dags/example_params_ui_tutorial.py for tasks to queue
[2025-06-03T17:58:29.523+0000] {logging_mixin.py:188} INFO - [2025-06-03T17:58:29.523+0000] {dagbag.py:538} INFO - Filling up the DagBag from /home/airflow/.local/lib/python3.8/site-packages/airflow/example_dags/example_params_ui_tutorial.py
[2025-06-03T17:58:29.542+0000] {processor.py:840} INFO - DAG(s) 'example_params_ui_tutorial' retrieved from /home/airflow/.local/lib/python3.8/site-packages/airflow/example_dags/example_params_ui_tutorial.py
[2025-06-03T17:58:29.594+0000] {logging_mixin.py:188} INFO - [2025-06-03T17:58:29.594+0000] {dag.py:3036} INFO - Sync 1 DAGs
[2025-06-03T17:58:29.608+0000] {logging_mixin.py:188} INFO - [2025-06-03T17:58:29.608+0000] {dag.py:3823} INFO - Setting next_dagrun for example_params_ui_tutorial to None, run_after=None
[2025-06-03T17:58:29.623+0000] {processor.py:183} INFO - Processing /home/airflow/.local/lib/python3.8/site-packages/airflow/example_dags/example_params_ui_tutorial.py took 0.116 seconds
[2025-06-03T17:58:59.932+0000] {processor.py:161} INFO - Started process (PID=383) to work on /home/airflow/.local/lib/python3.8/site-packages/airflow/example_dags/example_params_ui_tutorial.py
[2025-06-03T17:58:59.935+0000] {processor.py:830} INFO - Processing file /home/airflow/.local/lib/python3.8/site-packages/airflow/example_dags/example_params_ui_tutorial.py for tasks to queue
[2025-06-03T17:58:59.937+0000] {logging_mixin.py:188} INFO - [2025-06-03T17:58:59.936+0000] {dagbag.py:538} INFO - Filling up the DagBag from /home/airflow/.local/lib/python3.8/site-packages/airflow/example_dags/example_params_ui_tutorial.py
[2025-06-03T17:58:59.952+0000] {processor.py:840} INFO - DAG(s) 'example_params_ui_tutorial' retrieved from /home/airflow/.local/lib/python3.8/site-packages/airflow/example_dags/example_params_ui_tutorial.py
[2025-06-03T17:58:59.991+0000] {logging_mixin.py:188} INFO - [2025-06-03T17:58:59.991+0000] {dag.py:3036} INFO - Sync 1 DAGs
[2025-06-03T17:58:59.999+0000] {logging_mixin.py:188} INFO - [2025-06-03T17:58:59.999+0000] {dag.py:3823} INFO - Setting next_dagrun for example_params_ui_tutorial to None, run_after=None
[2025-06-03T17:59:00.014+0000] {processor.py:183} INFO - Processing /home/airflow/.local/lib/python3.8/site-packages/airflow/example_dags/example_params_ui_tutorial.py took 0.087 seconds
[2025-06-03T17:59:30.112+0000] {processor.py:161} INFO - Started process (PID=438) to work on /home/airflow/.local/lib/python3.8/site-packages/airflow/example_dags/example_params_ui_tutorial.py
[2025-06-03T17:59:30.117+0000] {processor.py:830} INFO - Processing file /home/airflow/.local/lib/python3.8/site-packages/airflow/example_dags/example_params_ui_tutorial.py for tasks to queue
[2025-06-03T17:59:30.123+0000] {logging_mixin.py:188} INFO - [2025-06-03T17:59:30.122+0000] {dagbag.py:538} INFO - Filling up the DagBag from /home/airflow/.local/lib/python3.8/site-packages/airflow/example_dags/example_params_ui_tutorial.py
[2025-06-03T17:59:30.141+0000] {processor.py:840} INFO - DAG(s) 'example_params_ui_tutorial' retrieved from /home/airflow/.local/lib/python3.8/site-packages/airflow/example_dags/example_params_ui_tutorial.py
[2025-06-03T17:59:30.206+0000] {logging_mixin.py:188} INFO - [2025-06-03T17:59:30.205+0000] {dag.py:3036} INFO - Sync 1 DAGs
[2025-06-03T17:59:30.215+0000] {logging_mixin.py:188} INFO - [2025-06-03T17:59:30.215+0000] {dag.py:3823} INFO - Setting next_dagrun for example_params_ui_tutorial to None, run_after=None
[2025-06-03T17:59:30.234+0000] {processor.py:183} INFO - Processing /home/airflow/.local/lib/python3.8/site-packages/airflow/example_dags/example_params_ui_tutorial.py took 0.128 seconds
[2025-06-03T18:00:00.717+0000] {processor.py:161} INFO - Started process (PID=493) to work on /home/airflow/.local/lib/python3.8/site-packages/airflow/example_dags/example_params_ui_tutorial.py
[2025-06-03T18:00:00.729+0000] {processor.py:830} INFO - Processing file /home/airflow/.local/lib/python3.8/site-packages/airflow/example_dags/example_params_ui_tutorial.py for tasks to queue
[2025-06-03T18:00:00.734+0000] {logging_mixin.py:188} INFO - [2025-06-03T18:00:00.734+0000] {dagbag.py:538} INFO - Filling up the DagBag from /home/airflow/.local/lib/python3.8/site-packages/airflow/example_dags/example_params_ui_tutorial.py
[2025-06-03T18:00:00.757+0000] {processor.py:840} INFO - DAG(s) 'example_params_ui_tutorial' retrieved from /home/airflow/.local/lib/python3.8/site-packages/airflow/example_dags/example_params_ui_tutorial.py
[2025-06-03T18:00:00.810+0000] {logging_mixin.py:188} INFO - [2025-06-03T18:00:00.810+0000] {dag.py:3036} INFO - Sync 1 DAGs
[2025-06-03T18:00:00.820+0000] {logging_mixin.py:188} INFO - [2025-06-03T18:00:00.820+0000] {dag.py:3823} INFO - Setting next_dagrun for example_params_ui_tutorial to None, run_after=None
[2025-06-03T18:00:00.829+0000] {processor.py:183} INFO - Processing /home/airflow/.local/lib/python3.8/site-packages/airflow/example_dags/example_params_ui_tutorial.py took 0.118 seconds
[2025-06-03T18:00:30.928+0000] {processor.py:161} INFO - Started process (PID=548) to work on /home/airflow/.local/lib/python3.8/site-packages/airflow/example_dags/example_params_ui_tutorial.py
[2025-06-03T18:00:30.929+0000] {processor.py:830} INFO - Processing file /home/airflow/.local/lib/python3.8/site-packages/airflow/example_dags/example_params_ui_tutorial.py for tasks to queue
[2025-06-03T18:00:30.931+0000] {logging_mixin.py:188} INFO - [2025-06-03T18:00:30.931+0000] {dagbag.py:538} INFO - Filling up the DagBag from /home/airflow/.local/lib/python3.8/site-packages/airflow/example_dags/example_params_ui_tutorial.py
[2025-06-03T18:00:30.953+0000] {processor.py:840} INFO - DAG(s) 'example_params_ui_tutorial' retrieved from /home/airflow/.local/lib/python3.8/site-packages/airflow/example_dags/example_params_ui_tutorial.py
[2025-06-03T18:00:31.000+0000] {logging_mixin.py:188} INFO - [2025-06-03T18:00:31.000+0000] {dag.py:3036} INFO - Sync 1 DAGs
[2025-06-03T18:00:31.006+0000] {logging_mixin.py:188} INFO - [2025-06-03T18:00:31.006+0000] {dag.py:3823} INFO - Setting next_dagrun for example_params_ui_tutorial to None, run_after=None
[2025-06-03T18:00:31.020+0000] {processor.py:183} INFO - Processing /home/airflow/.local/lib/python3.8/site-packages/airflow/example_dags/example_params_ui_tutorial.py took 0.096 seconds
[2025-06-03T18:01:01.341+0000] {processor.py:161} INFO - Started process (PID=603) to work on /home/airflow/.local/lib/python3.8/site-packages/airflow/example_dags/example_params_ui_tutorial.py
[2025-06-03T18:01:01.344+0000] {processor.py:830} INFO - Processing file /home/airflow/.local/lib/python3.8/site-packages/airflow/example_dags/example_params_ui_tutorial.py for tasks to queue
[2025-06-03T18:01:01.345+0000] {logging_mixin.py:188} INFO - [2025-06-03T18:01:01.345+0000] {dagbag.py:538} INFO - Filling up the DagBag from /home/airflow/.local/lib/python3.8/site-packages/airflow/example_dags/example_params_ui_tutorial.py
[2025-06-03T18:01:01.359+0000] {processor.py:840} INFO - DAG(s) 'example_params_ui_tutorial' retrieved from /home/airflow/.local/lib/python3.8/site-packages/airflow/example_dags/example_params_ui_tutorial.py
[2025-06-03T18:01:01.391+0000] {logging_mixin.py:188} INFO - [2025-06-03T18:01:01.391+0000] {dag.py:3036} INFO - Sync 1 DAGs
[2025-06-03T18:01:01.397+0000] {logging_mixin.py:188} INFO - [2025-06-03T18:01:01.397+0000] {dag.py:3823} INFO - Setting next_dagrun for example_params_ui_tutorial to None, run_after=None
[2025-06-03T18:01:01.406+0000] {processor.py:183} INFO - Processing /home/airflow/.local/lib/python3.8/site-packages/airflow/example_dags/example_params_ui_tutorial.py took 0.071 seconds
