[2025-06-03T17:56:02.516+0000] {processor.py:161} INFO - Started process (PID=89) to work on /home/airflow/.local/lib/python3.8/site-packages/airflow/example_dags/example_trigger_controller_dag.py
[2025-06-03T17:56:02.517+0000] {processor.py:830} INFO - Processing file /home/airflow/.local/lib/python3.8/site-packages/airflow/example_dags/example_trigger_controller_dag.py for tasks to queue
[2025-06-03T17:56:02.520+0000] {logging_mixin.py:188} INFO - [2025-06-03T17:56:02.520+0000] {dagbag.py:538} INFO - Filling up the DagBag from /home/airflow/.local/lib/python3.8/site-packages/airflow/example_dags/example_trigger_controller_dag.py
[2025-06-03T17:56:02.527+0000] {processor.py:840} INFO - DAG(s) 'example_trigger_controller_dag' retrieved from /home/airflow/.local/lib/python3.8/site-packages/airflow/example_dags/example_trigger_controller_dag.py
[2025-06-03T17:56:02.548+0000] {logging_mixin.py:188} INFO - [2025-06-03T17:56:02.548+0000] {dag.py:3036} INFO - Sync 1 DAGs
[2025-06-03T17:56:02.580+0000] {logging_mixin.py:188} INFO - [2025-06-03T17:56:02.580+0000] {dag.py:3823} INFO - Setting next_dagrun for example_trigger_controller_dag to 2021-01-01 00:00:00+00:00, run_after=2021-01-01 00:00:00+00:00
[2025-06-03T17:56:02.615+0000] {processor.py:183} INFO - Processing /home/airflow/.local/lib/python3.8/site-packages/airflow/example_dags/example_trigger_controller_dag.py took 0.102 seconds
[2025-06-03T17:56:33.531+0000] {processor.py:161} INFO - Started process (PID=144) to work on /home/airflow/.local/lib/python3.8/site-packages/airflow/example_dags/example_trigger_controller_dag.py
[2025-06-03T17:56:33.533+0000] {processor.py:830} INFO - Processing file /home/airflow/.local/lib/python3.8/site-packages/airflow/example_dags/example_trigger_controller_dag.py for tasks to queue
[2025-06-03T17:56:33.534+0000] {logging_mixin.py:188} INFO - [2025-06-03T17:56:33.534+0000] {dagbag.py:538} INFO - Filling up the DagBag from /home/airflow/.local/lib/python3.8/site-packages/airflow/example_dags/example_trigger_controller_dag.py
[2025-06-03T17:56:33.539+0000] {processor.py:840} INFO - DAG(s) 'example_trigger_controller_dag' retrieved from /home/airflow/.local/lib/python3.8/site-packages/airflow/example_dags/example_trigger_controller_dag.py
[2025-06-03T17:56:33.641+0000] {logging_mixin.py:188} INFO - [2025-06-03T17:56:33.641+0000] {dag.py:3036} INFO - Sync 1 DAGs
[2025-06-03T17:56:33.664+0000] {logging_mixin.py:188} INFO - [2025-06-03T17:56:33.664+0000] {dag.py:3823} INFO - Setting next_dagrun for example_trigger_controller_dag to 2021-01-01 00:00:00+00:00, run_after=2021-01-01 00:00:00+00:00
[2025-06-03T17:56:33.695+0000] {processor.py:183} INFO - Processing /home/airflow/.local/lib/python3.8/site-packages/airflow/example_dags/example_trigger_controller_dag.py took 0.167 seconds
[2025-06-03T17:57:04.067+0000] {processor.py:161} INFO - Started process (PID=199) to work on /home/airflow/.local/lib/python3.8/site-packages/airflow/example_dags/example_trigger_controller_dag.py
[2025-06-03T17:57:04.068+0000] {processor.py:830} INFO - Processing file /home/airflow/.local/lib/python3.8/site-packages/airflow/example_dags/example_trigger_controller_dag.py for tasks to queue
[2025-06-03T17:57:04.070+0000] {logging_mixin.py:188} INFO - [2025-06-03T17:57:04.070+0000] {dagbag.py:538} INFO - Filling up the DagBag from /home/airflow/.local/lib/python3.8/site-packages/airflow/example_dags/example_trigger_controller_dag.py
[2025-06-03T17:57:04.073+0000] {processor.py:840} INFO - DAG(s) 'example_trigger_controller_dag' retrieved from /home/airflow/.local/lib/python3.8/site-packages/airflow/example_dags/example_trigger_controller_dag.py
[2025-06-03T17:57:04.088+0000] {logging_mixin.py:188} INFO - [2025-06-03T17:57:04.088+0000] {dag.py:3036} INFO - Sync 1 DAGs
[2025-06-03T17:57:04.099+0000] {logging_mixin.py:188} INFO - [2025-06-03T17:57:04.099+0000] {dag.py:3823} INFO - Setting next_dagrun for example_trigger_controller_dag to 2021-01-01 00:00:00+00:00, run_after=2021-01-01 00:00:00+00:00
[2025-06-03T17:57:04.115+0000] {processor.py:183} INFO - Processing /home/airflow/.local/lib/python3.8/site-packages/airflow/example_dags/example_trigger_controller_dag.py took 0.050 seconds
[2025-06-03T17:57:34.843+0000] {processor.py:161} INFO - Started process (PID=254) to work on /home/airflow/.local/lib/python3.8/site-packages/airflow/example_dags/example_trigger_controller_dag.py
[2025-06-03T17:57:34.844+0000] {processor.py:830} INFO - Processing file /home/airflow/.local/lib/python3.8/site-packages/airflow/example_dags/example_trigger_controller_dag.py for tasks to queue
[2025-06-03T17:57:34.846+0000] {logging_mixin.py:188} INFO - [2025-06-03T17:57:34.846+0000] {dagbag.py:538} INFO - Filling up the DagBag from /home/airflow/.local/lib/python3.8/site-packages/airflow/example_dags/example_trigger_controller_dag.py
[2025-06-03T17:57:34.849+0000] {processor.py:840} INFO - DAG(s) 'example_trigger_controller_dag' retrieved from /home/airflow/.local/lib/python3.8/site-packages/airflow/example_dags/example_trigger_controller_dag.py
[2025-06-03T17:57:34.858+0000] {logging_mixin.py:188} INFO - [2025-06-03T17:57:34.858+0000] {dag.py:3036} INFO - Sync 1 DAGs
[2025-06-03T17:57:34.871+0000] {logging_mixin.py:188} INFO - [2025-06-03T17:57:34.870+0000] {dag.py:3823} INFO - Setting next_dagrun for example_trigger_controller_dag to 2021-01-01 00:00:00+00:00, run_after=2021-01-01 00:00:00+00:00
[2025-06-03T17:57:34.888+0000] {processor.py:183} INFO - Processing /home/airflow/.local/lib/python3.8/site-packages/airflow/example_dags/example_trigger_controller_dag.py took 0.047 seconds
[2025-06-03T17:58:05.104+0000] {processor.py:161} INFO - Started process (PID=309) to work on /home/airflow/.local/lib/python3.8/site-packages/airflow/example_dags/example_trigger_controller_dag.py
[2025-06-03T17:58:05.107+0000] {processor.py:830} INFO - Processing file /home/airflow/.local/lib/python3.8/site-packages/airflow/example_dags/example_trigger_controller_dag.py for tasks to queue
[2025-06-03T17:58:05.109+0000] {logging_mixin.py:188} INFO - [2025-06-03T17:58:05.109+0000] {dagbag.py:538} INFO - Filling up the DagBag from /home/airflow/.local/lib/python3.8/site-packages/airflow/example_dags/example_trigger_controller_dag.py
[2025-06-03T17:58:05.111+0000] {processor.py:840} INFO - DAG(s) 'example_trigger_controller_dag' retrieved from /home/airflow/.local/lib/python3.8/site-packages/airflow/example_dags/example_trigger_controller_dag.py
[2025-06-03T17:58:05.125+0000] {logging_mixin.py:188} INFO - [2025-06-03T17:58:05.125+0000] {dag.py:3036} INFO - Sync 1 DAGs
[2025-06-03T17:58:05.134+0000] {logging_mixin.py:188} INFO - [2025-06-03T17:58:05.134+0000] {dag.py:3823} INFO - Setting next_dagrun for example_trigger_controller_dag to 2021-01-01 00:00:00+00:00, run_after=2021-01-01 00:00:00+00:00
[2025-06-03T17:58:05.145+0000] {processor.py:183} INFO - Processing /home/airflow/.local/lib/python3.8/site-packages/airflow/example_dags/example_trigger_controller_dag.py took 0.042 seconds
[2025-06-03T17:58:36.026+0000] {processor.py:161} INFO - Started process (PID=364) to work on /home/airflow/.local/lib/python3.8/site-packages/airflow/example_dags/example_trigger_controller_dag.py
[2025-06-03T17:58:36.027+0000] {processor.py:830} INFO - Processing file /home/airflow/.local/lib/python3.8/site-packages/airflow/example_dags/example_trigger_controller_dag.py for tasks to queue
[2025-06-03T17:58:36.031+0000] {logging_mixin.py:188} INFO - [2025-06-03T17:58:36.031+0000] {dagbag.py:538} INFO - Filling up the DagBag from /home/airflow/.local/lib/python3.8/site-packages/airflow/example_dags/example_trigger_controller_dag.py
[2025-06-03T17:58:36.034+0000] {processor.py:840} INFO - DAG(s) 'example_trigger_controller_dag' retrieved from /home/airflow/.local/lib/python3.8/site-packages/airflow/example_dags/example_trigger_controller_dag.py
[2025-06-03T17:58:36.045+0000] {logging_mixin.py:188} INFO - [2025-06-03T17:58:36.045+0000] {dag.py:3036} INFO - Sync 1 DAGs
[2025-06-03T17:58:36.058+0000] {logging_mixin.py:188} INFO - [2025-06-03T17:58:36.058+0000] {dag.py:3823} INFO - Setting next_dagrun for example_trigger_controller_dag to 2021-01-01 00:00:00+00:00, run_after=2021-01-01 00:00:00+00:00
[2025-06-03T17:58:36.069+0000] {processor.py:183} INFO - Processing /home/airflow/.local/lib/python3.8/site-packages/airflow/example_dags/example_trigger_controller_dag.py took 0.046 seconds
[2025-06-03T17:59:07.133+0000] {processor.py:161} INFO - Started process (PID=419) to work on /home/airflow/.local/lib/python3.8/site-packages/airflow/example_dags/example_trigger_controller_dag.py
[2025-06-03T17:59:07.135+0000] {processor.py:830} INFO - Processing file /home/airflow/.local/lib/python3.8/site-packages/airflow/example_dags/example_trigger_controller_dag.py for tasks to queue
[2025-06-03T17:59:07.138+0000] {logging_mixin.py:188} INFO - [2025-06-03T17:59:07.138+0000] {dagbag.py:538} INFO - Filling up the DagBag from /home/airflow/.local/lib/python3.8/site-packages/airflow/example_dags/example_trigger_controller_dag.py
[2025-06-03T17:59:07.142+0000] {processor.py:840} INFO - DAG(s) 'example_trigger_controller_dag' retrieved from /home/airflow/.local/lib/python3.8/site-packages/airflow/example_dags/example_trigger_controller_dag.py
[2025-06-03T17:59:07.158+0000] {logging_mixin.py:188} INFO - [2025-06-03T17:59:07.158+0000] {dag.py:3036} INFO - Sync 1 DAGs
[2025-06-03T17:59:07.176+0000] {logging_mixin.py:188} INFO - [2025-06-03T17:59:07.175+0000] {dag.py:3823} INFO - Setting next_dagrun for example_trigger_controller_dag to 2021-01-01 00:00:00+00:00, run_after=2021-01-01 00:00:00+00:00
[2025-06-03T17:59:07.235+0000] {processor.py:183} INFO - Processing /home/airflow/.local/lib/python3.8/site-packages/airflow/example_dags/example_trigger_controller_dag.py took 0.107 seconds
[2025-06-03T17:59:37.779+0000] {processor.py:161} INFO - Started process (PID=474) to work on /home/airflow/.local/lib/python3.8/site-packages/airflow/example_dags/example_trigger_controller_dag.py
[2025-06-03T17:59:37.781+0000] {processor.py:830} INFO - Processing file /home/airflow/.local/lib/python3.8/site-packages/airflow/example_dags/example_trigger_controller_dag.py for tasks to queue
[2025-06-03T17:59:37.783+0000] {logging_mixin.py:188} INFO - [2025-06-03T17:59:37.783+0000] {dagbag.py:538} INFO - Filling up the DagBag from /home/airflow/.local/lib/python3.8/site-packages/airflow/example_dags/example_trigger_controller_dag.py
[2025-06-03T17:59:37.786+0000] {processor.py:840} INFO - DAG(s) 'example_trigger_controller_dag' retrieved from /home/airflow/.local/lib/python3.8/site-packages/airflow/example_dags/example_trigger_controller_dag.py
[2025-06-03T17:59:37.800+0000] {logging_mixin.py:188} INFO - [2025-06-03T17:59:37.800+0000] {dag.py:3036} INFO - Sync 1 DAGs
[2025-06-03T17:59:37.818+0000] {logging_mixin.py:188} INFO - [2025-06-03T17:59:37.818+0000] {dag.py:3823} INFO - Setting next_dagrun for example_trigger_controller_dag to 2021-01-01 00:00:00+00:00, run_after=2021-01-01 00:00:00+00:00
[2025-06-03T17:59:37.831+0000] {processor.py:183} INFO - Processing /home/airflow/.local/lib/python3.8/site-packages/airflow/example_dags/example_trigger_controller_dag.py took 0.054 seconds
[2025-06-03T18:00:08.075+0000] {processor.py:161} INFO - Started process (PID=529) to work on /home/airflow/.local/lib/python3.8/site-packages/airflow/example_dags/example_trigger_controller_dag.py
[2025-06-03T18:00:08.076+0000] {processor.py:830} INFO - Processing file /home/airflow/.local/lib/python3.8/site-packages/airflow/example_dags/example_trigger_controller_dag.py for tasks to queue
[2025-06-03T18:00:08.078+0000] {logging_mixin.py:188} INFO - [2025-06-03T18:00:08.077+0000] {dagbag.py:538} INFO - Filling up the DagBag from /home/airflow/.local/lib/python3.8/site-packages/airflow/example_dags/example_trigger_controller_dag.py
[2025-06-03T18:00:08.080+0000] {processor.py:840} INFO - DAG(s) 'example_trigger_controller_dag' retrieved from /home/airflow/.local/lib/python3.8/site-packages/airflow/example_dags/example_trigger_controller_dag.py
[2025-06-03T18:00:08.091+0000] {logging_mixin.py:188} INFO - [2025-06-03T18:00:08.091+0000] {dag.py:3036} INFO - Sync 1 DAGs
[2025-06-03T18:00:08.102+0000] {logging_mixin.py:188} INFO - [2025-06-03T18:00:08.102+0000] {dag.py:3823} INFO - Setting next_dagrun for example_trigger_controller_dag to 2021-01-01 00:00:00+00:00, run_after=2021-01-01 00:00:00+00:00
[2025-06-03T18:00:08.108+0000] {processor.py:183} INFO - Processing /home/airflow/.local/lib/python3.8/site-packages/airflow/example_dags/example_trigger_controller_dag.py took 0.035 seconds
[2025-06-03T18:00:38.359+0000] {processor.py:161} INFO - Started process (PID=584) to work on /home/airflow/.local/lib/python3.8/site-packages/airflow/example_dags/example_trigger_controller_dag.py
[2025-06-03T18:00:38.361+0000] {processor.py:830} INFO - Processing file /home/airflow/.local/lib/python3.8/site-packages/airflow/example_dags/example_trigger_controller_dag.py for tasks to queue
[2025-06-03T18:00:38.366+0000] {logging_mixin.py:188} INFO - [2025-06-03T18:00:38.366+0000] {dagbag.py:538} INFO - Filling up the DagBag from /home/airflow/.local/lib/python3.8/site-packages/airflow/example_dags/example_trigger_controller_dag.py
[2025-06-03T18:00:38.377+0000] {processor.py:840} INFO - DAG(s) 'example_trigger_controller_dag' retrieved from /home/airflow/.local/lib/python3.8/site-packages/airflow/example_dags/example_trigger_controller_dag.py
[2025-06-03T18:00:38.402+0000] {logging_mixin.py:188} INFO - [2025-06-03T18:00:38.402+0000] {dag.py:3036} INFO - Sync 1 DAGs
[2025-06-03T18:00:38.418+0000] {logging_mixin.py:188} INFO - [2025-06-03T18:00:38.418+0000] {dag.py:3823} INFO - Setting next_dagrun for example_trigger_controller_dag to 2021-01-01 00:00:00+00:00, run_after=2021-01-01 00:00:00+00:00
[2025-06-03T18:00:38.429+0000] {processor.py:183} INFO - Processing /home/airflow/.local/lib/python3.8/site-packages/airflow/example_dags/example_trigger_controller_dag.py took 0.075 seconds
[2025-06-03T18:01:08.521+0000] {processor.py:161} INFO - Started process (PID=639) to work on /home/airflow/.local/lib/python3.8/site-packages/airflow/example_dags/example_trigger_controller_dag.py
[2025-06-03T18:01:08.521+0000] {processor.py:830} INFO - Processing file /home/airflow/.local/lib/python3.8/site-packages/airflow/example_dags/example_trigger_controller_dag.py for tasks to queue
[2025-06-03T18:01:08.525+0000] {logging_mixin.py:188} INFO - [2025-06-03T18:01:08.525+0000] {dagbag.py:538} INFO - Filling up the DagBag from /home/airflow/.local/lib/python3.8/site-packages/airflow/example_dags/example_trigger_controller_dag.py
[2025-06-03T18:01:08.527+0000] {processor.py:840} INFO - DAG(s) 'example_trigger_controller_dag' retrieved from /home/airflow/.local/lib/python3.8/site-packages/airflow/example_dags/example_trigger_controller_dag.py
[2025-06-03T18:01:08.541+0000] {logging_mixin.py:188} INFO - [2025-06-03T18:01:08.540+0000] {dag.py:3036} INFO - Sync 1 DAGs
[2025-06-03T18:01:08.551+0000] {logging_mixin.py:188} INFO - [2025-06-03T18:01:08.550+0000] {dag.py:3823} INFO - Setting next_dagrun for example_trigger_controller_dag to 2021-01-01 00:00:00+00:00, run_after=2021-01-01 00:00:00+00:00
[2025-06-03T18:01:08.557+0000] {processor.py:183} INFO - Processing /home/airflow/.local/lib/python3.8/site-packages/airflow/example_dags/example_trigger_controller_dag.py took 0.037 seconds
