[2025-06-03T17:56:00.373+0000] {processor.py:161} INFO - Started process (PID=75) to work on /home/airflow/.local/lib/python3.8/site-packages/airflow/example_dags/example_kubernetes_executor.py
[2025-06-03T17:56:00.379+0000] {processor.py:830} INFO - Processing file /home/airflow/.local/lib/python3.8/site-packages/airflow/example_dags/example_kubernetes_executor.py for tasks to queue
[2025-06-03T17:56:00.383+0000] {logging_mixin.py:188} INFO - [2025-06-03T17:56:00.383+0000] {dagbag.py:538} INFO - Filling up the DagBag from /home/airflow/.local/lib/python3.8/site-packages/airflow/example_dags/example_kubernetes_executor.py
[2025-06-03T17:56:00.405+0000] {processor.py:840} INFO - DAG(s) 'example_kubernetes_executor' retrieved from /home/airflow/.local/lib/python3.8/site-packages/airflow/example_dags/example_kubernetes_executor.py
[2025-06-03T17:56:00.424+0000] {logging_mixin.py:188} INFO - [2025-06-03T17:56:00.423+0000] {dag.py:3036} INFO - Sync 1 DAGs
[2025-06-03T17:56:00.445+0000] {logging_mixin.py:188} INFO - [2025-06-03T17:56:00.444+0000] {dag.py:3823} INFO - Setting next_dagrun for example_kubernetes_executor to None, run_after=None
[2025-06-03T17:56:00.503+0000] {processor.py:183} INFO - Processing /home/airflow/.local/lib/python3.8/site-packages/airflow/example_dags/example_kubernetes_executor.py took 0.134 seconds
[2025-06-03T17:56:31.990+0000] {processor.py:161} INFO - Started process (PID=130) to work on /home/airflow/.local/lib/python3.8/site-packages/airflow/example_dags/example_kubernetes_executor.py
[2025-06-03T17:56:31.993+0000] {processor.py:830} INFO - Processing file /home/airflow/.local/lib/python3.8/site-packages/airflow/example_dags/example_kubernetes_executor.py for tasks to queue
[2025-06-03T17:56:31.995+0000] {logging_mixin.py:188} INFO - [2025-06-03T17:56:31.995+0000] {dagbag.py:538} INFO - Filling up the DagBag from /home/airflow/.local/lib/python3.8/site-packages/airflow/example_dags/example_kubernetes_executor.py
[2025-06-03T17:56:32.005+0000] {processor.py:840} INFO - DAG(s) 'example_kubernetes_executor' retrieved from /home/airflow/.local/lib/python3.8/site-packages/airflow/example_dags/example_kubernetes_executor.py
[2025-06-03T17:56:32.075+0000] {logging_mixin.py:188} INFO - [2025-06-03T17:56:32.075+0000] {dag.py:3036} INFO - Sync 1 DAGs
[2025-06-03T17:56:32.086+0000] {logging_mixin.py:188} INFO - [2025-06-03T17:56:32.086+0000] {dag.py:3823} INFO - Setting next_dagrun for example_kubernetes_executor to None, run_after=None
[2025-06-03T17:56:32.100+0000] {processor.py:183} INFO - Processing /home/airflow/.local/lib/python3.8/site-packages/airflow/example_dags/example_kubernetes_executor.py took 0.113 seconds
[2025-06-03T17:57:02.377+0000] {processor.py:161} INFO - Started process (PID=185) to work on /home/airflow/.local/lib/python3.8/site-packages/airflow/example_dags/example_kubernetes_executor.py
[2025-06-03T17:57:02.381+0000] {processor.py:830} INFO - Processing file /home/airflow/.local/lib/python3.8/site-packages/airflow/example_dags/example_kubernetes_executor.py for tasks to queue
[2025-06-03T17:57:02.382+0000] {logging_mixin.py:188} INFO - [2025-06-03T17:57:02.382+0000] {dagbag.py:538} INFO - Filling up the DagBag from /home/airflow/.local/lib/python3.8/site-packages/airflow/example_dags/example_kubernetes_executor.py
[2025-06-03T17:57:02.393+0000] {processor.py:840} INFO - DAG(s) 'example_kubernetes_executor' retrieved from /home/airflow/.local/lib/python3.8/site-packages/airflow/example_dags/example_kubernetes_executor.py
[2025-06-03T17:57:02.428+0000] {logging_mixin.py:188} INFO - [2025-06-03T17:57:02.428+0000] {dag.py:3036} INFO - Sync 1 DAGs
[2025-06-03T17:57:02.436+0000] {logging_mixin.py:188} INFO - [2025-06-03T17:57:02.435+0000] {dag.py:3823} INFO - Setting next_dagrun for example_kubernetes_executor to None, run_after=None
[2025-06-03T17:57:02.446+0000] {processor.py:183} INFO - Processing /home/airflow/.local/lib/python3.8/site-packages/airflow/example_dags/example_kubernetes_executor.py took 0.072 seconds
[2025-06-03T17:57:33.369+0000] {processor.py:161} INFO - Started process (PID=240) to work on /home/airflow/.local/lib/python3.8/site-packages/airflow/example_dags/example_kubernetes_executor.py
[2025-06-03T17:57:33.369+0000] {processor.py:830} INFO - Processing file /home/airflow/.local/lib/python3.8/site-packages/airflow/example_dags/example_kubernetes_executor.py for tasks to queue
[2025-06-03T17:57:33.370+0000] {logging_mixin.py:188} INFO - [2025-06-03T17:57:33.370+0000] {dagbag.py:538} INFO - Filling up the DagBag from /home/airflow/.local/lib/python3.8/site-packages/airflow/example_dags/example_kubernetes_executor.py
[2025-06-03T17:57:33.380+0000] {processor.py:840} INFO - DAG(s) 'example_kubernetes_executor' retrieved from /home/airflow/.local/lib/python3.8/site-packages/airflow/example_dags/example_kubernetes_executor.py
[2025-06-03T17:57:33.401+0000] {logging_mixin.py:188} INFO - [2025-06-03T17:57:33.400+0000] {dag.py:3036} INFO - Sync 1 DAGs
[2025-06-03T17:57:33.406+0000] {logging_mixin.py:188} INFO - [2025-06-03T17:57:33.406+0000] {dag.py:3823} INFO - Setting next_dagrun for example_kubernetes_executor to None, run_after=None
[2025-06-03T17:57:33.418+0000] {processor.py:183} INFO - Processing /home/airflow/.local/lib/python3.8/site-packages/airflow/example_dags/example_kubernetes_executor.py took 0.051 seconds
[2025-06-03T17:58:03.666+0000] {processor.py:161} INFO - Started process (PID=295) to work on /home/airflow/.local/lib/python3.8/site-packages/airflow/example_dags/example_kubernetes_executor.py
[2025-06-03T17:58:03.666+0000] {processor.py:830} INFO - Processing file /home/airflow/.local/lib/python3.8/site-packages/airflow/example_dags/example_kubernetes_executor.py for tasks to queue
[2025-06-03T17:58:03.668+0000] {logging_mixin.py:188} INFO - [2025-06-03T17:58:03.668+0000] {dagbag.py:538} INFO - Filling up the DagBag from /home/airflow/.local/lib/python3.8/site-packages/airflow/example_dags/example_kubernetes_executor.py
[2025-06-03T17:58:03.676+0000] {processor.py:840} INFO - DAG(s) 'example_kubernetes_executor' retrieved from /home/airflow/.local/lib/python3.8/site-packages/airflow/example_dags/example_kubernetes_executor.py
[2025-06-03T17:58:03.697+0000] {logging_mixin.py:188} INFO - [2025-06-03T17:58:03.697+0000] {dag.py:3036} INFO - Sync 1 DAGs
[2025-06-03T17:58:03.705+0000] {logging_mixin.py:188} INFO - [2025-06-03T17:58:03.705+0000] {dag.py:3823} INFO - Setting next_dagrun for example_kubernetes_executor to None, run_after=None
[2025-06-03T17:58:03.714+0000] {processor.py:183} INFO - Processing /home/airflow/.local/lib/python3.8/site-packages/airflow/example_dags/example_kubernetes_executor.py took 0.050 seconds
[2025-06-03T17:58:34.467+0000] {processor.py:161} INFO - Started process (PID=350) to work on /home/airflow/.local/lib/python3.8/site-packages/airflow/example_dags/example_kubernetes_executor.py
[2025-06-03T17:58:34.468+0000] {processor.py:830} INFO - Processing file /home/airflow/.local/lib/python3.8/site-packages/airflow/example_dags/example_kubernetes_executor.py for tasks to queue
[2025-06-03T17:58:34.472+0000] {logging_mixin.py:188} INFO - [2025-06-03T17:58:34.471+0000] {dagbag.py:538} INFO - Filling up the DagBag from /home/airflow/.local/lib/python3.8/site-packages/airflow/example_dags/example_kubernetes_executor.py
[2025-06-03T17:58:34.489+0000] {processor.py:840} INFO - DAG(s) 'example_kubernetes_executor' retrieved from /home/airflow/.local/lib/python3.8/site-packages/airflow/example_dags/example_kubernetes_executor.py
[2025-06-03T17:58:34.518+0000] {logging_mixin.py:188} INFO - [2025-06-03T17:58:34.518+0000] {dag.py:3036} INFO - Sync 1 DAGs
[2025-06-03T17:58:34.525+0000] {logging_mixin.py:188} INFO - [2025-06-03T17:58:34.525+0000] {dag.py:3823} INFO - Setting next_dagrun for example_kubernetes_executor to None, run_after=None
[2025-06-03T17:58:34.534+0000] {processor.py:183} INFO - Processing /home/airflow/.local/lib/python3.8/site-packages/airflow/example_dags/example_kubernetes_executor.py took 0.070 seconds
[2025-06-03T17:59:04.866+0000] {processor.py:161} INFO - Started process (PID=405) to work on /home/airflow/.local/lib/python3.8/site-packages/airflow/example_dags/example_kubernetes_executor.py
[2025-06-03T17:59:04.870+0000] {processor.py:830} INFO - Processing file /home/airflow/.local/lib/python3.8/site-packages/airflow/example_dags/example_kubernetes_executor.py for tasks to queue
[2025-06-03T17:59:04.871+0000] {logging_mixin.py:188} INFO - [2025-06-03T17:59:04.871+0000] {dagbag.py:538} INFO - Filling up the DagBag from /home/airflow/.local/lib/python3.8/site-packages/airflow/example_dags/example_kubernetes_executor.py
[2025-06-03T17:59:04.881+0000] {processor.py:840} INFO - DAG(s) 'example_kubernetes_executor' retrieved from /home/airflow/.local/lib/python3.8/site-packages/airflow/example_dags/example_kubernetes_executor.py
[2025-06-03T17:59:04.908+0000] {logging_mixin.py:188} INFO - [2025-06-03T17:59:04.908+0000] {dag.py:3036} INFO - Sync 1 DAGs
[2025-06-03T17:59:04.915+0000] {logging_mixin.py:188} INFO - [2025-06-03T17:59:04.914+0000] {dag.py:3823} INFO - Setting next_dagrun for example_kubernetes_executor to None, run_after=None
[2025-06-03T17:59:04.925+0000] {processor.py:183} INFO - Processing /home/airflow/.local/lib/python3.8/site-packages/airflow/example_dags/example_kubernetes_executor.py took 0.061 seconds
[2025-06-03T17:59:35.147+0000] {processor.py:161} INFO - Started process (PID=460) to work on /home/airflow/.local/lib/python3.8/site-packages/airflow/example_dags/example_kubernetes_executor.py
[2025-06-03T17:59:35.148+0000] {processor.py:830} INFO - Processing file /home/airflow/.local/lib/python3.8/site-packages/airflow/example_dags/example_kubernetes_executor.py for tasks to queue
[2025-06-03T17:59:35.149+0000] {logging_mixin.py:188} INFO - [2025-06-03T17:59:35.148+0000] {dagbag.py:538} INFO - Filling up the DagBag from /home/airflow/.local/lib/python3.8/site-packages/airflow/example_dags/example_kubernetes_executor.py
[2025-06-03T17:59:35.157+0000] {processor.py:840} INFO - DAG(s) 'example_kubernetes_executor' retrieved from /home/airflow/.local/lib/python3.8/site-packages/airflow/example_dags/example_kubernetes_executor.py
[2025-06-03T17:59:35.179+0000] {logging_mixin.py:188} INFO - [2025-06-03T17:59:35.179+0000] {dag.py:3036} INFO - Sync 1 DAGs
[2025-06-03T17:59:35.187+0000] {logging_mixin.py:188} INFO - [2025-06-03T17:59:35.186+0000] {dag.py:3823} INFO - Setting next_dagrun for example_kubernetes_executor to None, run_after=None
[2025-06-03T17:59:35.203+0000] {processor.py:183} INFO - Processing /home/airflow/.local/lib/python3.8/site-packages/airflow/example_dags/example_kubernetes_executor.py took 0.057 seconds
[2025-06-03T18:00:05.619+0000] {processor.py:161} INFO - Started process (PID=515) to work on /home/airflow/.local/lib/python3.8/site-packages/airflow/example_dags/example_kubernetes_executor.py
[2025-06-03T18:00:05.620+0000] {processor.py:830} INFO - Processing file /home/airflow/.local/lib/python3.8/site-packages/airflow/example_dags/example_kubernetes_executor.py for tasks to queue
[2025-06-03T18:00:05.622+0000] {logging_mixin.py:188} INFO - [2025-06-03T18:00:05.621+0000] {dagbag.py:538} INFO - Filling up the DagBag from /home/airflow/.local/lib/python3.8/site-packages/airflow/example_dags/example_kubernetes_executor.py
[2025-06-03T18:00:05.633+0000] {processor.py:840} INFO - DAG(s) 'example_kubernetes_executor' retrieved from /home/airflow/.local/lib/python3.8/site-packages/airflow/example_dags/example_kubernetes_executor.py
[2025-06-03T18:00:05.662+0000] {logging_mixin.py:188} INFO - [2025-06-03T18:00:05.662+0000] {dag.py:3036} INFO - Sync 1 DAGs
[2025-06-03T18:00:05.669+0000] {logging_mixin.py:188} INFO - [2025-06-03T18:00:05.669+0000] {dag.py:3823} INFO - Setting next_dagrun for example_kubernetes_executor to None, run_after=None
[2025-06-03T18:00:05.679+0000] {processor.py:183} INFO - Processing /home/airflow/.local/lib/python3.8/site-packages/airflow/example_dags/example_kubernetes_executor.py took 0.061 seconds
[2025-06-03T18:00:35.842+0000] {processor.py:161} INFO - Started process (PID=570) to work on /home/airflow/.local/lib/python3.8/site-packages/airflow/example_dags/example_kubernetes_executor.py
[2025-06-03T18:00:35.843+0000] {processor.py:830} INFO - Processing file /home/airflow/.local/lib/python3.8/site-packages/airflow/example_dags/example_kubernetes_executor.py for tasks to queue
[2025-06-03T18:00:35.844+0000] {logging_mixin.py:188} INFO - [2025-06-03T18:00:35.843+0000] {dagbag.py:538} INFO - Filling up the DagBag from /home/airflow/.local/lib/python3.8/site-packages/airflow/example_dags/example_kubernetes_executor.py
[2025-06-03T18:00:35.855+0000] {processor.py:840} INFO - DAG(s) 'example_kubernetes_executor' retrieved from /home/airflow/.local/lib/python3.8/site-packages/airflow/example_dags/example_kubernetes_executor.py
[2025-06-03T18:00:35.878+0000] {logging_mixin.py:188} INFO - [2025-06-03T18:00:35.877+0000] {dag.py:3036} INFO - Sync 1 DAGs
[2025-06-03T18:00:35.888+0000] {logging_mixin.py:188} INFO - [2025-06-03T18:00:35.888+0000] {dag.py:3823} INFO - Setting next_dagrun for example_kubernetes_executor to None, run_after=None
[2025-06-03T18:00:35.901+0000] {processor.py:183} INFO - Processing /home/airflow/.local/lib/python3.8/site-packages/airflow/example_dags/example_kubernetes_executor.py took 0.061 seconds
[2025-06-03T18:01:06.054+0000] {processor.py:161} INFO - Started process (PID=625) to work on /home/airflow/.local/lib/python3.8/site-packages/airflow/example_dags/example_kubernetes_executor.py
[2025-06-03T18:01:06.055+0000] {processor.py:830} INFO - Processing file /home/airflow/.local/lib/python3.8/site-packages/airflow/example_dags/example_kubernetes_executor.py for tasks to queue
[2025-06-03T18:01:06.057+0000] {logging_mixin.py:188} INFO - [2025-06-03T18:01:06.057+0000] {dagbag.py:538} INFO - Filling up the DagBag from /home/airflow/.local/lib/python3.8/site-packages/airflow/example_dags/example_kubernetes_executor.py
[2025-06-03T18:01:06.065+0000] {processor.py:840} INFO - DAG(s) 'example_kubernetes_executor' retrieved from /home/airflow/.local/lib/python3.8/site-packages/airflow/example_dags/example_kubernetes_executor.py
[2025-06-03T18:01:06.081+0000] {logging_mixin.py:188} INFO - [2025-06-03T18:01:06.081+0000] {dag.py:3036} INFO - Sync 1 DAGs
[2025-06-03T18:01:06.086+0000] {logging_mixin.py:188} INFO - [2025-06-03T18:01:06.086+0000] {dag.py:3823} INFO - Setting next_dagrun for example_kubernetes_executor to None, run_after=None
[2025-06-03T18:01:06.095+0000] {processor.py:183} INFO - Processing /home/airflow/.local/lib/python3.8/site-packages/airflow/example_dags/example_kubernetes_executor.py took 0.043 seconds
