[2025-06-03T17:56:02.296+0000] {processor.py:161} INFO - Started process (PID=85) to work on /home/airflow/.local/lib/python3.8/site-packages/airflow/example_dags/example_external_task_marker_dag.py
[2025-06-03T17:56:02.298+0000] {processor.py:830} INFO - Processing file /home/airflow/.local/lib/python3.8/site-packages/airflow/example_dags/example_external_task_marker_dag.py for tasks to queue
[2025-06-03T17:56:02.300+0000] {logging_mixin.py:188} INFO - [2025-06-03T17:56:02.300+0000] {dagbag.py:538} INFO - Filling up the DagBag from /home/airflow/.local/lib/python3.8/site-packages/airflow/example_dags/example_external_task_marker_dag.py
[2025-06-03T17:56:02.305+0000] {processor.py:840} INFO - DAG(s) 'example_external_task_marker_parent', 'example_external_task_marker_child' retrieved from /home/airflow/.local/lib/python3.8/site-packages/airflow/example_dags/example_external_task_marker_dag.py
[2025-06-03T17:56:02.325+0000] {logging_mixin.py:188} INFO - [2025-06-03T17:56:02.324+0000] {dag.py:3036} INFO - Sync 2 DAGs
[2025-06-03T17:56:02.337+0000] {logging_mixin.py:188} INFO - [2025-06-03T17:56:02.337+0000] {dag.py:3823} INFO - Setting next_dagrun for example_external_task_marker_child to None, run_after=None
[2025-06-03T17:56:02.342+0000] {logging_mixin.py:188} INFO - [2025-06-03T17:56:02.342+0000] {dag.py:3823} INFO - Setting next_dagrun for example_external_task_marker_parent to None, run_after=None
[2025-06-03T17:56:02.354+0000] {processor.py:183} INFO - Processing /home/airflow/.local/lib/python3.8/site-packages/airflow/example_dags/example_external_task_marker_dag.py took 0.061 seconds
[2025-06-03T17:56:32.692+0000] {processor.py:161} INFO - Started process (PID=140) to work on /home/airflow/.local/lib/python3.8/site-packages/airflow/example_dags/example_external_task_marker_dag.py
[2025-06-03T17:56:32.693+0000] {processor.py:830} INFO - Processing file /home/airflow/.local/lib/python3.8/site-packages/airflow/example_dags/example_external_task_marker_dag.py for tasks to queue
[2025-06-03T17:56:32.695+0000] {logging_mixin.py:188} INFO - [2025-06-03T17:56:32.695+0000] {dagbag.py:538} INFO - Filling up the DagBag from /home/airflow/.local/lib/python3.8/site-packages/airflow/example_dags/example_external_task_marker_dag.py
[2025-06-03T17:56:32.700+0000] {processor.py:840} INFO - DAG(s) 'example_external_task_marker_child', 'example_external_task_marker_parent' retrieved from /home/airflow/.local/lib/python3.8/site-packages/airflow/example_dags/example_external_task_marker_dag.py
[2025-06-03T17:56:32.967+0000] {logging_mixin.py:188} INFO - [2025-06-03T17:56:32.967+0000] {dag.py:3036} INFO - Sync 2 DAGs
[2025-06-03T17:56:32.986+0000] {logging_mixin.py:188} INFO - [2025-06-03T17:56:32.985+0000] {dag.py:3823} INFO - Setting next_dagrun for example_external_task_marker_child to None, run_after=None
[2025-06-03T17:56:32.991+0000] {logging_mixin.py:188} INFO - [2025-06-03T17:56:32.991+0000] {dag.py:3823} INFO - Setting next_dagrun for example_external_task_marker_parent to None, run_after=None
[2025-06-03T17:56:33.097+0000] {processor.py:183} INFO - Processing /home/airflow/.local/lib/python3.8/site-packages/airflow/example_dags/example_external_task_marker_dag.py took 0.408 seconds
[2025-06-03T17:57:03.896+0000] {processor.py:161} INFO - Started process (PID=195) to work on /home/airflow/.local/lib/python3.8/site-packages/airflow/example_dags/example_external_task_marker_dag.py
[2025-06-03T17:57:03.898+0000] {processor.py:830} INFO - Processing file /home/airflow/.local/lib/python3.8/site-packages/airflow/example_dags/example_external_task_marker_dag.py for tasks to queue
[2025-06-03T17:57:03.901+0000] {logging_mixin.py:188} INFO - [2025-06-03T17:57:03.901+0000] {dagbag.py:538} INFO - Filling up the DagBag from /home/airflow/.local/lib/python3.8/site-packages/airflow/example_dags/example_external_task_marker_dag.py
[2025-06-03T17:57:03.905+0000] {processor.py:840} INFO - DAG(s) 'example_external_task_marker_parent', 'example_external_task_marker_child' retrieved from /home/airflow/.local/lib/python3.8/site-packages/airflow/example_dags/example_external_task_marker_dag.py
[2025-06-03T17:57:03.928+0000] {logging_mixin.py:188} INFO - [2025-06-03T17:57:03.927+0000] {dag.py:3036} INFO - Sync 2 DAGs
[2025-06-03T17:57:03.938+0000] {logging_mixin.py:188} INFO - [2025-06-03T17:57:03.938+0000] {dag.py:3823} INFO - Setting next_dagrun for example_external_task_marker_child to None, run_after=None
[2025-06-03T17:57:03.956+0000] {logging_mixin.py:188} INFO - [2025-06-03T17:57:03.950+0000] {dag.py:3823} INFO - Setting next_dagrun for example_external_task_marker_parent to None, run_after=None
[2025-06-03T17:57:03.977+0000] {processor.py:183} INFO - Processing /home/airflow/.local/lib/python3.8/site-packages/airflow/example_dags/example_external_task_marker_dag.py took 0.083 seconds
[2025-06-03T17:57:34.692+0000] {processor.py:161} INFO - Started process (PID=250) to work on /home/airflow/.local/lib/python3.8/site-packages/airflow/example_dags/example_external_task_marker_dag.py
[2025-06-03T17:57:34.694+0000] {processor.py:830} INFO - Processing file /home/airflow/.local/lib/python3.8/site-packages/airflow/example_dags/example_external_task_marker_dag.py for tasks to queue
[2025-06-03T17:57:34.696+0000] {logging_mixin.py:188} INFO - [2025-06-03T17:57:34.696+0000] {dagbag.py:538} INFO - Filling up the DagBag from /home/airflow/.local/lib/python3.8/site-packages/airflow/example_dags/example_external_task_marker_dag.py
[2025-06-03T17:57:34.699+0000] {processor.py:840} INFO - DAG(s) 'example_external_task_marker_child', 'example_external_task_marker_parent' retrieved from /home/airflow/.local/lib/python3.8/site-packages/airflow/example_dags/example_external_task_marker_dag.py
[2025-06-03T17:57:34.722+0000] {logging_mixin.py:188} INFO - [2025-06-03T17:57:34.721+0000] {dag.py:3036} INFO - Sync 2 DAGs
[2025-06-03T17:57:34.729+0000] {logging_mixin.py:188} INFO - [2025-06-03T17:57:34.728+0000] {dag.py:3823} INFO - Setting next_dagrun for example_external_task_marker_child to None, run_after=None
[2025-06-03T17:57:34.734+0000] {logging_mixin.py:188} INFO - [2025-06-03T17:57:34.734+0000] {dag.py:3823} INFO - Setting next_dagrun for example_external_task_marker_parent to None, run_after=None
[2025-06-03T17:57:34.742+0000] {processor.py:183} INFO - Processing /home/airflow/.local/lib/python3.8/site-packages/airflow/example_dags/example_external_task_marker_dag.py took 0.053 seconds
[2025-06-03T17:58:04.999+0000] {processor.py:161} INFO - Started process (PID=305) to work on /home/airflow/.local/lib/python3.8/site-packages/airflow/example_dags/example_external_task_marker_dag.py
[2025-06-03T17:58:05.000+0000] {processor.py:830} INFO - Processing file /home/airflow/.local/lib/python3.8/site-packages/airflow/example_dags/example_external_task_marker_dag.py for tasks to queue
[2025-06-03T17:58:05.001+0000] {logging_mixin.py:188} INFO - [2025-06-03T17:58:05.001+0000] {dagbag.py:538} INFO - Filling up the DagBag from /home/airflow/.local/lib/python3.8/site-packages/airflow/example_dags/example_external_task_marker_dag.py
[2025-06-03T17:58:05.004+0000] {processor.py:840} INFO - DAG(s) 'example_external_task_marker_parent', 'example_external_task_marker_child' retrieved from /home/airflow/.local/lib/python3.8/site-packages/airflow/example_dags/example_external_task_marker_dag.py
[2025-06-03T17:58:05.022+0000] {logging_mixin.py:188} INFO - [2025-06-03T17:58:05.022+0000] {dag.py:3036} INFO - Sync 2 DAGs
[2025-06-03T17:58:05.034+0000] {logging_mixin.py:188} INFO - [2025-06-03T17:58:05.034+0000] {dag.py:3823} INFO - Setting next_dagrun for example_external_task_marker_child to None, run_after=None
[2025-06-03T17:58:05.036+0000] {logging_mixin.py:188} INFO - [2025-06-03T17:58:05.036+0000] {dag.py:3823} INFO - Setting next_dagrun for example_external_task_marker_parent to None, run_after=None
[2025-06-03T17:58:05.049+0000] {processor.py:183} INFO - Processing /home/airflow/.local/lib/python3.8/site-packages/airflow/example_dags/example_external_task_marker_dag.py took 0.052 seconds
[2025-06-03T17:58:35.878+0000] {processor.py:161} INFO - Started process (PID=360) to work on /home/airflow/.local/lib/python3.8/site-packages/airflow/example_dags/example_external_task_marker_dag.py
[2025-06-03T17:58:35.879+0000] {processor.py:830} INFO - Processing file /home/airflow/.local/lib/python3.8/site-packages/airflow/example_dags/example_external_task_marker_dag.py for tasks to queue
[2025-06-03T17:58:35.880+0000] {logging_mixin.py:188} INFO - [2025-06-03T17:58:35.880+0000] {dagbag.py:538} INFO - Filling up the DagBag from /home/airflow/.local/lib/python3.8/site-packages/airflow/example_dags/example_external_task_marker_dag.py
[2025-06-03T17:58:35.885+0000] {processor.py:840} INFO - DAG(s) 'example_external_task_marker_parent', 'example_external_task_marker_child' retrieved from /home/airflow/.local/lib/python3.8/site-packages/airflow/example_dags/example_external_task_marker_dag.py
[2025-06-03T17:58:35.910+0000] {logging_mixin.py:188} INFO - [2025-06-03T17:58:35.910+0000] {dag.py:3036} INFO - Sync 2 DAGs
[2025-06-03T17:58:35.921+0000] {logging_mixin.py:188} INFO - [2025-06-03T17:58:35.920+0000] {dag.py:3823} INFO - Setting next_dagrun for example_external_task_marker_child to None, run_after=None
[2025-06-03T17:58:35.923+0000] {logging_mixin.py:188} INFO - [2025-06-03T17:58:35.922+0000] {dag.py:3823} INFO - Setting next_dagrun for example_external_task_marker_parent to None, run_after=None
[2025-06-03T17:58:35.932+0000] {processor.py:183} INFO - Processing /home/airflow/.local/lib/python3.8/site-packages/airflow/example_dags/example_external_task_marker_dag.py took 0.060 seconds
[2025-06-03T17:59:06.769+0000] {processor.py:161} INFO - Started process (PID=415) to work on /home/airflow/.local/lib/python3.8/site-packages/airflow/example_dags/example_external_task_marker_dag.py
[2025-06-03T17:59:06.775+0000] {processor.py:830} INFO - Processing file /home/airflow/.local/lib/python3.8/site-packages/airflow/example_dags/example_external_task_marker_dag.py for tasks to queue
[2025-06-03T17:59:06.778+0000] {logging_mixin.py:188} INFO - [2025-06-03T17:59:06.777+0000] {dagbag.py:538} INFO - Filling up the DagBag from /home/airflow/.local/lib/python3.8/site-packages/airflow/example_dags/example_external_task_marker_dag.py
[2025-06-03T17:59:06.824+0000] {processor.py:840} INFO - DAG(s) 'example_external_task_marker_parent', 'example_external_task_marker_child' retrieved from /home/airflow/.local/lib/python3.8/site-packages/airflow/example_dags/example_external_task_marker_dag.py
[2025-06-03T17:59:06.872+0000] {logging_mixin.py:188} INFO - [2025-06-03T17:59:06.872+0000] {dag.py:3036} INFO - Sync 2 DAGs
[2025-06-03T17:59:06.889+0000] {logging_mixin.py:188} INFO - [2025-06-03T17:59:06.889+0000] {dag.py:3823} INFO - Setting next_dagrun for example_external_task_marker_child to None, run_after=None
[2025-06-03T17:59:06.893+0000] {logging_mixin.py:188} INFO - [2025-06-03T17:59:06.893+0000] {dag.py:3823} INFO - Setting next_dagrun for example_external_task_marker_parent to None, run_after=None
[2025-06-03T17:59:06.967+0000] {processor.py:183} INFO - Processing /home/airflow/.local/lib/python3.8/site-packages/airflow/example_dags/example_external_task_marker_dag.py took 0.204 seconds
[2025-06-03T17:59:37.593+0000] {processor.py:161} INFO - Started process (PID=470) to work on /home/airflow/.local/lib/python3.8/site-packages/airflow/example_dags/example_external_task_marker_dag.py
[2025-06-03T17:59:37.594+0000] {processor.py:830} INFO - Processing file /home/airflow/.local/lib/python3.8/site-packages/airflow/example_dags/example_external_task_marker_dag.py for tasks to queue
[2025-06-03T17:59:37.597+0000] {logging_mixin.py:188} INFO - [2025-06-03T17:59:37.596+0000] {dagbag.py:538} INFO - Filling up the DagBag from /home/airflow/.local/lib/python3.8/site-packages/airflow/example_dags/example_external_task_marker_dag.py
[2025-06-03T17:59:37.601+0000] {processor.py:840} INFO - DAG(s) 'example_external_task_marker_parent', 'example_external_task_marker_child' retrieved from /home/airflow/.local/lib/python3.8/site-packages/airflow/example_dags/example_external_task_marker_dag.py
[2025-06-03T17:59:37.636+0000] {logging_mixin.py:188} INFO - [2025-06-03T17:59:37.636+0000] {dag.py:3036} INFO - Sync 2 DAGs
[2025-06-03T17:59:37.644+0000] {logging_mixin.py:188} INFO - [2025-06-03T17:59:37.644+0000] {dag.py:3823} INFO - Setting next_dagrun for example_external_task_marker_child to None, run_after=None
[2025-06-03T17:59:37.646+0000] {logging_mixin.py:188} INFO - [2025-06-03T17:59:37.646+0000] {dag.py:3823} INFO - Setting next_dagrun for example_external_task_marker_parent to None, run_after=None
[2025-06-03T17:59:37.656+0000] {processor.py:183} INFO - Processing /home/airflow/.local/lib/python3.8/site-packages/airflow/example_dags/example_external_task_marker_dag.py took 0.067 seconds
[2025-06-03T18:00:07.932+0000] {processor.py:161} INFO - Started process (PID=525) to work on /home/airflow/.local/lib/python3.8/site-packages/airflow/example_dags/example_external_task_marker_dag.py
[2025-06-03T18:00:07.933+0000] {processor.py:830} INFO - Processing file /home/airflow/.local/lib/python3.8/site-packages/airflow/example_dags/example_external_task_marker_dag.py for tasks to queue
[2025-06-03T18:00:07.937+0000] {logging_mixin.py:188} INFO - [2025-06-03T18:00:07.936+0000] {dagbag.py:538} INFO - Filling up the DagBag from /home/airflow/.local/lib/python3.8/site-packages/airflow/example_dags/example_external_task_marker_dag.py
[2025-06-03T18:00:07.942+0000] {processor.py:840} INFO - DAG(s) 'example_external_task_marker_parent', 'example_external_task_marker_child' retrieved from /home/airflow/.local/lib/python3.8/site-packages/airflow/example_dags/example_external_task_marker_dag.py
[2025-06-03T18:00:07.959+0000] {logging_mixin.py:188} INFO - [2025-06-03T18:00:07.959+0000] {dag.py:3036} INFO - Sync 2 DAGs
[2025-06-03T18:00:07.965+0000] {logging_mixin.py:188} INFO - [2025-06-03T18:00:07.965+0000] {dag.py:3823} INFO - Setting next_dagrun for example_external_task_marker_child to None, run_after=None
[2025-06-03T18:00:07.967+0000] {logging_mixin.py:188} INFO - [2025-06-03T18:00:07.967+0000] {dag.py:3823} INFO - Setting next_dagrun for example_external_task_marker_parent to None, run_after=None
[2025-06-03T18:00:07.975+0000] {processor.py:183} INFO - Processing /home/airflow/.local/lib/python3.8/site-packages/airflow/example_dags/example_external_task_marker_dag.py took 0.045 seconds
[2025-06-03T18:00:38.160+0000] {processor.py:161} INFO - Started process (PID=580) to work on /home/airflow/.local/lib/python3.8/site-packages/airflow/example_dags/example_external_task_marker_dag.py
[2025-06-03T18:00:38.161+0000] {processor.py:830} INFO - Processing file /home/airflow/.local/lib/python3.8/site-packages/airflow/example_dags/example_external_task_marker_dag.py for tasks to queue
[2025-06-03T18:00:38.167+0000] {logging_mixin.py:188} INFO - [2025-06-03T18:00:38.167+0000] {dagbag.py:538} INFO - Filling up the DagBag from /home/airflow/.local/lib/python3.8/site-packages/airflow/example_dags/example_external_task_marker_dag.py
[2025-06-03T18:00:38.171+0000] {processor.py:840} INFO - DAG(s) 'example_external_task_marker_parent', 'example_external_task_marker_child' retrieved from /home/airflow/.local/lib/python3.8/site-packages/airflow/example_dags/example_external_task_marker_dag.py
[2025-06-03T18:00:38.194+0000] {logging_mixin.py:188} INFO - [2025-06-03T18:00:38.194+0000] {dag.py:3036} INFO - Sync 2 DAGs
[2025-06-03T18:00:38.205+0000] {logging_mixin.py:188} INFO - [2025-06-03T18:00:38.204+0000] {dag.py:3823} INFO - Setting next_dagrun for example_external_task_marker_child to None, run_after=None
[2025-06-03T18:00:38.207+0000] {logging_mixin.py:188} INFO - [2025-06-03T18:00:38.207+0000] {dag.py:3823} INFO - Setting next_dagrun for example_external_task_marker_parent to None, run_after=None
[2025-06-03T18:00:38.218+0000] {processor.py:183} INFO - Processing /home/airflow/.local/lib/python3.8/site-packages/airflow/example_dags/example_external_task_marker_dag.py took 0.060 seconds
[2025-06-03T18:01:08.269+0000] {processor.py:161} INFO - Started process (PID=634) to work on /home/airflow/.local/lib/python3.8/site-packages/airflow/example_dags/example_external_task_marker_dag.py
[2025-06-03T18:01:08.270+0000] {processor.py:830} INFO - Processing file /home/airflow/.local/lib/python3.8/site-packages/airflow/example_dags/example_external_task_marker_dag.py for tasks to queue
[2025-06-03T18:01:08.273+0000] {logging_mixin.py:188} INFO - [2025-06-03T18:01:08.272+0000] {dagbag.py:538} INFO - Filling up the DagBag from /home/airflow/.local/lib/python3.8/site-packages/airflow/example_dags/example_external_task_marker_dag.py
[2025-06-03T18:01:08.279+0000] {processor.py:840} INFO - DAG(s) 'example_external_task_marker_child', 'example_external_task_marker_parent' retrieved from /home/airflow/.local/lib/python3.8/site-packages/airflow/example_dags/example_external_task_marker_dag.py
[2025-06-03T18:01:08.296+0000] {logging_mixin.py:188} INFO - [2025-06-03T18:01:08.296+0000] {dag.py:3036} INFO - Sync 2 DAGs
[2025-06-03T18:01:08.306+0000] {logging_mixin.py:188} INFO - [2025-06-03T18:01:08.306+0000] {dag.py:3823} INFO - Setting next_dagrun for example_external_task_marker_child to None, run_after=None
[2025-06-03T18:01:08.308+0000] {logging_mixin.py:188} INFO - [2025-06-03T18:01:08.308+0000] {dag.py:3823} INFO - Setting next_dagrun for example_external_task_marker_parent to None, run_after=None
[2025-06-03T18:01:08.316+0000] {processor.py:183} INFO - Processing /home/airflow/.local/lib/python3.8/site-packages/airflow/example_dags/example_external_task_marker_dag.py took 0.053 seconds
