[2025-06-03T17:55:59.667+0000] {processor.py:161} INFO - Started process (PID=71) to work on /home/airflow/.local/lib/python3.8/site-packages/airflow/example_dags/example_xcomargs.py
[2025-06-03T17:55:59.675+0000] {processor.py:830} INFO - Processing file /home/airflow/.local/lib/python3.8/site-packages/airflow/example_dags/example_xcomargs.py for tasks to queue
[2025-06-03T17:55:59.683+0000] {logging_mixin.py:188} INFO - [2025-06-03T17:55:59.683+0000] {dagbag.py:538} INFO - Filling up the DagBag from /home/airflow/.local/lib/python3.8/site-packages/airflow/example_dags/example_xcomargs.py
[2025-06-03T17:55:59.730+0000] {processor.py:840} INFO - DAG(s) 'example_xcom_args', 'example_xcom_args_with_operators' retrieved from /home/airflow/.local/lib/python3.8/site-packages/airflow/example_dags/example_xcomargs.py
[2025-06-03T17:55:59.812+0000] {logging_mixin.py:188} INFO - [2025-06-03T17:55:59.805+0000] {dag.py:3036} INFO - Sync 2 DAGs
[2025-06-03T17:55:59.904+0000] {logging_mixin.py:188} INFO - [2025-06-03T17:55:59.904+0000] {dag.py:3823} INFO - Setting next_dagrun for example_xcom_args to None, run_after=None
[2025-06-03T17:55:59.915+0000] {logging_mixin.py:188} INFO - [2025-06-03T17:55:59.914+0000] {dag.py:3823} INFO - Setting next_dagrun for example_xcom_args_with_operators to None, run_after=None
[2025-06-03T17:55:59.955+0000] {processor.py:183} INFO - Processing /home/airflow/.local/lib/python3.8/site-packages/airflow/example_dags/example_xcomargs.py took 0.304 seconds
[2025-06-03T17:56:31.706+0000] {processor.py:161} INFO - Started process (PID=126) to work on /home/airflow/.local/lib/python3.8/site-packages/airflow/example_dags/example_xcomargs.py
[2025-06-03T17:56:31.709+0000] {processor.py:830} INFO - Processing file /home/airflow/.local/lib/python3.8/site-packages/airflow/example_dags/example_xcomargs.py for tasks to queue
[2025-06-03T17:56:31.710+0000] {logging_mixin.py:188} INFO - [2025-06-03T17:56:31.710+0000] {dagbag.py:538} INFO - Filling up the DagBag from /home/airflow/.local/lib/python3.8/site-packages/airflow/example_dags/example_xcomargs.py
[2025-06-03T17:56:31.716+0000] {processor.py:840} INFO - DAG(s) 'example_xcom_args_with_operators', 'example_xcom_args' retrieved from /home/airflow/.local/lib/python3.8/site-packages/airflow/example_dags/example_xcomargs.py
[2025-06-03T17:56:31.803+0000] {logging_mixin.py:188} INFO - [2025-06-03T17:56:31.802+0000] {dag.py:3036} INFO - Sync 2 DAGs
[2025-06-03T17:56:31.819+0000] {logging_mixin.py:188} INFO - [2025-06-03T17:56:31.819+0000] {dag.py:3823} INFO - Setting next_dagrun for example_xcom_args to None, run_after=None
[2025-06-03T17:56:31.822+0000] {logging_mixin.py:188} INFO - [2025-06-03T17:56:31.822+0000] {dag.py:3823} INFO - Setting next_dagrun for example_xcom_args_with_operators to None, run_after=None
[2025-06-03T17:56:31.841+0000] {processor.py:183} INFO - Processing /home/airflow/.local/lib/python3.8/site-packages/airflow/example_dags/example_xcomargs.py took 0.137 seconds
[2025-06-03T17:57:02.229+0000] {processor.py:161} INFO - Started process (PID=181) to work on /home/airflow/.local/lib/python3.8/site-packages/airflow/example_dags/example_xcomargs.py
[2025-06-03T17:57:02.230+0000] {processor.py:830} INFO - Processing file /home/airflow/.local/lib/python3.8/site-packages/airflow/example_dags/example_xcomargs.py for tasks to queue
[2025-06-03T17:57:02.231+0000] {logging_mixin.py:188} INFO - [2025-06-03T17:57:02.231+0000] {dagbag.py:538} INFO - Filling up the DagBag from /home/airflow/.local/lib/python3.8/site-packages/airflow/example_dags/example_xcomargs.py
[2025-06-03T17:57:02.236+0000] {processor.py:840} INFO - DAG(s) 'example_xcom_args', 'example_xcom_args_with_operators' retrieved from /home/airflow/.local/lib/python3.8/site-packages/airflow/example_dags/example_xcomargs.py
[2025-06-03T17:57:02.258+0000] {logging_mixin.py:188} INFO - [2025-06-03T17:57:02.258+0000] {dag.py:3036} INFO - Sync 2 DAGs
[2025-06-03T17:57:02.265+0000] {logging_mixin.py:188} INFO - [2025-06-03T17:57:02.265+0000] {dag.py:3823} INFO - Setting next_dagrun for example_xcom_args to None, run_after=None
[2025-06-03T17:57:02.267+0000] {logging_mixin.py:188} INFO - [2025-06-03T17:57:02.267+0000] {dag.py:3823} INFO - Setting next_dagrun for example_xcom_args_with_operators to None, run_after=None
[2025-06-03T17:57:02.286+0000] {processor.py:183} INFO - Processing /home/airflow/.local/lib/python3.8/site-packages/airflow/example_dags/example_xcomargs.py took 0.059 seconds
[2025-06-03T17:57:33.205+0000] {processor.py:161} INFO - Started process (PID=236) to work on /home/airflow/.local/lib/python3.8/site-packages/airflow/example_dags/example_xcomargs.py
[2025-06-03T17:57:33.205+0000] {processor.py:830} INFO - Processing file /home/airflow/.local/lib/python3.8/site-packages/airflow/example_dags/example_xcomargs.py for tasks to queue
[2025-06-03T17:57:33.206+0000] {logging_mixin.py:188} INFO - [2025-06-03T17:57:33.206+0000] {dagbag.py:538} INFO - Filling up the DagBag from /home/airflow/.local/lib/python3.8/site-packages/airflow/example_dags/example_xcomargs.py
[2025-06-03T17:57:33.210+0000] {processor.py:840} INFO - DAG(s) 'example_xcom_args_with_operators', 'example_xcom_args' retrieved from /home/airflow/.local/lib/python3.8/site-packages/airflow/example_dags/example_xcomargs.py
[2025-06-03T17:57:33.229+0000] {logging_mixin.py:188} INFO - [2025-06-03T17:57:33.229+0000] {dag.py:3036} INFO - Sync 2 DAGs
[2025-06-03T17:57:33.236+0000] {logging_mixin.py:188} INFO - [2025-06-03T17:57:33.236+0000] {dag.py:3823} INFO - Setting next_dagrun for example_xcom_args to None, run_after=None
[2025-06-03T17:57:33.238+0000] {logging_mixin.py:188} INFO - [2025-06-03T17:57:33.237+0000] {dag.py:3823} INFO - Setting next_dagrun for example_xcom_args_with_operators to None, run_after=None
[2025-06-03T17:57:33.246+0000] {processor.py:183} INFO - Processing /home/airflow/.local/lib/python3.8/site-packages/airflow/example_dags/example_xcomargs.py took 0.044 seconds
[2025-06-03T17:58:03.519+0000] {processor.py:161} INFO - Started process (PID=291) to work on /home/airflow/.local/lib/python3.8/site-packages/airflow/example_dags/example_xcomargs.py
[2025-06-03T17:58:03.520+0000] {processor.py:830} INFO - Processing file /home/airflow/.local/lib/python3.8/site-packages/airflow/example_dags/example_xcomargs.py for tasks to queue
[2025-06-03T17:58:03.521+0000] {logging_mixin.py:188} INFO - [2025-06-03T17:58:03.521+0000] {dagbag.py:538} INFO - Filling up the DagBag from /home/airflow/.local/lib/python3.8/site-packages/airflow/example_dags/example_xcomargs.py
[2025-06-03T17:58:03.525+0000] {processor.py:840} INFO - DAG(s) 'example_xcom_args_with_operators', 'example_xcom_args' retrieved from /home/airflow/.local/lib/python3.8/site-packages/airflow/example_dags/example_xcomargs.py
[2025-06-03T17:58:03.545+0000] {logging_mixin.py:188} INFO - [2025-06-03T17:58:03.545+0000] {dag.py:3036} INFO - Sync 2 DAGs
[2025-06-03T17:58:03.553+0000] {logging_mixin.py:188} INFO - [2025-06-03T17:58:03.553+0000] {dag.py:3823} INFO - Setting next_dagrun for example_xcom_args to None, run_after=None
[2025-06-03T17:58:03.555+0000] {logging_mixin.py:188} INFO - [2025-06-03T17:58:03.555+0000] {dag.py:3823} INFO - Setting next_dagrun for example_xcom_args_with_operators to None, run_after=None
[2025-06-03T17:58:03.561+0000] {processor.py:183} INFO - Processing /home/airflow/.local/lib/python3.8/site-packages/airflow/example_dags/example_xcomargs.py took 0.044 seconds
[2025-06-03T17:58:34.323+0000] {processor.py:161} INFO - Started process (PID=346) to work on /home/airflow/.local/lib/python3.8/site-packages/airflow/example_dags/example_xcomargs.py
[2025-06-03T17:58:34.325+0000] {processor.py:830} INFO - Processing file /home/airflow/.local/lib/python3.8/site-packages/airflow/example_dags/example_xcomargs.py for tasks to queue
[2025-06-03T17:58:34.326+0000] {logging_mixin.py:188} INFO - [2025-06-03T17:58:34.326+0000] {dagbag.py:538} INFO - Filling up the DagBag from /home/airflow/.local/lib/python3.8/site-packages/airflow/example_dags/example_xcomargs.py
[2025-06-03T17:58:34.332+0000] {processor.py:840} INFO - DAG(s) 'example_xcom_args', 'example_xcom_args_with_operators' retrieved from /home/airflow/.local/lib/python3.8/site-packages/airflow/example_dags/example_xcomargs.py
[2025-06-03T17:58:34.350+0000] {logging_mixin.py:188} INFO - [2025-06-03T17:58:34.350+0000] {dag.py:3036} INFO - Sync 2 DAGs
[2025-06-03T17:58:34.359+0000] {logging_mixin.py:188} INFO - [2025-06-03T17:58:34.359+0000] {dag.py:3823} INFO - Setting next_dagrun for example_xcom_args to None, run_after=None
[2025-06-03T17:58:34.361+0000] {logging_mixin.py:188} INFO - [2025-06-03T17:58:34.361+0000] {dag.py:3823} INFO - Setting next_dagrun for example_xcom_args_with_operators to None, run_after=None
[2025-06-03T17:58:34.373+0000] {processor.py:183} INFO - Processing /home/airflow/.local/lib/python3.8/site-packages/airflow/example_dags/example_xcomargs.py took 0.053 seconds
[2025-06-03T17:59:04.695+0000] {processor.py:161} INFO - Started process (PID=401) to work on /home/airflow/.local/lib/python3.8/site-packages/airflow/example_dags/example_xcomargs.py
[2025-06-03T17:59:04.700+0000] {processor.py:830} INFO - Processing file /home/airflow/.local/lib/python3.8/site-packages/airflow/example_dags/example_xcomargs.py for tasks to queue
[2025-06-03T17:59:04.702+0000] {logging_mixin.py:188} INFO - [2025-06-03T17:59:04.702+0000] {dagbag.py:538} INFO - Filling up the DagBag from /home/airflow/.local/lib/python3.8/site-packages/airflow/example_dags/example_xcomargs.py
[2025-06-03T17:59:04.706+0000] {processor.py:840} INFO - DAG(s) 'example_xcom_args_with_operators', 'example_xcom_args' retrieved from /home/airflow/.local/lib/python3.8/site-packages/airflow/example_dags/example_xcomargs.py
[2025-06-03T17:59:04.719+0000] {logging_mixin.py:188} INFO - [2025-06-03T17:59:04.719+0000] {dag.py:3036} INFO - Sync 2 DAGs
[2025-06-03T17:59:04.729+0000] {logging_mixin.py:188} INFO - [2025-06-03T17:59:04.729+0000] {dag.py:3823} INFO - Setting next_dagrun for example_xcom_args to None, run_after=None
[2025-06-03T17:59:04.731+0000] {logging_mixin.py:188} INFO - [2025-06-03T17:59:04.731+0000] {dag.py:3823} INFO - Setting next_dagrun for example_xcom_args_with_operators to None, run_after=None
[2025-06-03T17:59:04.756+0000] {processor.py:183} INFO - Processing /home/airflow/.local/lib/python3.8/site-packages/airflow/example_dags/example_xcomargs.py took 0.063 seconds
[2025-06-03T17:59:34.964+0000] {processor.py:161} INFO - Started process (PID=456) to work on /home/airflow/.local/lib/python3.8/site-packages/airflow/example_dags/example_xcomargs.py
[2025-06-03T17:59:34.965+0000] {processor.py:830} INFO - Processing file /home/airflow/.local/lib/python3.8/site-packages/airflow/example_dags/example_xcomargs.py for tasks to queue
[2025-06-03T17:59:34.966+0000] {logging_mixin.py:188} INFO - [2025-06-03T17:59:34.966+0000] {dagbag.py:538} INFO - Filling up the DagBag from /home/airflow/.local/lib/python3.8/site-packages/airflow/example_dags/example_xcomargs.py
[2025-06-03T17:59:34.973+0000] {processor.py:840} INFO - DAG(s) 'example_xcom_args_with_operators', 'example_xcom_args' retrieved from /home/airflow/.local/lib/python3.8/site-packages/airflow/example_dags/example_xcomargs.py
[2025-06-03T17:59:34.989+0000] {logging_mixin.py:188} INFO - [2025-06-03T17:59:34.989+0000] {dag.py:3036} INFO - Sync 2 DAGs
[2025-06-03T17:59:34.998+0000] {logging_mixin.py:188} INFO - [2025-06-03T17:59:34.998+0000] {dag.py:3823} INFO - Setting next_dagrun for example_xcom_args to None, run_after=None
[2025-06-03T17:59:35.000+0000] {logging_mixin.py:188} INFO - [2025-06-03T17:59:35.000+0000] {dag.py:3823} INFO - Setting next_dagrun for example_xcom_args_with_operators to None, run_after=None
[2025-06-03T17:59:35.011+0000] {processor.py:183} INFO - Processing /home/airflow/.local/lib/python3.8/site-packages/airflow/example_dags/example_xcomargs.py took 0.049 seconds
[2025-06-03T18:00:05.503+0000] {processor.py:161} INFO - Started process (PID=511) to work on /home/airflow/.local/lib/python3.8/site-packages/airflow/example_dags/example_xcomargs.py
[2025-06-03T18:00:05.504+0000] {processor.py:830} INFO - Processing file /home/airflow/.local/lib/python3.8/site-packages/airflow/example_dags/example_xcomargs.py for tasks to queue
[2025-06-03T18:00:05.505+0000] {logging_mixin.py:188} INFO - [2025-06-03T18:00:05.505+0000] {dagbag.py:538} INFO - Filling up the DagBag from /home/airflow/.local/lib/python3.8/site-packages/airflow/example_dags/example_xcomargs.py
[2025-06-03T18:00:05.510+0000] {processor.py:840} INFO - DAG(s) 'example_xcom_args_with_operators', 'example_xcom_args' retrieved from /home/airflow/.local/lib/python3.8/site-packages/airflow/example_dags/example_xcomargs.py
[2025-06-03T18:00:05.526+0000] {logging_mixin.py:188} INFO - [2025-06-03T18:00:05.525+0000] {dag.py:3036} INFO - Sync 2 DAGs
[2025-06-03T18:00:05.532+0000] {logging_mixin.py:188} INFO - [2025-06-03T18:00:05.532+0000] {dag.py:3823} INFO - Setting next_dagrun for example_xcom_args to None, run_after=None
[2025-06-03T18:00:05.534+0000] {logging_mixin.py:188} INFO - [2025-06-03T18:00:05.534+0000] {dag.py:3823} INFO - Setting next_dagrun for example_xcom_args_with_operators to None, run_after=None
[2025-06-03T18:00:05.541+0000] {processor.py:183} INFO - Processing /home/airflow/.local/lib/python3.8/site-packages/airflow/example_dags/example_xcomargs.py took 0.040 seconds
[2025-06-03T18:00:35.671+0000] {processor.py:161} INFO - Started process (PID=566) to work on /home/airflow/.local/lib/python3.8/site-packages/airflow/example_dags/example_xcomargs.py
[2025-06-03T18:00:35.673+0000] {processor.py:830} INFO - Processing file /home/airflow/.local/lib/python3.8/site-packages/airflow/example_dags/example_xcomargs.py for tasks to queue
[2025-06-03T18:00:35.674+0000] {logging_mixin.py:188} INFO - [2025-06-03T18:00:35.674+0000] {dagbag.py:538} INFO - Filling up the DagBag from /home/airflow/.local/lib/python3.8/site-packages/airflow/example_dags/example_xcomargs.py
[2025-06-03T18:00:35.678+0000] {processor.py:840} INFO - DAG(s) 'example_xcom_args_with_operators', 'example_xcom_args' retrieved from /home/airflow/.local/lib/python3.8/site-packages/airflow/example_dags/example_xcomargs.py
[2025-06-03T18:00:35.702+0000] {logging_mixin.py:188} INFO - [2025-06-03T18:00:35.702+0000] {dag.py:3036} INFO - Sync 2 DAGs
[2025-06-03T18:00:35.711+0000] {logging_mixin.py:188} INFO - [2025-06-03T18:00:35.711+0000] {dag.py:3823} INFO - Setting next_dagrun for example_xcom_args to None, run_after=None
[2025-06-03T18:00:35.713+0000] {logging_mixin.py:188} INFO - [2025-06-03T18:00:35.712+0000] {dag.py:3823} INFO - Setting next_dagrun for example_xcom_args_with_operators to None, run_after=None
[2025-06-03T18:00:35.720+0000] {processor.py:183} INFO - Processing /home/airflow/.local/lib/python3.8/site-packages/airflow/example_dags/example_xcomargs.py took 0.051 seconds
[2025-06-03T18:01:05.913+0000] {processor.py:161} INFO - Started process (PID=621) to work on /home/airflow/.local/lib/python3.8/site-packages/airflow/example_dags/example_xcomargs.py
[2025-06-03T18:01:05.914+0000] {processor.py:830} INFO - Processing file /home/airflow/.local/lib/python3.8/site-packages/airflow/example_dags/example_xcomargs.py for tasks to queue
[2025-06-03T18:01:05.915+0000] {logging_mixin.py:188} INFO - [2025-06-03T18:01:05.915+0000] {dagbag.py:538} INFO - Filling up the DagBag from /home/airflow/.local/lib/python3.8/site-packages/airflow/example_dags/example_xcomargs.py
[2025-06-03T18:01:05.919+0000] {processor.py:840} INFO - DAG(s) 'example_xcom_args_with_operators', 'example_xcom_args' retrieved from /home/airflow/.local/lib/python3.8/site-packages/airflow/example_dags/example_xcomargs.py
[2025-06-03T18:01:05.929+0000] {logging_mixin.py:188} INFO - [2025-06-03T18:01:05.929+0000] {dag.py:3036} INFO - Sync 2 DAGs
[2025-06-03T18:01:05.936+0000] {logging_mixin.py:188} INFO - [2025-06-03T18:01:05.935+0000] {dag.py:3823} INFO - Setting next_dagrun for example_xcom_args to None, run_after=None
[2025-06-03T18:01:05.937+0000] {logging_mixin.py:188} INFO - [2025-06-03T18:01:05.937+0000] {dag.py:3823} INFO - Setting next_dagrun for example_xcom_args_with_operators to None, run_after=None
[2025-06-03T18:01:05.945+0000] {processor.py:183} INFO - Processing /home/airflow/.local/lib/python3.8/site-packages/airflow/example_dags/example_xcomargs.py took 0.033 seconds
