[2025-06-03T17:55:57.734+0000] {processor.py:161} INFO - Started process (PID=58) to work on /home/airflow/.local/lib/python3.8/site-packages/airflow/example_dags/example_bash_operator.py
[2025-06-03T17:55:57.735+0000] {processor.py:830} INFO - Processing file /home/airflow/.local/lib/python3.8/site-packages/airflow/example_dags/example_bash_operator.py for tasks to queue
[2025-06-03T17:55:57.737+0000] {logging_mixin.py:188} INFO - [2025-06-03T17:55:57.736+0000] {dagbag.py:538} INFO - Filling up the DagBag from /home/airflow/.local/lib/python3.8/site-packages/airflow/example_dags/example_bash_operator.py
[2025-06-03T17:55:57.757+0000] {processor.py:840} INFO - DAG(s) 'example_bash_operator' retrieved from /home/airflow/.local/lib/python3.8/site-packages/airflow/example_dags/example_bash_operator.py
[2025-06-03T17:55:57.783+0000] {logging_mixin.py:188} INFO - [2025-06-03T17:55:57.782+0000] {dag.py:3036} INFO - Sync 1 DAGs
[2025-06-03T17:55:57.847+0000] {logging_mixin.py:188} INFO - [2025-06-03T17:55:57.847+0000] {dag.py:3823} INFO - Setting next_dagrun for example_bash_operator to 2025-06-02 00:00:00+00:00, run_after=2025-06-03 00:00:00+00:00
[2025-06-03T17:55:57.912+0000] {processor.py:183} INFO - Processing /home/airflow/.local/lib/python3.8/site-packages/airflow/example_dags/example_bash_operator.py took 0.181 seconds
[2025-06-03T17:56:27.946+0000] {processor.py:161} INFO - Started process (PID=113) to work on /home/airflow/.local/lib/python3.8/site-packages/airflow/example_dags/example_bash_operator.py
[2025-06-03T17:56:27.946+0000] {processor.py:830} INFO - Processing file /home/airflow/.local/lib/python3.8/site-packages/airflow/example_dags/example_bash_operator.py for tasks to queue
[2025-06-03T17:56:27.947+0000] {logging_mixin.py:188} INFO - [2025-06-03T17:56:27.947+0000] {dagbag.py:538} INFO - Filling up the DagBag from /home/airflow/.local/lib/python3.8/site-packages/airflow/example_dags/example_bash_operator.py
[2025-06-03T17:56:27.955+0000] {processor.py:840} INFO - DAG(s) 'example_bash_operator' retrieved from /home/airflow/.local/lib/python3.8/site-packages/airflow/example_dags/example_bash_operator.py
[2025-06-03T17:56:28.005+0000] {logging_mixin.py:188} INFO - [2025-06-03T17:56:28.004+0000] {dag.py:3036} INFO - Sync 1 DAGs
[2025-06-03T17:56:28.014+0000] {logging_mixin.py:188} INFO - [2025-06-03T17:56:28.014+0000] {dag.py:3823} INFO - Setting next_dagrun for example_bash_operator to 2025-06-02 00:00:00+00:00, run_after=2025-06-03 00:00:00+00:00
[2025-06-03T17:56:28.024+0000] {processor.py:183} INFO - Processing /home/airflow/.local/lib/python3.8/site-packages/airflow/example_dags/example_bash_operator.py took 0.080 seconds
[2025-06-03T17:56:58.214+0000] {processor.py:161} INFO - Started process (PID=168) to work on /home/airflow/.local/lib/python3.8/site-packages/airflow/example_dags/example_bash_operator.py
[2025-06-03T17:56:58.218+0000] {processor.py:830} INFO - Processing file /home/airflow/.local/lib/python3.8/site-packages/airflow/example_dags/example_bash_operator.py for tasks to queue
[2025-06-03T17:56:58.220+0000] {logging_mixin.py:188} INFO - [2025-06-03T17:56:58.220+0000] {dagbag.py:538} INFO - Filling up the DagBag from /home/airflow/.local/lib/python3.8/site-packages/airflow/example_dags/example_bash_operator.py
[2025-06-03T17:56:58.241+0000] {processor.py:840} INFO - DAG(s) 'example_bash_operator' retrieved from /home/airflow/.local/lib/python3.8/site-packages/airflow/example_dags/example_bash_operator.py
[2025-06-03T17:56:58.348+0000] {logging_mixin.py:188} INFO - [2025-06-03T17:56:58.348+0000] {dag.py:3036} INFO - Sync 1 DAGs
[2025-06-03T17:56:58.394+0000] {logging_mixin.py:188} INFO - [2025-06-03T17:56:58.394+0000] {dag.py:3823} INFO - Setting next_dagrun for example_bash_operator to 2025-06-02 00:00:00+00:00, run_after=2025-06-03 00:00:00+00:00
[2025-06-03T17:56:58.426+0000] {processor.py:183} INFO - Processing /home/airflow/.local/lib/python3.8/site-packages/airflow/example_dags/example_bash_operator.py took 0.223 seconds
[2025-06-03T17:57:28.710+0000] {processor.py:161} INFO - Started process (PID=223) to work on /home/airflow/.local/lib/python3.8/site-packages/airflow/example_dags/example_bash_operator.py
[2025-06-03T17:57:28.711+0000] {processor.py:830} INFO - Processing file /home/airflow/.local/lib/python3.8/site-packages/airflow/example_dags/example_bash_operator.py for tasks to queue
[2025-06-03T17:57:28.712+0000] {logging_mixin.py:188} INFO - [2025-06-03T17:57:28.712+0000] {dagbag.py:538} INFO - Filling up the DagBag from /home/airflow/.local/lib/python3.8/site-packages/airflow/example_dags/example_bash_operator.py
[2025-06-03T17:57:28.718+0000] {processor.py:840} INFO - DAG(s) 'example_bash_operator' retrieved from /home/airflow/.local/lib/python3.8/site-packages/airflow/example_dags/example_bash_operator.py
[2025-06-03T17:57:28.734+0000] {logging_mixin.py:188} INFO - [2025-06-03T17:57:28.734+0000] {dag.py:3036} INFO - Sync 1 DAGs
[2025-06-03T17:57:28.747+0000] {logging_mixin.py:188} INFO - [2025-06-03T17:57:28.747+0000] {dag.py:3823} INFO - Setting next_dagrun for example_bash_operator to 2025-06-02 00:00:00+00:00, run_after=2025-06-03 00:00:00+00:00
[2025-06-03T17:57:28.759+0000] {processor.py:183} INFO - Processing /home/airflow/.local/lib/python3.8/site-packages/airflow/example_dags/example_bash_operator.py took 0.050 seconds
[2025-06-03T17:57:59.042+0000] {processor.py:161} INFO - Started process (PID=278) to work on /home/airflow/.local/lib/python3.8/site-packages/airflow/example_dags/example_bash_operator.py
[2025-06-03T17:57:59.044+0000] {processor.py:830} INFO - Processing file /home/airflow/.local/lib/python3.8/site-packages/airflow/example_dags/example_bash_operator.py for tasks to queue
[2025-06-03T17:57:59.047+0000] {logging_mixin.py:188} INFO - [2025-06-03T17:57:59.047+0000] {dagbag.py:538} INFO - Filling up the DagBag from /home/airflow/.local/lib/python3.8/site-packages/airflow/example_dags/example_bash_operator.py
[2025-06-03T17:57:59.055+0000] {processor.py:840} INFO - DAG(s) 'example_bash_operator' retrieved from /home/airflow/.local/lib/python3.8/site-packages/airflow/example_dags/example_bash_operator.py
[2025-06-03T17:57:59.071+0000] {logging_mixin.py:188} INFO - [2025-06-03T17:57:59.071+0000] {dag.py:3036} INFO - Sync 1 DAGs
[2025-06-03T17:57:59.083+0000] {logging_mixin.py:188} INFO - [2025-06-03T17:57:59.083+0000] {dag.py:3823} INFO - Setting next_dagrun for example_bash_operator to 2025-06-02 00:00:00+00:00, run_after=2025-06-03 00:00:00+00:00
[2025-06-03T17:57:59.094+0000] {processor.py:183} INFO - Processing /home/airflow/.local/lib/python3.8/site-packages/airflow/example_dags/example_bash_operator.py took 0.054 seconds
[2025-06-03T17:58:29.764+0000] {processor.py:161} INFO - Started process (PID=333) to work on /home/airflow/.local/lib/python3.8/site-packages/airflow/example_dags/example_bash_operator.py
[2025-06-03T17:58:29.767+0000] {processor.py:830} INFO - Processing file /home/airflow/.local/lib/python3.8/site-packages/airflow/example_dags/example_bash_operator.py for tasks to queue
[2025-06-03T17:58:29.768+0000] {logging_mixin.py:188} INFO - [2025-06-03T17:58:29.768+0000] {dagbag.py:538} INFO - Filling up the DagBag from /home/airflow/.local/lib/python3.8/site-packages/airflow/example_dags/example_bash_operator.py
[2025-06-03T17:58:29.776+0000] {processor.py:840} INFO - DAG(s) 'example_bash_operator' retrieved from /home/airflow/.local/lib/python3.8/site-packages/airflow/example_dags/example_bash_operator.py
[2025-06-03T17:58:29.810+0000] {logging_mixin.py:188} INFO - [2025-06-03T17:58:29.810+0000] {dag.py:3036} INFO - Sync 1 DAGs
[2025-06-03T17:58:29.824+0000] {logging_mixin.py:188} INFO - [2025-06-03T17:58:29.824+0000] {dag.py:3823} INFO - Setting next_dagrun for example_bash_operator to 2025-06-02 00:00:00+00:00, run_after=2025-06-03 00:00:00+00:00
[2025-06-03T17:58:29.835+0000] {processor.py:183} INFO - Processing /home/airflow/.local/lib/python3.8/site-packages/airflow/example_dags/example_bash_operator.py took 0.074 seconds
[2025-06-03T17:59:00.131+0000] {processor.py:161} INFO - Started process (PID=388) to work on /home/airflow/.local/lib/python3.8/site-packages/airflow/example_dags/example_bash_operator.py
[2025-06-03T17:59:00.135+0000] {processor.py:830} INFO - Processing file /home/airflow/.local/lib/python3.8/site-packages/airflow/example_dags/example_bash_operator.py for tasks to queue
[2025-06-03T17:59:00.136+0000] {logging_mixin.py:188} INFO - [2025-06-03T17:59:00.136+0000] {dagbag.py:538} INFO - Filling up the DagBag from /home/airflow/.local/lib/python3.8/site-packages/airflow/example_dags/example_bash_operator.py
[2025-06-03T17:59:00.141+0000] {processor.py:840} INFO - DAG(s) 'example_bash_operator' retrieved from /home/airflow/.local/lib/python3.8/site-packages/airflow/example_dags/example_bash_operator.py
[2025-06-03T17:59:00.159+0000] {logging_mixin.py:188} INFO - [2025-06-03T17:59:00.159+0000] {dag.py:3036} INFO - Sync 1 DAGs
[2025-06-03T17:59:00.172+0000] {logging_mixin.py:188} INFO - [2025-06-03T17:59:00.171+0000] {dag.py:3823} INFO - Setting next_dagrun for example_bash_operator to 2025-06-02 00:00:00+00:00, run_after=2025-06-03 00:00:00+00:00
[2025-06-03T17:59:00.182+0000] {processor.py:183} INFO - Processing /home/airflow/.local/lib/python3.8/site-packages/airflow/example_dags/example_bash_operator.py took 0.052 seconds
[2025-06-03T17:59:30.461+0000] {processor.py:161} INFO - Started process (PID=443) to work on /home/airflow/.local/lib/python3.8/site-packages/airflow/example_dags/example_bash_operator.py
[2025-06-03T17:59:30.462+0000] {processor.py:830} INFO - Processing file /home/airflow/.local/lib/python3.8/site-packages/airflow/example_dags/example_bash_operator.py for tasks to queue
[2025-06-03T17:59:30.464+0000] {logging_mixin.py:188} INFO - [2025-06-03T17:59:30.464+0000] {dagbag.py:538} INFO - Filling up the DagBag from /home/airflow/.local/lib/python3.8/site-packages/airflow/example_dags/example_bash_operator.py
[2025-06-03T17:59:30.481+0000] {processor.py:840} INFO - DAG(s) 'example_bash_operator' retrieved from /home/airflow/.local/lib/python3.8/site-packages/airflow/example_dags/example_bash_operator.py
[2025-06-03T17:59:30.503+0000] {logging_mixin.py:188} INFO - [2025-06-03T17:59:30.502+0000] {dag.py:3036} INFO - Sync 1 DAGs
[2025-06-03T17:59:30.524+0000] {logging_mixin.py:188} INFO - [2025-06-03T17:59:30.524+0000] {dag.py:3823} INFO - Setting next_dagrun for example_bash_operator to 2025-06-02 00:00:00+00:00, run_after=2025-06-03 00:00:00+00:00
[2025-06-03T17:59:30.543+0000] {processor.py:183} INFO - Processing /home/airflow/.local/lib/python3.8/site-packages/airflow/example_dags/example_bash_operator.py took 0.084 seconds
[2025-06-03T18:00:00.942+0000] {processor.py:161} INFO - Started process (PID=498) to work on /home/airflow/.local/lib/python3.8/site-packages/airflow/example_dags/example_bash_operator.py
[2025-06-03T18:00:00.943+0000] {processor.py:830} INFO - Processing file /home/airflow/.local/lib/python3.8/site-packages/airflow/example_dags/example_bash_operator.py for tasks to queue
[2025-06-03T18:00:00.944+0000] {logging_mixin.py:188} INFO - [2025-06-03T18:00:00.944+0000] {dagbag.py:538} INFO - Filling up the DagBag from /home/airflow/.local/lib/python3.8/site-packages/airflow/example_dags/example_bash_operator.py
[2025-06-03T18:00:00.950+0000] {processor.py:840} INFO - DAG(s) 'example_bash_operator' retrieved from /home/airflow/.local/lib/python3.8/site-packages/airflow/example_dags/example_bash_operator.py
[2025-06-03T18:00:00.974+0000] {logging_mixin.py:188} INFO - [2025-06-03T18:00:00.974+0000] {dag.py:3036} INFO - Sync 1 DAGs
[2025-06-03T18:00:00.988+0000] {logging_mixin.py:188} INFO - [2025-06-03T18:00:00.988+0000] {dag.py:3823} INFO - Setting next_dagrun for example_bash_operator to 2025-06-02 00:00:00+00:00, run_after=2025-06-03 00:00:00+00:00
[2025-06-03T18:00:01.001+0000] {processor.py:183} INFO - Processing /home/airflow/.local/lib/python3.8/site-packages/airflow/example_dags/example_bash_operator.py took 0.061 seconds
[2025-06-03T18:00:31.159+0000] {processor.py:161} INFO - Started process (PID=553) to work on /home/airflow/.local/lib/python3.8/site-packages/airflow/example_dags/example_bash_operator.py
[2025-06-03T18:00:31.160+0000] {processor.py:830} INFO - Processing file /home/airflow/.local/lib/python3.8/site-packages/airflow/example_dags/example_bash_operator.py for tasks to queue
[2025-06-03T18:00:31.162+0000] {logging_mixin.py:188} INFO - [2025-06-03T18:00:31.162+0000] {dagbag.py:538} INFO - Filling up the DagBag from /home/airflow/.local/lib/python3.8/site-packages/airflow/example_dags/example_bash_operator.py
[2025-06-03T18:00:31.168+0000] {processor.py:840} INFO - DAG(s) 'example_bash_operator' retrieved from /home/airflow/.local/lib/python3.8/site-packages/airflow/example_dags/example_bash_operator.py
[2025-06-03T18:00:31.182+0000] {logging_mixin.py:188} INFO - [2025-06-03T18:00:31.182+0000] {dag.py:3036} INFO - Sync 1 DAGs
[2025-06-03T18:00:31.200+0000] {logging_mixin.py:188} INFO - [2025-06-03T18:00:31.200+0000] {dag.py:3823} INFO - Setting next_dagrun for example_bash_operator to 2025-06-02 00:00:00+00:00, run_after=2025-06-03 00:00:00+00:00
[2025-06-03T18:00:31.217+0000] {processor.py:183} INFO - Processing /home/airflow/.local/lib/python3.8/site-packages/airflow/example_dags/example_bash_operator.py took 0.059 seconds
[2025-06-03T18:01:01.515+0000] {processor.py:161} INFO - Started process (PID=608) to work on /home/airflow/.local/lib/python3.8/site-packages/airflow/example_dags/example_bash_operator.py
[2025-06-03T18:01:01.516+0000] {processor.py:830} INFO - Processing file /home/airflow/.local/lib/python3.8/site-packages/airflow/example_dags/example_bash_operator.py for tasks to queue
[2025-06-03T18:01:01.517+0000] {logging_mixin.py:188} INFO - [2025-06-03T18:01:01.517+0000] {dagbag.py:538} INFO - Filling up the DagBag from /home/airflow/.local/lib/python3.8/site-packages/airflow/example_dags/example_bash_operator.py
[2025-06-03T18:01:01.525+0000] {processor.py:840} INFO - DAG(s) 'example_bash_operator' retrieved from /home/airflow/.local/lib/python3.8/site-packages/airflow/example_dags/example_bash_operator.py
[2025-06-03T18:01:01.536+0000] {logging_mixin.py:188} INFO - [2025-06-03T18:01:01.536+0000] {dag.py:3036} INFO - Sync 1 DAGs
[2025-06-03T18:01:01.545+0000] {logging_mixin.py:188} INFO - [2025-06-03T18:01:01.545+0000] {dag.py:3823} INFO - Setting next_dagrun for example_bash_operator to 2025-06-02 00:00:00+00:00, run_after=2025-06-03 00:00:00+00:00
[2025-06-03T18:01:01.552+0000] {processor.py:183} INFO - Processing /home/airflow/.local/lib/python3.8/site-packages/airflow/example_dags/example_bash_operator.py took 0.039 seconds
