[2025-06-03T17:55:57.954+0000] {processor.py:161} INFO - Started process (PID=60) to work on /home/airflow/.local/lib/python3.8/site-packages/airflow/example_dags/example_subdag_operator.py
[2025-06-03T17:55:57.956+0000] {processor.py:830} INFO - Processing file /home/airflow/.local/lib/python3.8/site-packages/airflow/example_dags/example_subdag_operator.py for tasks to queue
[2025-06-03T17:55:57.963+0000] {logging_mixin.py:188} INFO - [2025-06-03T17:55:57.962+0000] {dagbag.py:538} INFO - Filling up the DagBag from /home/airflow/.local/lib/python3.8/site-packages/airflow/example_dags/example_subdag_operator.py
[2025-06-03T17:55:58.039+0000] {processor.py:840} INFO - DAG(s) 'example_subdag_operator.section-1', 'example_subdag_operator.section-2', 'example_subdag_operator' retrieved from /home/airflow/.local/lib/python3.8/site-packages/airflow/example_dags/example_subdag_operator.py
[2025-06-03T17:55:58.046+0000] {logging_mixin.py:188} INFO - [2025-06-03T17:55:58.046+0000] {dag.py:3036} INFO - Sync 3 DAGs
[2025-06-03T17:55:58.088+0000] {logging_mixin.py:188} INFO - [2025-06-03T17:55:58.088+0000] {dag.py:3823} INFO - Setting next_dagrun for example_subdag_operator to 2022-01-01 00:00:00+00:00, run_after=2022-01-01 00:00:00+00:00
[2025-06-03T17:55:58.097+0000] {logging_mixin.py:188} INFO - [2025-06-03T17:55:58.096+0000] {dag.py:3823} INFO - Setting next_dagrun for example_subdag_operator.section-1 to None, run_after=None
[2025-06-03T17:55:58.100+0000] {logging_mixin.py:188} INFO - [2025-06-03T17:55:58.099+0000] {dag.py:3823} INFO - Setting next_dagrun for example_subdag_operator.section-2 to None, run_after=None
[2025-06-03T17:55:58.118+0000] {logging_mixin.py:188} INFO - [2025-06-03T17:55:58.116+0000] {dag.py:3036} INFO - Sync 2 DAGs
[2025-06-03T17:55:58.141+0000] {logging_mixin.py:188} INFO - [2025-06-03T17:55:58.141+0000] {dag.py:3823} INFO - Setting next_dagrun for example_subdag_operator.section-1 to None, run_after=None
[2025-06-03T17:55:58.142+0000] {logging_mixin.py:188} INFO - [2025-06-03T17:55:58.141+0000] {dag.py:3823} INFO - Setting next_dagrun for example_subdag_operator.section-2 to None, run_after=None
[2025-06-03T17:55:58.167+0000] {processor.py:183} INFO - Processing /home/airflow/.local/lib/python3.8/site-packages/airflow/example_dags/example_subdag_operator.py took 0.218 seconds
[2025-06-03T17:56:29.054+0000] {processor.py:161} INFO - Started process (PID=115) to work on /home/airflow/.local/lib/python3.8/site-packages/airflow/example_dags/example_subdag_operator.py
[2025-06-03T17:56:29.056+0000] {processor.py:830} INFO - Processing file /home/airflow/.local/lib/python3.8/site-packages/airflow/example_dags/example_subdag_operator.py for tasks to queue
[2025-06-03T17:56:29.057+0000] {logging_mixin.py:188} INFO - [2025-06-03T17:56:29.057+0000] {dagbag.py:538} INFO - Filling up the DagBag from /home/airflow/.local/lib/python3.8/site-packages/airflow/example_dags/example_subdag_operator.py
[2025-06-03T17:56:29.085+0000] {processor.py:840} INFO - DAG(s) 'example_subdag_operator.section-1', 'example_subdag_operator.section-2', 'example_subdag_operator' retrieved from /home/airflow/.local/lib/python3.8/site-packages/airflow/example_dags/example_subdag_operator.py
[2025-06-03T17:56:29.210+0000] {logging_mixin.py:188} INFO - [2025-06-03T17:56:29.209+0000] {dag.py:3036} INFO - Sync 3 DAGs
[2025-06-03T17:56:29.224+0000] {logging_mixin.py:188} INFO - [2025-06-03T17:56:29.224+0000] {dag.py:3823} INFO - Setting next_dagrun for example_subdag_operator to 2022-01-01 00:00:00+00:00, run_after=2022-01-01 00:00:00+00:00
[2025-06-03T17:56:29.230+0000] {logging_mixin.py:188} INFO - [2025-06-03T17:56:29.229+0000] {dag.py:3823} INFO - Setting next_dagrun for example_subdag_operator.section-1 to None, run_after=None
[2025-06-03T17:56:29.232+0000] {logging_mixin.py:188} INFO - [2025-06-03T17:56:29.232+0000] {dag.py:3823} INFO - Setting next_dagrun for example_subdag_operator.section-2 to None, run_after=None
[2025-06-03T17:56:29.240+0000] {logging_mixin.py:188} INFO - [2025-06-03T17:56:29.240+0000] {dag.py:3036} INFO - Sync 2 DAGs
[2025-06-03T17:56:29.243+0000] {logging_mixin.py:188} INFO - [2025-06-03T17:56:29.243+0000] {dag.py:3823} INFO - Setting next_dagrun for example_subdag_operator.section-1 to None, run_after=None
[2025-06-03T17:56:29.244+0000] {logging_mixin.py:188} INFO - [2025-06-03T17:56:29.244+0000] {dag.py:3823} INFO - Setting next_dagrun for example_subdag_operator.section-2 to None, run_after=None
[2025-06-03T17:56:29.255+0000] {processor.py:183} INFO - Processing /home/airflow/.local/lib/python3.8/site-packages/airflow/example_dags/example_subdag_operator.py took 0.204 seconds
[2025-06-03T17:56:59.958+0000] {processor.py:161} INFO - Started process (PID=170) to work on /home/airflow/.local/lib/python3.8/site-packages/airflow/example_dags/example_subdag_operator.py
[2025-06-03T17:57:00.003+0000] {processor.py:830} INFO - Processing file /home/airflow/.local/lib/python3.8/site-packages/airflow/example_dags/example_subdag_operator.py for tasks to queue
[2025-06-03T17:57:00.199+0000] {logging_mixin.py:188} INFO - [2025-06-03T17:57:00.166+0000] {dagbag.py:538} INFO - Filling up the DagBag from /home/airflow/.local/lib/python3.8/site-packages/airflow/example_dags/example_subdag_operator.py
[2025-06-03T17:57:00.498+0000] {processor.py:840} INFO - DAG(s) 'example_subdag_operator.section-1', 'example_subdag_operator.section-2', 'example_subdag_operator' retrieved from /home/airflow/.local/lib/python3.8/site-packages/airflow/example_dags/example_subdag_operator.py
[2025-06-03T17:57:00.552+0000] {logging_mixin.py:188} INFO - [2025-06-03T17:57:00.551+0000] {dag.py:3036} INFO - Sync 3 DAGs
[2025-06-03T17:57:00.599+0000] {logging_mixin.py:188} INFO - [2025-06-03T17:57:00.599+0000] {dag.py:3823} INFO - Setting next_dagrun for example_subdag_operator to 2022-01-01 00:00:00+00:00, run_after=2022-01-01 00:00:00+00:00
[2025-06-03T17:57:00.606+0000] {logging_mixin.py:188} INFO - [2025-06-03T17:57:00.606+0000] {dag.py:3823} INFO - Setting next_dagrun for example_subdag_operator.section-1 to None, run_after=None
[2025-06-03T17:57:00.610+0000] {logging_mixin.py:188} INFO - [2025-06-03T17:57:00.610+0000] {dag.py:3823} INFO - Setting next_dagrun for example_subdag_operator.section-2 to None, run_after=None
[2025-06-03T17:57:00.623+0000] {logging_mixin.py:188} INFO - [2025-06-03T17:57:00.623+0000] {dag.py:3036} INFO - Sync 2 DAGs
[2025-06-03T17:57:00.638+0000] {logging_mixin.py:188} INFO - [2025-06-03T17:57:00.637+0000] {dag.py:3823} INFO - Setting next_dagrun for example_subdag_operator.section-1 to None, run_after=None
[2025-06-03T17:57:00.639+0000] {logging_mixin.py:188} INFO - [2025-06-03T17:57:00.639+0000] {dag.py:3823} INFO - Setting next_dagrun for example_subdag_operator.section-2 to None, run_after=None
[2025-06-03T17:57:00.670+0000] {processor.py:183} INFO - Processing /home/airflow/.local/lib/python3.8/site-packages/airflow/example_dags/example_subdag_operator.py took 0.954 seconds
[2025-06-03T17:57:30.792+0000] {processor.py:161} INFO - Started process (PID=225) to work on /home/airflow/.local/lib/python3.8/site-packages/airflow/example_dags/example_subdag_operator.py
[2025-06-03T17:57:30.793+0000] {processor.py:830} INFO - Processing file /home/airflow/.local/lib/python3.8/site-packages/airflow/example_dags/example_subdag_operator.py for tasks to queue
[2025-06-03T17:57:30.795+0000] {logging_mixin.py:188} INFO - [2025-06-03T17:57:30.795+0000] {dagbag.py:538} INFO - Filling up the DagBag from /home/airflow/.local/lib/python3.8/site-packages/airflow/example_dags/example_subdag_operator.py
[2025-06-03T17:57:30.810+0000] {processor.py:840} INFO - DAG(s) 'example_subdag_operator.section-1', 'example_subdag_operator.section-2', 'example_subdag_operator' retrieved from /home/airflow/.local/lib/python3.8/site-packages/airflow/example_dags/example_subdag_operator.py
[2025-06-03T17:57:30.818+0000] {logging_mixin.py:188} INFO - [2025-06-03T17:57:30.818+0000] {dag.py:3036} INFO - Sync 3 DAGs
[2025-06-03T17:57:30.827+0000] {logging_mixin.py:188} INFO - [2025-06-03T17:57:30.827+0000] {dag.py:3823} INFO - Setting next_dagrun for example_subdag_operator to 2022-01-01 00:00:00+00:00, run_after=2022-01-01 00:00:00+00:00
[2025-06-03T17:57:30.829+0000] {logging_mixin.py:188} INFO - [2025-06-03T17:57:30.829+0000] {dag.py:3823} INFO - Setting next_dagrun for example_subdag_operator.section-1 to None, run_after=None
[2025-06-03T17:57:30.829+0000] {logging_mixin.py:188} INFO - [2025-06-03T17:57:30.829+0000] {dag.py:3823} INFO - Setting next_dagrun for example_subdag_operator.section-2 to None, run_after=None
[2025-06-03T17:57:30.832+0000] {logging_mixin.py:188} INFO - [2025-06-03T17:57:30.832+0000] {dag.py:3036} INFO - Sync 2 DAGs
[2025-06-03T17:57:30.834+0000] {logging_mixin.py:188} INFO - [2025-06-03T17:57:30.834+0000] {dag.py:3823} INFO - Setting next_dagrun for example_subdag_operator.section-1 to None, run_after=None
[2025-06-03T17:57:30.834+0000] {logging_mixin.py:188} INFO - [2025-06-03T17:57:30.834+0000] {dag.py:3823} INFO - Setting next_dagrun for example_subdag_operator.section-2 to None, run_after=None
[2025-06-03T17:57:30.839+0000] {processor.py:183} INFO - Processing /home/airflow/.local/lib/python3.8/site-packages/airflow/example_dags/example_subdag_operator.py took 0.050 seconds
[2025-06-03T17:58:01.131+0000] {processor.py:161} INFO - Started process (PID=280) to work on /home/airflow/.local/lib/python3.8/site-packages/airflow/example_dags/example_subdag_operator.py
[2025-06-03T17:58:01.132+0000] {processor.py:830} INFO - Processing file /home/airflow/.local/lib/python3.8/site-packages/airflow/example_dags/example_subdag_operator.py for tasks to queue
[2025-06-03T17:58:01.133+0000] {logging_mixin.py:188} INFO - [2025-06-03T17:58:01.133+0000] {dagbag.py:538} INFO - Filling up the DagBag from /home/airflow/.local/lib/python3.8/site-packages/airflow/example_dags/example_subdag_operator.py
[2025-06-03T17:58:01.161+0000] {processor.py:840} INFO - DAG(s) 'example_subdag_operator.section-1', 'example_subdag_operator.section-2', 'example_subdag_operator' retrieved from /home/airflow/.local/lib/python3.8/site-packages/airflow/example_dags/example_subdag_operator.py
[2025-06-03T17:58:01.172+0000] {logging_mixin.py:188} INFO - [2025-06-03T17:58:01.172+0000] {dag.py:3036} INFO - Sync 3 DAGs
[2025-06-03T17:58:01.191+0000] {logging_mixin.py:188} INFO - [2025-06-03T17:58:01.187+0000] {dag.py:3823} INFO - Setting next_dagrun for example_subdag_operator to 2022-01-01 00:00:00+00:00, run_after=2022-01-01 00:00:00+00:00
[2025-06-03T17:58:01.195+0000] {logging_mixin.py:188} INFO - [2025-06-03T17:58:01.194+0000] {dag.py:3823} INFO - Setting next_dagrun for example_subdag_operator.section-1 to None, run_after=None
[2025-06-03T17:58:01.197+0000] {logging_mixin.py:188} INFO - [2025-06-03T17:58:01.197+0000] {dag.py:3823} INFO - Setting next_dagrun for example_subdag_operator.section-2 to None, run_after=None
[2025-06-03T17:58:01.204+0000] {logging_mixin.py:188} INFO - [2025-06-03T17:58:01.204+0000] {dag.py:3036} INFO - Sync 2 DAGs
[2025-06-03T17:58:01.208+0000] {logging_mixin.py:188} INFO - [2025-06-03T17:58:01.208+0000] {dag.py:3823} INFO - Setting next_dagrun for example_subdag_operator.section-1 to None, run_after=None
[2025-06-03T17:58:01.208+0000] {logging_mixin.py:188} INFO - [2025-06-03T17:58:01.208+0000] {dag.py:3823} INFO - Setting next_dagrun for example_subdag_operator.section-2 to None, run_after=None
[2025-06-03T17:58:01.213+0000] {processor.py:183} INFO - Processing /home/airflow/.local/lib/python3.8/site-packages/airflow/example_dags/example_subdag_operator.py took 0.085 seconds
[2025-06-03T17:58:31.880+0000] {processor.py:161} INFO - Started process (PID=335) to work on /home/airflow/.local/lib/python3.8/site-packages/airflow/example_dags/example_subdag_operator.py
[2025-06-03T17:58:31.883+0000] {processor.py:830} INFO - Processing file /home/airflow/.local/lib/python3.8/site-packages/airflow/example_dags/example_subdag_operator.py for tasks to queue
[2025-06-03T17:58:31.886+0000] {logging_mixin.py:188} INFO - [2025-06-03T17:58:31.886+0000] {dagbag.py:538} INFO - Filling up the DagBag from /home/airflow/.local/lib/python3.8/site-packages/airflow/example_dags/example_subdag_operator.py
[2025-06-03T17:58:31.916+0000] {processor.py:840} INFO - DAG(s) 'example_subdag_operator.section-1', 'example_subdag_operator.section-2', 'example_subdag_operator' retrieved from /home/airflow/.local/lib/python3.8/site-packages/airflow/example_dags/example_subdag_operator.py
[2025-06-03T17:58:31.927+0000] {logging_mixin.py:188} INFO - [2025-06-03T17:58:31.927+0000] {dag.py:3036} INFO - Sync 3 DAGs
[2025-06-03T17:58:31.946+0000] {logging_mixin.py:188} INFO - [2025-06-03T17:58:31.946+0000] {dag.py:3823} INFO - Setting next_dagrun for example_subdag_operator to 2022-01-01 00:00:00+00:00, run_after=2022-01-01 00:00:00+00:00
[2025-06-03T17:58:31.949+0000] {logging_mixin.py:188} INFO - [2025-06-03T17:58:31.949+0000] {dag.py:3823} INFO - Setting next_dagrun for example_subdag_operator.section-1 to None, run_after=None
[2025-06-03T17:58:31.950+0000] {logging_mixin.py:188} INFO - [2025-06-03T17:58:31.950+0000] {dag.py:3823} INFO - Setting next_dagrun for example_subdag_operator.section-2 to None, run_after=None
[2025-06-03T17:58:31.956+0000] {logging_mixin.py:188} INFO - [2025-06-03T17:58:31.956+0000] {dag.py:3036} INFO - Sync 2 DAGs
[2025-06-03T17:58:31.959+0000] {logging_mixin.py:188} INFO - [2025-06-03T17:58:31.958+0000] {dag.py:3823} INFO - Setting next_dagrun for example_subdag_operator.section-1 to None, run_after=None
[2025-06-03T17:58:31.959+0000] {logging_mixin.py:188} INFO - [2025-06-03T17:58:31.959+0000] {dag.py:3823} INFO - Setting next_dagrun for example_subdag_operator.section-2 to None, run_after=None
[2025-06-03T17:58:31.964+0000] {processor.py:183} INFO - Processing /home/airflow/.local/lib/python3.8/site-packages/airflow/example_dags/example_subdag_operator.py took 0.089 seconds
[2025-06-03T17:59:02.225+0000] {processor.py:161} INFO - Started process (PID=390) to work on /home/airflow/.local/lib/python3.8/site-packages/airflow/example_dags/example_subdag_operator.py
[2025-06-03T17:59:02.227+0000] {processor.py:830} INFO - Processing file /home/airflow/.local/lib/python3.8/site-packages/airflow/example_dags/example_subdag_operator.py for tasks to queue
[2025-06-03T17:59:02.229+0000] {logging_mixin.py:188} INFO - [2025-06-03T17:59:02.229+0000] {dagbag.py:538} INFO - Filling up the DagBag from /home/airflow/.local/lib/python3.8/site-packages/airflow/example_dags/example_subdag_operator.py
[2025-06-03T17:59:02.254+0000] {processor.py:840} INFO - DAG(s) 'example_subdag_operator.section-1', 'example_subdag_operator.section-2', 'example_subdag_operator' retrieved from /home/airflow/.local/lib/python3.8/site-packages/airflow/example_dags/example_subdag_operator.py
[2025-06-03T17:59:02.266+0000] {logging_mixin.py:188} INFO - [2025-06-03T17:59:02.266+0000] {dag.py:3036} INFO - Sync 3 DAGs
[2025-06-03T17:59:02.281+0000] {logging_mixin.py:188} INFO - [2025-06-03T17:59:02.281+0000] {dag.py:3823} INFO - Setting next_dagrun for example_subdag_operator to 2022-01-01 00:00:00+00:00, run_after=2022-01-01 00:00:00+00:00
[2025-06-03T17:59:02.285+0000] {logging_mixin.py:188} INFO - [2025-06-03T17:59:02.285+0000] {dag.py:3823} INFO - Setting next_dagrun for example_subdag_operator.section-1 to None, run_after=None
[2025-06-03T17:59:02.289+0000] {logging_mixin.py:188} INFO - [2025-06-03T17:59:02.289+0000] {dag.py:3823} INFO - Setting next_dagrun for example_subdag_operator.section-2 to None, run_after=None
[2025-06-03T17:59:02.294+0000] {logging_mixin.py:188} INFO - [2025-06-03T17:59:02.294+0000] {dag.py:3036} INFO - Sync 2 DAGs
[2025-06-03T17:59:02.300+0000] {logging_mixin.py:188} INFO - [2025-06-03T17:59:02.300+0000] {dag.py:3823} INFO - Setting next_dagrun for example_subdag_operator.section-1 to None, run_after=None
[2025-06-03T17:59:02.300+0000] {logging_mixin.py:188} INFO - [2025-06-03T17:59:02.300+0000] {dag.py:3823} INFO - Setting next_dagrun for example_subdag_operator.section-2 to None, run_after=None
[2025-06-03T17:59:02.308+0000] {processor.py:183} INFO - Processing /home/airflow/.local/lib/python3.8/site-packages/airflow/example_dags/example_subdag_operator.py took 0.086 seconds
[2025-06-03T17:59:32.568+0000] {processor.py:161} INFO - Started process (PID=445) to work on /home/airflow/.local/lib/python3.8/site-packages/airflow/example_dags/example_subdag_operator.py
[2025-06-03T17:59:32.570+0000] {processor.py:830} INFO - Processing file /home/airflow/.local/lib/python3.8/site-packages/airflow/example_dags/example_subdag_operator.py for tasks to queue
[2025-06-03T17:59:32.571+0000] {logging_mixin.py:188} INFO - [2025-06-03T17:59:32.571+0000] {dagbag.py:538} INFO - Filling up the DagBag from /home/airflow/.local/lib/python3.8/site-packages/airflow/example_dags/example_subdag_operator.py
[2025-06-03T17:59:32.590+0000] {processor.py:840} INFO - DAG(s) 'example_subdag_operator.section-1', 'example_subdag_operator.section-2', 'example_subdag_operator' retrieved from /home/airflow/.local/lib/python3.8/site-packages/airflow/example_dags/example_subdag_operator.py
[2025-06-03T17:59:32.602+0000] {logging_mixin.py:188} INFO - [2025-06-03T17:59:32.602+0000] {dag.py:3036} INFO - Sync 3 DAGs
[2025-06-03T17:59:32.619+0000] {logging_mixin.py:188} INFO - [2025-06-03T17:59:32.619+0000] {dag.py:3823} INFO - Setting next_dagrun for example_subdag_operator to 2022-01-01 00:00:00+00:00, run_after=2022-01-01 00:00:00+00:00
[2025-06-03T17:59:32.621+0000] {logging_mixin.py:188} INFO - [2025-06-03T17:59:32.621+0000] {dag.py:3823} INFO - Setting next_dagrun for example_subdag_operator.section-1 to None, run_after=None
[2025-06-03T17:59:32.622+0000] {logging_mixin.py:188} INFO - [2025-06-03T17:59:32.622+0000] {dag.py:3823} INFO - Setting next_dagrun for example_subdag_operator.section-2 to None, run_after=None
[2025-06-03T17:59:32.626+0000] {logging_mixin.py:188} INFO - [2025-06-03T17:59:32.626+0000] {dag.py:3036} INFO - Sync 2 DAGs
[2025-06-03T17:59:32.628+0000] {logging_mixin.py:188} INFO - [2025-06-03T17:59:32.628+0000] {dag.py:3823} INFO - Setting next_dagrun for example_subdag_operator.section-1 to None, run_after=None
[2025-06-03T17:59:32.628+0000] {logging_mixin.py:188} INFO - [2025-06-03T17:59:32.628+0000] {dag.py:3823} INFO - Setting next_dagrun for example_subdag_operator.section-2 to None, run_after=None
[2025-06-03T17:59:32.633+0000] {processor.py:183} INFO - Processing /home/airflow/.local/lib/python3.8/site-packages/airflow/example_dags/example_subdag_operator.py took 0.068 seconds
[2025-06-03T18:00:03.033+0000] {processor.py:161} INFO - Started process (PID=500) to work on /home/airflow/.local/lib/python3.8/site-packages/airflow/example_dags/example_subdag_operator.py
[2025-06-03T18:00:03.034+0000] {processor.py:830} INFO - Processing file /home/airflow/.local/lib/python3.8/site-packages/airflow/example_dags/example_subdag_operator.py for tasks to queue
[2025-06-03T18:00:03.035+0000] {logging_mixin.py:188} INFO - [2025-06-03T18:00:03.035+0000] {dagbag.py:538} INFO - Filling up the DagBag from /home/airflow/.local/lib/python3.8/site-packages/airflow/example_dags/example_subdag_operator.py
[2025-06-03T18:00:03.056+0000] {processor.py:840} INFO - DAG(s) 'example_subdag_operator.section-1', 'example_subdag_operator.section-2', 'example_subdag_operator' retrieved from /home/airflow/.local/lib/python3.8/site-packages/airflow/example_dags/example_subdag_operator.py
[2025-06-03T18:00:03.067+0000] {logging_mixin.py:188} INFO - [2025-06-03T18:00:03.066+0000] {dag.py:3036} INFO - Sync 3 DAGs
[2025-06-03T18:00:03.078+0000] {logging_mixin.py:188} INFO - [2025-06-03T18:00:03.078+0000] {dag.py:3823} INFO - Setting next_dagrun for example_subdag_operator to 2022-01-01 00:00:00+00:00, run_after=2022-01-01 00:00:00+00:00
[2025-06-03T18:00:03.081+0000] {logging_mixin.py:188} INFO - [2025-06-03T18:00:03.081+0000] {dag.py:3823} INFO - Setting next_dagrun for example_subdag_operator.section-1 to None, run_after=None
[2025-06-03T18:00:03.082+0000] {logging_mixin.py:188} INFO - [2025-06-03T18:00:03.082+0000] {dag.py:3823} INFO - Setting next_dagrun for example_subdag_operator.section-2 to None, run_after=None
[2025-06-03T18:00:03.086+0000] {logging_mixin.py:188} INFO - [2025-06-03T18:00:03.086+0000] {dag.py:3036} INFO - Sync 2 DAGs
[2025-06-03T18:00:03.090+0000] {logging_mixin.py:188} INFO - [2025-06-03T18:00:03.089+0000] {dag.py:3823} INFO - Setting next_dagrun for example_subdag_operator.section-1 to None, run_after=None
[2025-06-03T18:00:03.090+0000] {logging_mixin.py:188} INFO - [2025-06-03T18:00:03.090+0000] {dag.py:3823} INFO - Setting next_dagrun for example_subdag_operator.section-2 to None, run_after=None
[2025-06-03T18:00:03.094+0000] {processor.py:183} INFO - Processing /home/airflow/.local/lib/python3.8/site-packages/airflow/example_dags/example_subdag_operator.py took 0.064 seconds
[2025-06-03T18:00:33.256+0000] {processor.py:161} INFO - Started process (PID=555) to work on /home/airflow/.local/lib/python3.8/site-packages/airflow/example_dags/example_subdag_operator.py
[2025-06-03T18:00:33.257+0000] {processor.py:830} INFO - Processing file /home/airflow/.local/lib/python3.8/site-packages/airflow/example_dags/example_subdag_operator.py for tasks to queue
[2025-06-03T18:00:33.260+0000] {logging_mixin.py:188} INFO - [2025-06-03T18:00:33.260+0000] {dagbag.py:538} INFO - Filling up the DagBag from /home/airflow/.local/lib/python3.8/site-packages/airflow/example_dags/example_subdag_operator.py
[2025-06-03T18:00:33.285+0000] {processor.py:840} INFO - DAG(s) 'example_subdag_operator.section-1', 'example_subdag_operator.section-2', 'example_subdag_operator' retrieved from /home/airflow/.local/lib/python3.8/site-packages/airflow/example_dags/example_subdag_operator.py
[2025-06-03T18:00:33.297+0000] {logging_mixin.py:188} INFO - [2025-06-03T18:00:33.296+0000] {dag.py:3036} INFO - Sync 3 DAGs
[2025-06-03T18:00:33.310+0000] {logging_mixin.py:188} INFO - [2025-06-03T18:00:33.310+0000] {dag.py:3823} INFO - Setting next_dagrun for example_subdag_operator to 2022-01-01 00:00:00+00:00, run_after=2022-01-01 00:00:00+00:00
[2025-06-03T18:00:33.313+0000] {logging_mixin.py:188} INFO - [2025-06-03T18:00:33.313+0000] {dag.py:3823} INFO - Setting next_dagrun for example_subdag_operator.section-1 to None, run_after=None
[2025-06-03T18:00:33.315+0000] {logging_mixin.py:188} INFO - [2025-06-03T18:00:33.315+0000] {dag.py:3823} INFO - Setting next_dagrun for example_subdag_operator.section-2 to None, run_after=None
[2025-06-03T18:00:33.318+0000] {logging_mixin.py:188} INFO - [2025-06-03T18:00:33.318+0000] {dag.py:3036} INFO - Sync 2 DAGs
[2025-06-03T18:00:33.320+0000] {logging_mixin.py:188} INFO - [2025-06-03T18:00:33.320+0000] {dag.py:3823} INFO - Setting next_dagrun for example_subdag_operator.section-1 to None, run_after=None
[2025-06-03T18:00:33.320+0000] {logging_mixin.py:188} INFO - [2025-06-03T18:00:33.320+0000] {dag.py:3823} INFO - Setting next_dagrun for example_subdag_operator.section-2 to None, run_after=None
[2025-06-03T18:00:33.325+0000] {processor.py:183} INFO - Processing /home/airflow/.local/lib/python3.8/site-packages/airflow/example_dags/example_subdag_operator.py took 0.073 seconds
[2025-06-03T18:01:03.554+0000] {processor.py:161} INFO - Started process (PID=610) to work on /home/airflow/.local/lib/python3.8/site-packages/airflow/example_dags/example_subdag_operator.py
[2025-06-03T18:01:03.555+0000] {processor.py:830} INFO - Processing file /home/airflow/.local/lib/python3.8/site-packages/airflow/example_dags/example_subdag_operator.py for tasks to queue
[2025-06-03T18:01:03.557+0000] {logging_mixin.py:188} INFO - [2025-06-03T18:01:03.557+0000] {dagbag.py:538} INFO - Filling up the DagBag from /home/airflow/.local/lib/python3.8/site-packages/airflow/example_dags/example_subdag_operator.py
[2025-06-03T18:01:03.584+0000] {processor.py:840} INFO - DAG(s) 'example_subdag_operator.section-1', 'example_subdag_operator.section-2', 'example_subdag_operator' retrieved from /home/airflow/.local/lib/python3.8/site-packages/airflow/example_dags/example_subdag_operator.py
[2025-06-03T18:01:03.592+0000] {logging_mixin.py:188} INFO - [2025-06-03T18:01:03.592+0000] {dag.py:3036} INFO - Sync 3 DAGs
[2025-06-03T18:01:03.603+0000] {logging_mixin.py:188} INFO - [2025-06-03T18:01:03.603+0000] {dag.py:3823} INFO - Setting next_dagrun for example_subdag_operator to 2022-01-01 00:00:00+00:00, run_after=2022-01-01 00:00:00+00:00
[2025-06-03T18:01:03.605+0000] {logging_mixin.py:188} INFO - [2025-06-03T18:01:03.605+0000] {dag.py:3823} INFO - Setting next_dagrun for example_subdag_operator.section-1 to None, run_after=None
[2025-06-03T18:01:03.605+0000] {logging_mixin.py:188} INFO - [2025-06-03T18:01:03.605+0000] {dag.py:3823} INFO - Setting next_dagrun for example_subdag_operator.section-2 to None, run_after=None
[2025-06-03T18:01:03.610+0000] {logging_mixin.py:188} INFO - [2025-06-03T18:01:03.610+0000] {dag.py:3036} INFO - Sync 2 DAGs
[2025-06-03T18:01:03.616+0000] {logging_mixin.py:188} INFO - [2025-06-03T18:01:03.615+0000] {dag.py:3823} INFO - Setting next_dagrun for example_subdag_operator.section-1 to None, run_after=None
[2025-06-03T18:01:03.616+0000] {logging_mixin.py:188} INFO - [2025-06-03T18:01:03.616+0000] {dag.py:3823} INFO - Setting next_dagrun for example_subdag_operator.section-2 to None, run_after=None
[2025-06-03T18:01:03.627+0000] {processor.py:183} INFO - Processing /home/airflow/.local/lib/python3.8/site-packages/airflow/example_dags/example_subdag_operator.py took 0.078 seconds
