[2025-06-03T17:56:01.753+0000] {processor.py:161} INFO - Started process (PID=79) to work on /home/airflow/.local/lib/python3.8/site-packages/airflow/example_dags/example_branch_python_dop_operator_3.py
[2025-06-03T17:56:01.755+0000] {processor.py:830} INFO - Processing file /home/airflow/.local/lib/python3.8/site-packages/airflow/example_dags/example_branch_python_dop_operator_3.py for tasks to queue
[2025-06-03T17:56:01.761+0000] {logging_mixin.py:188} INFO - [2025-06-03T17:56:01.760+0000] {dagbag.py:538} INFO - Filling up the DagBag from /home/airflow/.local/lib/python3.8/site-packages/airflow/example_dags/example_branch_python_dop_operator_3.py
[2025-06-03T17:56:01.774+0000] {processor.py:840} INFO - DAG(s) 'example_branch_dop_operator_v3' retrieved from /home/airflow/.local/lib/python3.8/site-packages/airflow/example_dags/example_branch_python_dop_operator_3.py
[2025-06-03T17:56:01.790+0000] {logging_mixin.py:188} INFO - [2025-06-03T17:56:01.790+0000] {dag.py:3036} INFO - Sync 1 DAGs
[2025-06-03T17:56:01.841+0000] {logging_mixin.py:188} INFO - [2025-06-03T17:56:01.841+0000] {dag.py:3823} INFO - Setting next_dagrun for example_branch_dop_operator_v3 to 2025-06-03 17:55:00+00:00, run_after=2025-06-03 17:56:00+00:00
[2025-06-03T17:56:01.868+0000] {processor.py:183} INFO - Processing /home/airflow/.local/lib/python3.8/site-packages/airflow/example_dags/example_branch_python_dop_operator_3.py took 0.121 seconds
[2025-06-03T17:56:32.296+0000] {processor.py:161} INFO - Started process (PID=134) to work on /home/airflow/.local/lib/python3.8/site-packages/airflow/example_dags/example_branch_python_dop_operator_3.py
[2025-06-03T17:56:32.297+0000] {processor.py:830} INFO - Processing file /home/airflow/.local/lib/python3.8/site-packages/airflow/example_dags/example_branch_python_dop_operator_3.py for tasks to queue
[2025-06-03T17:56:32.299+0000] {logging_mixin.py:188} INFO - [2025-06-03T17:56:32.299+0000] {dagbag.py:538} INFO - Filling up the DagBag from /home/airflow/.local/lib/python3.8/site-packages/airflow/example_dags/example_branch_python_dop_operator_3.py
[2025-06-03T17:56:32.306+0000] {processor.py:840} INFO - DAG(s) 'example_branch_dop_operator_v3' retrieved from /home/airflow/.local/lib/python3.8/site-packages/airflow/example_dags/example_branch_python_dop_operator_3.py
[2025-06-03T17:56:32.380+0000] {logging_mixin.py:188} INFO - [2025-06-03T17:56:32.379+0000] {dag.py:3036} INFO - Sync 1 DAGs
[2025-06-03T17:56:32.399+0000] {logging_mixin.py:188} INFO - [2025-06-03T17:56:32.399+0000] {dag.py:3823} INFO - Setting next_dagrun for example_branch_dop_operator_v3 to 2025-06-03 17:55:00+00:00, run_after=2025-06-03 17:56:00+00:00
[2025-06-03T17:56:32.409+0000] {processor.py:183} INFO - Processing /home/airflow/.local/lib/python3.8/site-packages/airflow/example_dags/example_branch_python_dop_operator_3.py took 0.114 seconds
[2025-06-03T17:57:02.522+0000] {processor.py:161} INFO - Started process (PID=189) to work on /home/airflow/.local/lib/python3.8/site-packages/airflow/example_dags/example_branch_python_dop_operator_3.py
[2025-06-03T17:57:02.522+0000] {processor.py:830} INFO - Processing file /home/airflow/.local/lib/python3.8/site-packages/airflow/example_dags/example_branch_python_dop_operator_3.py for tasks to queue
[2025-06-03T17:57:02.523+0000] {logging_mixin.py:188} INFO - [2025-06-03T17:57:02.523+0000] {dagbag.py:538} INFO - Filling up the DagBag from /home/airflow/.local/lib/python3.8/site-packages/airflow/example_dags/example_branch_python_dop_operator_3.py
[2025-06-03T17:57:02.528+0000] {processor.py:840} INFO - DAG(s) 'example_branch_dop_operator_v3' retrieved from /home/airflow/.local/lib/python3.8/site-packages/airflow/example_dags/example_branch_python_dop_operator_3.py
[2025-06-03T17:57:02.549+0000] {logging_mixin.py:188} INFO - [2025-06-03T17:57:02.549+0000] {dag.py:3036} INFO - Sync 1 DAGs
[2025-06-03T17:57:02.561+0000] {logging_mixin.py:188} INFO - [2025-06-03T17:57:02.561+0000] {dag.py:3823} INFO - Setting next_dagrun for example_branch_dop_operator_v3 to 2025-06-03 17:56:00+00:00, run_after=2025-06-03 17:57:00+00:00
[2025-06-03T17:57:02.575+0000] {processor.py:183} INFO - Processing /home/airflow/.local/lib/python3.8/site-packages/airflow/example_dags/example_branch_python_dop_operator_3.py took 0.055 seconds
[2025-06-03T17:57:33.476+0000] {processor.py:161} INFO - Started process (PID=244) to work on /home/airflow/.local/lib/python3.8/site-packages/airflow/example_dags/example_branch_python_dop_operator_3.py
[2025-06-03T17:57:33.477+0000] {processor.py:830} INFO - Processing file /home/airflow/.local/lib/python3.8/site-packages/airflow/example_dags/example_branch_python_dop_operator_3.py for tasks to queue
[2025-06-03T17:57:33.480+0000] {logging_mixin.py:188} INFO - [2025-06-03T17:57:33.480+0000] {dagbag.py:538} INFO - Filling up the DagBag from /home/airflow/.local/lib/python3.8/site-packages/airflow/example_dags/example_branch_python_dop_operator_3.py
[2025-06-03T17:57:33.485+0000] {processor.py:840} INFO - DAG(s) 'example_branch_dop_operator_v3' retrieved from /home/airflow/.local/lib/python3.8/site-packages/airflow/example_dags/example_branch_python_dop_operator_3.py
[2025-06-03T17:57:33.494+0000] {logging_mixin.py:188} INFO - [2025-06-03T17:57:33.494+0000] {dag.py:3036} INFO - Sync 1 DAGs
[2025-06-03T17:57:33.510+0000] {logging_mixin.py:188} INFO - [2025-06-03T17:57:33.510+0000] {dag.py:3823} INFO - Setting next_dagrun for example_branch_dop_operator_v3 to 2025-06-03 17:56:00+00:00, run_after=2025-06-03 17:57:00+00:00
[2025-06-03T17:57:33.526+0000] {processor.py:183} INFO - Processing /home/airflow/.local/lib/python3.8/site-packages/airflow/example_dags/example_branch_python_dop_operator_3.py took 0.052 seconds
[2025-06-03T17:58:03.761+0000] {processor.py:161} INFO - Started process (PID=299) to work on /home/airflow/.local/lib/python3.8/site-packages/airflow/example_dags/example_branch_python_dop_operator_3.py
[2025-06-03T17:58:03.762+0000] {processor.py:830} INFO - Processing file /home/airflow/.local/lib/python3.8/site-packages/airflow/example_dags/example_branch_python_dop_operator_3.py for tasks to queue
[2025-06-03T17:58:03.763+0000] {logging_mixin.py:188} INFO - [2025-06-03T17:58:03.763+0000] {dagbag.py:538} INFO - Filling up the DagBag from /home/airflow/.local/lib/python3.8/site-packages/airflow/example_dags/example_branch_python_dop_operator_3.py
[2025-06-03T17:58:03.767+0000] {processor.py:840} INFO - DAG(s) 'example_branch_dop_operator_v3' retrieved from /home/airflow/.local/lib/python3.8/site-packages/airflow/example_dags/example_branch_python_dop_operator_3.py
[2025-06-03T17:58:03.777+0000] {logging_mixin.py:188} INFO - [2025-06-03T17:58:03.777+0000] {dag.py:3036} INFO - Sync 1 DAGs
[2025-06-03T17:58:03.792+0000] {logging_mixin.py:188} INFO - [2025-06-03T17:58:03.791+0000] {dag.py:3823} INFO - Setting next_dagrun for example_branch_dop_operator_v3 to 2025-06-03 17:57:00+00:00, run_after=2025-06-03 17:58:00+00:00
[2025-06-03T17:58:03.806+0000] {processor.py:183} INFO - Processing /home/airflow/.local/lib/python3.8/site-packages/airflow/example_dags/example_branch_python_dop_operator_3.py took 0.046 seconds
[2025-06-03T17:58:34.594+0000] {processor.py:161} INFO - Started process (PID=354) to work on /home/airflow/.local/lib/python3.8/site-packages/airflow/example_dags/example_branch_python_dop_operator_3.py
[2025-06-03T17:58:34.595+0000] {processor.py:830} INFO - Processing file /home/airflow/.local/lib/python3.8/site-packages/airflow/example_dags/example_branch_python_dop_operator_3.py for tasks to queue
[2025-06-03T17:58:34.598+0000] {logging_mixin.py:188} INFO - [2025-06-03T17:58:34.598+0000] {dagbag.py:538} INFO - Filling up the DagBag from /home/airflow/.local/lib/python3.8/site-packages/airflow/example_dags/example_branch_python_dop_operator_3.py
[2025-06-03T17:58:34.603+0000] {processor.py:840} INFO - DAG(s) 'example_branch_dop_operator_v3' retrieved from /home/airflow/.local/lib/python3.8/site-packages/airflow/example_dags/example_branch_python_dop_operator_3.py
[2025-06-03T17:58:34.618+0000] {logging_mixin.py:188} INFO - [2025-06-03T17:58:34.617+0000] {dag.py:3036} INFO - Sync 1 DAGs
[2025-06-03T17:58:34.636+0000] {logging_mixin.py:188} INFO - [2025-06-03T17:58:34.636+0000] {dag.py:3823} INFO - Setting next_dagrun for example_branch_dop_operator_v3 to 2025-06-03 17:57:00+00:00, run_after=2025-06-03 17:58:00+00:00
[2025-06-03T17:58:34.652+0000] {processor.py:183} INFO - Processing /home/airflow/.local/lib/python3.8/site-packages/airflow/example_dags/example_branch_python_dop_operator_3.py took 0.060 seconds
[2025-06-03T17:59:04.997+0000] {processor.py:161} INFO - Started process (PID=409) to work on /home/airflow/.local/lib/python3.8/site-packages/airflow/example_dags/example_branch_python_dop_operator_3.py
[2025-06-03T17:59:04.999+0000] {processor.py:830} INFO - Processing file /home/airflow/.local/lib/python3.8/site-packages/airflow/example_dags/example_branch_python_dop_operator_3.py for tasks to queue
[2025-06-03T17:59:05.000+0000] {logging_mixin.py:188} INFO - [2025-06-03T17:59:05.000+0000] {dagbag.py:538} INFO - Filling up the DagBag from /home/airflow/.local/lib/python3.8/site-packages/airflow/example_dags/example_branch_python_dop_operator_3.py
[2025-06-03T17:59:05.005+0000] {processor.py:840} INFO - DAG(s) 'example_branch_dop_operator_v3' retrieved from /home/airflow/.local/lib/python3.8/site-packages/airflow/example_dags/example_branch_python_dop_operator_3.py
[2025-06-03T17:59:05.026+0000] {logging_mixin.py:188} INFO - [2025-06-03T17:59:05.025+0000] {dag.py:3036} INFO - Sync 1 DAGs
[2025-06-03T17:59:05.044+0000] {logging_mixin.py:188} INFO - [2025-06-03T17:59:05.044+0000] {dag.py:3823} INFO - Setting next_dagrun for example_branch_dop_operator_v3 to 2025-06-03 17:58:00+00:00, run_after=2025-06-03 17:59:00+00:00
[2025-06-03T17:59:05.054+0000] {processor.py:183} INFO - Processing /home/airflow/.local/lib/python3.8/site-packages/airflow/example_dags/example_branch_python_dop_operator_3.py took 0.059 seconds
[2025-06-03T17:59:35.253+0000] {processor.py:161} INFO - Started process (PID=464) to work on /home/airflow/.local/lib/python3.8/site-packages/airflow/example_dags/example_branch_python_dop_operator_3.py
[2025-06-03T17:59:35.255+0000] {processor.py:830} INFO - Processing file /home/airflow/.local/lib/python3.8/site-packages/airflow/example_dags/example_branch_python_dop_operator_3.py for tasks to queue
[2025-06-03T17:59:35.258+0000] {logging_mixin.py:188} INFO - [2025-06-03T17:59:35.257+0000] {dagbag.py:538} INFO - Filling up the DagBag from /home/airflow/.local/lib/python3.8/site-packages/airflow/example_dags/example_branch_python_dop_operator_3.py
[2025-06-03T17:59:35.265+0000] {processor.py:840} INFO - DAG(s) 'example_branch_dop_operator_v3' retrieved from /home/airflow/.local/lib/python3.8/site-packages/airflow/example_dags/example_branch_python_dop_operator_3.py
[2025-06-03T17:59:35.287+0000] {logging_mixin.py:188} INFO - [2025-06-03T17:59:35.287+0000] {dag.py:3036} INFO - Sync 1 DAGs
[2025-06-03T17:59:35.303+0000] {logging_mixin.py:188} INFO - [2025-06-03T17:59:35.303+0000] {dag.py:3823} INFO - Setting next_dagrun for example_branch_dop_operator_v3 to 2025-06-03 17:58:00+00:00, run_after=2025-06-03 17:59:00+00:00
[2025-06-03T17:59:35.318+0000] {processor.py:183} INFO - Processing /home/airflow/.local/lib/python3.8/site-packages/airflow/example_dags/example_branch_python_dop_operator_3.py took 0.067 seconds
[2025-06-03T18:00:05.744+0000] {processor.py:161} INFO - Started process (PID=519) to work on /home/airflow/.local/lib/python3.8/site-packages/airflow/example_dags/example_branch_python_dop_operator_3.py
[2025-06-03T18:00:05.744+0000] {processor.py:830} INFO - Processing file /home/airflow/.local/lib/python3.8/site-packages/airflow/example_dags/example_branch_python_dop_operator_3.py for tasks to queue
[2025-06-03T18:00:05.746+0000] {logging_mixin.py:188} INFO - [2025-06-03T18:00:05.746+0000] {dagbag.py:538} INFO - Filling up the DagBag from /home/airflow/.local/lib/python3.8/site-packages/airflow/example_dags/example_branch_python_dop_operator_3.py
[2025-06-03T18:00:05.751+0000] {processor.py:840} INFO - DAG(s) 'example_branch_dop_operator_v3' retrieved from /home/airflow/.local/lib/python3.8/site-packages/airflow/example_dags/example_branch_python_dop_operator_3.py
[2025-06-03T18:00:05.763+0000] {logging_mixin.py:188} INFO - [2025-06-03T18:00:05.763+0000] {dag.py:3036} INFO - Sync 1 DAGs
[2025-06-03T18:00:05.774+0000] {logging_mixin.py:188} INFO - [2025-06-03T18:00:05.774+0000] {dag.py:3823} INFO - Setting next_dagrun for example_branch_dop_operator_v3 to 2025-06-03 17:59:00+00:00, run_after=2025-06-03 18:00:00+00:00
[2025-06-03T18:00:05.782+0000] {processor.py:183} INFO - Processing /home/airflow/.local/lib/python3.8/site-packages/airflow/example_dags/example_branch_python_dop_operator_3.py took 0.039 seconds
[2025-06-03T18:00:35.957+0000] {processor.py:161} INFO - Started process (PID=574) to work on /home/airflow/.local/lib/python3.8/site-packages/airflow/example_dags/example_branch_python_dop_operator_3.py
[2025-06-03T18:00:35.958+0000] {processor.py:830} INFO - Processing file /home/airflow/.local/lib/python3.8/site-packages/airflow/example_dags/example_branch_python_dop_operator_3.py for tasks to queue
[2025-06-03T18:00:35.958+0000] {logging_mixin.py:188} INFO - [2025-06-03T18:00:35.958+0000] {dagbag.py:538} INFO - Filling up the DagBag from /home/airflow/.local/lib/python3.8/site-packages/airflow/example_dags/example_branch_python_dop_operator_3.py
[2025-06-03T18:00:35.963+0000] {processor.py:840} INFO - DAG(s) 'example_branch_dop_operator_v3' retrieved from /home/airflow/.local/lib/python3.8/site-packages/airflow/example_dags/example_branch_python_dop_operator_3.py
[2025-06-03T18:00:35.973+0000] {logging_mixin.py:188} INFO - [2025-06-03T18:00:35.973+0000] {dag.py:3036} INFO - Sync 1 DAGs
[2025-06-03T18:00:35.985+0000] {logging_mixin.py:188} INFO - [2025-06-03T18:00:35.985+0000] {dag.py:3823} INFO - Setting next_dagrun for example_branch_dop_operator_v3 to 2025-06-03 17:59:00+00:00, run_after=2025-06-03 18:00:00+00:00
[2025-06-03T18:00:36.000+0000] {processor.py:183} INFO - Processing /home/airflow/.local/lib/python3.8/site-packages/airflow/example_dags/example_branch_python_dop_operator_3.py took 0.044 seconds
[2025-06-03T18:01:06.132+0000] {processor.py:161} INFO - Started process (PID=629) to work on /home/airflow/.local/lib/python3.8/site-packages/airflow/example_dags/example_branch_python_dop_operator_3.py
[2025-06-03T18:01:06.133+0000] {processor.py:830} INFO - Processing file /home/airflow/.local/lib/python3.8/site-packages/airflow/example_dags/example_branch_python_dop_operator_3.py for tasks to queue
[2025-06-03T18:01:06.134+0000] {logging_mixin.py:188} INFO - [2025-06-03T18:01:06.134+0000] {dagbag.py:538} INFO - Filling up the DagBag from /home/airflow/.local/lib/python3.8/site-packages/airflow/example_dags/example_branch_python_dop_operator_3.py
[2025-06-03T18:01:06.138+0000] {processor.py:840} INFO - DAG(s) 'example_branch_dop_operator_v3' retrieved from /home/airflow/.local/lib/python3.8/site-packages/airflow/example_dags/example_branch_python_dop_operator_3.py
[2025-06-03T18:01:06.148+0000] {logging_mixin.py:188} INFO - [2025-06-03T18:01:06.148+0000] {dag.py:3036} INFO - Sync 1 DAGs
[2025-06-03T18:01:06.160+0000] {logging_mixin.py:188} INFO - [2025-06-03T18:01:06.160+0000] {dag.py:3823} INFO - Setting next_dagrun for example_branch_dop_operator_v3 to 2025-06-03 18:00:00+00:00, run_after=2025-06-03 18:01:00+00:00
[2025-06-03T18:01:06.168+0000] {processor.py:183} INFO - Processing /home/airflow/.local/lib/python3.8/site-packages/airflow/example_dags/example_branch_python_dop_operator_3.py took 0.037 seconds
