[2025-06-03T17:56:01.604+0000] {processor.py:161} INFO - Started process (PID=77) to work on /home/airflow/.local/lib/python3.8/site-packages/airflow/example_dags/example_time_delta_sensor_async.py
[2025-06-03T17:56:01.605+0000] {processor.py:830} INFO - Processing file /home/airflow/.local/lib/python3.8/site-packages/airflow/example_dags/example_time_delta_sensor_async.py for tasks to queue
[2025-06-03T17:56:01.609+0000] {logging_mixin.py:188} INFO - [2025-06-03T17:56:01.608+0000] {dagbag.py:538} INFO - Filling up the DagBag from /home/airflow/.local/lib/python3.8/site-packages/airflow/example_dags/example_time_delta_sensor_async.py
[2025-06-03T17:56:01.620+0000] {processor.py:840} INFO - DAG(s) 'example_time_delta_sensor_async' retrieved from /home/airflow/.local/lib/python3.8/site-packages/airflow/example_dags/example_time_delta_sensor_async.py
[2025-06-03T17:56:01.657+0000] {logging_mixin.py:188} INFO - [2025-06-03T17:56:01.656+0000] {dag.py:3036} INFO - Sync 1 DAGs
[2025-06-03T17:56:01.679+0000] {logging_mixin.py:188} INFO - [2025-06-03T17:56:01.679+0000] {dag.py:3823} INFO - Setting next_dagrun for example_time_delta_sensor_async to None, run_after=None
[2025-06-03T17:56:01.712+0000] {processor.py:183} INFO - Processing /home/airflow/.local/lib/python3.8/site-packages/airflow/example_dags/example_time_delta_sensor_async.py took 0.113 seconds
[2025-06-03T17:56:32.113+0000] {processor.py:161} INFO - Started process (PID=132) to work on /home/airflow/.local/lib/python3.8/site-packages/airflow/example_dags/example_time_delta_sensor_async.py
[2025-06-03T17:56:32.114+0000] {processor.py:830} INFO - Processing file /home/airflow/.local/lib/python3.8/site-packages/airflow/example_dags/example_time_delta_sensor_async.py for tasks to queue
[2025-06-03T17:56:32.115+0000] {logging_mixin.py:188} INFO - [2025-06-03T17:56:32.115+0000] {dagbag.py:538} INFO - Filling up the DagBag from /home/airflow/.local/lib/python3.8/site-packages/airflow/example_dags/example_time_delta_sensor_async.py
[2025-06-03T17:56:32.118+0000] {processor.py:840} INFO - DAG(s) 'example_time_delta_sensor_async' retrieved from /home/airflow/.local/lib/python3.8/site-packages/airflow/example_dags/example_time_delta_sensor_async.py
[2025-06-03T17:56:32.246+0000] {logging_mixin.py:188} INFO - [2025-06-03T17:56:32.246+0000] {dag.py:3036} INFO - Sync 1 DAGs
[2025-06-03T17:56:32.262+0000] {logging_mixin.py:188} INFO - [2025-06-03T17:56:32.261+0000] {dag.py:3823} INFO - Setting next_dagrun for example_time_delta_sensor_async to None, run_after=None
[2025-06-03T17:56:32.283+0000] {processor.py:183} INFO - Processing /home/airflow/.local/lib/python3.8/site-packages/airflow/example_dags/example_time_delta_sensor_async.py took 0.172 seconds
[2025-06-03T17:57:02.472+0000] {processor.py:161} INFO - Started process (PID=187) to work on /home/airflow/.local/lib/python3.8/site-packages/airflow/example_dags/example_time_delta_sensor_async.py
[2025-06-03T17:57:02.474+0000] {processor.py:830} INFO - Processing file /home/airflow/.local/lib/python3.8/site-packages/airflow/example_dags/example_time_delta_sensor_async.py for tasks to queue
[2025-06-03T17:57:02.475+0000] {logging_mixin.py:188} INFO - [2025-06-03T17:57:02.475+0000] {dagbag.py:538} INFO - Filling up the DagBag from /home/airflow/.local/lib/python3.8/site-packages/airflow/example_dags/example_time_delta_sensor_async.py
[2025-06-03T17:57:02.480+0000] {processor.py:840} INFO - DAG(s) 'example_time_delta_sensor_async' retrieved from /home/airflow/.local/lib/python3.8/site-packages/airflow/example_dags/example_time_delta_sensor_async.py
[2025-06-03T17:57:02.496+0000] {logging_mixin.py:188} INFO - [2025-06-03T17:57:02.496+0000] {dag.py:3036} INFO - Sync 1 DAGs
[2025-06-03T17:57:02.503+0000] {logging_mixin.py:188} INFO - [2025-06-03T17:57:02.503+0000] {dag.py:3823} INFO - Setting next_dagrun for example_time_delta_sensor_async to None, run_after=None
[2025-06-03T17:57:02.511+0000] {processor.py:183} INFO - Processing /home/airflow/.local/lib/python3.8/site-packages/airflow/example_dags/example_time_delta_sensor_async.py took 0.042 seconds
[2025-06-03T17:57:33.423+0000] {processor.py:161} INFO - Started process (PID=242) to work on /home/airflow/.local/lib/python3.8/site-packages/airflow/example_dags/example_time_delta_sensor_async.py
[2025-06-03T17:57:33.423+0000] {processor.py:830} INFO - Processing file /home/airflow/.local/lib/python3.8/site-packages/airflow/example_dags/example_time_delta_sensor_async.py for tasks to queue
[2025-06-03T17:57:33.424+0000] {logging_mixin.py:188} INFO - [2025-06-03T17:57:33.424+0000] {dagbag.py:538} INFO - Filling up the DagBag from /home/airflow/.local/lib/python3.8/site-packages/airflow/example_dags/example_time_delta_sensor_async.py
[2025-06-03T17:57:33.427+0000] {processor.py:840} INFO - DAG(s) 'example_time_delta_sensor_async' retrieved from /home/airflow/.local/lib/python3.8/site-packages/airflow/example_dags/example_time_delta_sensor_async.py
[2025-06-03T17:57:33.440+0000] {logging_mixin.py:188} INFO - [2025-06-03T17:57:33.439+0000] {dag.py:3036} INFO - Sync 1 DAGs
[2025-06-03T17:57:33.446+0000] {logging_mixin.py:188} INFO - [2025-06-03T17:57:33.446+0000] {dag.py:3823} INFO - Setting next_dagrun for example_time_delta_sensor_async to None, run_after=None
[2025-06-03T17:57:33.462+0000] {processor.py:183} INFO - Processing /home/airflow/.local/lib/python3.8/site-packages/airflow/example_dags/example_time_delta_sensor_async.py took 0.040 seconds
[2025-06-03T17:58:03.715+0000] {processor.py:161} INFO - Started process (PID=297) to work on /home/airflow/.local/lib/python3.8/site-packages/airflow/example_dags/example_time_delta_sensor_async.py
[2025-06-03T17:58:03.716+0000] {processor.py:830} INFO - Processing file /home/airflow/.local/lib/python3.8/site-packages/airflow/example_dags/example_time_delta_sensor_async.py for tasks to queue
[2025-06-03T17:58:03.717+0000] {logging_mixin.py:188} INFO - [2025-06-03T17:58:03.717+0000] {dagbag.py:538} INFO - Filling up the DagBag from /home/airflow/.local/lib/python3.8/site-packages/airflow/example_dags/example_time_delta_sensor_async.py
[2025-06-03T17:58:03.720+0000] {processor.py:840} INFO - DAG(s) 'example_time_delta_sensor_async' retrieved from /home/airflow/.local/lib/python3.8/site-packages/airflow/example_dags/example_time_delta_sensor_async.py
[2025-06-03T17:58:03.729+0000] {logging_mixin.py:188} INFO - [2025-06-03T17:58:03.729+0000] {dag.py:3036} INFO - Sync 1 DAGs
[2025-06-03T17:58:03.737+0000] {logging_mixin.py:188} INFO - [2025-06-03T17:58:03.737+0000] {dag.py:3823} INFO - Setting next_dagrun for example_time_delta_sensor_async to None, run_after=None
[2025-06-03T17:58:03.753+0000] {processor.py:183} INFO - Processing /home/airflow/.local/lib/python3.8/site-packages/airflow/example_dags/example_time_delta_sensor_async.py took 0.040 seconds
[2025-06-03T17:58:34.544+0000] {processor.py:161} INFO - Started process (PID=352) to work on /home/airflow/.local/lib/python3.8/site-packages/airflow/example_dags/example_time_delta_sensor_async.py
[2025-06-03T17:58:34.545+0000] {processor.py:830} INFO - Processing file /home/airflow/.local/lib/python3.8/site-packages/airflow/example_dags/example_time_delta_sensor_async.py for tasks to queue
[2025-06-03T17:58:34.547+0000] {logging_mixin.py:188} INFO - [2025-06-03T17:58:34.547+0000] {dagbag.py:538} INFO - Filling up the DagBag from /home/airflow/.local/lib/python3.8/site-packages/airflow/example_dags/example_time_delta_sensor_async.py
[2025-06-03T17:58:34.549+0000] {processor.py:840} INFO - DAG(s) 'example_time_delta_sensor_async' retrieved from /home/airflow/.local/lib/python3.8/site-packages/airflow/example_dags/example_time_delta_sensor_async.py
[2025-06-03T17:58:34.565+0000] {logging_mixin.py:188} INFO - [2025-06-03T17:58:34.565+0000] {dag.py:3036} INFO - Sync 1 DAGs
[2025-06-03T17:58:34.571+0000] {logging_mixin.py:188} INFO - [2025-06-03T17:58:34.570+0000] {dag.py:3823} INFO - Setting next_dagrun for example_time_delta_sensor_async to None, run_after=None
[2025-06-03T17:58:34.579+0000] {processor.py:183} INFO - Processing /home/airflow/.local/lib/python3.8/site-packages/airflow/example_dags/example_time_delta_sensor_async.py took 0.037 seconds
[2025-06-03T17:59:04.940+0000] {processor.py:161} INFO - Started process (PID=407) to work on /home/airflow/.local/lib/python3.8/site-packages/airflow/example_dags/example_time_delta_sensor_async.py
[2025-06-03T17:59:04.942+0000] {processor.py:830} INFO - Processing file /home/airflow/.local/lib/python3.8/site-packages/airflow/example_dags/example_time_delta_sensor_async.py for tasks to queue
[2025-06-03T17:59:04.943+0000] {logging_mixin.py:188} INFO - [2025-06-03T17:59:04.942+0000] {dagbag.py:538} INFO - Filling up the DagBag from /home/airflow/.local/lib/python3.8/site-packages/airflow/example_dags/example_time_delta_sensor_async.py
[2025-06-03T17:59:04.945+0000] {processor.py:840} INFO - DAG(s) 'example_time_delta_sensor_async' retrieved from /home/airflow/.local/lib/python3.8/site-packages/airflow/example_dags/example_time_delta_sensor_async.py
[2025-06-03T17:59:04.963+0000] {logging_mixin.py:188} INFO - [2025-06-03T17:59:04.963+0000] {dag.py:3036} INFO - Sync 1 DAGs
[2025-06-03T17:59:04.969+0000] {logging_mixin.py:188} INFO - [2025-06-03T17:59:04.969+0000] {dag.py:3823} INFO - Setting next_dagrun for example_time_delta_sensor_async to None, run_after=None
[2025-06-03T17:59:04.983+0000] {processor.py:183} INFO - Processing /home/airflow/.local/lib/python3.8/site-packages/airflow/example_dags/example_time_delta_sensor_async.py took 0.045 seconds
[2025-06-03T17:59:35.210+0000] {processor.py:161} INFO - Started process (PID=462) to work on /home/airflow/.local/lib/python3.8/site-packages/airflow/example_dags/example_time_delta_sensor_async.py
[2025-06-03T17:59:35.211+0000] {processor.py:830} INFO - Processing file /home/airflow/.local/lib/python3.8/site-packages/airflow/example_dags/example_time_delta_sensor_async.py for tasks to queue
[2025-06-03T17:59:35.211+0000] {logging_mixin.py:188} INFO - [2025-06-03T17:59:35.211+0000] {dagbag.py:538} INFO - Filling up the DagBag from /home/airflow/.local/lib/python3.8/site-packages/airflow/example_dags/example_time_delta_sensor_async.py
[2025-06-03T17:59:35.214+0000] {processor.py:840} INFO - DAG(s) 'example_time_delta_sensor_async' retrieved from /home/airflow/.local/lib/python3.8/site-packages/airflow/example_dags/example_time_delta_sensor_async.py
[2025-06-03T17:59:35.224+0000] {logging_mixin.py:188} INFO - [2025-06-03T17:59:35.223+0000] {dag.py:3036} INFO - Sync 1 DAGs
[2025-06-03T17:59:35.231+0000] {logging_mixin.py:188} INFO - [2025-06-03T17:59:35.231+0000] {dag.py:3823} INFO - Setting next_dagrun for example_time_delta_sensor_async to None, run_after=None
[2025-06-03T17:59:35.239+0000] {processor.py:183} INFO - Processing /home/airflow/.local/lib/python3.8/site-packages/airflow/example_dags/example_time_delta_sensor_async.py took 0.031 seconds
[2025-06-03T18:00:05.695+0000] {processor.py:161} INFO - Started process (PID=517) to work on /home/airflow/.local/lib/python3.8/site-packages/airflow/example_dags/example_time_delta_sensor_async.py
[2025-06-03T18:00:05.697+0000] {processor.py:830} INFO - Processing file /home/airflow/.local/lib/python3.8/site-packages/airflow/example_dags/example_time_delta_sensor_async.py for tasks to queue
[2025-06-03T18:00:05.698+0000] {logging_mixin.py:188} INFO - [2025-06-03T18:00:05.698+0000] {dagbag.py:538} INFO - Filling up the DagBag from /home/airflow/.local/lib/python3.8/site-packages/airflow/example_dags/example_time_delta_sensor_async.py
[2025-06-03T18:00:05.701+0000] {processor.py:840} INFO - DAG(s) 'example_time_delta_sensor_async' retrieved from /home/airflow/.local/lib/python3.8/site-packages/airflow/example_dags/example_time_delta_sensor_async.py
[2025-06-03T18:00:05.713+0000] {logging_mixin.py:188} INFO - [2025-06-03T18:00:05.713+0000] {dag.py:3036} INFO - Sync 1 DAGs
[2025-06-03T18:00:05.720+0000] {logging_mixin.py:188} INFO - [2025-06-03T18:00:05.720+0000] {dag.py:3823} INFO - Setting next_dagrun for example_time_delta_sensor_async to None, run_after=None
[2025-06-03T18:00:05.732+0000] {processor.py:183} INFO - Processing /home/airflow/.local/lib/python3.8/site-packages/airflow/example_dags/example_time_delta_sensor_async.py took 0.038 seconds
[2025-06-03T18:00:35.907+0000] {processor.py:161} INFO - Started process (PID=572) to work on /home/airflow/.local/lib/python3.8/site-packages/airflow/example_dags/example_time_delta_sensor_async.py
[2025-06-03T18:00:35.907+0000] {processor.py:830} INFO - Processing file /home/airflow/.local/lib/python3.8/site-packages/airflow/example_dags/example_time_delta_sensor_async.py for tasks to queue
[2025-06-03T18:00:35.908+0000] {logging_mixin.py:188} INFO - [2025-06-03T18:00:35.908+0000] {dagbag.py:538} INFO - Filling up the DagBag from /home/airflow/.local/lib/python3.8/site-packages/airflow/example_dags/example_time_delta_sensor_async.py
[2025-06-03T18:00:35.911+0000] {processor.py:840} INFO - DAG(s) 'example_time_delta_sensor_async' retrieved from /home/airflow/.local/lib/python3.8/site-packages/airflow/example_dags/example_time_delta_sensor_async.py
[2025-06-03T18:00:35.926+0000] {logging_mixin.py:188} INFO - [2025-06-03T18:00:35.926+0000] {dag.py:3036} INFO - Sync 1 DAGs
[2025-06-03T18:00:35.931+0000] {logging_mixin.py:188} INFO - [2025-06-03T18:00:35.931+0000] {dag.py:3823} INFO - Setting next_dagrun for example_time_delta_sensor_async to None, run_after=None
[2025-06-03T18:00:35.946+0000] {processor.py:183} INFO - Processing /home/airflow/.local/lib/python3.8/site-packages/airflow/example_dags/example_time_delta_sensor_async.py took 0.041 seconds
[2025-06-03T18:01:06.094+0000] {processor.py:161} INFO - Started process (PID=627) to work on /home/airflow/.local/lib/python3.8/site-packages/airflow/example_dags/example_time_delta_sensor_async.py
[2025-06-03T18:01:06.095+0000] {processor.py:830} INFO - Processing file /home/airflow/.local/lib/python3.8/site-packages/airflow/example_dags/example_time_delta_sensor_async.py for tasks to queue
[2025-06-03T18:01:06.096+0000] {logging_mixin.py:188} INFO - [2025-06-03T18:01:06.096+0000] {dagbag.py:538} INFO - Filling up the DagBag from /home/airflow/.local/lib/python3.8/site-packages/airflow/example_dags/example_time_delta_sensor_async.py
[2025-06-03T18:01:06.100+0000] {processor.py:840} INFO - DAG(s) 'example_time_delta_sensor_async' retrieved from /home/airflow/.local/lib/python3.8/site-packages/airflow/example_dags/example_time_delta_sensor_async.py
[2025-06-03T18:01:06.111+0000] {logging_mixin.py:188} INFO - [2025-06-03T18:01:06.111+0000] {dag.py:3036} INFO - Sync 1 DAGs
[2025-06-03T18:01:06.116+0000] {logging_mixin.py:188} INFO - [2025-06-03T18:01:06.116+0000] {dag.py:3823} INFO - Setting next_dagrun for example_time_delta_sensor_async to None, run_after=None
[2025-06-03T18:01:06.123+0000] {processor.py:183} INFO - Processing /home/airflow/.local/lib/python3.8/site-packages/airflow/example_dags/example_time_delta_sensor_async.py took 0.031 seconds
