[2025-06-03T17:55:59.344+0000] {processor.py:161} INFO - Started process (PID=68) to work on /home/airflow/.local/lib/python3.8/site-packages/airflow/example_dags/example_datasets.py
[2025-06-03T17:55:59.346+0000] {processor.py:830} INFO - Processing file /home/airflow/.local/lib/python3.8/site-packages/airflow/example_dags/example_datasets.py for tasks to queue
[2025-06-03T17:55:59.349+0000] {logging_mixin.py:188} INFO - [2025-06-03T17:55:59.348+0000] {dagbag.py:538} INFO - Filling up the DagBag from /home/airflow/.local/lib/python3.8/site-packages/airflow/example_dags/example_datasets.py
[2025-06-03T17:55:59.393+0000] {processor.py:840} INFO - DAG(s) 'dataset_produces_1', 'dataset_consumes_unknown_never_scheduled', 'dataset_consumes_1_and_2', 'dataset_consumes_1', 'dataset_produces_2', 'dataset_consumes_1_never_scheduled' retrieved from /home/airflow/.local/lib/python3.8/site-packages/airflow/example_dags/example_datasets.py
[2025-06-03T17:55:59.433+0000] {logging_mixin.py:188} INFO - [2025-06-03T17:55:59.433+0000] {dag.py:3036} INFO - Sync 6 DAGs
[2025-06-03T17:55:59.472+0000] {logging_mixin.py:188} INFO - [2025-06-03T17:55:59.471+0000] {dag.py:3823} INFO - Setting next_dagrun for dataset_consumes_1 to None, run_after=None
[2025-06-03T17:55:59.478+0000] {logging_mixin.py:188} INFO - [2025-06-03T17:55:59.477+0000] {dag.py:3823} INFO - Setting next_dagrun for dataset_consumes_1_and_2 to None, run_after=None
[2025-06-03T17:55:59.483+0000] {logging_mixin.py:188} INFO - [2025-06-03T17:55:59.483+0000] {dag.py:3823} INFO - Setting next_dagrun for dataset_consumes_1_never_scheduled to None, run_after=None
[2025-06-03T17:55:59.484+0000] {logging_mixin.py:188} INFO - [2025-06-03T17:55:59.484+0000] {dag.py:3823} INFO - Setting next_dagrun for dataset_consumes_unknown_never_scheduled to None, run_after=None
[2025-06-03T17:55:59.488+0000] {logging_mixin.py:188} INFO - [2025-06-03T17:55:59.488+0000] {dag.py:3823} INFO - Setting next_dagrun for dataset_produces_1 to 2025-06-02 00:00:00+00:00, run_after=2025-06-03 00:00:00+00:00
[2025-06-03T17:55:59.493+0000] {logging_mixin.py:188} INFO - [2025-06-03T17:55:59.492+0000] {dag.py:3823} INFO - Setting next_dagrun for dataset_produces_2 to None, run_after=None
[2025-06-03T17:55:59.594+0000] {processor.py:183} INFO - Processing /home/airflow/.local/lib/python3.8/site-packages/airflow/example_dags/example_datasets.py took 0.254 seconds
[2025-06-03T17:56:31.385+0000] {processor.py:161} INFO - Started process (PID=123) to work on /home/airflow/.local/lib/python3.8/site-packages/airflow/example_dags/example_datasets.py
[2025-06-03T17:56:31.386+0000] {processor.py:830} INFO - Processing file /home/airflow/.local/lib/python3.8/site-packages/airflow/example_dags/example_datasets.py for tasks to queue
[2025-06-03T17:56:31.388+0000] {logging_mixin.py:188} INFO - [2025-06-03T17:56:31.388+0000] {dagbag.py:538} INFO - Filling up the DagBag from /home/airflow/.local/lib/python3.8/site-packages/airflow/example_dags/example_datasets.py
[2025-06-03T17:56:31.408+0000] {processor.py:840} INFO - DAG(s) 'dataset_consumes_1_and_2', 'dataset_consumes_unknown_never_scheduled', 'dataset_produces_2', 'dataset_consumes_1_never_scheduled', 'dataset_produces_1', 'dataset_consumes_1' retrieved from /home/airflow/.local/lib/python3.8/site-packages/airflow/example_dags/example_datasets.py
[2025-06-03T17:56:31.620+0000] {logging_mixin.py:188} INFO - [2025-06-03T17:56:31.620+0000] {dag.py:3036} INFO - Sync 6 DAGs
[2025-06-03T17:56:31.636+0000] {logging_mixin.py:188} INFO - [2025-06-03T17:56:31.635+0000] {dag.py:3823} INFO - Setting next_dagrun for dataset_consumes_1 to None, run_after=None
[2025-06-03T17:56:31.639+0000] {logging_mixin.py:188} INFO - [2025-06-03T17:56:31.639+0000] {dag.py:3823} INFO - Setting next_dagrun for dataset_consumes_1_and_2 to None, run_after=None
[2025-06-03T17:56:31.640+0000] {logging_mixin.py:188} INFO - [2025-06-03T17:56:31.639+0000] {dag.py:3823} INFO - Setting next_dagrun for dataset_consumes_1_never_scheduled to None, run_after=None
[2025-06-03T17:56:31.649+0000] {logging_mixin.py:188} INFO - [2025-06-03T17:56:31.648+0000] {dag.py:3823} INFO - Setting next_dagrun for dataset_consumes_unknown_never_scheduled to None, run_after=None
[2025-06-03T17:56:31.654+0000] {logging_mixin.py:188} INFO - [2025-06-03T17:56:31.653+0000] {dag.py:3823} INFO - Setting next_dagrun for dataset_produces_1 to 2025-06-02 00:00:00+00:00, run_after=2025-06-03 00:00:00+00:00
[2025-06-03T17:56:31.661+0000] {logging_mixin.py:188} INFO - [2025-06-03T17:56:31.661+0000] {dag.py:3823} INFO - Setting next_dagrun for dataset_produces_2 to None, run_after=None
[2025-06-03T17:56:31.692+0000] {processor.py:183} INFO - Processing /home/airflow/.local/lib/python3.8/site-packages/airflow/example_dags/example_datasets.py took 0.313 seconds
[2025-06-03T17:57:02.145+0000] {processor.py:161} INFO - Started process (PID=178) to work on /home/airflow/.local/lib/python3.8/site-packages/airflow/example_dags/example_datasets.py
[2025-06-03T17:57:02.146+0000] {processor.py:830} INFO - Processing file /home/airflow/.local/lib/python3.8/site-packages/airflow/example_dags/example_datasets.py for tasks to queue
[2025-06-03T17:57:02.146+0000] {logging_mixin.py:188} INFO - [2025-06-03T17:57:02.146+0000] {dagbag.py:538} INFO - Filling up the DagBag from /home/airflow/.local/lib/python3.8/site-packages/airflow/example_dags/example_datasets.py
[2025-06-03T17:57:02.152+0000] {processor.py:840} INFO - DAG(s) 'dataset_consumes_1', 'dataset_consumes_unknown_never_scheduled', 'dataset_consumes_1_never_scheduled', 'dataset_produces_1', 'dataset_consumes_1_and_2', 'dataset_produces_2' retrieved from /home/airflow/.local/lib/python3.8/site-packages/airflow/example_dags/example_datasets.py
[2025-06-03T17:57:02.176+0000] {logging_mixin.py:188} INFO - [2025-06-03T17:57:02.176+0000] {dag.py:3036} INFO - Sync 6 DAGs
[2025-06-03T17:57:02.190+0000] {logging_mixin.py:188} INFO - [2025-06-03T17:57:02.189+0000] {dag.py:3823} INFO - Setting next_dagrun for dataset_consumes_1 to None, run_after=None
[2025-06-03T17:57:02.191+0000] {logging_mixin.py:188} INFO - [2025-06-03T17:57:02.191+0000] {dag.py:3823} INFO - Setting next_dagrun for dataset_consumes_1_and_2 to None, run_after=None
[2025-06-03T17:57:02.192+0000] {logging_mixin.py:188} INFO - [2025-06-03T17:57:02.192+0000] {dag.py:3823} INFO - Setting next_dagrun for dataset_consumes_1_never_scheduled to None, run_after=None
[2025-06-03T17:57:02.193+0000] {logging_mixin.py:188} INFO - [2025-06-03T17:57:02.193+0000] {dag.py:3823} INFO - Setting next_dagrun for dataset_consumes_unknown_never_scheduled to None, run_after=None
[2025-06-03T17:57:02.194+0000] {logging_mixin.py:188} INFO - [2025-06-03T17:57:02.194+0000] {dag.py:3823} INFO - Setting next_dagrun for dataset_produces_1 to 2025-06-02 00:00:00+00:00, run_after=2025-06-03 00:00:00+00:00
[2025-06-03T17:57:02.195+0000] {logging_mixin.py:188} INFO - [2025-06-03T17:57:02.195+0000] {dag.py:3823} INFO - Setting next_dagrun for dataset_produces_2 to None, run_after=None
[2025-06-03T17:57:02.214+0000] {processor.py:183} INFO - Processing /home/airflow/.local/lib/python3.8/site-packages/airflow/example_dags/example_datasets.py took 0.071 seconds
[2025-06-03T17:57:33.128+0000] {processor.py:161} INFO - Started process (PID=233) to work on /home/airflow/.local/lib/python3.8/site-packages/airflow/example_dags/example_datasets.py
[2025-06-03T17:57:33.129+0000] {processor.py:830} INFO - Processing file /home/airflow/.local/lib/python3.8/site-packages/airflow/example_dags/example_datasets.py for tasks to queue
[2025-06-03T17:57:33.130+0000] {logging_mixin.py:188} INFO - [2025-06-03T17:57:33.130+0000] {dagbag.py:538} INFO - Filling up the DagBag from /home/airflow/.local/lib/python3.8/site-packages/airflow/example_dags/example_datasets.py
[2025-06-03T17:57:33.135+0000] {processor.py:840} INFO - DAG(s) 'dataset_produces_2', 'dataset_consumes_1', 'dataset_consumes_unknown_never_scheduled', 'dataset_produces_1', 'dataset_consumes_1_never_scheduled', 'dataset_consumes_1_and_2' retrieved from /home/airflow/.local/lib/python3.8/site-packages/airflow/example_dags/example_datasets.py
[2025-06-03T17:57:33.158+0000] {logging_mixin.py:188} INFO - [2025-06-03T17:57:33.158+0000] {dag.py:3036} INFO - Sync 6 DAGs
[2025-06-03T17:57:33.171+0000] {logging_mixin.py:188} INFO - [2025-06-03T17:57:33.171+0000] {dag.py:3823} INFO - Setting next_dagrun for dataset_consumes_1 to None, run_after=None
[2025-06-03T17:57:33.174+0000] {logging_mixin.py:188} INFO - [2025-06-03T17:57:33.174+0000] {dag.py:3823} INFO - Setting next_dagrun for dataset_consumes_1_and_2 to None, run_after=None
[2025-06-03T17:57:33.175+0000] {logging_mixin.py:188} INFO - [2025-06-03T17:57:33.175+0000] {dag.py:3823} INFO - Setting next_dagrun for dataset_consumes_1_never_scheduled to None, run_after=None
[2025-06-03T17:57:33.176+0000] {logging_mixin.py:188} INFO - [2025-06-03T17:57:33.175+0000] {dag.py:3823} INFO - Setting next_dagrun for dataset_consumes_unknown_never_scheduled to None, run_after=None
[2025-06-03T17:57:33.177+0000] {logging_mixin.py:188} INFO - [2025-06-03T17:57:33.177+0000] {dag.py:3823} INFO - Setting next_dagrun for dataset_produces_1 to 2025-06-02 00:00:00+00:00, run_after=2025-06-03 00:00:00+00:00
[2025-06-03T17:57:33.177+0000] {logging_mixin.py:188} INFO - [2025-06-03T17:57:33.177+0000] {dag.py:3823} INFO - Setting next_dagrun for dataset_produces_2 to None, run_after=None
[2025-06-03T17:57:33.193+0000] {processor.py:183} INFO - Processing /home/airflow/.local/lib/python3.8/site-packages/airflow/example_dags/example_datasets.py took 0.068 seconds
[2025-06-03T17:58:03.444+0000] {processor.py:161} INFO - Started process (PID=288) to work on /home/airflow/.local/lib/python3.8/site-packages/airflow/example_dags/example_datasets.py
[2025-06-03T17:58:03.445+0000] {processor.py:830} INFO - Processing file /home/airflow/.local/lib/python3.8/site-packages/airflow/example_dags/example_datasets.py for tasks to queue
[2025-06-03T17:58:03.446+0000] {logging_mixin.py:188} INFO - [2025-06-03T17:58:03.446+0000] {dagbag.py:538} INFO - Filling up the DagBag from /home/airflow/.local/lib/python3.8/site-packages/airflow/example_dags/example_datasets.py
[2025-06-03T17:58:03.451+0000] {processor.py:840} INFO - DAG(s) 'dataset_consumes_1', 'dataset_produces_2', 'dataset_consumes_1_and_2', 'dataset_produces_1', 'dataset_consumes_unknown_never_scheduled', 'dataset_consumes_1_never_scheduled' retrieved from /home/airflow/.local/lib/python3.8/site-packages/airflow/example_dags/example_datasets.py
[2025-06-03T17:58:03.469+0000] {logging_mixin.py:188} INFO - [2025-06-03T17:58:03.469+0000] {dag.py:3036} INFO - Sync 6 DAGs
[2025-06-03T17:58:03.480+0000] {logging_mixin.py:188} INFO - [2025-06-03T17:58:03.480+0000] {dag.py:3823} INFO - Setting next_dagrun for dataset_consumes_1 to None, run_after=None
[2025-06-03T17:58:03.483+0000] {logging_mixin.py:188} INFO - [2025-06-03T17:58:03.483+0000] {dag.py:3823} INFO - Setting next_dagrun for dataset_consumes_1_and_2 to None, run_after=None
[2025-06-03T17:58:03.485+0000] {logging_mixin.py:188} INFO - [2025-06-03T17:58:03.485+0000] {dag.py:3823} INFO - Setting next_dagrun for dataset_consumes_1_never_scheduled to None, run_after=None
[2025-06-03T17:58:03.486+0000] {logging_mixin.py:188} INFO - [2025-06-03T17:58:03.485+0000] {dag.py:3823} INFO - Setting next_dagrun for dataset_consumes_unknown_never_scheduled to None, run_after=None
[2025-06-03T17:58:03.488+0000] {logging_mixin.py:188} INFO - [2025-06-03T17:58:03.488+0000] {dag.py:3823} INFO - Setting next_dagrun for dataset_produces_1 to 2025-06-02 00:00:00+00:00, run_after=2025-06-03 00:00:00+00:00
[2025-06-03T17:58:03.489+0000] {logging_mixin.py:188} INFO - [2025-06-03T17:58:03.489+0000] {dag.py:3823} INFO - Setting next_dagrun for dataset_produces_2 to None, run_after=None
[2025-06-03T17:58:03.507+0000] {processor.py:183} INFO - Processing /home/airflow/.local/lib/python3.8/site-packages/airflow/example_dags/example_datasets.py took 0.065 seconds
[2025-06-03T17:58:34.206+0000] {processor.py:161} INFO - Started process (PID=343) to work on /home/airflow/.local/lib/python3.8/site-packages/airflow/example_dags/example_datasets.py
[2025-06-03T17:58:34.207+0000] {processor.py:830} INFO - Processing file /home/airflow/.local/lib/python3.8/site-packages/airflow/example_dags/example_datasets.py for tasks to queue
[2025-06-03T17:58:34.208+0000] {logging_mixin.py:188} INFO - [2025-06-03T17:58:34.208+0000] {dagbag.py:538} INFO - Filling up the DagBag from /home/airflow/.local/lib/python3.8/site-packages/airflow/example_dags/example_datasets.py
[2025-06-03T17:58:34.213+0000] {processor.py:840} INFO - DAG(s) 'dataset_produces_1', 'dataset_consumes_1_never_scheduled', 'dataset_consumes_unknown_never_scheduled', 'dataset_consumes_1', 'dataset_consumes_1_and_2', 'dataset_produces_2' retrieved from /home/airflow/.local/lib/python3.8/site-packages/airflow/example_dags/example_datasets.py
[2025-06-03T17:58:34.241+0000] {logging_mixin.py:188} INFO - [2025-06-03T17:58:34.240+0000] {dag.py:3036} INFO - Sync 6 DAGs
[2025-06-03T17:58:34.266+0000] {logging_mixin.py:188} INFO - [2025-06-03T17:58:34.265+0000] {dag.py:3823} INFO - Setting next_dagrun for dataset_consumes_1 to None, run_after=None
[2025-06-03T17:58:34.268+0000] {logging_mixin.py:188} INFO - [2025-06-03T17:58:34.267+0000] {dag.py:3823} INFO - Setting next_dagrun for dataset_consumes_1_and_2 to None, run_after=None
[2025-06-03T17:58:34.271+0000] {logging_mixin.py:188} INFO - [2025-06-03T17:58:34.271+0000] {dag.py:3823} INFO - Setting next_dagrun for dataset_consumes_1_never_scheduled to None, run_after=None
[2025-06-03T17:58:34.272+0000] {logging_mixin.py:188} INFO - [2025-06-03T17:58:34.272+0000] {dag.py:3823} INFO - Setting next_dagrun for dataset_consumes_unknown_never_scheduled to None, run_after=None
[2025-06-03T17:58:34.274+0000] {logging_mixin.py:188} INFO - [2025-06-03T17:58:34.274+0000] {dag.py:3823} INFO - Setting next_dagrun for dataset_produces_1 to 2025-06-02 00:00:00+00:00, run_after=2025-06-03 00:00:00+00:00
[2025-06-03T17:58:34.275+0000] {logging_mixin.py:188} INFO - [2025-06-03T17:58:34.275+0000] {dag.py:3823} INFO - Setting next_dagrun for dataset_produces_2 to None, run_after=None
[2025-06-03T17:58:34.305+0000] {processor.py:183} INFO - Processing /home/airflow/.local/lib/python3.8/site-packages/airflow/example_dags/example_datasets.py took 0.101 seconds
[2025-06-03T17:59:04.567+0000] {processor.py:161} INFO - Started process (PID=398) to work on /home/airflow/.local/lib/python3.8/site-packages/airflow/example_dags/example_datasets.py
[2025-06-03T17:59:04.568+0000] {processor.py:830} INFO - Processing file /home/airflow/.local/lib/python3.8/site-packages/airflow/example_dags/example_datasets.py for tasks to queue
[2025-06-03T17:59:04.569+0000] {logging_mixin.py:188} INFO - [2025-06-03T17:59:04.569+0000] {dagbag.py:538} INFO - Filling up the DagBag from /home/airflow/.local/lib/python3.8/site-packages/airflow/example_dags/example_datasets.py
[2025-06-03T17:59:04.576+0000] {processor.py:840} INFO - DAG(s) 'dataset_produces_1', 'dataset_consumes_1_never_scheduled', 'dataset_consumes_unknown_never_scheduled', 'dataset_consumes_1_and_2', 'dataset_consumes_1', 'dataset_produces_2' retrieved from /home/airflow/.local/lib/python3.8/site-packages/airflow/example_dags/example_datasets.py
[2025-06-03T17:59:04.644+0000] {logging_mixin.py:188} INFO - [2025-06-03T17:59:04.644+0000] {dag.py:3036} INFO - Sync 6 DAGs
[2025-06-03T17:59:04.656+0000] {logging_mixin.py:188} INFO - [2025-06-03T17:59:04.655+0000] {dag.py:3823} INFO - Setting next_dagrun for dataset_consumes_1 to None, run_after=None
[2025-06-03T17:59:04.658+0000] {logging_mixin.py:188} INFO - [2025-06-03T17:59:04.658+0000] {dag.py:3823} INFO - Setting next_dagrun for dataset_consumes_1_and_2 to None, run_after=None
[2025-06-03T17:59:04.659+0000] {logging_mixin.py:188} INFO - [2025-06-03T17:59:04.659+0000] {dag.py:3823} INFO - Setting next_dagrun for dataset_consumes_1_never_scheduled to None, run_after=None
[2025-06-03T17:59:04.660+0000] {logging_mixin.py:188} INFO - [2025-06-03T17:59:04.660+0000] {dag.py:3823} INFO - Setting next_dagrun for dataset_consumes_unknown_never_scheduled to None, run_after=None
[2025-06-03T17:59:04.661+0000] {logging_mixin.py:188} INFO - [2025-06-03T17:59:04.661+0000] {dag.py:3823} INFO - Setting next_dagrun for dataset_produces_1 to 2025-06-02 00:00:00+00:00, run_after=2025-06-03 00:00:00+00:00
[2025-06-03T17:59:04.662+0000] {logging_mixin.py:188} INFO - [2025-06-03T17:59:04.662+0000] {dag.py:3823} INFO - Setting next_dagrun for dataset_produces_2 to None, run_after=None
[2025-06-03T17:59:04.682+0000] {processor.py:183} INFO - Processing /home/airflow/.local/lib/python3.8/site-packages/airflow/example_dags/example_datasets.py took 0.116 seconds
[2025-06-03T17:59:34.876+0000] {processor.py:161} INFO - Started process (PID=453) to work on /home/airflow/.local/lib/python3.8/site-packages/airflow/example_dags/example_datasets.py
[2025-06-03T17:59:34.877+0000] {processor.py:830} INFO - Processing file /home/airflow/.local/lib/python3.8/site-packages/airflow/example_dags/example_datasets.py for tasks to queue
[2025-06-03T17:59:34.879+0000] {logging_mixin.py:188} INFO - [2025-06-03T17:59:34.879+0000] {dagbag.py:538} INFO - Filling up the DagBag from /home/airflow/.local/lib/python3.8/site-packages/airflow/example_dags/example_datasets.py
[2025-06-03T17:59:34.887+0000] {processor.py:840} INFO - DAG(s) 'dataset_produces_2', 'dataset_consumes_1_and_2', 'dataset_produces_1', 'dataset_consumes_1_never_scheduled', 'dataset_consumes_unknown_never_scheduled', 'dataset_consumes_1' retrieved from /home/airflow/.local/lib/python3.8/site-packages/airflow/example_dags/example_datasets.py
[2025-06-03T17:59:34.904+0000] {logging_mixin.py:188} INFO - [2025-06-03T17:59:34.904+0000] {dag.py:3036} INFO - Sync 6 DAGs
[2025-06-03T17:59:34.918+0000] {logging_mixin.py:188} INFO - [2025-06-03T17:59:34.918+0000] {dag.py:3823} INFO - Setting next_dagrun for dataset_consumes_1 to None, run_after=None
[2025-06-03T17:59:34.921+0000] {logging_mixin.py:188} INFO - [2025-06-03T17:59:34.921+0000] {dag.py:3823} INFO - Setting next_dagrun for dataset_consumes_1_and_2 to None, run_after=None
[2025-06-03T17:59:34.925+0000] {logging_mixin.py:188} INFO - [2025-06-03T17:59:34.925+0000] {dag.py:3823} INFO - Setting next_dagrun for dataset_consumes_1_never_scheduled to None, run_after=None
[2025-06-03T17:59:34.927+0000] {logging_mixin.py:188} INFO - [2025-06-03T17:59:34.927+0000] {dag.py:3823} INFO - Setting next_dagrun for dataset_consumes_unknown_never_scheduled to None, run_after=None
[2025-06-03T17:59:34.929+0000] {logging_mixin.py:188} INFO - [2025-06-03T17:59:34.928+0000] {dag.py:3823} INFO - Setting next_dagrun for dataset_produces_1 to 2025-06-02 00:00:00+00:00, run_after=2025-06-03 00:00:00+00:00
[2025-06-03T17:59:34.931+0000] {logging_mixin.py:188} INFO - [2025-06-03T17:59:34.931+0000] {dag.py:3823} INFO - Setting next_dagrun for dataset_produces_2 to None, run_after=None
[2025-06-03T17:59:34.951+0000] {processor.py:183} INFO - Processing /home/airflow/.local/lib/python3.8/site-packages/airflow/example_dags/example_datasets.py took 0.077 seconds
[2025-06-03T18:00:05.331+0000] {processor.py:161} INFO - Started process (PID=508) to work on /home/airflow/.local/lib/python3.8/site-packages/airflow/example_dags/example_datasets.py
[2025-06-03T18:00:05.332+0000] {processor.py:830} INFO - Processing file /home/airflow/.local/lib/python3.8/site-packages/airflow/example_dags/example_datasets.py for tasks to queue
[2025-06-03T18:00:05.333+0000] {logging_mixin.py:188} INFO - [2025-06-03T18:00:05.333+0000] {dagbag.py:538} INFO - Filling up the DagBag from /home/airflow/.local/lib/python3.8/site-packages/airflow/example_dags/example_datasets.py
[2025-06-03T18:00:05.343+0000] {processor.py:840} INFO - DAG(s) 'dataset_consumes_unknown_never_scheduled', 'dataset_consumes_1', 'dataset_consumes_1_never_scheduled', 'dataset_produces_2', 'dataset_produces_1', 'dataset_consumes_1_and_2' retrieved from /home/airflow/.local/lib/python3.8/site-packages/airflow/example_dags/example_datasets.py
[2025-06-03T18:00:05.363+0000] {logging_mixin.py:188} INFO - [2025-06-03T18:00:05.363+0000] {dag.py:3036} INFO - Sync 6 DAGs
[2025-06-03T18:00:05.445+0000] {logging_mixin.py:188} INFO - [2025-06-03T18:00:05.444+0000] {dag.py:3823} INFO - Setting next_dagrun for dataset_consumes_1 to None, run_after=None
[2025-06-03T18:00:05.455+0000] {logging_mixin.py:188} INFO - [2025-06-03T18:00:05.455+0000] {dag.py:3823} INFO - Setting next_dagrun for dataset_consumes_1_and_2 to None, run_after=None
[2025-06-03T18:00:05.457+0000] {logging_mixin.py:188} INFO - [2025-06-03T18:00:05.457+0000] {dag.py:3823} INFO - Setting next_dagrun for dataset_consumes_1_never_scheduled to None, run_after=None
[2025-06-03T18:00:05.459+0000] {logging_mixin.py:188} INFO - [2025-06-03T18:00:05.459+0000] {dag.py:3823} INFO - Setting next_dagrun for dataset_consumes_unknown_never_scheduled to None, run_after=None
[2025-06-03T18:00:05.461+0000] {logging_mixin.py:188} INFO - [2025-06-03T18:00:05.461+0000] {dag.py:3823} INFO - Setting next_dagrun for dataset_produces_1 to 2025-06-02 00:00:00+00:00, run_after=2025-06-03 00:00:00+00:00
[2025-06-03T18:00:05.462+0000] {logging_mixin.py:188} INFO - [2025-06-03T18:00:05.462+0000] {dag.py:3823} INFO - Setting next_dagrun for dataset_produces_2 to None, run_after=None
[2025-06-03T18:00:05.486+0000] {processor.py:183} INFO - Processing /home/airflow/.local/lib/python3.8/site-packages/airflow/example_dags/example_datasets.py took 0.158 seconds
[2025-06-03T18:00:35.577+0000] {processor.py:161} INFO - Started process (PID=563) to work on /home/airflow/.local/lib/python3.8/site-packages/airflow/example_dags/example_datasets.py
[2025-06-03T18:00:35.578+0000] {processor.py:830} INFO - Processing file /home/airflow/.local/lib/python3.8/site-packages/airflow/example_dags/example_datasets.py for tasks to queue
[2025-06-03T18:00:35.579+0000] {logging_mixin.py:188} INFO - [2025-06-03T18:00:35.579+0000] {dagbag.py:538} INFO - Filling up the DagBag from /home/airflow/.local/lib/python3.8/site-packages/airflow/example_dags/example_datasets.py
[2025-06-03T18:00:35.587+0000] {processor.py:840} INFO - DAG(s) 'dataset_consumes_1_and_2', 'dataset_produces_2', 'dataset_consumes_1_never_scheduled', 'dataset_consumes_unknown_never_scheduled', 'dataset_consumes_1', 'dataset_produces_1' retrieved from /home/airflow/.local/lib/python3.8/site-packages/airflow/example_dags/example_datasets.py
[2025-06-03T18:00:35.612+0000] {logging_mixin.py:188} INFO - [2025-06-03T18:00:35.611+0000] {dag.py:3036} INFO - Sync 6 DAGs
[2025-06-03T18:00:35.627+0000] {logging_mixin.py:188} INFO - [2025-06-03T18:00:35.627+0000] {dag.py:3823} INFO - Setting next_dagrun for dataset_consumes_1 to None, run_after=None
[2025-06-03T18:00:35.629+0000] {logging_mixin.py:188} INFO - [2025-06-03T18:00:35.629+0000] {dag.py:3823} INFO - Setting next_dagrun for dataset_consumes_1_and_2 to None, run_after=None
[2025-06-03T18:00:35.631+0000] {logging_mixin.py:188} INFO - [2025-06-03T18:00:35.631+0000] {dag.py:3823} INFO - Setting next_dagrun for dataset_consumes_1_never_scheduled to None, run_after=None
[2025-06-03T18:00:35.632+0000] {logging_mixin.py:188} INFO - [2025-06-03T18:00:35.632+0000] {dag.py:3823} INFO - Setting next_dagrun for dataset_consumes_unknown_never_scheduled to None, run_after=None
[2025-06-03T18:00:35.633+0000] {logging_mixin.py:188} INFO - [2025-06-03T18:00:35.633+0000] {dag.py:3823} INFO - Setting next_dagrun for dataset_produces_1 to 2025-06-02 00:00:00+00:00, run_after=2025-06-03 00:00:00+00:00
[2025-06-03T18:00:35.635+0000] {logging_mixin.py:188} INFO - [2025-06-03T18:00:35.635+0000] {dag.py:3823} INFO - Setting next_dagrun for dataset_produces_2 to None, run_after=None
[2025-06-03T18:00:35.656+0000] {processor.py:183} INFO - Processing /home/airflow/.local/lib/python3.8/site-packages/airflow/example_dags/example_datasets.py took 0.082 seconds
[2025-06-03T18:01:05.847+0000] {processor.py:161} INFO - Started process (PID=618) to work on /home/airflow/.local/lib/python3.8/site-packages/airflow/example_dags/example_datasets.py
[2025-06-03T18:01:05.849+0000] {processor.py:830} INFO - Processing file /home/airflow/.local/lib/python3.8/site-packages/airflow/example_dags/example_datasets.py for tasks to queue
[2025-06-03T18:01:05.850+0000] {logging_mixin.py:188} INFO - [2025-06-03T18:01:05.850+0000] {dagbag.py:538} INFO - Filling up the DagBag from /home/airflow/.local/lib/python3.8/site-packages/airflow/example_dags/example_datasets.py
[2025-06-03T18:01:05.855+0000] {processor.py:840} INFO - DAG(s) 'dataset_produces_1', 'dataset_produces_2', 'dataset_consumes_1_never_scheduled', 'dataset_consumes_unknown_never_scheduled', 'dataset_consumes_1_and_2', 'dataset_consumes_1' retrieved from /home/airflow/.local/lib/python3.8/site-packages/airflow/example_dags/example_datasets.py
[2025-06-03T18:01:05.874+0000] {logging_mixin.py:188} INFO - [2025-06-03T18:01:05.873+0000] {dag.py:3036} INFO - Sync 6 DAGs
[2025-06-03T18:01:05.882+0000] {logging_mixin.py:188} INFO - [2025-06-03T18:01:05.882+0000] {dag.py:3823} INFO - Setting next_dagrun for dataset_consumes_1 to None, run_after=None
[2025-06-03T18:01:05.884+0000] {logging_mixin.py:188} INFO - [2025-06-03T18:01:05.884+0000] {dag.py:3823} INFO - Setting next_dagrun for dataset_consumes_1_and_2 to None, run_after=None
[2025-06-03T18:01:05.884+0000] {logging_mixin.py:188} INFO - [2025-06-03T18:01:05.884+0000] {dag.py:3823} INFO - Setting next_dagrun for dataset_consumes_1_never_scheduled to None, run_after=None
[2025-06-03T18:01:05.885+0000] {logging_mixin.py:188} INFO - [2025-06-03T18:01:05.885+0000] {dag.py:3823} INFO - Setting next_dagrun for dataset_consumes_unknown_never_scheduled to None, run_after=None
[2025-06-03T18:01:05.886+0000] {logging_mixin.py:188} INFO - [2025-06-03T18:01:05.886+0000] {dag.py:3823} INFO - Setting next_dagrun for dataset_produces_1 to 2025-06-02 00:00:00+00:00, run_after=2025-06-03 00:00:00+00:00
[2025-06-03T18:01:05.887+0000] {logging_mixin.py:188} INFO - [2025-06-03T18:01:05.887+0000] {dag.py:3823} INFO - Setting next_dagrun for dataset_produces_2 to None, run_after=None
[2025-06-03T18:01:05.902+0000] {processor.py:183} INFO - Processing /home/airflow/.local/lib/python3.8/site-packages/airflow/example_dags/example_datasets.py took 0.056 seconds
