[2025-06-03T17:55:58.523+0000] {processor.py:161} INFO - Started process (PID=63) to work on /home/airflow/.local/lib/python3.8/site-packages/airflow/example_dags/example_sla_dag.py
[2025-06-03T17:55:58.524+0000] {processor.py:830} INFO - Processing file /home/airflow/.local/lib/python3.8/site-packages/airflow/example_dags/example_sla_dag.py for tasks to queue
[2025-06-03T17:55:58.536+0000] {logging_mixin.py:188} INFO - [2025-06-03T17:55:58.535+0000] {dagbag.py:538} INFO - Filling up the DagBag from /home/airflow/.local/lib/python3.8/site-packages/airflow/example_dags/example_sla_dag.py
[2025-06-03T17:55:58.570+0000] {processor.py:840} INFO - DAG(s) 'example_sla_dag' retrieved from /home/airflow/.local/lib/python3.8/site-packages/airflow/example_dags/example_sla_dag.py
[2025-06-03T17:55:58.620+0000] {logging_mixin.py:188} INFO - [2025-06-03T17:55:58.617+0000] {dag.py:3036} INFO - Sync 1 DAGs
[2025-06-03T17:55:58.739+0000] {logging_mixin.py:188} INFO - [2025-06-03T17:55:58.738+0000] {dag.py:3823} INFO - Setting next_dagrun for example_sla_dag to 2025-06-03 17:52:00+00:00, run_after=2025-06-03 17:54:00+00:00
[2025-06-03T17:55:58.800+0000] {processor.py:183} INFO - Processing /home/airflow/.local/lib/python3.8/site-packages/airflow/example_dags/example_sla_dag.py took 0.302 seconds
[2025-06-03T17:56:29.454+0000] {processor.py:161} INFO - Started process (PID=118) to work on /home/airflow/.local/lib/python3.8/site-packages/airflow/example_dags/example_sla_dag.py
[2025-06-03T17:56:29.457+0000] {processor.py:830} INFO - Processing file /home/airflow/.local/lib/python3.8/site-packages/airflow/example_dags/example_sla_dag.py for tasks to queue
[2025-06-03T17:56:29.460+0000] {logging_mixin.py:188} INFO - [2025-06-03T17:56:29.459+0000] {dagbag.py:538} INFO - Filling up the DagBag from /home/airflow/.local/lib/python3.8/site-packages/airflow/example_dags/example_sla_dag.py
[2025-06-03T17:56:29.476+0000] {processor.py:840} INFO - DAG(s) 'example_sla_dag' retrieved from /home/airflow/.local/lib/python3.8/site-packages/airflow/example_dags/example_sla_dag.py
[2025-06-03T17:56:29.618+0000] {logging_mixin.py:188} INFO - [2025-06-03T17:56:29.618+0000] {dag.py:3036} INFO - Sync 1 DAGs
[2025-06-03T17:56:29.655+0000] {logging_mixin.py:188} INFO - [2025-06-03T17:56:29.655+0000] {dag.py:3823} INFO - Setting next_dagrun for example_sla_dag to 2025-06-03 17:54:00+00:00, run_after=2025-06-03 17:56:00+00:00
[2025-06-03T17:56:29.689+0000] {processor.py:183} INFO - Processing /home/airflow/.local/lib/python3.8/site-packages/airflow/example_dags/example_sla_dag.py took 0.243 seconds
[2025-06-03T17:57:00.766+0000] {processor.py:161} INFO - Started process (PID=173) to work on /home/airflow/.local/lib/python3.8/site-packages/airflow/example_dags/example_sla_dag.py
[2025-06-03T17:57:00.770+0000] {processor.py:830} INFO - Processing file /home/airflow/.local/lib/python3.8/site-packages/airflow/example_dags/example_sla_dag.py for tasks to queue
[2025-06-03T17:57:00.777+0000] {logging_mixin.py:188} INFO - [2025-06-03T17:57:00.777+0000] {dagbag.py:538} INFO - Filling up the DagBag from /home/airflow/.local/lib/python3.8/site-packages/airflow/example_dags/example_sla_dag.py
[2025-06-03T17:57:00.811+0000] {processor.py:840} INFO - DAG(s) 'example_sla_dag' retrieved from /home/airflow/.local/lib/python3.8/site-packages/airflow/example_dags/example_sla_dag.py
[2025-06-03T17:57:00.850+0000] {logging_mixin.py:188} INFO - [2025-06-03T17:57:00.850+0000] {dag.py:3036} INFO - Sync 1 DAGs
[2025-06-03T17:57:00.908+0000] {logging_mixin.py:188} INFO - [2025-06-03T17:57:00.907+0000] {dag.py:3823} INFO - Setting next_dagrun for example_sla_dag to 2025-06-03 17:54:00+00:00, run_after=2025-06-03 17:56:00+00:00
[2025-06-03T17:57:00.950+0000] {processor.py:183} INFO - Processing /home/airflow/.local/lib/python3.8/site-packages/airflow/example_dags/example_sla_dag.py took 0.191 seconds
[2025-06-03T17:57:31.866+0000] {processor.py:161} INFO - Started process (PID=228) to work on /home/airflow/.local/lib/python3.8/site-packages/airflow/example_dags/example_sla_dag.py
[2025-06-03T17:57:31.868+0000] {processor.py:830} INFO - Processing file /home/airflow/.local/lib/python3.8/site-packages/airflow/example_dags/example_sla_dag.py for tasks to queue
[2025-06-03T17:57:31.871+0000] {logging_mixin.py:188} INFO - [2025-06-03T17:57:31.871+0000] {dagbag.py:538} INFO - Filling up the DagBag from /home/airflow/.local/lib/python3.8/site-packages/airflow/example_dags/example_sla_dag.py
[2025-06-03T17:57:31.877+0000] {processor.py:840} INFO - DAG(s) 'example_sla_dag' retrieved from /home/airflow/.local/lib/python3.8/site-packages/airflow/example_dags/example_sla_dag.py
[2025-06-03T17:57:31.891+0000] {logging_mixin.py:188} INFO - [2025-06-03T17:57:31.891+0000] {dag.py:3036} INFO - Sync 1 DAGs
[2025-06-03T17:57:31.907+0000] {logging_mixin.py:188} INFO - [2025-06-03T17:57:31.907+0000] {dag.py:3823} INFO - Setting next_dagrun for example_sla_dag to 2025-06-03 17:54:00+00:00, run_after=2025-06-03 17:56:00+00:00
[2025-06-03T17:57:31.917+0000] {processor.py:183} INFO - Processing /home/airflow/.local/lib/python3.8/site-packages/airflow/example_dags/example_sla_dag.py took 0.054 seconds
[2025-06-03T17:58:02.250+0000] {processor.py:161} INFO - Started process (PID=283) to work on /home/airflow/.local/lib/python3.8/site-packages/airflow/example_dags/example_sla_dag.py
[2025-06-03T17:58:02.252+0000] {processor.py:830} INFO - Processing file /home/airflow/.local/lib/python3.8/site-packages/airflow/example_dags/example_sla_dag.py for tasks to queue
[2025-06-03T17:58:02.256+0000] {logging_mixin.py:188} INFO - [2025-06-03T17:58:02.256+0000] {dagbag.py:538} INFO - Filling up the DagBag from /home/airflow/.local/lib/python3.8/site-packages/airflow/example_dags/example_sla_dag.py
[2025-06-03T17:58:02.263+0000] {processor.py:840} INFO - DAG(s) 'example_sla_dag' retrieved from /home/airflow/.local/lib/python3.8/site-packages/airflow/example_dags/example_sla_dag.py
[2025-06-03T17:58:02.276+0000] {logging_mixin.py:188} INFO - [2025-06-03T17:58:02.276+0000] {dag.py:3036} INFO - Sync 1 DAGs
[2025-06-03T17:58:02.290+0000] {logging_mixin.py:188} INFO - [2025-06-03T17:58:02.290+0000] {dag.py:3823} INFO - Setting next_dagrun for example_sla_dag to 2025-06-03 17:56:00+00:00, run_after=2025-06-03 17:58:00+00:00
[2025-06-03T17:58:02.302+0000] {processor.py:183} INFO - Processing /home/airflow/.local/lib/python3.8/site-packages/airflow/example_dags/example_sla_dag.py took 0.055 seconds
[2025-06-03T17:58:32.981+0000] {processor.py:161} INFO - Started process (PID=338) to work on /home/airflow/.local/lib/python3.8/site-packages/airflow/example_dags/example_sla_dag.py
[2025-06-03T17:58:32.986+0000] {processor.py:830} INFO - Processing file /home/airflow/.local/lib/python3.8/site-packages/airflow/example_dags/example_sla_dag.py for tasks to queue
[2025-06-03T17:58:32.989+0000] {logging_mixin.py:188} INFO - [2025-06-03T17:58:32.989+0000] {dagbag.py:538} INFO - Filling up the DagBag from /home/airflow/.local/lib/python3.8/site-packages/airflow/example_dags/example_sla_dag.py
[2025-06-03T17:58:32.994+0000] {processor.py:840} INFO - DAG(s) 'example_sla_dag' retrieved from /home/airflow/.local/lib/python3.8/site-packages/airflow/example_dags/example_sla_dag.py
[2025-06-03T17:58:33.007+0000] {logging_mixin.py:188} INFO - [2025-06-03T17:58:33.007+0000] {dag.py:3036} INFO - Sync 1 DAGs
[2025-06-03T17:58:33.022+0000] {logging_mixin.py:188} INFO - [2025-06-03T17:58:33.022+0000] {dag.py:3823} INFO - Setting next_dagrun for example_sla_dag to 2025-06-03 17:56:00+00:00, run_after=2025-06-03 17:58:00+00:00
[2025-06-03T17:58:33.035+0000] {processor.py:183} INFO - Processing /home/airflow/.local/lib/python3.8/site-packages/airflow/example_dags/example_sla_dag.py took 0.057 seconds
[2025-06-03T17:59:03.331+0000] {processor.py:161} INFO - Started process (PID=393) to work on /home/airflow/.local/lib/python3.8/site-packages/airflow/example_dags/example_sla_dag.py
[2025-06-03T17:59:03.332+0000] {processor.py:830} INFO - Processing file /home/airflow/.local/lib/python3.8/site-packages/airflow/example_dags/example_sla_dag.py for tasks to queue
[2025-06-03T17:59:03.336+0000] {logging_mixin.py:188} INFO - [2025-06-03T17:59:03.335+0000] {dagbag.py:538} INFO - Filling up the DagBag from /home/airflow/.local/lib/python3.8/site-packages/airflow/example_dags/example_sla_dag.py
[2025-06-03T17:59:03.342+0000] {processor.py:840} INFO - DAG(s) 'example_sla_dag' retrieved from /home/airflow/.local/lib/python3.8/site-packages/airflow/example_dags/example_sla_dag.py
[2025-06-03T17:59:03.354+0000] {logging_mixin.py:188} INFO - [2025-06-03T17:59:03.354+0000] {dag.py:3036} INFO - Sync 1 DAGs
[2025-06-03T17:59:03.371+0000] {logging_mixin.py:188} INFO - [2025-06-03T17:59:03.371+0000] {dag.py:3823} INFO - Setting next_dagrun for example_sla_dag to 2025-06-03 17:56:00+00:00, run_after=2025-06-03 17:58:00+00:00
[2025-06-03T17:59:03.385+0000] {processor.py:183} INFO - Processing /home/airflow/.local/lib/python3.8/site-packages/airflow/example_dags/example_sla_dag.py took 0.058 seconds
[2025-06-03T17:59:33.652+0000] {processor.py:161} INFO - Started process (PID=448) to work on /home/airflow/.local/lib/python3.8/site-packages/airflow/example_dags/example_sla_dag.py
[2025-06-03T17:59:33.655+0000] {processor.py:830} INFO - Processing file /home/airflow/.local/lib/python3.8/site-packages/airflow/example_dags/example_sla_dag.py for tasks to queue
[2025-06-03T17:59:33.657+0000] {logging_mixin.py:188} INFO - [2025-06-03T17:59:33.657+0000] {dagbag.py:538} INFO - Filling up the DagBag from /home/airflow/.local/lib/python3.8/site-packages/airflow/example_dags/example_sla_dag.py
[2025-06-03T17:59:33.663+0000] {processor.py:840} INFO - DAG(s) 'example_sla_dag' retrieved from /home/airflow/.local/lib/python3.8/site-packages/airflow/example_dags/example_sla_dag.py
[2025-06-03T17:59:33.680+0000] {logging_mixin.py:188} INFO - [2025-06-03T17:59:33.679+0000] {dag.py:3036} INFO - Sync 1 DAGs
[2025-06-03T17:59:33.695+0000] {logging_mixin.py:188} INFO - [2025-06-03T17:59:33.695+0000] {dag.py:3823} INFO - Setting next_dagrun for example_sla_dag to 2025-06-03 17:56:00+00:00, run_after=2025-06-03 17:58:00+00:00
[2025-06-03T17:59:33.709+0000] {processor.py:183} INFO - Processing /home/airflow/.local/lib/python3.8/site-packages/airflow/example_dags/example_sla_dag.py took 0.059 seconds
[2025-06-03T18:00:04.124+0000] {processor.py:161} INFO - Started process (PID=503) to work on /home/airflow/.local/lib/python3.8/site-packages/airflow/example_dags/example_sla_dag.py
[2025-06-03T18:00:04.124+0000] {processor.py:830} INFO - Processing file /home/airflow/.local/lib/python3.8/site-packages/airflow/example_dags/example_sla_dag.py for tasks to queue
[2025-06-03T18:00:04.126+0000] {logging_mixin.py:188} INFO - [2025-06-03T18:00:04.125+0000] {dagbag.py:538} INFO - Filling up the DagBag from /home/airflow/.local/lib/python3.8/site-packages/airflow/example_dags/example_sla_dag.py
[2025-06-03T18:00:04.132+0000] {processor.py:840} INFO - DAG(s) 'example_sla_dag' retrieved from /home/airflow/.local/lib/python3.8/site-packages/airflow/example_dags/example_sla_dag.py
[2025-06-03T18:00:04.145+0000] {logging_mixin.py:188} INFO - [2025-06-03T18:00:04.145+0000] {dag.py:3036} INFO - Sync 1 DAGs
[2025-06-03T18:00:04.158+0000] {logging_mixin.py:188} INFO - [2025-06-03T18:00:04.158+0000] {dag.py:3823} INFO - Setting next_dagrun for example_sla_dag to 2025-06-03 17:58:00+00:00, run_after=2025-06-03 18:00:00+00:00
[2025-06-03T18:00:04.172+0000] {processor.py:183} INFO - Processing /home/airflow/.local/lib/python3.8/site-packages/airflow/example_dags/example_sla_dag.py took 0.050 seconds
[2025-06-03T18:00:34.340+0000] {processor.py:161} INFO - Started process (PID=558) to work on /home/airflow/.local/lib/python3.8/site-packages/airflow/example_dags/example_sla_dag.py
[2025-06-03T18:00:34.342+0000] {processor.py:830} INFO - Processing file /home/airflow/.local/lib/python3.8/site-packages/airflow/example_dags/example_sla_dag.py for tasks to queue
[2025-06-03T18:00:34.344+0000] {logging_mixin.py:188} INFO - [2025-06-03T18:00:34.344+0000] {dagbag.py:538} INFO - Filling up the DagBag from /home/airflow/.local/lib/python3.8/site-packages/airflow/example_dags/example_sla_dag.py
[2025-06-03T18:00:34.352+0000] {processor.py:840} INFO - DAG(s) 'example_sla_dag' retrieved from /home/airflow/.local/lib/python3.8/site-packages/airflow/example_dags/example_sla_dag.py
[2025-06-03T18:00:34.371+0000] {logging_mixin.py:188} INFO - [2025-06-03T18:00:34.371+0000] {dag.py:3036} INFO - Sync 1 DAGs
[2025-06-03T18:00:34.389+0000] {logging_mixin.py:188} INFO - [2025-06-03T18:00:34.389+0000] {dag.py:3823} INFO - Setting next_dagrun for example_sla_dag to 2025-06-03 17:58:00+00:00, run_after=2025-06-03 18:00:00+00:00
[2025-06-03T18:00:34.404+0000] {processor.py:183} INFO - Processing /home/airflow/.local/lib/python3.8/site-packages/airflow/example_dags/example_sla_dag.py took 0.069 seconds
[2025-06-03T18:01:04.649+0000] {processor.py:161} INFO - Started process (PID=613) to work on /home/airflow/.local/lib/python3.8/site-packages/airflow/example_dags/example_sla_dag.py
[2025-06-03T18:01:04.652+0000] {processor.py:830} INFO - Processing file /home/airflow/.local/lib/python3.8/site-packages/airflow/example_dags/example_sla_dag.py for tasks to queue
[2025-06-03T18:01:04.653+0000] {logging_mixin.py:188} INFO - [2025-06-03T18:01:04.653+0000] {dagbag.py:538} INFO - Filling up the DagBag from /home/airflow/.local/lib/python3.8/site-packages/airflow/example_dags/example_sla_dag.py
[2025-06-03T18:01:04.660+0000] {processor.py:840} INFO - DAG(s) 'example_sla_dag' retrieved from /home/airflow/.local/lib/python3.8/site-packages/airflow/example_dags/example_sla_dag.py
[2025-06-03T18:01:04.671+0000] {logging_mixin.py:188} INFO - [2025-06-03T18:01:04.671+0000] {dag.py:3036} INFO - Sync 1 DAGs
[2025-06-03T18:01:04.686+0000] {logging_mixin.py:188} INFO - [2025-06-03T18:01:04.686+0000] {dag.py:3823} INFO - Setting next_dagrun for example_sla_dag to 2025-06-03 17:58:00+00:00, run_after=2025-06-03 18:00:00+00:00
[2025-06-03T18:01:04.693+0000] {processor.py:183} INFO - Processing /home/airflow/.local/lib/python3.8/site-packages/airflow/example_dags/example_sla_dag.py took 0.047 seconds
