[2025-06-03T17:55:56.703+0000] {processor.py:161} INFO - Started process (PID=48) to work on /home/airflow/.local/lib/python3.8/site-packages/airflow/example_dags/example_branch_datetime_operator.py
[2025-06-03T17:55:56.703+0000] {processor.py:830} INFO - Processing file /home/airflow/.local/lib/python3.8/site-packages/airflow/example_dags/example_branch_datetime_operator.py for tasks to queue
[2025-06-03T17:55:56.705+0000] {logging_mixin.py:188} INFO - [2025-06-03T17:55:56.704+0000] {dagbag.py:538} INFO - Filling up the DagBag from /home/airflow/.local/lib/python3.8/site-packages/airflow/example_dags/example_branch_datetime_operator.py
[2025-06-03T17:55:56.712+0000] {processor.py:840} INFO - DAG(s) 'example_branch_datetime_operator_2', 'example_branch_datetime_operator', 'example_branch_datetime_operator_3' retrieved from /home/airflow/.local/lib/python3.8/site-packages/airflow/example_dags/example_branch_datetime_operator.py
[2025-06-03T17:55:56.722+0000] {logging_mixin.py:188} INFO - [2025-06-03T17:55:56.722+0000] {dag.py:3036} INFO - Sync 3 DAGs
[2025-06-03T17:55:56.734+0000] {logging_mixin.py:188} INFO - [2025-06-03T17:55:56.734+0000] {dag.py:3823} INFO - Setting next_dagrun for example_branch_datetime_operator to 2025-06-02 00:00:00+00:00, run_after=2025-06-03 00:00:00+00:00
[2025-06-03T17:55:56.736+0000] {logging_mixin.py:188} INFO - [2025-06-03T17:55:56.736+0000] {dag.py:3823} INFO - Setting next_dagrun for example_branch_datetime_operator_2 to 2025-06-02 00:00:00+00:00, run_after=2025-06-03 00:00:00+00:00
[2025-06-03T17:55:56.737+0000] {logging_mixin.py:188} INFO - [2025-06-03T17:55:56.737+0000] {dag.py:3823} INFO - Setting next_dagrun for example_branch_datetime_operator_3 to 2025-06-02 00:00:00+00:00, run_after=2025-06-03 00:00:00+00:00
[2025-06-03T17:55:56.747+0000] {processor.py:183} INFO - Processing /home/airflow/.local/lib/python3.8/site-packages/airflow/example_dags/example_branch_datetime_operator.py took 0.047 seconds
[2025-06-03T17:56:27.589+0000] {processor.py:161} INFO - Started process (PID=109) to work on /home/airflow/.local/lib/python3.8/site-packages/airflow/example_dags/example_branch_datetime_operator.py
[2025-06-03T17:56:27.590+0000] {processor.py:830} INFO - Processing file /home/airflow/.local/lib/python3.8/site-packages/airflow/example_dags/example_branch_datetime_operator.py for tasks to queue
[2025-06-03T17:56:27.591+0000] {logging_mixin.py:188} INFO - [2025-06-03T17:56:27.591+0000] {dagbag.py:538} INFO - Filling up the DagBag from /home/airflow/.local/lib/python3.8/site-packages/airflow/example_dags/example_branch_datetime_operator.py
[2025-06-03T17:56:27.604+0000] {processor.py:840} INFO - DAG(s) 'example_branch_datetime_operator', 'example_branch_datetime_operator_2', 'example_branch_datetime_operator_3' retrieved from /home/airflow/.local/lib/python3.8/site-packages/airflow/example_dags/example_branch_datetime_operator.py
[2025-06-03T17:56:27.673+0000] {logging_mixin.py:188} INFO - [2025-06-03T17:56:27.673+0000] {dag.py:3036} INFO - Sync 3 DAGs
[2025-06-03T17:56:27.685+0000] {logging_mixin.py:188} INFO - [2025-06-03T17:56:27.684+0000] {dag.py:3823} INFO - Setting next_dagrun for example_branch_datetime_operator to 2025-06-02 00:00:00+00:00, run_after=2025-06-03 00:00:00+00:00
[2025-06-03T17:56:27.687+0000] {logging_mixin.py:188} INFO - [2025-06-03T17:56:27.686+0000] {dag.py:3823} INFO - Setting next_dagrun for example_branch_datetime_operator_2 to 2025-06-02 00:00:00+00:00, run_after=2025-06-03 00:00:00+00:00
[2025-06-03T17:56:27.688+0000] {logging_mixin.py:188} INFO - [2025-06-03T17:56:27.688+0000] {dag.py:3823} INFO - Setting next_dagrun for example_branch_datetime_operator_3 to 2025-06-02 00:00:00+00:00, run_after=2025-06-03 00:00:00+00:00
[2025-06-03T17:56:27.696+0000] {processor.py:183} INFO - Processing /home/airflow/.local/lib/python3.8/site-packages/airflow/example_dags/example_branch_datetime_operator.py took 0.109 seconds
[2025-06-03T17:56:57.994+0000] {processor.py:161} INFO - Started process (PID=164) to work on /home/airflow/.local/lib/python3.8/site-packages/airflow/example_dags/example_branch_datetime_operator.py
[2025-06-03T17:56:57.994+0000] {processor.py:830} INFO - Processing file /home/airflow/.local/lib/python3.8/site-packages/airflow/example_dags/example_branch_datetime_operator.py for tasks to queue
[2025-06-03T17:56:57.995+0000] {logging_mixin.py:188} INFO - [2025-06-03T17:56:57.995+0000] {dagbag.py:538} INFO - Filling up the DagBag from /home/airflow/.local/lib/python3.8/site-packages/airflow/example_dags/example_branch_datetime_operator.py
[2025-06-03T17:56:58.005+0000] {processor.py:840} INFO - DAG(s) 'example_branch_datetime_operator_3', 'example_branch_datetime_operator', 'example_branch_datetime_operator_2' retrieved from /home/airflow/.local/lib/python3.8/site-packages/airflow/example_dags/example_branch_datetime_operator.py
[2025-06-03T17:56:58.032+0000] {logging_mixin.py:188} INFO - [2025-06-03T17:56:58.032+0000] {dag.py:3036} INFO - Sync 3 DAGs
[2025-06-03T17:56:58.047+0000] {logging_mixin.py:188} INFO - [2025-06-03T17:56:58.047+0000] {dag.py:3823} INFO - Setting next_dagrun for example_branch_datetime_operator to 2025-06-02 00:00:00+00:00, run_after=2025-06-03 00:00:00+00:00
[2025-06-03T17:56:58.050+0000] {logging_mixin.py:188} INFO - [2025-06-03T17:56:58.050+0000] {dag.py:3823} INFO - Setting next_dagrun for example_branch_datetime_operator_2 to 2025-06-02 00:00:00+00:00, run_after=2025-06-03 00:00:00+00:00
[2025-06-03T17:56:58.052+0000] {logging_mixin.py:188} INFO - [2025-06-03T17:56:58.052+0000] {dag.py:3823} INFO - Setting next_dagrun for example_branch_datetime_operator_3 to 2025-06-02 00:00:00+00:00, run_after=2025-06-03 00:00:00+00:00
[2025-06-03T17:56:58.064+0000] {processor.py:183} INFO - Processing /home/airflow/.local/lib/python3.8/site-packages/airflow/example_dags/example_branch_datetime_operator.py took 0.073 seconds
[2025-06-03T17:57:28.586+0000] {processor.py:161} INFO - Started process (PID=219) to work on /home/airflow/.local/lib/python3.8/site-packages/airflow/example_dags/example_branch_datetime_operator.py
[2025-06-03T17:57:28.587+0000] {processor.py:830} INFO - Processing file /home/airflow/.local/lib/python3.8/site-packages/airflow/example_dags/example_branch_datetime_operator.py for tasks to queue
[2025-06-03T17:57:28.588+0000] {logging_mixin.py:188} INFO - [2025-06-03T17:57:28.588+0000] {dagbag.py:538} INFO - Filling up the DagBag from /home/airflow/.local/lib/python3.8/site-packages/airflow/example_dags/example_branch_datetime_operator.py
[2025-06-03T17:57:28.599+0000] {processor.py:840} INFO - DAG(s) 'example_branch_datetime_operator_2', 'example_branch_datetime_operator', 'example_branch_datetime_operator_3' retrieved from /home/airflow/.local/lib/python3.8/site-packages/airflow/example_dags/example_branch_datetime_operator.py
[2025-06-03T17:57:28.627+0000] {logging_mixin.py:188} INFO - [2025-06-03T17:57:28.626+0000] {dag.py:3036} INFO - Sync 3 DAGs
[2025-06-03T17:57:28.639+0000] {logging_mixin.py:188} INFO - [2025-06-03T17:57:28.639+0000] {dag.py:3823} INFO - Setting next_dagrun for example_branch_datetime_operator to 2025-06-02 00:00:00+00:00, run_after=2025-06-03 00:00:00+00:00
[2025-06-03T17:57:28.642+0000] {logging_mixin.py:188} INFO - [2025-06-03T17:57:28.642+0000] {dag.py:3823} INFO - Setting next_dagrun for example_branch_datetime_operator_2 to 2025-06-02 00:00:00+00:00, run_after=2025-06-03 00:00:00+00:00
[2025-06-03T17:57:28.644+0000] {logging_mixin.py:188} INFO - [2025-06-03T17:57:28.644+0000] {dag.py:3823} INFO - Setting next_dagrun for example_branch_datetime_operator_3 to 2025-06-02 00:00:00+00:00, run_after=2025-06-03 00:00:00+00:00
[2025-06-03T17:57:28.654+0000] {processor.py:183} INFO - Processing /home/airflow/.local/lib/python3.8/site-packages/airflow/example_dags/example_branch_datetime_operator.py took 0.070 seconds
[2025-06-03T17:57:58.938+0000] {processor.py:161} INFO - Started process (PID=274) to work on /home/airflow/.local/lib/python3.8/site-packages/airflow/example_dags/example_branch_datetime_operator.py
[2025-06-03T17:57:58.939+0000] {processor.py:830} INFO - Processing file /home/airflow/.local/lib/python3.8/site-packages/airflow/example_dags/example_branch_datetime_operator.py for tasks to queue
[2025-06-03T17:57:58.940+0000] {logging_mixin.py:188} INFO - [2025-06-03T17:57:58.940+0000] {dagbag.py:538} INFO - Filling up the DagBag from /home/airflow/.local/lib/python3.8/site-packages/airflow/example_dags/example_branch_datetime_operator.py
[2025-06-03T17:57:58.949+0000] {processor.py:840} INFO - DAG(s) 'example_branch_datetime_operator_2', 'example_branch_datetime_operator_3', 'example_branch_datetime_operator' retrieved from /home/airflow/.local/lib/python3.8/site-packages/airflow/example_dags/example_branch_datetime_operator.py
[2025-06-03T17:57:58.962+0000] {logging_mixin.py:188} INFO - [2025-06-03T17:57:58.962+0000] {dag.py:3036} INFO - Sync 3 DAGs
[2025-06-03T17:57:58.978+0000] {logging_mixin.py:188} INFO - [2025-06-03T17:57:58.978+0000] {dag.py:3823} INFO - Setting next_dagrun for example_branch_datetime_operator to 2025-06-02 00:00:00+00:00, run_after=2025-06-03 00:00:00+00:00
[2025-06-03T17:57:58.981+0000] {logging_mixin.py:188} INFO - [2025-06-03T17:57:58.981+0000] {dag.py:3823} INFO - Setting next_dagrun for example_branch_datetime_operator_2 to 2025-06-02 00:00:00+00:00, run_after=2025-06-03 00:00:00+00:00
[2025-06-03T17:57:58.983+0000] {logging_mixin.py:188} INFO - [2025-06-03T17:57:58.983+0000] {dag.py:3823} INFO - Setting next_dagrun for example_branch_datetime_operator_3 to 2025-06-02 00:00:00+00:00, run_after=2025-06-03 00:00:00+00:00
[2025-06-03T17:57:58.992+0000] {processor.py:183} INFO - Processing /home/airflow/.local/lib/python3.8/site-packages/airflow/example_dags/example_branch_datetime_operator.py took 0.057 seconds
[2025-06-03T17:58:29.631+0000] {processor.py:161} INFO - Started process (PID=329) to work on /home/airflow/.local/lib/python3.8/site-packages/airflow/example_dags/example_branch_datetime_operator.py
[2025-06-03T17:58:29.633+0000] {processor.py:830} INFO - Processing file /home/airflow/.local/lib/python3.8/site-packages/airflow/example_dags/example_branch_datetime_operator.py for tasks to queue
[2025-06-03T17:58:29.634+0000] {logging_mixin.py:188} INFO - [2025-06-03T17:58:29.634+0000] {dagbag.py:538} INFO - Filling up the DagBag from /home/airflow/.local/lib/python3.8/site-packages/airflow/example_dags/example_branch_datetime_operator.py
[2025-06-03T17:58:29.641+0000] {processor.py:840} INFO - DAG(s) 'example_branch_datetime_operator', 'example_branch_datetime_operator_2', 'example_branch_datetime_operator_3' retrieved from /home/airflow/.local/lib/python3.8/site-packages/airflow/example_dags/example_branch_datetime_operator.py
[2025-06-03T17:58:29.662+0000] {logging_mixin.py:188} INFO - [2025-06-03T17:58:29.662+0000] {dag.py:3036} INFO - Sync 3 DAGs
[2025-06-03T17:58:29.677+0000] {logging_mixin.py:188} INFO - [2025-06-03T17:58:29.677+0000] {dag.py:3823} INFO - Setting next_dagrun for example_branch_datetime_operator to 2025-06-02 00:00:00+00:00, run_after=2025-06-03 00:00:00+00:00
[2025-06-03T17:58:29.682+0000] {logging_mixin.py:188} INFO - [2025-06-03T17:58:29.681+0000] {dag.py:3823} INFO - Setting next_dagrun for example_branch_datetime_operator_2 to 2025-06-02 00:00:00+00:00, run_after=2025-06-03 00:00:00+00:00
[2025-06-03T17:58:29.684+0000] {logging_mixin.py:188} INFO - [2025-06-03T17:58:29.684+0000] {dag.py:3823} INFO - Setting next_dagrun for example_branch_datetime_operator_3 to 2025-06-02 00:00:00+00:00, run_after=2025-06-03 00:00:00+00:00
[2025-06-03T17:58:29.697+0000] {processor.py:183} INFO - Processing /home/airflow/.local/lib/python3.8/site-packages/airflow/example_dags/example_branch_datetime_operator.py took 0.069 seconds
[2025-06-03T17:59:00.020+0000] {processor.py:161} INFO - Started process (PID=384) to work on /home/airflow/.local/lib/python3.8/site-packages/airflow/example_dags/example_branch_datetime_operator.py
[2025-06-03T17:59:00.021+0000] {processor.py:830} INFO - Processing file /home/airflow/.local/lib/python3.8/site-packages/airflow/example_dags/example_branch_datetime_operator.py for tasks to queue
[2025-06-03T17:59:00.022+0000] {logging_mixin.py:188} INFO - [2025-06-03T17:59:00.022+0000] {dagbag.py:538} INFO - Filling up the DagBag from /home/airflow/.local/lib/python3.8/site-packages/airflow/example_dags/example_branch_datetime_operator.py
[2025-06-03T17:59:00.030+0000] {processor.py:840} INFO - DAG(s) 'example_branch_datetime_operator', 'example_branch_datetime_operator_2', 'example_branch_datetime_operator_3' retrieved from /home/airflow/.local/lib/python3.8/site-packages/airflow/example_dags/example_branch_datetime_operator.py
[2025-06-03T17:59:00.053+0000] {logging_mixin.py:188} INFO - [2025-06-03T17:59:00.053+0000] {dag.py:3036} INFO - Sync 3 DAGs
[2025-06-03T17:59:00.064+0000] {logging_mixin.py:188} INFO - [2025-06-03T17:59:00.064+0000] {dag.py:3823} INFO - Setting next_dagrun for example_branch_datetime_operator to 2025-06-02 00:00:00+00:00, run_after=2025-06-03 00:00:00+00:00
[2025-06-03T17:59:00.068+0000] {logging_mixin.py:188} INFO - [2025-06-03T17:59:00.068+0000] {dag.py:3823} INFO - Setting next_dagrun for example_branch_datetime_operator_2 to 2025-06-02 00:00:00+00:00, run_after=2025-06-03 00:00:00+00:00
[2025-06-03T17:59:00.070+0000] {logging_mixin.py:188} INFO - [2025-06-03T17:59:00.070+0000] {dag.py:3823} INFO - Setting next_dagrun for example_branch_datetime_operator_3 to 2025-06-02 00:00:00+00:00, run_after=2025-06-03 00:00:00+00:00
[2025-06-03T17:59:00.079+0000] {processor.py:183} INFO - Processing /home/airflow/.local/lib/python3.8/site-packages/airflow/example_dags/example_branch_datetime_operator.py took 0.060 seconds
[2025-06-03T17:59:30.255+0000] {processor.py:161} INFO - Started process (PID=439) to work on /home/airflow/.local/lib/python3.8/site-packages/airflow/example_dags/example_branch_datetime_operator.py
[2025-06-03T17:59:30.256+0000] {processor.py:830} INFO - Processing file /home/airflow/.local/lib/python3.8/site-packages/airflow/example_dags/example_branch_datetime_operator.py for tasks to queue
[2025-06-03T17:59:30.257+0000] {logging_mixin.py:188} INFO - [2025-06-03T17:59:30.257+0000] {dagbag.py:538} INFO - Filling up the DagBag from /home/airflow/.local/lib/python3.8/site-packages/airflow/example_dags/example_branch_datetime_operator.py
[2025-06-03T17:59:30.264+0000] {processor.py:840} INFO - DAG(s) 'example_branch_datetime_operator_2', 'example_branch_datetime_operator_3', 'example_branch_datetime_operator' retrieved from /home/airflow/.local/lib/python3.8/site-packages/airflow/example_dags/example_branch_datetime_operator.py
[2025-06-03T17:59:30.280+0000] {logging_mixin.py:188} INFO - [2025-06-03T17:59:30.280+0000] {dag.py:3036} INFO - Sync 3 DAGs
[2025-06-03T17:59:30.293+0000] {logging_mixin.py:188} INFO - [2025-06-03T17:59:30.293+0000] {dag.py:3823} INFO - Setting next_dagrun for example_branch_datetime_operator to 2025-06-02 00:00:00+00:00, run_after=2025-06-03 00:00:00+00:00
[2025-06-03T17:59:30.299+0000] {logging_mixin.py:188} INFO - [2025-06-03T17:59:30.299+0000] {dag.py:3823} INFO - Setting next_dagrun for example_branch_datetime_operator_2 to 2025-06-02 00:00:00+00:00, run_after=2025-06-03 00:00:00+00:00
[2025-06-03T17:59:30.301+0000] {logging_mixin.py:188} INFO - [2025-06-03T17:59:30.301+0000] {dag.py:3823} INFO - Setting next_dagrun for example_branch_datetime_operator_3 to 2025-06-02 00:00:00+00:00, run_after=2025-06-03 00:00:00+00:00
[2025-06-03T17:59:30.310+0000] {processor.py:183} INFO - Processing /home/airflow/.local/lib/python3.8/site-packages/airflow/example_dags/example_branch_datetime_operator.py took 0.061 seconds
[2025-06-03T18:00:00.829+0000] {processor.py:161} INFO - Started process (PID=494) to work on /home/airflow/.local/lib/python3.8/site-packages/airflow/example_dags/example_branch_datetime_operator.py
[2025-06-03T18:00:00.832+0000] {processor.py:830} INFO - Processing file /home/airflow/.local/lib/python3.8/site-packages/airflow/example_dags/example_branch_datetime_operator.py for tasks to queue
[2025-06-03T18:00:00.833+0000] {logging_mixin.py:188} INFO - [2025-06-03T18:00:00.833+0000] {dagbag.py:538} INFO - Filling up the DagBag from /home/airflow/.local/lib/python3.8/site-packages/airflow/example_dags/example_branch_datetime_operator.py
[2025-06-03T18:00:00.839+0000] {processor.py:840} INFO - DAG(s) 'example_branch_datetime_operator_2', 'example_branch_datetime_operator', 'example_branch_datetime_operator_3' retrieved from /home/airflow/.local/lib/python3.8/site-packages/airflow/example_dags/example_branch_datetime_operator.py
[2025-06-03T18:00:00.859+0000] {logging_mixin.py:188} INFO - [2025-06-03T18:00:00.859+0000] {dag.py:3036} INFO - Sync 3 DAGs
[2025-06-03T18:00:00.872+0000] {logging_mixin.py:188} INFO - [2025-06-03T18:00:00.872+0000] {dag.py:3823} INFO - Setting next_dagrun for example_branch_datetime_operator to 2025-06-02 00:00:00+00:00, run_after=2025-06-03 00:00:00+00:00
[2025-06-03T18:00:00.876+0000] {logging_mixin.py:188} INFO - [2025-06-03T18:00:00.876+0000] {dag.py:3823} INFO - Setting next_dagrun for example_branch_datetime_operator_2 to 2025-06-02 00:00:00+00:00, run_after=2025-06-03 00:00:00+00:00
[2025-06-03T18:00:00.877+0000] {logging_mixin.py:188} INFO - [2025-06-03T18:00:00.877+0000] {dag.py:3823} INFO - Setting next_dagrun for example_branch_datetime_operator_3 to 2025-06-02 00:00:00+00:00, run_after=2025-06-03 00:00:00+00:00
[2025-06-03T18:00:00.888+0000] {processor.py:183} INFO - Processing /home/airflow/.local/lib/python3.8/site-packages/airflow/example_dags/example_branch_datetime_operator.py took 0.061 seconds
[2025-06-03T18:00:31.025+0000] {processor.py:161} INFO - Started process (PID=549) to work on /home/airflow/.local/lib/python3.8/site-packages/airflow/example_dags/example_branch_datetime_operator.py
[2025-06-03T18:00:31.026+0000] {processor.py:830} INFO - Processing file /home/airflow/.local/lib/python3.8/site-packages/airflow/example_dags/example_branch_datetime_operator.py for tasks to queue
[2025-06-03T18:00:31.027+0000] {logging_mixin.py:188} INFO - [2025-06-03T18:00:31.027+0000] {dagbag.py:538} INFO - Filling up the DagBag from /home/airflow/.local/lib/python3.8/site-packages/airflow/example_dags/example_branch_datetime_operator.py
[2025-06-03T18:00:31.032+0000] {processor.py:840} INFO - DAG(s) 'example_branch_datetime_operator_3', 'example_branch_datetime_operator', 'example_branch_datetime_operator_2' retrieved from /home/airflow/.local/lib/python3.8/site-packages/airflow/example_dags/example_branch_datetime_operator.py
[2025-06-03T18:00:31.056+0000] {logging_mixin.py:188} INFO - [2025-06-03T18:00:31.056+0000] {dag.py:3036} INFO - Sync 3 DAGs
[2025-06-03T18:00:31.071+0000] {logging_mixin.py:188} INFO - [2025-06-03T18:00:31.071+0000] {dag.py:3823} INFO - Setting next_dagrun for example_branch_datetime_operator to 2025-06-02 00:00:00+00:00, run_after=2025-06-03 00:00:00+00:00
[2025-06-03T18:00:31.074+0000] {logging_mixin.py:188} INFO - [2025-06-03T18:00:31.074+0000] {dag.py:3823} INFO - Setting next_dagrun for example_branch_datetime_operator_2 to 2025-06-02 00:00:00+00:00, run_after=2025-06-03 00:00:00+00:00
[2025-06-03T18:00:31.078+0000] {logging_mixin.py:188} INFO - [2025-06-03T18:00:31.078+0000] {dag.py:3823} INFO - Setting next_dagrun for example_branch_datetime_operator_3 to 2025-06-02 00:00:00+00:00, run_after=2025-06-03 00:00:00+00:00
[2025-06-03T18:00:31.094+0000] {processor.py:183} INFO - Processing /home/airflow/.local/lib/python3.8/site-packages/airflow/example_dags/example_branch_datetime_operator.py took 0.070 seconds
[2025-06-03T18:01:01.411+0000] {processor.py:161} INFO - Started process (PID=604) to work on /home/airflow/.local/lib/python3.8/site-packages/airflow/example_dags/example_branch_datetime_operator.py
[2025-06-03T18:01:01.412+0000] {processor.py:830} INFO - Processing file /home/airflow/.local/lib/python3.8/site-packages/airflow/example_dags/example_branch_datetime_operator.py for tasks to queue
[2025-06-03T18:01:01.413+0000] {logging_mixin.py:188} INFO - [2025-06-03T18:01:01.413+0000] {dagbag.py:538} INFO - Filling up the DagBag from /home/airflow/.local/lib/python3.8/site-packages/airflow/example_dags/example_branch_datetime_operator.py
[2025-06-03T18:01:01.425+0000] {processor.py:840} INFO - DAG(s) 'example_branch_datetime_operator_3', 'example_branch_datetime_operator_2', 'example_branch_datetime_operator' retrieved from /home/airflow/.local/lib/python3.8/site-packages/airflow/example_dags/example_branch_datetime_operator.py
[2025-06-03T18:01:01.441+0000] {logging_mixin.py:188} INFO - [2025-06-03T18:01:01.441+0000] {dag.py:3036} INFO - Sync 3 DAGs
[2025-06-03T18:01:01.452+0000] {logging_mixin.py:188} INFO - [2025-06-03T18:01:01.452+0000] {dag.py:3823} INFO - Setting next_dagrun for example_branch_datetime_operator to 2025-06-02 00:00:00+00:00, run_after=2025-06-03 00:00:00+00:00
[2025-06-03T18:01:01.454+0000] {logging_mixin.py:188} INFO - [2025-06-03T18:01:01.453+0000] {dag.py:3823} INFO - Setting next_dagrun for example_branch_datetime_operator_2 to 2025-06-02 00:00:00+00:00, run_after=2025-06-03 00:00:00+00:00
[2025-06-03T18:01:01.455+0000] {logging_mixin.py:188} INFO - [2025-06-03T18:01:01.455+0000] {dag.py:3823} INFO - Setting next_dagrun for example_branch_datetime_operator_3 to 2025-06-02 00:00:00+00:00, run_after=2025-06-03 00:00:00+00:00
[2025-06-03T18:01:01.461+0000] {processor.py:183} INFO - Processing /home/airflow/.local/lib/python3.8/site-packages/airflow/example_dags/example_branch_datetime_operator.py took 0.057 seconds
