[2025-06-03T17:55:56.782+0000] {processor.py:161} INFO - Started process (PID=50) to work on /home/airflow/.local/lib/python3.8/site-packages/airflow/example_dags/example_branch_labels.py
[2025-06-03T17:55:56.784+0000] {processor.py:830} INFO - Processing file /home/airflow/.local/lib/python3.8/site-packages/airflow/example_dags/example_branch_labels.py for tasks to queue
[2025-06-03T17:55:56.786+0000] {logging_mixin.py:188} INFO - [2025-06-03T17:55:56.786+0000] {dagbag.py:538} INFO - Filling up the DagBag from /home/airflow/.local/lib/python3.8/site-packages/airflow/example_dags/example_branch_labels.py
[2025-06-03T17:55:56.796+0000] {processor.py:840} INFO - DAG(s) 'example_branch_labels' retrieved from /home/airflow/.local/lib/python3.8/site-packages/airflow/example_dags/example_branch_labels.py
[2025-06-03T17:55:56.873+0000] {logging_mixin.py:188} INFO - [2025-06-03T17:55:56.862+0000] {dag.py:3036} INFO - Sync 1 DAGs
[2025-06-03T17:55:57.205+0000] {logging_mixin.py:188} INFO - [2025-06-03T17:55:57.203+0000] {dag.py:3823} INFO - Setting next_dagrun for example_branch_labels to 2025-06-02 00:00:00+00:00, run_after=2025-06-03 00:00:00+00:00
[2025-06-03T17:55:57.269+0000] {processor.py:183} INFO - Processing /home/airflow/.local/lib/python3.8/site-packages/airflow/example_dags/example_branch_labels.py took 0.492 seconds
[2025-06-03T17:56:27.718+0000] {processor.py:161} INFO - Started process (PID=111) to work on /home/airflow/.local/lib/python3.8/site-packages/airflow/example_dags/example_branch_labels.py
[2025-06-03T17:56:27.719+0000] {processor.py:830} INFO - Processing file /home/airflow/.local/lib/python3.8/site-packages/airflow/example_dags/example_branch_labels.py for tasks to queue
[2025-06-03T17:56:27.720+0000] {logging_mixin.py:188} INFO - [2025-06-03T17:56:27.720+0000] {dagbag.py:538} INFO - Filling up the DagBag from /home/airflow/.local/lib/python3.8/site-packages/airflow/example_dags/example_branch_labels.py
[2025-06-03T17:56:27.731+0000] {processor.py:840} INFO - DAG(s) 'example_branch_labels' retrieved from /home/airflow/.local/lib/python3.8/site-packages/airflow/example_dags/example_branch_labels.py
[2025-06-03T17:56:27.821+0000] {logging_mixin.py:188} INFO - [2025-06-03T17:56:27.821+0000] {dag.py:3036} INFO - Sync 1 DAGs
[2025-06-03T17:56:27.836+0000] {logging_mixin.py:188} INFO - [2025-06-03T17:56:27.836+0000] {dag.py:3823} INFO - Setting next_dagrun for example_branch_labels to 2025-06-02 00:00:00+00:00, run_after=2025-06-03 00:00:00+00:00
[2025-06-03T17:56:27.851+0000] {processor.py:183} INFO - Processing /home/airflow/.local/lib/python3.8/site-packages/airflow/example_dags/example_branch_labels.py took 0.136 seconds
[2025-06-03T17:56:58.072+0000] {processor.py:161} INFO - Started process (PID=166) to work on /home/airflow/.local/lib/python3.8/site-packages/airflow/example_dags/example_branch_labels.py
[2025-06-03T17:56:58.073+0000] {processor.py:830} INFO - Processing file /home/airflow/.local/lib/python3.8/site-packages/airflow/example_dags/example_branch_labels.py for tasks to queue
[2025-06-03T17:56:58.074+0000] {logging_mixin.py:188} INFO - [2025-06-03T17:56:58.074+0000] {dagbag.py:538} INFO - Filling up the DagBag from /home/airflow/.local/lib/python3.8/site-packages/airflow/example_dags/example_branch_labels.py
[2025-06-03T17:56:58.077+0000] {processor.py:840} INFO - DAG(s) 'example_branch_labels' retrieved from /home/airflow/.local/lib/python3.8/site-packages/airflow/example_dags/example_branch_labels.py
[2025-06-03T17:56:58.086+0000] {logging_mixin.py:188} INFO - [2025-06-03T17:56:58.086+0000] {dag.py:3036} INFO - Sync 1 DAGs
[2025-06-03T17:56:58.095+0000] {logging_mixin.py:188} INFO - [2025-06-03T17:56:58.095+0000] {dag.py:3823} INFO - Setting next_dagrun for example_branch_labels to 2025-06-02 00:00:00+00:00, run_after=2025-06-03 00:00:00+00:00
[2025-06-03T17:56:58.105+0000] {processor.py:183} INFO - Processing /home/airflow/.local/lib/python3.8/site-packages/airflow/example_dags/example_branch_labels.py took 0.034 seconds
[2025-06-03T17:57:28.659+0000] {processor.py:161} INFO - Started process (PID=221) to work on /home/airflow/.local/lib/python3.8/site-packages/airflow/example_dags/example_branch_labels.py
[2025-06-03T17:57:28.660+0000] {processor.py:830} INFO - Processing file /home/airflow/.local/lib/python3.8/site-packages/airflow/example_dags/example_branch_labels.py for tasks to queue
[2025-06-03T17:57:28.661+0000] {logging_mixin.py:188} INFO - [2025-06-03T17:57:28.661+0000] {dagbag.py:538} INFO - Filling up the DagBag from /home/airflow/.local/lib/python3.8/site-packages/airflow/example_dags/example_branch_labels.py
[2025-06-03T17:57:28.665+0000] {processor.py:840} INFO - DAG(s) 'example_branch_labels' retrieved from /home/airflow/.local/lib/python3.8/site-packages/airflow/example_dags/example_branch_labels.py
[2025-06-03T17:57:28.675+0000] {logging_mixin.py:188} INFO - [2025-06-03T17:57:28.674+0000] {dag.py:3036} INFO - Sync 1 DAGs
[2025-06-03T17:57:28.685+0000] {logging_mixin.py:188} INFO - [2025-06-03T17:57:28.685+0000] {dag.py:3823} INFO - Setting next_dagrun for example_branch_labels to 2025-06-02 00:00:00+00:00, run_after=2025-06-03 00:00:00+00:00
[2025-06-03T17:57:28.698+0000] {processor.py:183} INFO - Processing /home/airflow/.local/lib/python3.8/site-packages/airflow/example_dags/example_branch_labels.py took 0.040 seconds
[2025-06-03T17:57:59.001+0000] {processor.py:161} INFO - Started process (PID=276) to work on /home/airflow/.local/lib/python3.8/site-packages/airflow/example_dags/example_branch_labels.py
[2025-06-03T17:57:59.002+0000] {processor.py:830} INFO - Processing file /home/airflow/.local/lib/python3.8/site-packages/airflow/example_dags/example_branch_labels.py for tasks to queue
[2025-06-03T17:57:59.003+0000] {logging_mixin.py:188} INFO - [2025-06-03T17:57:59.002+0000] {dagbag.py:538} INFO - Filling up the DagBag from /home/airflow/.local/lib/python3.8/site-packages/airflow/example_dags/example_branch_labels.py
[2025-06-03T17:57:59.006+0000] {processor.py:840} INFO - DAG(s) 'example_branch_labels' retrieved from /home/airflow/.local/lib/python3.8/site-packages/airflow/example_dags/example_branch_labels.py
[2025-06-03T17:57:59.015+0000] {logging_mixin.py:188} INFO - [2025-06-03T17:57:59.015+0000] {dag.py:3036} INFO - Sync 1 DAGs
[2025-06-03T17:57:59.024+0000] {logging_mixin.py:188} INFO - [2025-06-03T17:57:59.024+0000] {dag.py:3823} INFO - Setting next_dagrun for example_branch_labels to 2025-06-02 00:00:00+00:00, run_after=2025-06-03 00:00:00+00:00
[2025-06-03T17:57:59.030+0000] {processor.py:183} INFO - Processing /home/airflow/.local/lib/python3.8/site-packages/airflow/example_dags/example_branch_labels.py took 0.030 seconds
[2025-06-03T17:58:29.708+0000] {processor.py:161} INFO - Started process (PID=331) to work on /home/airflow/.local/lib/python3.8/site-packages/airflow/example_dags/example_branch_labels.py
[2025-06-03T17:58:29.709+0000] {processor.py:830} INFO - Processing file /home/airflow/.local/lib/python3.8/site-packages/airflow/example_dags/example_branch_labels.py for tasks to queue
[2025-06-03T17:58:29.710+0000] {logging_mixin.py:188} INFO - [2025-06-03T17:58:29.709+0000] {dagbag.py:538} INFO - Filling up the DagBag from /home/airflow/.local/lib/python3.8/site-packages/airflow/example_dags/example_branch_labels.py
[2025-06-03T17:58:29.714+0000] {processor.py:840} INFO - DAG(s) 'example_branch_labels' retrieved from /home/airflow/.local/lib/python3.8/site-packages/airflow/example_dags/example_branch_labels.py
[2025-06-03T17:58:29.725+0000] {logging_mixin.py:188} INFO - [2025-06-03T17:58:29.724+0000] {dag.py:3036} INFO - Sync 1 DAGs
[2025-06-03T17:58:29.736+0000] {logging_mixin.py:188} INFO - [2025-06-03T17:58:29.736+0000] {dag.py:3823} INFO - Setting next_dagrun for example_branch_labels to 2025-06-02 00:00:00+00:00, run_after=2025-06-03 00:00:00+00:00
[2025-06-03T17:58:29.744+0000] {processor.py:183} INFO - Processing /home/airflow/.local/lib/python3.8/site-packages/airflow/example_dags/example_branch_labels.py took 0.038 seconds
[2025-06-03T17:59:00.086+0000] {processor.py:161} INFO - Started process (PID=386) to work on /home/airflow/.local/lib/python3.8/site-packages/airflow/example_dags/example_branch_labels.py
[2025-06-03T17:59:00.087+0000] {processor.py:830} INFO - Processing file /home/airflow/.local/lib/python3.8/site-packages/airflow/example_dags/example_branch_labels.py for tasks to queue
[2025-06-03T17:59:00.088+0000] {logging_mixin.py:188} INFO - [2025-06-03T17:59:00.088+0000] {dagbag.py:538} INFO - Filling up the DagBag from /home/airflow/.local/lib/python3.8/site-packages/airflow/example_dags/example_branch_labels.py
[2025-06-03T17:59:00.092+0000] {processor.py:840} INFO - DAG(s) 'example_branch_labels' retrieved from /home/airflow/.local/lib/python3.8/site-packages/airflow/example_dags/example_branch_labels.py
[2025-06-03T17:59:00.103+0000] {logging_mixin.py:188} INFO - [2025-06-03T17:59:00.103+0000] {dag.py:3036} INFO - Sync 1 DAGs
[2025-06-03T17:59:00.112+0000] {logging_mixin.py:188} INFO - [2025-06-03T17:59:00.112+0000] {dag.py:3823} INFO - Setting next_dagrun for example_branch_labels to 2025-06-02 00:00:00+00:00, run_after=2025-06-03 00:00:00+00:00
[2025-06-03T17:59:00.119+0000] {processor.py:183} INFO - Processing /home/airflow/.local/lib/python3.8/site-packages/airflow/example_dags/example_branch_labels.py took 0.035 seconds
[2025-06-03T17:59:30.330+0000] {processor.py:161} INFO - Started process (PID=441) to work on /home/airflow/.local/lib/python3.8/site-packages/airflow/example_dags/example_branch_labels.py
[2025-06-03T17:59:30.334+0000] {processor.py:830} INFO - Processing file /home/airflow/.local/lib/python3.8/site-packages/airflow/example_dags/example_branch_labels.py for tasks to queue
[2025-06-03T17:59:30.335+0000] {logging_mixin.py:188} INFO - [2025-06-03T17:59:30.335+0000] {dagbag.py:538} INFO - Filling up the DagBag from /home/airflow/.local/lib/python3.8/site-packages/airflow/example_dags/example_branch_labels.py
[2025-06-03T17:59:30.341+0000] {processor.py:840} INFO - DAG(s) 'example_branch_labels' retrieved from /home/airflow/.local/lib/python3.8/site-packages/airflow/example_dags/example_branch_labels.py
[2025-06-03T17:59:30.360+0000] {logging_mixin.py:188} INFO - [2025-06-03T17:59:30.359+0000] {dag.py:3036} INFO - Sync 1 DAGs
[2025-06-03T17:59:30.379+0000] {logging_mixin.py:188} INFO - [2025-06-03T17:59:30.379+0000] {dag.py:3823} INFO - Setting next_dagrun for example_branch_labels to 2025-06-02 00:00:00+00:00, run_after=2025-06-03 00:00:00+00:00
[2025-06-03T17:59:30.397+0000] {processor.py:183} INFO - Processing /home/airflow/.local/lib/python3.8/site-packages/airflow/example_dags/example_branch_labels.py took 0.070 seconds
[2025-06-03T18:00:00.898+0000] {processor.py:161} INFO - Started process (PID=496) to work on /home/airflow/.local/lib/python3.8/site-packages/airflow/example_dags/example_branch_labels.py
[2025-06-03T18:00:00.899+0000] {processor.py:830} INFO - Processing file /home/airflow/.local/lib/python3.8/site-packages/airflow/example_dags/example_branch_labels.py for tasks to queue
[2025-06-03T18:00:00.900+0000] {logging_mixin.py:188} INFO - [2025-06-03T18:00:00.900+0000] {dagbag.py:538} INFO - Filling up the DagBag from /home/airflow/.local/lib/python3.8/site-packages/airflow/example_dags/example_branch_labels.py
[2025-06-03T18:00:00.904+0000] {processor.py:840} INFO - DAG(s) 'example_branch_labels' retrieved from /home/airflow/.local/lib/python3.8/site-packages/airflow/example_dags/example_branch_labels.py
[2025-06-03T18:00:00.914+0000] {logging_mixin.py:188} INFO - [2025-06-03T18:00:00.913+0000] {dag.py:3036} INFO - Sync 1 DAGs
[2025-06-03T18:00:00.923+0000] {logging_mixin.py:188} INFO - [2025-06-03T18:00:00.923+0000] {dag.py:3823} INFO - Setting next_dagrun for example_branch_labels to 2025-06-02 00:00:00+00:00, run_after=2025-06-03 00:00:00+00:00
[2025-06-03T18:00:00.930+0000] {processor.py:183} INFO - Processing /home/airflow/.local/lib/python3.8/site-packages/airflow/example_dags/example_branch_labels.py took 0.033 seconds
[2025-06-03T18:00:31.111+0000] {processor.py:161} INFO - Started process (PID=551) to work on /home/airflow/.local/lib/python3.8/site-packages/airflow/example_dags/example_branch_labels.py
[2025-06-03T18:00:31.112+0000] {processor.py:830} INFO - Processing file /home/airflow/.local/lib/python3.8/site-packages/airflow/example_dags/example_branch_labels.py for tasks to queue
[2025-06-03T18:00:31.113+0000] {logging_mixin.py:188} INFO - [2025-06-03T18:00:31.113+0000] {dagbag.py:538} INFO - Filling up the DagBag from /home/airflow/.local/lib/python3.8/site-packages/airflow/example_dags/example_branch_labels.py
[2025-06-03T18:00:31.118+0000] {processor.py:840} INFO - DAG(s) 'example_branch_labels' retrieved from /home/airflow/.local/lib/python3.8/site-packages/airflow/example_dags/example_branch_labels.py
[2025-06-03T18:00:31.129+0000] {logging_mixin.py:188} INFO - [2025-06-03T18:00:31.129+0000] {dag.py:3036} INFO - Sync 1 DAGs
[2025-06-03T18:00:31.139+0000] {logging_mixin.py:188} INFO - [2025-06-03T18:00:31.139+0000] {dag.py:3823} INFO - Setting next_dagrun for example_branch_labels to 2025-06-02 00:00:00+00:00, run_after=2025-06-03 00:00:00+00:00
[2025-06-03T18:00:31.146+0000] {processor.py:183} INFO - Processing /home/airflow/.local/lib/python3.8/site-packages/airflow/example_dags/example_branch_labels.py took 0.039 seconds
[2025-06-03T18:01:01.471+0000] {processor.py:161} INFO - Started process (PID=606) to work on /home/airflow/.local/lib/python3.8/site-packages/airflow/example_dags/example_branch_labels.py
[2025-06-03T18:01:01.474+0000] {processor.py:830} INFO - Processing file /home/airflow/.local/lib/python3.8/site-packages/airflow/example_dags/example_branch_labels.py for tasks to queue
[2025-06-03T18:01:01.475+0000] {logging_mixin.py:188} INFO - [2025-06-03T18:01:01.475+0000] {dagbag.py:538} INFO - Filling up the DagBag from /home/airflow/.local/lib/python3.8/site-packages/airflow/example_dags/example_branch_labels.py
[2025-06-03T18:01:01.479+0000] {processor.py:840} INFO - DAG(s) 'example_branch_labels' retrieved from /home/airflow/.local/lib/python3.8/site-packages/airflow/example_dags/example_branch_labels.py
[2025-06-03T18:01:01.488+0000] {logging_mixin.py:188} INFO - [2025-06-03T18:01:01.488+0000] {dag.py:3036} INFO - Sync 1 DAGs
[2025-06-03T18:01:01.498+0000] {logging_mixin.py:188} INFO - [2025-06-03T18:01:01.498+0000] {dag.py:3823} INFO - Setting next_dagrun for example_branch_labels to 2025-06-02 00:00:00+00:00, run_after=2025-06-03 00:00:00+00:00
[2025-06-03T18:01:01.505+0000] {processor.py:183} INFO - Processing /home/airflow/.local/lib/python3.8/site-packages/airflow/example_dags/example_branch_labels.py took 0.036 seconds
