[2025-06-03T17:55:59.569+0000] {processor.py:161} INFO - Started process (PID=70) to work on /home/airflow/.local/lib/python3.8/site-packages/airflow/example_dags/example_latest_only_with_trigger.py
[2025-06-03T17:55:59.573+0000] {processor.py:830} INFO - Processing file /home/airflow/.local/lib/python3.8/site-packages/airflow/example_dags/example_latest_only_with_trigger.py for tasks to queue
[2025-06-03T17:55:59.577+0000] {logging_mixin.py:188} INFO - [2025-06-03T17:55:59.577+0000] {dagbag.py:538} INFO - Filling up the DagBag from /home/airflow/.local/lib/python3.8/site-packages/airflow/example_dags/example_latest_only_with_trigger.py
[2025-06-03T17:55:59.590+0000] {processor.py:840} INFO - DAG(s) 'latest_only_with_trigger' retrieved from /home/airflow/.local/lib/python3.8/site-packages/airflow/example_dags/example_latest_only_with_trigger.py
[2025-06-03T17:55:59.613+0000] {logging_mixin.py:188} INFO - [2025-06-03T17:55:59.612+0000] {dag.py:3036} INFO - Sync 1 DAGs
[2025-06-03T17:55:59.674+0000] {logging_mixin.py:188} INFO - [2025-06-03T17:55:59.674+0000] {dag.py:3823} INFO - Setting next_dagrun for latest_only_with_trigger to 2025-06-03 12:00:00+00:00, run_after=2025-06-03 16:00:00+00:00
[2025-06-03T17:55:59.794+0000] {processor.py:183} INFO - Processing /home/airflow/.local/lib/python3.8/site-packages/airflow/example_dags/example_latest_only_with_trigger.py took 0.254 seconds
[2025-06-03T17:56:31.618+0000] {processor.py:161} INFO - Started process (PID=125) to work on /home/airflow/.local/lib/python3.8/site-packages/airflow/example_dags/example_latest_only_with_trigger.py
[2025-06-03T17:56:31.619+0000] {processor.py:830} INFO - Processing file /home/airflow/.local/lib/python3.8/site-packages/airflow/example_dags/example_latest_only_with_trigger.py for tasks to queue
[2025-06-03T17:56:31.620+0000] {logging_mixin.py:188} INFO - [2025-06-03T17:56:31.620+0000] {dagbag.py:538} INFO - Filling up the DagBag from /home/airflow/.local/lib/python3.8/site-packages/airflow/example_dags/example_latest_only_with_trigger.py
[2025-06-03T17:56:31.627+0000] {processor.py:840} INFO - DAG(s) 'latest_only_with_trigger' retrieved from /home/airflow/.local/lib/python3.8/site-packages/airflow/example_dags/example_latest_only_with_trigger.py
[2025-06-03T17:56:31.715+0000] {logging_mixin.py:188} INFO - [2025-06-03T17:56:31.715+0000] {dag.py:3036} INFO - Sync 1 DAGs
[2025-06-03T17:56:31.731+0000] {logging_mixin.py:188} INFO - [2025-06-03T17:56:31.730+0000] {dag.py:3823} INFO - Setting next_dagrun for latest_only_with_trigger to 2025-06-03 12:00:00+00:00, run_after=2025-06-03 16:00:00+00:00
[2025-06-03T17:56:31.748+0000] {processor.py:183} INFO - Processing /home/airflow/.local/lib/python3.8/site-packages/airflow/example_dags/example_latest_only_with_trigger.py took 0.133 seconds
[2025-06-03T17:57:02.208+0000] {processor.py:161} INFO - Started process (PID=180) to work on /home/airflow/.local/lib/python3.8/site-packages/airflow/example_dags/example_latest_only_with_trigger.py
[2025-06-03T17:57:02.208+0000] {processor.py:830} INFO - Processing file /home/airflow/.local/lib/python3.8/site-packages/airflow/example_dags/example_latest_only_with_trigger.py for tasks to queue
[2025-06-03T17:57:02.210+0000] {logging_mixin.py:188} INFO - [2025-06-03T17:57:02.210+0000] {dagbag.py:538} INFO - Filling up the DagBag from /home/airflow/.local/lib/python3.8/site-packages/airflow/example_dags/example_latest_only_with_trigger.py
[2025-06-03T17:57:02.214+0000] {processor.py:840} INFO - DAG(s) 'latest_only_with_trigger' retrieved from /home/airflow/.local/lib/python3.8/site-packages/airflow/example_dags/example_latest_only_with_trigger.py
[2025-06-03T17:57:02.226+0000] {logging_mixin.py:188} INFO - [2025-06-03T17:57:02.226+0000] {dag.py:3036} INFO - Sync 1 DAGs
[2025-06-03T17:57:02.238+0000] {logging_mixin.py:188} INFO - [2025-06-03T17:57:02.237+0000] {dag.py:3823} INFO - Setting next_dagrun for latest_only_with_trigger to 2025-06-03 12:00:00+00:00, run_after=2025-06-03 16:00:00+00:00
[2025-06-03T17:57:02.252+0000] {processor.py:183} INFO - Processing /home/airflow/.local/lib/python3.8/site-packages/airflow/example_dags/example_latest_only_with_trigger.py took 0.047 seconds
[2025-06-03T17:57:33.194+0000] {processor.py:161} INFO - Started process (PID=235) to work on /home/airflow/.local/lib/python3.8/site-packages/airflow/example_dags/example_latest_only_with_trigger.py
[2025-06-03T17:57:33.196+0000] {processor.py:830} INFO - Processing file /home/airflow/.local/lib/python3.8/site-packages/airflow/example_dags/example_latest_only_with_trigger.py for tasks to queue
[2025-06-03T17:57:33.196+0000] {logging_mixin.py:188} INFO - [2025-06-03T17:57:33.196+0000] {dagbag.py:538} INFO - Filling up the DagBag from /home/airflow/.local/lib/python3.8/site-packages/airflow/example_dags/example_latest_only_with_trigger.py
[2025-06-03T17:57:33.199+0000] {processor.py:840} INFO - DAG(s) 'latest_only_with_trigger' retrieved from /home/airflow/.local/lib/python3.8/site-packages/airflow/example_dags/example_latest_only_with_trigger.py
[2025-06-03T17:57:33.210+0000] {logging_mixin.py:188} INFO - [2025-06-03T17:57:33.210+0000] {dag.py:3036} INFO - Sync 1 DAGs
[2025-06-03T17:57:33.224+0000] {logging_mixin.py:188} INFO - [2025-06-03T17:57:33.224+0000] {dag.py:3823} INFO - Setting next_dagrun for latest_only_with_trigger to 2025-06-03 12:00:00+00:00, run_after=2025-06-03 16:00:00+00:00
[2025-06-03T17:57:33.237+0000] {processor.py:183} INFO - Processing /home/airflow/.local/lib/python3.8/site-packages/airflow/example_dags/example_latest_only_with_trigger.py took 0.045 seconds
[2025-06-03T17:58:03.510+0000] {processor.py:161} INFO - Started process (PID=290) to work on /home/airflow/.local/lib/python3.8/site-packages/airflow/example_dags/example_latest_only_with_trigger.py
[2025-06-03T17:58:03.511+0000] {processor.py:830} INFO - Processing file /home/airflow/.local/lib/python3.8/site-packages/airflow/example_dags/example_latest_only_with_trigger.py for tasks to queue
[2025-06-03T17:58:03.512+0000] {logging_mixin.py:188} INFO - [2025-06-03T17:58:03.511+0000] {dagbag.py:538} INFO - Filling up the DagBag from /home/airflow/.local/lib/python3.8/site-packages/airflow/example_dags/example_latest_only_with_trigger.py
[2025-06-03T17:58:03.515+0000] {processor.py:840} INFO - DAG(s) 'latest_only_with_trigger' retrieved from /home/airflow/.local/lib/python3.8/site-packages/airflow/example_dags/example_latest_only_with_trigger.py
[2025-06-03T17:58:03.525+0000] {logging_mixin.py:188} INFO - [2025-06-03T17:58:03.524+0000] {dag.py:3036} INFO - Sync 1 DAGs
[2025-06-03T17:58:03.536+0000] {logging_mixin.py:188} INFO - [2025-06-03T17:58:03.536+0000] {dag.py:3823} INFO - Setting next_dagrun for latest_only_with_trigger to 2025-06-03 12:00:00+00:00, run_after=2025-06-03 16:00:00+00:00
[2025-06-03T17:58:03.550+0000] {processor.py:183} INFO - Processing /home/airflow/.local/lib/python3.8/site-packages/airflow/example_dags/example_latest_only_with_trigger.py took 0.042 seconds
[2025-06-03T17:58:34.282+0000] {processor.py:161} INFO - Started process (PID=345) to work on /home/airflow/.local/lib/python3.8/site-packages/airflow/example_dags/example_latest_only_with_trigger.py
[2025-06-03T17:58:34.285+0000] {processor.py:830} INFO - Processing file /home/airflow/.local/lib/python3.8/site-packages/airflow/example_dags/example_latest_only_with_trigger.py for tasks to queue
[2025-06-03T17:58:34.286+0000] {logging_mixin.py:188} INFO - [2025-06-03T17:58:34.286+0000] {dagbag.py:538} INFO - Filling up the DagBag from /home/airflow/.local/lib/python3.8/site-packages/airflow/example_dags/example_latest_only_with_trigger.py
[2025-06-03T17:58:34.292+0000] {processor.py:840} INFO - DAG(s) 'latest_only_with_trigger' retrieved from /home/airflow/.local/lib/python3.8/site-packages/airflow/example_dags/example_latest_only_with_trigger.py
[2025-06-03T17:58:34.319+0000] {logging_mixin.py:188} INFO - [2025-06-03T17:58:34.318+0000] {dag.py:3036} INFO - Sync 1 DAGs
[2025-06-03T17:58:34.335+0000] {logging_mixin.py:188} INFO - [2025-06-03T17:58:34.335+0000] {dag.py:3823} INFO - Setting next_dagrun for latest_only_with_trigger to 2025-06-03 12:00:00+00:00, run_after=2025-06-03 16:00:00+00:00
[2025-06-03T17:58:34.347+0000] {processor.py:183} INFO - Processing /home/airflow/.local/lib/python3.8/site-packages/airflow/example_dags/example_latest_only_with_trigger.py took 0.067 seconds
[2025-06-03T17:59:04.675+0000] {processor.py:161} INFO - Started process (PID=400) to work on /home/airflow/.local/lib/python3.8/site-packages/airflow/example_dags/example_latest_only_with_trigger.py
[2025-06-03T17:59:04.675+0000] {processor.py:830} INFO - Processing file /home/airflow/.local/lib/python3.8/site-packages/airflow/example_dags/example_latest_only_with_trigger.py for tasks to queue
[2025-06-03T17:59:04.677+0000] {logging_mixin.py:188} INFO - [2025-06-03T17:59:04.677+0000] {dagbag.py:538} INFO - Filling up the DagBag from /home/airflow/.local/lib/python3.8/site-packages/airflow/example_dags/example_latest_only_with_trigger.py
[2025-06-03T17:59:04.680+0000] {processor.py:840} INFO - DAG(s) 'latest_only_with_trigger' retrieved from /home/airflow/.local/lib/python3.8/site-packages/airflow/example_dags/example_latest_only_with_trigger.py
[2025-06-03T17:59:04.694+0000] {logging_mixin.py:188} INFO - [2025-06-03T17:59:04.694+0000] {dag.py:3036} INFO - Sync 1 DAGs
[2025-06-03T17:59:04.709+0000] {logging_mixin.py:188} INFO - [2025-06-03T17:59:04.709+0000] {dag.py:3823} INFO - Setting next_dagrun for latest_only_with_trigger to 2025-06-03 12:00:00+00:00, run_after=2025-06-03 16:00:00+00:00
[2025-06-03T17:59:04.718+0000] {processor.py:183} INFO - Processing /home/airflow/.local/lib/python3.8/site-packages/airflow/example_dags/example_latest_only_with_trigger.py took 0.045 seconds
[2025-06-03T17:59:34.954+0000] {processor.py:161} INFO - Started process (PID=455) to work on /home/airflow/.local/lib/python3.8/site-packages/airflow/example_dags/example_latest_only_with_trigger.py
[2025-06-03T17:59:34.955+0000] {processor.py:830} INFO - Processing file /home/airflow/.local/lib/python3.8/site-packages/airflow/example_dags/example_latest_only_with_trigger.py for tasks to queue
[2025-06-03T17:59:34.955+0000] {logging_mixin.py:188} INFO - [2025-06-03T17:59:34.955+0000] {dagbag.py:538} INFO - Filling up the DagBag from /home/airflow/.local/lib/python3.8/site-packages/airflow/example_dags/example_latest_only_with_trigger.py
[2025-06-03T17:59:34.959+0000] {processor.py:840} INFO - DAG(s) 'latest_only_with_trigger' retrieved from /home/airflow/.local/lib/python3.8/site-packages/airflow/example_dags/example_latest_only_with_trigger.py
[2025-06-03T17:59:34.971+0000] {logging_mixin.py:188} INFO - [2025-06-03T17:59:34.971+0000] {dag.py:3036} INFO - Sync 1 DAGs
[2025-06-03T17:59:34.986+0000] {logging_mixin.py:188} INFO - [2025-06-03T17:59:34.986+0000] {dag.py:3823} INFO - Setting next_dagrun for latest_only_with_trigger to 2025-06-03 12:00:00+00:00, run_after=2025-06-03 16:00:00+00:00
[2025-06-03T17:59:35.001+0000] {processor.py:183} INFO - Processing /home/airflow/.local/lib/python3.8/site-packages/airflow/example_dags/example_latest_only_with_trigger.py took 0.049 seconds
[2025-06-03T18:00:05.481+0000] {processor.py:161} INFO - Started process (PID=510) to work on /home/airflow/.local/lib/python3.8/site-packages/airflow/example_dags/example_latest_only_with_trigger.py
[2025-06-03T18:00:05.483+0000] {processor.py:830} INFO - Processing file /home/airflow/.local/lib/python3.8/site-packages/airflow/example_dags/example_latest_only_with_trigger.py for tasks to queue
[2025-06-03T18:00:05.484+0000] {logging_mixin.py:188} INFO - [2025-06-03T18:00:05.484+0000] {dagbag.py:538} INFO - Filling up the DagBag from /home/airflow/.local/lib/python3.8/site-packages/airflow/example_dags/example_latest_only_with_trigger.py
[2025-06-03T18:00:05.488+0000] {processor.py:840} INFO - DAG(s) 'latest_only_with_trigger' retrieved from /home/airflow/.local/lib/python3.8/site-packages/airflow/example_dags/example_latest_only_with_trigger.py
[2025-06-03T18:00:05.501+0000] {logging_mixin.py:188} INFO - [2025-06-03T18:00:05.500+0000] {dag.py:3036} INFO - Sync 1 DAGs
[2025-06-03T18:00:05.512+0000] {logging_mixin.py:188} INFO - [2025-06-03T18:00:05.512+0000] {dag.py:3823} INFO - Setting next_dagrun for latest_only_with_trigger to 2025-06-03 12:00:00+00:00, run_after=2025-06-03 16:00:00+00:00
[2025-06-03T18:00:05.526+0000] {processor.py:183} INFO - Processing /home/airflow/.local/lib/python3.8/site-packages/airflow/example_dags/example_latest_only_with_trigger.py took 0.046 seconds
[2025-06-03T18:00:35.654+0000] {processor.py:161} INFO - Started process (PID=565) to work on /home/airflow/.local/lib/python3.8/site-packages/airflow/example_dags/example_latest_only_with_trigger.py
[2025-06-03T18:00:35.655+0000] {processor.py:830} INFO - Processing file /home/airflow/.local/lib/python3.8/site-packages/airflow/example_dags/example_latest_only_with_trigger.py for tasks to queue
[2025-06-03T18:00:35.659+0000] {logging_mixin.py:188} INFO - [2025-06-03T18:00:35.659+0000] {dagbag.py:538} INFO - Filling up the DagBag from /home/airflow/.local/lib/python3.8/site-packages/airflow/example_dags/example_latest_only_with_trigger.py
[2025-06-03T18:00:35.663+0000] {processor.py:840} INFO - DAG(s) 'latest_only_with_trigger' retrieved from /home/airflow/.local/lib/python3.8/site-packages/airflow/example_dags/example_latest_only_with_trigger.py
[2025-06-03T18:00:35.674+0000] {logging_mixin.py:188} INFO - [2025-06-03T18:00:35.674+0000] {dag.py:3036} INFO - Sync 1 DAGs
[2025-06-03T18:00:35.692+0000] {logging_mixin.py:188} INFO - [2025-06-03T18:00:35.691+0000] {dag.py:3823} INFO - Setting next_dagrun for latest_only_with_trigger to 2025-06-03 12:00:00+00:00, run_after=2025-06-03 16:00:00+00:00
[2025-06-03T18:00:35.708+0000] {processor.py:183} INFO - Processing /home/airflow/.local/lib/python3.8/site-packages/airflow/example_dags/example_latest_only_with_trigger.py took 0.057 seconds
[2025-06-03T18:01:05.904+0000] {processor.py:161} INFO - Started process (PID=620) to work on /home/airflow/.local/lib/python3.8/site-packages/airflow/example_dags/example_latest_only_with_trigger.py
[2025-06-03T18:01:05.905+0000] {processor.py:830} INFO - Processing file /home/airflow/.local/lib/python3.8/site-packages/airflow/example_dags/example_latest_only_with_trigger.py for tasks to queue
[2025-06-03T18:01:05.906+0000] {logging_mixin.py:188} INFO - [2025-06-03T18:01:05.906+0000] {dagbag.py:538} INFO - Filling up the DagBag from /home/airflow/.local/lib/python3.8/site-packages/airflow/example_dags/example_latest_only_with_trigger.py
[2025-06-03T18:01:05.911+0000] {processor.py:840} INFO - DAG(s) 'latest_only_with_trigger' retrieved from /home/airflow/.local/lib/python3.8/site-packages/airflow/example_dags/example_latest_only_with_trigger.py
[2025-06-03T18:01:05.920+0000] {logging_mixin.py:188} INFO - [2025-06-03T18:01:05.920+0000] {dag.py:3036} INFO - Sync 1 DAGs
[2025-06-03T18:01:05.929+0000] {logging_mixin.py:188} INFO - [2025-06-03T18:01:05.929+0000] {dag.py:3823} INFO - Setting next_dagrun for latest_only_with_trigger to 2025-06-03 12:00:00+00:00, run_after=2025-06-03 16:00:00+00:00
[2025-06-03T18:01:05.936+0000] {processor.py:183} INFO - Processing /home/airflow/.local/lib/python3.8/site-packages/airflow/example_dags/example_latest_only_with_trigger.py took 0.034 seconds
