[2025-06-03T17:56:02.626+0000] {processor.py:161} INFO - Started process (PID=90) to work on /home/airflow/.local/lib/python3.8/site-packages/airflow/example_dags/tutorial_dag.py
[2025-06-03T17:56:02.627+0000] {processor.py:830} INFO - Processing file /home/airflow/.local/lib/python3.8/site-packages/airflow/example_dags/tutorial_dag.py for tasks to queue
[2025-06-03T17:56:02.630+0000] {logging_mixin.py:188} INFO - [2025-06-03T17:56:02.630+0000] {dagbag.py:538} INFO - Filling up the DagBag from /home/airflow/.local/lib/python3.8/site-packages/airflow/example_dags/tutorial_dag.py
[2025-06-03T17:56:02.639+0000] {processor.py:840} INFO - DAG(s) 'tutorial_dag' retrieved from /home/airflow/.local/lib/python3.8/site-packages/airflow/example_dags/tutorial_dag.py
[2025-06-03T17:56:02.670+0000] {logging_mixin.py:188} INFO - [2025-06-03T17:56:02.669+0000] {dag.py:3036} INFO - Sync 1 DAGs
[2025-06-03T17:56:02.689+0000] {logging_mixin.py:188} INFO - [2025-06-03T17:56:02.688+0000] {dag.py:3823} INFO - Setting next_dagrun for tutorial_dag to None, run_after=None
[2025-06-03T17:56:02.710+0000] {processor.py:183} INFO - Processing /home/airflow/.local/lib/python3.8/site-packages/airflow/example_dags/tutorial_dag.py took 0.087 seconds
[2025-06-03T17:56:33.568+0000] {processor.py:161} INFO - Started process (PID=145) to work on /home/airflow/.local/lib/python3.8/site-packages/airflow/example_dags/tutorial_dag.py
[2025-06-03T17:56:33.568+0000] {processor.py:830} INFO - Processing file /home/airflow/.local/lib/python3.8/site-packages/airflow/example_dags/tutorial_dag.py for tasks to queue
[2025-06-03T17:56:33.570+0000] {logging_mixin.py:188} INFO - [2025-06-03T17:56:33.570+0000] {dagbag.py:538} INFO - Filling up the DagBag from /home/airflow/.local/lib/python3.8/site-packages/airflow/example_dags/tutorial_dag.py
[2025-06-03T17:56:33.576+0000] {processor.py:840} INFO - DAG(s) 'tutorial_dag' retrieved from /home/airflow/.local/lib/python3.8/site-packages/airflow/example_dags/tutorial_dag.py
[2025-06-03T17:56:33.658+0000] {logging_mixin.py:188} INFO - [2025-06-03T17:56:33.658+0000] {dag.py:3036} INFO - Sync 1 DAGs
[2025-06-03T17:56:33.664+0000] {logging_mixin.py:188} INFO - [2025-06-03T17:56:33.664+0000] {dag.py:3823} INFO - Setting next_dagrun for tutorial_dag to None, run_after=None
[2025-06-03T17:56:33.695+0000] {processor.py:183} INFO - Processing /home/airflow/.local/lib/python3.8/site-packages/airflow/example_dags/tutorial_dag.py took 0.132 seconds
[2025-06-03T17:57:04.121+0000] {processor.py:161} INFO - Started process (PID=200) to work on /home/airflow/.local/lib/python3.8/site-packages/airflow/example_dags/tutorial_dag.py
[2025-06-03T17:57:04.121+0000] {processor.py:830} INFO - Processing file /home/airflow/.local/lib/python3.8/site-packages/airflow/example_dags/tutorial_dag.py for tasks to queue
[2025-06-03T17:57:04.122+0000] {logging_mixin.py:188} INFO - [2025-06-03T17:57:04.122+0000] {dagbag.py:538} INFO - Filling up the DagBag from /home/airflow/.local/lib/python3.8/site-packages/airflow/example_dags/tutorial_dag.py
[2025-06-03T17:57:04.126+0000] {processor.py:840} INFO - DAG(s) 'tutorial_dag' retrieved from /home/airflow/.local/lib/python3.8/site-packages/airflow/example_dags/tutorial_dag.py
[2025-06-03T17:57:04.140+0000] {logging_mixin.py:188} INFO - [2025-06-03T17:57:04.140+0000] {dag.py:3036} INFO - Sync 1 DAGs
[2025-06-03T17:57:04.147+0000] {logging_mixin.py:188} INFO - [2025-06-03T17:57:04.147+0000] {dag.py:3823} INFO - Setting next_dagrun for tutorial_dag to None, run_after=None
[2025-06-03T17:57:04.159+0000] {processor.py:183} INFO - Processing /home/airflow/.local/lib/python3.8/site-packages/airflow/example_dags/tutorial_dag.py took 0.041 seconds
[2025-06-03T17:57:34.862+0000] {processor.py:161} INFO - Started process (PID=255) to work on /home/airflow/.local/lib/python3.8/site-packages/airflow/example_dags/tutorial_dag.py
[2025-06-03T17:57:34.863+0000] {processor.py:830} INFO - Processing file /home/airflow/.local/lib/python3.8/site-packages/airflow/example_dags/tutorial_dag.py for tasks to queue
[2025-06-03T17:57:34.864+0000] {logging_mixin.py:188} INFO - [2025-06-03T17:57:34.863+0000] {dagbag.py:538} INFO - Filling up the DagBag from /home/airflow/.local/lib/python3.8/site-packages/airflow/example_dags/tutorial_dag.py
[2025-06-03T17:57:34.866+0000] {processor.py:840} INFO - DAG(s) 'tutorial_dag' retrieved from /home/airflow/.local/lib/python3.8/site-packages/airflow/example_dags/tutorial_dag.py
[2025-06-03T17:57:34.883+0000] {logging_mixin.py:188} INFO - [2025-06-03T17:57:34.883+0000] {dag.py:3036} INFO - Sync 1 DAGs
[2025-06-03T17:57:34.889+0000] {logging_mixin.py:188} INFO - [2025-06-03T17:57:34.889+0000] {dag.py:3823} INFO - Setting next_dagrun for tutorial_dag to None, run_after=None
[2025-06-03T17:57:34.898+0000] {processor.py:183} INFO - Processing /home/airflow/.local/lib/python3.8/site-packages/airflow/example_dags/tutorial_dag.py took 0.038 seconds
[2025-06-03T17:58:05.153+0000] {processor.py:161} INFO - Started process (PID=310) to work on /home/airflow/.local/lib/python3.8/site-packages/airflow/example_dags/tutorial_dag.py
[2025-06-03T17:58:05.154+0000] {processor.py:830} INFO - Processing file /home/airflow/.local/lib/python3.8/site-packages/airflow/example_dags/tutorial_dag.py for tasks to queue
[2025-06-03T17:58:05.155+0000] {logging_mixin.py:188} INFO - [2025-06-03T17:58:05.155+0000] {dagbag.py:538} INFO - Filling up the DagBag from /home/airflow/.local/lib/python3.8/site-packages/airflow/example_dags/tutorial_dag.py
[2025-06-03T17:58:05.157+0000] {processor.py:840} INFO - DAG(s) 'tutorial_dag' retrieved from /home/airflow/.local/lib/python3.8/site-packages/airflow/example_dags/tutorial_dag.py
[2025-06-03T17:58:05.166+0000] {logging_mixin.py:188} INFO - [2025-06-03T17:58:05.165+0000] {dag.py:3036} INFO - Sync 1 DAGs
[2025-06-03T17:58:05.170+0000] {logging_mixin.py:188} INFO - [2025-06-03T17:58:05.170+0000] {dag.py:3823} INFO - Setting next_dagrun for tutorial_dag to None, run_after=None
[2025-06-03T17:58:05.177+0000] {processor.py:183} INFO - Processing /home/airflow/.local/lib/python3.8/site-packages/airflow/example_dags/tutorial_dag.py took 0.025 seconds
[2025-06-03T17:58:36.071+0000] {processor.py:161} INFO - Started process (PID=365) to work on /home/airflow/.local/lib/python3.8/site-packages/airflow/example_dags/tutorial_dag.py
[2025-06-03T17:58:36.072+0000] {processor.py:830} INFO - Processing file /home/airflow/.local/lib/python3.8/site-packages/airflow/example_dags/tutorial_dag.py for tasks to queue
[2025-06-03T17:58:36.073+0000] {logging_mixin.py:188} INFO - [2025-06-03T17:58:36.073+0000] {dagbag.py:538} INFO - Filling up the DagBag from /home/airflow/.local/lib/python3.8/site-packages/airflow/example_dags/tutorial_dag.py
[2025-06-03T17:58:36.076+0000] {processor.py:840} INFO - DAG(s) 'tutorial_dag' retrieved from /home/airflow/.local/lib/python3.8/site-packages/airflow/example_dags/tutorial_dag.py
[2025-06-03T17:58:36.090+0000] {logging_mixin.py:188} INFO - [2025-06-03T17:58:36.089+0000] {dag.py:3036} INFO - Sync 1 DAGs
[2025-06-03T17:58:36.096+0000] {logging_mixin.py:188} INFO - [2025-06-03T17:58:36.096+0000] {dag.py:3823} INFO - Setting next_dagrun for tutorial_dag to None, run_after=None
[2025-06-03T17:58:36.107+0000] {processor.py:183} INFO - Processing /home/airflow/.local/lib/python3.8/site-packages/airflow/example_dags/tutorial_dag.py took 0.038 seconds
[2025-06-03T17:59:07.160+0000] {processor.py:161} INFO - Started process (PID=420) to work on /home/airflow/.local/lib/python3.8/site-packages/airflow/example_dags/tutorial_dag.py
[2025-06-03T17:59:07.161+0000] {processor.py:830} INFO - Processing file /home/airflow/.local/lib/python3.8/site-packages/airflow/example_dags/tutorial_dag.py for tasks to queue
[2025-06-03T17:59:07.163+0000] {logging_mixin.py:188} INFO - [2025-06-03T17:59:07.163+0000] {dagbag.py:538} INFO - Filling up the DagBag from /home/airflow/.local/lib/python3.8/site-packages/airflow/example_dags/tutorial_dag.py
[2025-06-03T17:59:07.170+0000] {processor.py:840} INFO - DAG(s) 'tutorial_dag' retrieved from /home/airflow/.local/lib/python3.8/site-packages/airflow/example_dags/tutorial_dag.py
[2025-06-03T17:59:07.233+0000] {logging_mixin.py:188} INFO - [2025-06-03T17:59:07.231+0000] {dag.py:3036} INFO - Sync 1 DAGs
[2025-06-03T17:59:07.308+0000] {logging_mixin.py:188} INFO - [2025-06-03T17:59:07.306+0000] {dag.py:3823} INFO - Setting next_dagrun for tutorial_dag to None, run_after=None
[2025-06-03T17:59:08.026+0000] {processor.py:183} INFO - Processing /home/airflow/.local/lib/python3.8/site-packages/airflow/example_dags/tutorial_dag.py took 0.868 seconds
[2025-06-03T17:59:38.843+0000] {processor.py:161} INFO - Started process (PID=475) to work on /home/airflow/.local/lib/python3.8/site-packages/airflow/example_dags/tutorial_dag.py
[2025-06-03T17:59:38.847+0000] {processor.py:830} INFO - Processing file /home/airflow/.local/lib/python3.8/site-packages/airflow/example_dags/tutorial_dag.py for tasks to queue
[2025-06-03T17:59:38.848+0000] {logging_mixin.py:188} INFO - [2025-06-03T17:59:38.848+0000] {dagbag.py:538} INFO - Filling up the DagBag from /home/airflow/.local/lib/python3.8/site-packages/airflow/example_dags/tutorial_dag.py
[2025-06-03T17:59:38.857+0000] {processor.py:840} INFO - DAG(s) 'tutorial_dag' retrieved from /home/airflow/.local/lib/python3.8/site-packages/airflow/example_dags/tutorial_dag.py
[2025-06-03T17:59:38.876+0000] {logging_mixin.py:188} INFO - [2025-06-03T17:59:38.876+0000] {dag.py:3036} INFO - Sync 1 DAGs
[2025-06-03T17:59:38.886+0000] {logging_mixin.py:188} INFO - [2025-06-03T17:59:38.886+0000] {dag.py:3823} INFO - Setting next_dagrun for tutorial_dag to None, run_after=None
[2025-06-03T17:59:38.904+0000] {processor.py:183} INFO - Processing /home/airflow/.local/lib/python3.8/site-packages/airflow/example_dags/tutorial_dag.py took 0.065 seconds
[2025-06-03T18:00:09.124+0000] {processor.py:161} INFO - Started process (PID=530) to work on /home/airflow/.local/lib/python3.8/site-packages/airflow/example_dags/tutorial_dag.py
[2025-06-03T18:00:09.125+0000] {processor.py:830} INFO - Processing file /home/airflow/.local/lib/python3.8/site-packages/airflow/example_dags/tutorial_dag.py for tasks to queue
[2025-06-03T18:00:09.127+0000] {logging_mixin.py:188} INFO - [2025-06-03T18:00:09.126+0000] {dagbag.py:538} INFO - Filling up the DagBag from /home/airflow/.local/lib/python3.8/site-packages/airflow/example_dags/tutorial_dag.py
[2025-06-03T18:00:09.131+0000] {processor.py:840} INFO - DAG(s) 'tutorial_dag' retrieved from /home/airflow/.local/lib/python3.8/site-packages/airflow/example_dags/tutorial_dag.py
[2025-06-03T18:00:09.147+0000] {logging_mixin.py:188} INFO - [2025-06-03T18:00:09.147+0000] {dag.py:3036} INFO - Sync 1 DAGs
[2025-06-03T18:00:09.158+0000] {logging_mixin.py:188} INFO - [2025-06-03T18:00:09.158+0000] {dag.py:3823} INFO - Setting next_dagrun for tutorial_dag to None, run_after=None
[2025-06-03T18:00:09.173+0000] {processor.py:183} INFO - Processing /home/airflow/.local/lib/python3.8/site-packages/airflow/example_dags/tutorial_dag.py took 0.052 seconds
[2025-06-03T18:00:39.407+0000] {processor.py:161} INFO - Started process (PID=585) to work on /home/airflow/.local/lib/python3.8/site-packages/airflow/example_dags/tutorial_dag.py
[2025-06-03T18:00:39.408+0000] {processor.py:830} INFO - Processing file /home/airflow/.local/lib/python3.8/site-packages/airflow/example_dags/tutorial_dag.py for tasks to queue
[2025-06-03T18:00:39.410+0000] {logging_mixin.py:188} INFO - [2025-06-03T18:00:39.410+0000] {dagbag.py:538} INFO - Filling up the DagBag from /home/airflow/.local/lib/python3.8/site-packages/airflow/example_dags/tutorial_dag.py
[2025-06-03T18:00:39.416+0000] {processor.py:840} INFO - DAG(s) 'tutorial_dag' retrieved from /home/airflow/.local/lib/python3.8/site-packages/airflow/example_dags/tutorial_dag.py
[2025-06-03T18:00:39.435+0000] {logging_mixin.py:188} INFO - [2025-06-03T18:00:39.435+0000] {dag.py:3036} INFO - Sync 1 DAGs
[2025-06-03T18:00:39.446+0000] {logging_mixin.py:188} INFO - [2025-06-03T18:00:39.446+0000] {dag.py:3823} INFO - Setting next_dagrun for tutorial_dag to None, run_after=None
[2025-06-03T18:00:39.465+0000] {processor.py:183} INFO - Processing /home/airflow/.local/lib/python3.8/site-packages/airflow/example_dags/tutorial_dag.py took 0.061 seconds
[2025-06-03T18:01:09.579+0000] {processor.py:161} INFO - Started process (PID=640) to work on /home/airflow/.local/lib/python3.8/site-packages/airflow/example_dags/tutorial_dag.py
[2025-06-03T18:01:09.580+0000] {processor.py:830} INFO - Processing file /home/airflow/.local/lib/python3.8/site-packages/airflow/example_dags/tutorial_dag.py for tasks to queue
[2025-06-03T18:01:09.582+0000] {logging_mixin.py:188} INFO - [2025-06-03T18:01:09.582+0000] {dagbag.py:538} INFO - Filling up the DagBag from /home/airflow/.local/lib/python3.8/site-packages/airflow/example_dags/tutorial_dag.py
[2025-06-03T18:01:09.589+0000] {processor.py:840} INFO - DAG(s) 'tutorial_dag' retrieved from /home/airflow/.local/lib/python3.8/site-packages/airflow/example_dags/tutorial_dag.py
[2025-06-03T18:01:09.605+0000] {logging_mixin.py:188} INFO - [2025-06-03T18:01:09.605+0000] {dag.py:3036} INFO - Sync 1 DAGs
[2025-06-03T18:01:09.613+0000] {logging_mixin.py:188} INFO - [2025-06-03T18:01:09.613+0000] {dag.py:3823} INFO - Setting next_dagrun for tutorial_dag to None, run_after=None
[2025-06-03T18:01:09.623+0000] {processor.py:183} INFO - Processing /home/airflow/.local/lib/python3.8/site-packages/airflow/example_dags/tutorial_dag.py took 0.049 seconds
